<?xml version="1.0" encoding="UTF-8"?>
<coverage generated="1626244180006" clover="3.2.0">
  <project timestamp="1626244180006" name="All files">
    <metrics statements="3350" coveredstatements="2856" conditionals="2449" coveredconditionals="1873" methods="660" coveredmethods="509" elements="6459" coveredelements="5238" complexity="0" loc="3350" ncloc="3350" packages="67" files="113" classes="113"/>
    <package name="babel-plugin-react-native-web.src">
      <metrics statements="53" coveredstatements="51" conditionals="44" coveredconditionals="39" methods="11" coveredmethods="11"/>
      <file name="index.js" path="/Users/necolas/OpenSource/github/necolas/react-native-web/packages/babel-plugin-react-native-web/src/index.js">
        <metrics statements="52" coveredstatements="50" conditionals="44" coveredconditionals="39" methods="11" coveredmethods="11"/>
        <line num="1" count="1" type="stmt"/>
        <line num="3" count="40" type="stmt"/>
        <line num="5" count="1" type="stmt"/>
        <line num="6" count="40" type="cond" truecount="2" falsecount="0"/>
        <line num="7" count="40" type="cond" truecount="2" falsecount="0"/>
        <line num="8" count="40" type="cond" truecount="2" falsecount="0"/>
        <line num="9" count="10" type="stmt"/>
        <line num="10" count="30" type="cond" truecount="4" falsecount="0"/>
        <line num="11" count="28" type="stmt"/>
        <line num="15" count="1" type="stmt"/>
        <line num="16" count="23" type="stmt"/>
        <line num="17" count="23" type="cond" truecount="1" falsecount="1"/>
        <line num="18" count="0" type="stmt"/>
        <line num="20" count="23" type="stmt"/>
        <line num="21" count="23" type="stmt"/>
        <line num="31" count="1" type="stmt"/>
        <line num="32" count="39" type="cond" truecount="4" falsecount="0"/>
        <line num="36" count="1" type="stmt"/>
        <line num="37" count="3" type="stmt"/>
        <line num="41" count="27" type="stmt"/>
        <line num="42" count="27" type="cond" truecount="2" falsecount="0"/>
        <line num="43" count="11" type="stmt"/>
        <line num="45" count="16" type="cond" truecount="2" falsecount="0"/>
        <line num="46" count="11" type="stmt"/>
        <line num="47" count="11" type="stmt"/>
        <line num="49" count="11" type="cond" truecount="2" falsecount="0"/>
        <line num="50" count="9" type="stmt"/>
        <line num="56" count="7" type="stmt"/>
        <line num="63" count="11" type="stmt"/>
        <line num="67" count="12" type="stmt"/>
        <line num="68" count="12" type="cond" truecount="2" falsecount="0"/>
        <line num="69" count="4" type="stmt"/>
        <line num="71" count="8" type="cond" truecount="1" falsecount="1"/>
        <line num="72" count="8" type="stmt"/>
        <line num="73" count="8" type="stmt"/>
        <line num="74" count="8" type="stmt"/>
        <line num="76" count="8" type="cond" truecount="1" falsecount="1"/>
        <line num="77" count="8" type="stmt"/>
        <line num="84" count="0" type="stmt"/>
        <line num="92" count="4" type="stmt"/>
        <line num="96" count="23" type="cond" truecount="2" falsecount="0"/>
        <line num="97" count="9" type="stmt"/>
        <line num="98" count="9" type="cond" truecount="2" falsecount="0"/>
        <line num="99" count="6" type="stmt"/>
        <line num="101" count="11" type="stmt"/>
        <line num="102" count="11" type="cond" truecount="1" falsecount="1"/>
        <line num="103" count="11" type="stmt"/>
        <line num="116" count="6" type="stmt"/>
        <line num="117" count="3" type="cond" truecount="1" falsecount="1"/>
        <line num="118" count="3" type="stmt"/>
        <line num="119" count="3" type="stmt"/>
        <line num="128" count="3" type="stmt"/>
      </file>
      <file name="moduleMap.js" path="/Users/necolas/OpenSource/github/necolas/react-native-web/packages/babel-plugin-react-native-web/src/moduleMap.js">
        <metrics statements="1" coveredstatements="1" conditionals="0" coveredconditionals="0" methods="0" coveredmethods="0"/>
        <line num="2" count="1" type="stmt"/>
      </file>
    </package>
    <package name="dom-event-testing-library">
      <metrics statements="0" coveredstatements="0" conditionals="0" coveredconditionals="0" methods="0" coveredmethods="0"/>
      <file name="index.js" path="/Users/necolas/OpenSource/github/necolas/react-native-web/packages/dom-event-testing-library/index.js">
        <metrics statements="0" coveredstatements="0" conditionals="0" coveredconditionals="0" methods="0" coveredmethods="0"/>
      </file>
    </package>
    <package name="dom-event-testing-library.src">
      <metrics statements="320" coveredstatements="276" conditionals="230" coveredconditionals="177" methods="113" coveredmethods="97"/>
      <file name="constants.js" path="/Users/necolas/OpenSource/github/necolas/react-native-web/packages/dom-event-testing-library/src/constants.js">
        <metrics statements="5" coveredstatements="5" conditionals="0" coveredconditionals="0" methods="0" coveredmethods="0"/>
        <line num="10" count="14" type="stmt"/>
        <line num="11" count="14" type="stmt"/>
        <line num="12" count="14" type="stmt"/>
        <line num="22" count="14" type="stmt"/>
        <line num="46" count="14" type="stmt"/>
      </file>
      <file name="createEvent.js" path="/Users/necolas/OpenSource/github/necolas/react-native-web/packages/dom-event-testing-library/src/createEvent.js">
        <metrics statements="20" coveredstatements="18" conditionals="10" coveredconditionals="9" methods="4" coveredmethods="3"/>
        <line num="10" count="14" type="stmt"/>
        <line num="15" count="14" type="stmt"/>
        <line num="220" count="950" type="cond" truecount="2" falsecount="0"/>
        <line num="224" count="950" type="stmt"/>
        <line num="225" count="950" type="stmt"/>
        <line num="226" count="950" type="stmt"/>
        <line num="228" count="950" type="stmt"/>
        <line num="229" count="950" type="stmt"/>
        <line num="230" count="950" type="stmt"/>
        <line num="232" count="950" type="cond" truecount="1" falsecount="1"/>
        <line num="233" count="950" type="stmt"/>
        <line num="234" count="15864" type="stmt"/>
        <line num="237" count="15864" type="cond" truecount="4" falsecount="0"/>
        <line num="238" count="582" type="stmt"/>
        <line num="239" count="0" type="stmt"/>
        <line num="240" count="0" type="stmt"/>
        <line num="242" count="582" type="stmt"/>
        <line num="246" count="15282" type="cond" truecount="2" falsecount="0"/>
        <line num="247" count="13723" type="stmt"/>
        <line num="251" count="950" type="stmt"/>
      </file>
      <file name="domEnvironment.js" path="/Users/necolas/OpenSource/github/necolas/react-native-web/packages/dom-event-testing-library/src/domEnvironment.js">
        <metrics statements="19" coveredstatements="9" conditionals="17" coveredconditionals="9" methods="8" coveredmethods="4"/>
        <line num="16" count="14" type="stmt"/>
        <line num="19" count="394" type="cond" truecount="2" falsecount="0"/>
        <line num="23" count="42" type="stmt"/>
        <line num="24" count="0" type="cond" truecount="0" falsecount="2"/>
        <line num="25" count="0" type="cond" truecount="0" falsecount="2"/>
        <line num="26" count="0" type="stmt"/>
        <line num="30" count="40" type="cond" truecount="2" falsecount="0"/>
        <line num="31" count="40" type="cond" truecount="2" falsecount="0"/>
        <line num="34" count="40" type="cond" truecount="2" falsecount="0"/>
        <line num="43" count="14" type="stmt"/>
        <line num="45" count="14" type="stmt"/>
        <line num="47" count="0" type="stmt"/>
        <line num="50" count="61" type="cond" truecount="1" falsecount="1"/>
        <line num="53" count="0" type="cond" truecount="0" falsecount="3"/>
        <line num="55" count="0" type="stmt"/>
        <line num="56" count="0" type="stmt"/>
        <line num="59" count="0" type="stmt"/>
        <line num="60" count="0" type="stmt"/>
        <line num="63" count="0" type="stmt"/>
      </file>
      <file name="domEventSequences.js" path="/Users/necolas/OpenSource/github/necolas/react-native-web/packages/dom-event-testing-library/src/domEventSequences.js">
        <metrics statements="148" coveredstatements="138" conditionals="87" coveredconditionals="75" methods="22" coveredmethods="22"/>
        <line num="35" count="121" type="stmt"/>
        <line num="37" count="121" type="stmt"/>
        <line num="64" count="121" type="stmt"/>
        <line num="66" count="121" type="stmt"/>
        <line num="80" count="208" type="stmt"/>
        <line num="81" count="208" type="cond" truecount="4" falsecount="0"/>
        <line num="82" count="200" type="stmt"/>
        <line num="84" count="208" type="stmt"/>
        <line num="109" count="8" type="stmt"/>
        <line num="110" count="3" type="stmt"/>
        <line num="117" count="3" type="stmt"/>
        <line num="119" count="3" type="stmt"/>
        <line num="127" count="3" type="stmt"/>
        <line num="129" count="3" type="cond" truecount="2" falsecount="0"/>
        <line num="130" count="2" type="cond" truecount="1" falsecount="1"/>
        <line num="131" count="0" type="stmt"/>
        <line num="133" count="2" type="stmt"/>
        <line num="134" count="2" type="stmt"/>
        <line num="135" count="2" type="stmt"/>
        <line num="136" count="2" type="stmt"/>
        <line num="137" count="2" type="stmt"/>
        <line num="144" count="2" type="stmt"/>
        <line num="152" count="2" type="stmt"/>
        <line num="153" count="1" type="cond" truecount="1" falsecount="1"/>
        <line num="154" count="1" type="cond" truecount="1" falsecount="1"/>
        <line num="155" count="0" type="stmt"/>
        <line num="156" count="0" type="cond" truecount="0" falsecount="2"/>
        <line num="157" count="0" type="stmt"/>
        <line num="159" count="0" type="stmt"/>
        <line num="160" count="0" type="cond" truecount="0" falsecount="2"/>
        <line num="161" count="0" type="stmt"/>
        <line num="164" count="1" type="stmt"/>
        <line num="165" count="1" type="stmt"/>
        <line num="166" count="1" type="cond" truecount="1" falsecount="1"/>
        <line num="167" count="0" type="stmt"/>
        <line num="169" count="1" type="stmt"/>
        <line num="170" count="1" type="stmt"/>
        <line num="176" count="202" type="stmt"/>
        <line num="177" count="101" type="stmt"/>
        <line num="178" count="101" type="stmt"/>
        <line num="179" count="101" type="stmt"/>
        <line num="180" count="101" type="cond" truecount="2" falsecount="0"/>
        <line num="181" count="8" type="stmt"/>
        <line num="183" count="101" type="stmt"/>
        <line num="184" count="101" type="cond" truecount="2" falsecount="0"/>
        <line num="185" count="8" type="stmt"/>
        <line num="187" count="101" type="stmt"/>
        <line num="191" count="2" type="stmt"/>
        <line num="192" count="2" type="stmt"/>
        <line num="194" count="2" type="stmt"/>
        <line num="200" count="2" type="cond" truecount="1" falsecount="1"/>
        <line num="201" count="0" type="stmt"/>
        <line num="203" count="2" type="cond" truecount="2" falsecount="0"/>
        <line num="204" count="1" type="stmt"/>
        <line num="206" count="1" type="stmt"/>
        <line num="207" count="1" type="stmt"/>
        <line num="208" count="1" type="stmt"/>
        <line num="209" count="1" type="stmt"/>
        <line num="214" count="234" type="stmt"/>
        <line num="215" count="106" type="stmt"/>
        <line num="217" count="106" type="stmt"/>
        <line num="225" count="106" type="cond" truecount="2" falsecount="0"/>
        <line num="226" count="45" type="cond" truecount="2" falsecount="0"/>
        <line num="227" count="2" type="stmt"/>
        <line num="228" count="2" type="stmt"/>
        <line num="230" count="45" type="stmt"/>
        <line num="231" count="45" type="stmt"/>
        <line num="232" count="45" type="cond" truecount="2" falsecount="0"/>
        <line num="233" count="2" type="stmt"/>
        <line num="235" count="45" type="stmt"/>
        <line num="236" count="45" type="stmt"/>
        <line num="238" count="61" type="cond" truecount="2" falsecount="0"/>
        <line num="239" count="8" type="stmt"/>
        <line num="240" count="8" type="stmt"/>
        <line num="241" count="8" type="stmt"/>
        <line num="243" count="61" type="stmt"/>
        <line num="244" count="61" type="stmt"/>
        <line num="245" count="61" type="stmt"/>
        <line num="246" count="61" type="stmt"/>
        <line num="247" count="61" type="cond" truecount="2" falsecount="0"/>
        <line num="248" count="8" type="stmt"/>
        <line num="254" count="111" type="stmt"/>
        <line num="256" count="25" type="stmt"/>
        <line num="261" count="25" type="cond" truecount="2" falsecount="0"/>
        <line num="263" count="12" type="stmt"/>
        <line num="264" count="12" type="stmt"/>
        <line num="265" count="12" type="stmt"/>
        <line num="267" count="25" type="stmt"/>
        <line num="268" count="25" type="stmt"/>
        <line num="269" count="25" type="stmt"/>
        <line num="273" count="47" type="stmt"/>
        <line num="275" count="17" type="stmt"/>
        <line num="280" count="17" type="stmt"/>
        <line num="282" count="17" type="cond" truecount="2" falsecount="0"/>
        <line num="283" count="8" type="stmt"/>
        <line num="285" count="8" type="cond" truecount="2" falsecount="0"/>
        <line num="286" count="7" type="stmt"/>
        <line num="289" count="17" type="stmt"/>
        <line num="290" count="17" type="cond" truecount="2" falsecount="0"/>
        <line num="292" count="15" type="stmt"/>
        <line num="298" count="12" type="stmt"/>
        <line num="300" count="8" type="stmt"/>
        <line num="305" count="8" type="cond" truecount="2" falsecount="0"/>
        <line num="306" count="4" type="stmt"/>
        <line num="308" count="8" type="stmt"/>
        <line num="313" count="40" type="stmt"/>
        <line num="314" count="36" type="stmt"/>
        <line num="316" count="36" type="stmt"/>
        <line num="324" count="36" type="cond" truecount="2" falsecount="0"/>
        <line num="325" count="15" type="cond" truecount="2" falsecount="0"/>
        <line num="326" count="2" type="stmt"/>
        <line num="328" count="15" type="stmt"/>
        <line num="330" count="21" type="cond" truecount="2" falsecount="0"/>
        <line num="331" count="2" type="stmt"/>
        <line num="339" count="21" type="stmt"/>
        <line num="340" count="21" type="stmt"/>
        <line num="341" count="21" type="stmt"/>
        <line num="342" count="21" type="stmt"/>
        <line num="347" count="198" type="stmt"/>
        <line num="348" count="61" type="stmt"/>
        <line num="350" count="61" type="stmt"/>
        <line num="356" count="61" type="stmt"/>
        <line num="357" count="61" type="cond" truecount="1" falsecount="1"/>
        <line num="359" count="61" type="cond" truecount="2" falsecount="0"/>
        <line num="360" count="25" type="cond" truecount="2" falsecount="0"/>
        <line num="361" count="2" type="stmt"/>
        <line num="363" count="25" type="stmt"/>
        <line num="364" count="25" type="cond" truecount="4" falsecount="0"/>
        <line num="365" count="3" type="stmt"/>
        <line num="368" count="36" type="cond" truecount="2" falsecount="0"/>
        <line num="369" count="8" type="stmt"/>
        <line num="370" count="8" type="stmt"/>
        <line num="371" count="8" type="stmt"/>
        <line num="372" count="8" type="stmt"/>
        <line num="374" count="36" type="stmt"/>
        <line num="375" count="36" type="stmt"/>
        <line num="376" count="36" type="stmt"/>
        <line num="377" count="36" type="stmt"/>
        <line num="379" count="36" type="cond" truecount="2" falsecount="0"/>
        <line num="380" count="25" type="stmt"/>
        <line num="381" count="25" type="stmt"/>
        <line num="382" count="25" type="stmt"/>
        <line num="384" count="36" type="stmt"/>
        <line num="385" count="36" type="cond" truecount="2" falsecount="0"/>
        <line num="386" count="25" type="stmt"/>
        <line num="388" count="36" type="cond" truecount="2" falsecount="2"/>
        <line num="389" count="0" type="stmt"/>
        <line num="400" count="121" type="stmt"/>
      </file>
      <file name="domEvents.js" path="/Users/necolas/OpenSource/github/necolas/react-native-web/packages/dom-event-testing-library/src/domEvents.js">
        <metrics statements="61" coveredstatements="47" conditionals="102" coveredconditionals="75" methods="45" coveredmethods="37"/>
        <line num="31" count="0" type="cond" truecount="0" falsecount="2"/>
        <line num="32" count="0" type="cond" truecount="0" falsecount="2"/>
        <line num="34" count="0" type="cond" truecount="0" falsecount="2"/>
        <line num="35" count="0" type="cond" truecount="0" falsecount="2"/>
        <line num="37" count="0" type="cond" truecount="0" falsecount="2"/>
        <line num="38" count="0" type="cond" truecount="0" falsecount="2"/>
        <line num="40" count="0" type="cond" truecount="0" falsecount="2"/>
        <line num="41" count="0" type="cond" truecount="0" falsecount="2"/>
        <line num="61" count="19" type="stmt"/>
        <line num="63" count="19" type="stmt"/>
        <line num="67" count="0" type="stmt"/>
        <line num="76" count="19" type="cond" truecount="2" falsecount="0"/>
        <line num="77" count="2" type="stmt"/>
        <line num="80" count="19" type="stmt"/>
        <line num="112" count="432" type="stmt"/>
        <line num="114" count="432" type="stmt"/>
        <line num="123" count="0" type="stmt"/>
        <line num="179" count="131" type="stmt"/>
        <line num="180" count="131" type="stmt"/>
        <line num="182" count="131" type="stmt"/>
        <line num="191" count="0" type="stmt"/>
        <line num="225" count="121" type="stmt"/>
        <line num="239" count="13" type="stmt"/>
        <line num="243" count="33" type="stmt"/>
        <line num="250" count="3" type="stmt"/>
        <line num="257" count="1" type="stmt"/>
        <line num="264" count="0" type="stmt"/>
        <line num="268" count="101" type="stmt"/>
        <line num="272" count="101" type="stmt"/>
        <line num="276" count="8" type="stmt"/>
        <line num="280" count="8" type="stmt"/>
        <line num="284" count="17" type="stmt"/>
        <line num="288" count="2" type="stmt"/>
        <line num="292" count="0" type="stmt"/>
        <line num="296" count="8" type="stmt"/>
        <line num="302" count="71" type="cond" truecount="3" falsecount="1"/>
        <line num="304" count="71" type="cond" truecount="3" falsecount="1"/>
        <line num="306" count="71" type="stmt"/>
        <line num="314" count="70" type="stmt"/>
        <line num="318" count="15" type="stmt"/>
        <line num="322" count="75" type="stmt"/>
        <line num="331" count="17" type="stmt"/>
        <line num="335" count="95" type="stmt"/>
        <line num="339" count="50" type="stmt"/>
        <line num="346" count="0" type="stmt"/>
        <line num="363" count="10" type="cond" truecount="2" falsecount="0"/>
        <line num="364" count="10" type="stmt"/>
        <line num="373" count="22" type="stmt"/>
        <line num="377" count="15" type="stmt"/>
        <line num="381" count="20" type="stmt"/>
        <line num="389" count="16" type="stmt"/>
        <line num="393" count="22" type="stmt"/>
        <line num="397" count="10" type="stmt"/>
        <line num="406" count="19" type="stmt"/>
        <line num="410" count="2" type="stmt"/>
        <line num="414" count="3" type="stmt"/>
        <line num="418" count="1" type="stmt"/>
        <line num="422" count="36" type="stmt"/>
        <line num="426" count="21" type="stmt"/>
        <line num="430" count="63" type="stmt"/>
        <line num="434" count="2" type="stmt"/>
      </file>
      <file name="index.js" path="/Users/necolas/OpenSource/github/necolas/react-native-web/packages/dom-event-testing-library/src/index.js">
        <metrics statements="27" coveredstatements="23" conditionals="0" coveredconditionals="0" methods="23" coveredmethods="20"/>
        <line num="16" count="187" type="stmt"/>
        <line num="22" count="5" type="stmt"/>
        <line num="25" count="30" type="stmt"/>
        <line num="28" count="3" type="stmt"/>
        <line num="31" count="0" type="stmt"/>
        <line num="34" count="20" type="stmt"/>
        <line num="35" count="20" type="stmt"/>
        <line num="36" count="20" type="stmt"/>
        <line num="40" count="17" type="stmt"/>
        <line num="43" count="2" type="stmt"/>
        <line num="46" count="0" type="stmt"/>
        <line num="55" count="2" type="stmt"/>
        <line num="59" count="106" type="stmt"/>
        <line num="63" count="8" type="stmt"/>
        <line num="67" count="36" type="stmt"/>
        <line num="71" count="25" type="stmt"/>
        <line num="75" count="17" type="stmt"/>
        <line num="79" count="61" type="stmt"/>
        <line num="82" count="19" type="stmt"/>
        <line num="85" count="2" type="stmt"/>
        <line num="89" count="3" type="stmt"/>
        <line num="97" count="0" type="stmt"/>
        <line num="98" count="0" type="stmt"/>
        <line num="101" count="2" type="stmt"/>
        <line num="107" count="1" type="stmt"/>
        <line num="108" count="1" type="stmt"/>
        <line num="120" count="14" type="stmt"/>
      </file>
      <file name="testHelpers.js" path="/Users/necolas/OpenSource/github/necolas/react-native-web/packages/dom-event-testing-library/src/testHelpers.js">
        <metrics statements="9" coveredstatements="9" conditionals="2" coveredconditionals="2" methods="4" coveredmethods="4"/>
        <line num="15" count="3" type="stmt"/>
        <line num="16" count="3" type="stmt"/>
        <line num="17" count="3" type="stmt"/>
        <line num="22" count="6" type="stmt"/>
        <line num="23" count="6" type="stmt"/>
        <line num="24" count="6" type="stmt"/>
        <line num="29" count="30" type="cond" truecount="2" falsecount="0"/>
        <line num="30" count="30" type="stmt"/>
        <line num="31" count="63" type="stmt"/>
      </file>
      <file name="touchStore.js" path="/Users/necolas/OpenSource/github/necolas/react-native-web/packages/dom-event-testing-library/src/touchStore.js">
        <metrics statements="31" coveredstatements="27" conditionals="12" coveredconditionals="7" methods="7" coveredmethods="7"/>
        <line num="16" count="14" type="stmt"/>
        <line num="17" count="14" type="stmt"/>
        <line num="20" count="63" type="stmt"/>
        <line num="21" count="63" type="stmt"/>
        <line num="22" count="63" type="cond" truecount="2" falsecount="0"/>
        <line num="23" count="58" type="stmt"/>
        <line num="25" count="63" type="cond" truecount="1" falsecount="1"/>
        <line num="27" count="0" type="stmt"/>
        <line num="32" count="63" type="stmt"/>
        <line num="34" count="63" type="stmt"/>
        <line num="38" count="21" type="stmt"/>
        <line num="39" count="21" type="stmt"/>
        <line num="40" count="21" type="cond" truecount="1" falsecount="1"/>
        <line num="41" count="21" type="stmt"/>
        <line num="42" count="21" type="stmt"/>
        <line num="44" count="0" type="stmt"/>
        <line num="52" count="39" type="stmt"/>
        <line num="53" count="39" type="stmt"/>
        <line num="54" count="39" type="cond" truecount="1" falsecount="1"/>
        <line num="55" count="39" type="cond" truecount="1" falsecount="1"/>
        <line num="56" count="39" type="stmt"/>
        <line num="58" count="0" type="stmt"/>
        <line num="64" count="39" type="stmt"/>
        <line num="68" count="121" type="stmt"/>
        <line num="69" count="121" type="stmt"/>
        <line num="70" count="129" type="stmt"/>
        <line num="72" count="121" type="stmt"/>
        <line num="76" count="250" type="cond" truecount="1" falsecount="1"/>
        <line num="77" count="250" type="stmt"/>
        <line num="79" count="0" type="stmt"/>
        <line num="83" count="121" type="stmt"/>
      </file>
    </package>
    <package name="react-native-web.src.exports.ActivityIndicator">
      <metrics statements="10" coveredstatements="10" conditionals="11" coveredconditionals="11" methods="2" coveredmethods="2"/>
      <file name="index.js" path="/Users/necolas/OpenSource/github/necolas/react-native-web/packages/react-native-web/src/exports/ActivityIndicator/index.js">
        <metrics statements="10" coveredstatements="10" conditionals="11" coveredconditionals="11" methods="2" coveredmethods="2"/>
        <line num="17" count="1" type="stmt"/>
        <line num="19" count="1" type="stmt"/>
        <line num="20" count="32" type="stmt"/>
        <line num="34" count="1" type="stmt"/>
        <line num="42" count="16" type="stmt"/>
        <line num="45" count="16" type="stmt"/>
        <line num="58" count="16" type="stmt"/>
        <line num="79" count="1" type="stmt"/>
        <line num="81" count="1" type="stmt"/>
        <line num="105" count="1" type="stmt"/>
      </file>
    </package>
    <package name="react-native-web.src.exports.Animated">
      <metrics statements="0" coveredstatements="0" conditionals="0" coveredconditionals="0" methods="0" coveredmethods="0"/>
      <file name="index.js" path="/Users/necolas/OpenSource/github/necolas/react-native-web/packages/react-native-web/src/exports/Animated/index.js">
        <metrics statements="0" coveredstatements="0" conditionals="0" coveredconditionals="0" methods="0" coveredmethods="0"/>
      </file>
    </package>
    <package name="react-native-web.src.exports.AppRegistry">
      <metrics statements="44" coveredstatements="29" conditionals="28" coveredconditionals="16" methods="17" coveredmethods="10"/>
      <file name="AppContainer.js" path="/Users/necolas/OpenSource/github/necolas/react-native-web/packages/react-native-web/src/exports/AppRegistry/AppContainer.js">
        <metrics statements="7" coveredstatements="6" conditionals="2" coveredconditionals="1" methods="1" coveredmethods="1"/>
        <line num="22" count="1" type="stmt"/>
        <line num="25" count="4" type="stmt"/>
        <line num="28" count="4" type="stmt"/>
        <line num="31" count="4" type="cond" truecount="1" falsecount="1"/>
        <line num="32" count="0" type="stmt"/>
        <line num="35" count="4" type="stmt"/>
        <line num="44" count="1" type="stmt"/>
      </file>
      <file name="index.js" path="/Users/necolas/OpenSource/github/necolas/react-native-web/packages/react-native-web/src/exports/AppRegistry/index.js">
        <metrics statements="28" coveredstatements="14" conditionals="24" coveredconditionals="14" methods="13" coveredmethods="6"/>
        <line num="36" count="1" type="stmt"/>
        <line num="37" count="1" type="stmt"/>
        <line num="39" count="1" type="stmt"/>
        <line num="41" count="7" type="stmt"/>
        <line num="49" count="0" type="stmt"/>
        <line num="56" count="6" type="stmt"/>
        <line num="62" count="6" type="stmt"/>
        <line num="66" count="6" type="stmt"/>
        <line num="68" count="6" type="stmt"/>
        <line num="74" count="1" type="stmt"/>
        <line num="85" count="6" type="stmt"/>
        <line num="89" count="0" type="stmt"/>
        <line num="90" count="0" type="cond" truecount="0" falsecount="2"/>
        <line num="91" count="0" type="stmt"/>
        <line num="93" count="0" type="stmt"/>
        <line num="94" count="0" type="stmt"/>
        <line num="101" count="0" type="stmt"/>
        <line num="102" count="0" type="stmt"/>
        <line num="106" count="1" type="cond" truecount="2" falsecount="0"/>
        <line num="107" count="1" type="cond" truecount="1" falsecount="1"/>
        <line num="108" count="0" type="stmt"/>
        <line num="109" count="0" type="stmt"/>
        <line num="111" count="0" type="stmt"/>
        <line num="119" count="1" type="stmt"/>
        <line num="125" count="1" type="stmt"/>
        <line num="129" count="0" type="stmt"/>
        <line num="133" count="0" type="stmt"/>
        <line num="137" count="0" type="stmt"/>
      </file>
      <file name="renderApplication.js" path="/Users/necolas/OpenSource/github/necolas/react-native-web/packages/react-native-web/src/exports/AppRegistry/renderApplication.js">
        <metrics statements="9" coveredstatements="9" conditionals="2" coveredconditionals="1" methods="3" coveredmethods="3"/>
        <line num="29" count="1" type="stmt"/>
        <line num="30" count="1" type="cond" truecount="1" falsecount="1"/>
        <line num="32" count="1" type="stmt"/>
        <line num="34" count="1" type="stmt"/>
        <line num="49" count="6" type="stmt"/>
        <line num="54" count="6" type="stmt"/>
        <line num="55" count="5" type="stmt"/>
        <line num="56" count="5" type="stmt"/>
        <line num="60" count="6" type="stmt"/>
      </file>
    </package>
    <package name="react-native-web.src.exports.AppState">
      <metrics statements="26" coveredstatements="21" conditionals="23" coveredconditionals="11" methods="5" coveredmethods="3"/>
      <file name="index.js" path="/Users/necolas/OpenSource/github/necolas/react-native-web/packages/react-native-web/src/exports/AppState/index.js">
        <metrics statements="26" coveredstatements="21" conditionals="23" coveredconditionals="11" methods="5" coveredmethods="3"/>
        <line num="17" count="1" type="cond" truecount="3" falsecount="0"/>
        <line num="19" count="1" type="stmt"/>
        <line num="20" count="1" type="cond" truecount="1" falsecount="1"/>
        <line num="21" count="1" type="cond" truecount="1" falsecount="1"/>
        <line num="23" count="1" type="stmt"/>
        <line num="28" count="1" type="stmt"/>
        <line num="31" count="1" type="cond" truecount="2" falsecount="0"/>
        <line num="34" count="0" type="cond" truecount="0" falsecount="2"/>
        <line num="35" count="0" type="stmt"/>
        <line num="38" count="0" type="cond" truecount="0" falsecount="4"/>
        <line num="42" count="0" type="stmt"/>
        <line num="44" count="0" type="stmt"/>
        <line num="49" count="3" type="cond" truecount="1" falsecount="1"/>
        <line num="50" count="3" type="stmt"/>
        <line num="55" count="2" type="cond" truecount="1" falsecount="1"/>
        <line num="56" count="2" type="stmt"/>
        <line num="57" count="2" type="stmt"/>
        <line num="58" count="2" type="stmt"/>
        <line num="64" count="6" type="cond" truecount="1" falsecount="1"/>
        <line num="65" count="6" type="stmt"/>
        <line num="70" count="5" type="cond" truecount="1" falsecount="1"/>
        <line num="71" count="5" type="stmt"/>
        <line num="72" count="5" type="stmt"/>
        <line num="76" count="2" type="stmt"/>
        <line num="77" count="2" type="stmt"/>
        <line num="78" count="2" type="stmt"/>
      </file>
    </package>
    <package name="react-native-web.src.exports.Button">
      <metrics statements="5" coveredstatements="5" conditionals="6" coveredconditionals="6" methods="1" coveredmethods="1"/>
      <file name="index.js" path="/Users/necolas/OpenSource/github/necolas/react-native-web/packages/react-native-web/src/exports/Button/index.js">
        <metrics statements="5" coveredstatements="5" conditionals="6" coveredconditionals="6" methods="1" coveredmethods="1"/>
        <line num="28" count="1" type="stmt"/>
        <line num="29" count="6" type="stmt"/>
        <line num="31" count="6" type="stmt"/>
        <line num="51" count="1" type="stmt"/>
        <line num="53" count="1" type="stmt"/>
      </file>
    </package>
    <package name="react-native-web.src.exports.CheckBox">
      <metrics statements="11" coveredstatements="11" conditionals="16" coveredconditionals="15" methods="2" coveredmethods="2"/>
      <file name="index.js" path="/Users/necolas/OpenSource/github/necolas/react-native-web/packages/react-native-web/src/exports/CheckBox/index.js">
        <metrics statements="11" coveredstatements="11" conditionals="16" coveredconditionals="15" methods="2" coveredmethods="2"/>
        <line num="31" count="1" type="stmt"/>
        <line num="32" count="16" type="stmt"/>
        <line num="35" count="3" type="stmt"/>
        <line num="36" count="3" type="stmt"/>
        <line num="37" count="3" type="cond" truecount="2" falsecount="0"/>
        <line num="38" count="3" type="cond" truecount="2" falsecount="0"/>
        <line num="42" count="16" type="stmt"/>
        <line num="54" count="16" type="stmt"/>
        <line num="63" count="16" type="stmt"/>
        <line num="75" count="1" type="stmt"/>
        <line num="77" count="1" type="stmt"/>
      </file>
    </package>
    <package name="react-native-web.src.exports.Dimensions">
      <metrics statements="26" coveredstatements="21" conditionals="22" coveredconditionals="11" methods="7" coveredmethods="7"/>
      <file name="index.js" path="/Users/necolas/OpenSource/github/necolas/react-native-web/packages/react-native-web/src/exports/Dimensions/index.js">
        <metrics statements="26" coveredstatements="21" conditionals="22" coveredconditionals="11" methods="7" coveredmethods="7"/>
        <line num="30" count="5" type="stmt"/>
        <line num="44" count="5" type="stmt"/>
        <line num="48" count="4" type="stmt"/>
        <line num="49" count="4" type="stmt"/>
        <line num="53" count="1" type="cond" truecount="1" falsecount="1"/>
        <line num="54" count="1" type="cond" truecount="1" falsecount="1"/>
        <line num="55" count="1" type="stmt"/>
        <line num="57" count="0" type="cond" truecount="0" falsecount="2"/>
        <line num="58" count="0" type="stmt"/>
        <line num="60" count="0" type="cond" truecount="0" falsecount="2"/>
        <line num="61" count="0" type="stmt"/>
        <line num="68" count="7" type="cond" truecount="1" falsecount="1"/>
        <line num="69" count="0" type="stmt"/>
        <line num="72" count="7" type="stmt"/>
        <line num="73" count="7" type="stmt"/>
        <line num="75" count="7" type="stmt"/>
        <line num="82" count="7" type="stmt"/>
        <line num="89" count="7" type="cond" truecount="2" falsecount="0"/>
        <line num="90" count="2" type="stmt"/>
        <line num="98" count="1" type="cond" truecount="2" falsecount="0"/>
        <line num="99" count="1" type="stmt"/>
        <line num="106" count="1" type="cond" truecount="1" falsecount="1"/>
        <line num="107" count="1" type="stmt"/>
        <line num="112" count="5" type="cond" truecount="1" falsecount="1"/>
        <line num="113" count="5" type="stmt"/>
        <line num="114" count="5" type="stmt"/>
      </file>
    </package>
    <package name="react-native-web.src.exports.Easing">
      <metrics statements="0" coveredstatements="0" conditionals="0" coveredconditionals="0" methods="0" coveredmethods="0"/>
      <file name="index.js" path="/Users/necolas/OpenSource/github/necolas/react-native-web/packages/react-native-web/src/exports/Easing/index.js">
        <metrics statements="0" coveredstatements="0" conditionals="0" coveredconditionals="0" methods="0" coveredmethods="0"/>
      </file>
    </package>
    <package name="react-native-web.src.exports.FlatList">
      <metrics statements="0" coveredstatements="0" conditionals="0" coveredconditionals="0" methods="0" coveredmethods="0"/>
      <file name="index.js" path="/Users/necolas/OpenSource/github/necolas/react-native-web/packages/react-native-web/src/exports/FlatList/index.js">
        <metrics statements="0" coveredstatements="0" conditionals="0" coveredconditionals="0" methods="0" coveredmethods="0"/>
      </file>
    </package>
    <package name="react-native-web.src.exports.I18nManager">
      <metrics statements="21" coveredstatements="21" conditionals="12" coveredconditionals="10" methods="7" coveredmethods="7"/>
      <file name="index.js" path="/Users/necolas/OpenSource/github/necolas/react-native-web/packages/react-native-web/src/exports/I18nManager/index.js">
        <metrics statements="21" coveredstatements="21" conditionals="12" coveredconditionals="10" methods="7" coveredmethods="7"/>
        <line num="26" count="22" type="stmt"/>
        <line num="27" count="22" type="stmt"/>
        <line num="28" count="22" type="stmt"/>
        <line num="29" count="22" type="stmt"/>
        <line num="31" count="22" type="stmt"/>
        <line num="32" count="2667" type="cond" truecount="2" falsecount="0"/>
        <line num="33" count="41" type="stmt"/>
        <line num="35" count="2626" type="cond" truecount="2" falsecount="0"/>
        <line num="38" count="22" type="stmt"/>
        <line num="39" count="57" type="cond" truecount="1" falsecount="1"/>
        <line num="40" count="57" type="cond" truecount="3" falsecount="1"/>
        <line num="41" count="57" type="cond" truecount="2" falsecount="0"/>
        <line num="46" count="22" type="stmt"/>
        <line num="48" count="14" type="stmt"/>
        <line num="49" count="14" type="stmt"/>
        <line num="52" count="30" type="stmt"/>
        <line num="53" count="30" type="stmt"/>
        <line num="56" count="2610" type="stmt"/>
        <line num="59" count="13" type="stmt"/>
        <line num="60" count="13" type="stmt"/>
        <line num="63" count="20" type="stmt"/>
      </file>
    </package>
    <package name="react-native-web.src.exports.Image">
      <metrics statements="131" coveredstatements="107" conditionals="105" coveredconditionals="77" methods="16" coveredmethods="13"/>
      <file name="index.js" path="/Users/necolas/OpenSource/github/necolas/react-native-web/packages/react-native-web/src/exports/Image/index.js">
        <metrics statements="131" coveredstatements="107" conditionals="105" coveredconditionals="77" methods="16" coveredmethods="13"/>
        <line num="26" count="3" type="stmt"/>
        <line num="27" count="3" type="stmt"/>
        <line num="28" count="3" type="stmt"/>
        <line num="29" count="3" type="stmt"/>
        <line num="31" count="3" type="stmt"/>
        <line num="32" count="3" type="stmt"/>
        <line num="35" count="62" type="cond" truecount="4" falsecount="0"/>
        <line num="48" count="62" type="stmt"/>
        <line num="49" count="62" type="stmt"/>
        <line num="53" count="62" type="stmt"/>
        <line num="54" count="62" type="stmt"/>
        <line num="56" count="62" type="cond" truecount="1" falsecount="1"/>
        <line num="57" count="0" type="stmt"/>
        <line num="59" count="62" type="cond" truecount="2" falsecount="0"/>
        <line num="60" count="1" type="stmt"/>
        <line num="62" count="62" type="cond" truecount="2" falsecount="0"/>
        <line num="63" count="1" type="stmt"/>
        <line num="64" count="1" type="cond" truecount="1" falsecount="1"/>
        <line num="65" count="1" type="stmt"/>
        <line num="68" count="62" type="cond" truecount="4" falsecount="0"/>
        <line num="69" count="2" type="stmt"/>
        <line num="72" count="62" type="cond" truecount="2" falsecount="0"/>
        <line num="73" count="4" type="stmt"/>
        <line num="78" count="62" type="stmt"/>
        <line num="79" count="62" type="stmt"/>
        <line num="80" count="62" type="stmt"/>
        <line num="81" count="62" type="stmt"/>
        <line num="82" count="62" type="stmt"/>
        <line num="83" count="62" type="stmt"/>
        <line num="85" count="62" type="stmt"/>
        <line num="86" count="62" type="stmt"/>
        <line num="88" count="62" type="stmt"/>
        <line num="92" count="62" type="cond" truecount="2" falsecount="0"/>
        <line num="93" count="2" type="stmt"/>
        <line num="94" count="2" type="stmt"/>
        <line num="95" count="60" type="cond" truecount="5" falsecount="0"/>
        <line num="96" count="21" type="stmt"/>
        <line num="97" count="21" type="stmt"/>
        <line num="102" count="164" type="stmt"/>
        <line num="103" count="164" type="cond" truecount="2" falsecount="0"/>
        <line num="105" count="8" type="stmt"/>
        <line num="106" count="8" type="stmt"/>
        <line num="107" count="8" type="cond" truecount="1" falsecount="1"/>
        <line num="108" count="8" type="stmt"/>
        <line num="110" count="8" type="stmt"/>
        <line num="111" count="16" type="cond" truecount="2" falsecount="0"/>
        <line num="114" count="8" type="cond" truecount="2" falsecount="0"/>
        <line num="115" count="8" type="cond" truecount="1" falsecount="1"/>
        <line num="116" count="156" type="cond" truecount="2" falsecount="0"/>
        <line num="117" count="28" type="stmt"/>
        <line num="118" count="128" type="cond" truecount="4" falsecount="0"/>
        <line num="119" count="47" type="stmt"/>
        <line num="122" count="164" type="cond" truecount="2" falsecount="0"/>
        <line num="123" count="75" type="stmt"/>
        <line num="125" count="75" type="cond" truecount="1" falsecount="1"/>
        <line num="126" count="0" type="stmt"/>
        <line num="127" count="0" type="stmt"/>
        <line num="128" count="0" type="stmt"/>
        <line num="132" count="164" type="stmt"/>
        <line num="145" count="3" type="stmt"/>
        <line num="161" count="62" type="stmt"/>
        <line num="163" count="62" type="cond" truecount="1" falsecount="1"/>
        <line num="164" count="62" type="cond" truecount="1" falsecount="1"/>
        <line num="165" count="0" type="stmt"/>
        <line num="171" count="62" type="stmt"/>
        <line num="172" count="40" type="stmt"/>
        <line num="173" count="40" type="cond" truecount="2" falsecount="0"/>
        <line num="174" count="14" type="stmt"/>
        <line num="175" count="14" type="cond" truecount="2" falsecount="0"/>
        <line num="176" count="3" type="stmt"/>
        <line num="179" count="37" type="stmt"/>
        <line num="182" count="62" type="stmt"/>
        <line num="183" count="62" type="stmt"/>
        <line num="184" count="62" type="stmt"/>
        <line num="185" count="62" type="stmt"/>
        <line num="186" count="62" type="stmt"/>
        <line num="187" count="62" type="cond" truecount="3" falsecount="0"/>
        <line num="188" count="62" type="stmt"/>
        <line num="193" count="62" type="cond" truecount="3" falsecount="0"/>
        <line num="194" count="62" type="cond" truecount="2" falsecount="0"/>
        <line num="195" count="62" type="stmt"/>
        <line num="196" count="62" type="stmt"/>
        <line num="197" count="62" type="cond" truecount="2" falsecount="0"/>
        <line num="198" count="62" type="stmt"/>
        <line num="201" count="62" type="cond" truecount="2" falsecount="0"/>
        <line num="212" count="62" type="cond" truecount="4" falsecount="1"/>
        <line num="213" count="0" type="stmt"/>
        <line num="214" count="0" type="stmt"/>
        <line num="215" count="0" type="cond" truecount="0" falsecount="6"/>
        <line num="216" count="0" type="stmt"/>
        <line num="217" count="0" type="stmt"/>
        <line num="218" count="0" type="stmt"/>
        <line num="219" count="0" type="stmt"/>
        <line num="225" count="0" type="cond" truecount="0" falsecount="5"/>
        <line num="226" count="0" type="stmt"/>
        <line num="227" count="0" type="cond" truecount="0" falsecount="2"/>
        <line num="228" count="0" type="stmt"/>
        <line num="233" count="62" type="stmt"/>
        <line num="234" count="62" type="stmt"/>
        <line num="235" count="43" type="stmt"/>
        <line num="237" count="43" type="cond" truecount="2" falsecount="0"/>
        <line num="238" count="17" type="stmt"/>
        <line num="239" count="17" type="cond" truecount="2" falsecount="0"/>
        <line num="240" count="6" type="stmt"/>
        <line num="243" count="17" type="stmt"/>
        <line num="246" count="11" type="stmt"/>
        <line num="247" count="11" type="cond" truecount="2" falsecount="0"/>
        <line num="248" count="6" type="stmt"/>
        <line num="250" count="11" type="cond" truecount="2" falsecount="0"/>
        <line num="251" count="6" type="stmt"/>
        <line num="255" count="0" type="stmt"/>
        <line num="256" count="0" type="cond" truecount="0" falsecount="2"/>
        <line num="257" count="0" type="stmt"/>
        <line num="263" count="0" type="cond" truecount="0" falsecount="2"/>
        <line num="264" count="0" type="stmt"/>
        <line num="271" count="86" type="cond" truecount="1" falsecount="1"/>
        <line num="272" count="0" type="stmt"/>
        <line num="273" count="0" type="stmt"/>
        <line num="277" count="43" type="stmt"/>
        <line num="280" count="62" type="stmt"/>
        <line num="305" count="3" type="stmt"/>
        <line num="308" count="3" type="stmt"/>
        <line num="314" count="3" type="stmt"/>
        <line num="315" count="0" type="stmt"/>
        <line num="318" count="3" type="stmt"/>
        <line num="319" count="1" type="stmt"/>
        <line num="322" count="3" type="stmt"/>
        <line num="323" count="1" type="stmt"/>
        <line num="326" count="3" type="stmt"/>
        <line num="336" count="3" type="stmt"/>
        <line num="357" count="3" type="stmt"/>
      </file>
    </package>
    <package name="react-native-web.src.exports.ImageBackground">
      <metrics statements="6" coveredstatements="6" conditionals="1" coveredconditionals="1" methods="1" coveredmethods="1"/>
      <file name="index.js" path="/Users/necolas/OpenSource/github/necolas/react-native-web/packages/react-native-web/src/exports/ImageBackground/index.js">
        <metrics statements="6" coveredstatements="6" conditionals="1" coveredconditionals="1" methods="1" coveredmethods="1"/>
        <line num="26" count="1" type="stmt"/>
        <line num="34" count="1" type="stmt"/>
        <line num="35" count="3" type="cond" truecount="1" falsecount="0"/>
        <line num="36" count="3" type="stmt"/>
        <line num="38" count="3" type="stmt"/>
        <line num="65" count="1" type="stmt"/>
      </file>
    </package>
    <package name="react-native-web.src.exports.InteractionManager">
      <metrics statements="10" coveredstatements="1" conditionals="2" coveredconditionals="0" methods="7" coveredmethods="0"/>
      <file name="index.js" path="/Users/necolas/OpenSource/github/necolas/react-native-web/packages/react-native-web/src/exports/InteractionManager/index.js">
        <metrics statements="10" coveredstatements="1" conditionals="2" coveredconditionals="0" methods="7" coveredmethods="0"/>
        <line num="14" count="1" type="stmt"/>
        <line num="26" count="0" type="stmt"/>
        <line num="27" count="0" type="stmt"/>
        <line num="28" count="0" type="cond" truecount="0" falsecount="2"/>
        <line num="29" count="0" type="stmt"/>
        <line num="31" count="0" type="stmt"/>
        <line num="35" count="0" type="stmt"/>
        <line num="39" count="0" type="stmt"/>
        <line num="48" count="0" type="stmt"/>
        <line num="55" count="0" type="stmt"/>
      </file>
    </package>
    <package name="react-native-web.src.exports.Modal">
      <metrics statements="141" coveredstatements="138" conditionals="111" coveredconditionals="93" methods="32" coveredmethods="32"/>
      <file name="ModalAnimation.js" path="/Users/necolas/OpenSource/github/necolas/react-native-web/packages/react-native-web/src/exports/Modal/ModalAnimation.js">
        <metrics statements="31" coveredstatements="30" conditionals="34" coveredconditionals="28" methods="4" coveredmethods="4"/>
        <line num="15" count="1" type="stmt"/>
        <line num="18" count="42" type="cond" truecount="2" falsecount="0"/>
        <line num="19" count="5" type="cond" truecount="1" falsecount="1"/>
        <line num="21" count="37" type="cond" truecount="1" falsecount="1"/>
        <line num="22" count="0" type="cond" truecount="0" falsecount="2"/>
        <line num="24" count="37" type="cond" truecount="2" falsecount="0"/>
        <line num="36" count="87" type="stmt"/>
        <line num="38" count="87" type="stmt"/>
        <line num="39" count="87" type="stmt"/>
        <line num="41" count="87" type="cond" truecount="2" falsecount="0"/>
        <line num="43" count="87" type="stmt"/>
        <line num="45" count="35" type="cond" truecount="4" falsecount="0"/>
        <line num="48" count="1" type="stmt"/>
        <line num="51" count="34" type="cond" truecount="2" falsecount="0"/>
        <line num="52" count="31" type="cond" truecount="1" falsecount="1"/>
        <line num="53" count="31" type="stmt"/>
        <line num="56" count="3" type="stmt"/>
        <line num="57" count="3" type="cond" truecount="1" falsecount="1"/>
        <line num="58" count="3" type="stmt"/>
        <line num="65" count="87" type="stmt"/>
        <line num="66" count="46" type="cond" truecount="2" falsecount="0"/>
        <line num="67" count="32" type="stmt"/>
        <line num="69" count="46" type="cond" truecount="4" falsecount="0"/>
        <line num="71" count="32" type="stmt"/>
        <line num="73" count="46" type="stmt"/>
        <line num="76" count="87" type="cond" truecount="4" falsecount="0"/>
        <line num="85" count="1" type="stmt"/>
        <line num="136" count="1" type="stmt"/>
        <line num="137" count="1" type="stmt"/>
        <line num="138" count="1" type="stmt"/>
        <line num="139" count="1" type="stmt"/>
      </file>
      <file name="ModalContent.js" path="/Users/necolas/OpenSource/github/necolas/react-native-web/packages/react-native-web/src/exports/Modal/ModalContent.js">
        <metrics statements="15" coveredstatements="15" conditionals="12" coveredconditionals="9" methods="5" coveredmethods="5"/>
        <line num="26" count="1" type="stmt"/>
        <line num="27" count="68" type="stmt"/>
        <line num="29" count="68" type="stmt"/>
        <line num="30" count="62" type="cond" truecount="1" falsecount="1"/>
        <line num="31" count="62" type="stmt"/>
        <line num="32" count="5" type="cond" truecount="4" falsecount="0"/>
        <line num="33" count="3" type="stmt"/>
        <line num="34" count="3" type="cond" truecount="1" falsecount="1"/>
        <line num="35" count="3" type="stmt"/>
        <line num="39" count="62" type="stmt"/>
        <line num="40" count="62" type="stmt"/>
        <line num="44" count="68" type="stmt"/>
        <line num="45" count="31" type="cond" truecount="1" falsecount="1"/>
        <line num="48" count="68" type="stmt"/>
        <line num="55" count="1" type="stmt"/>
      </file>
      <file name="ModalFocusTrap.js" path="/Users/necolas/OpenSource/github/necolas/react-native-web/packages/react-native-web/src/exports/Modal/ModalFocusTrap.js">
        <metrics statements="46" coveredstatements="44" conditionals="34" coveredconditionals="30" methods="10" coveredmethods="10"/>
        <line num="26" count="1" type="stmt"/>
        <line num="27" count="136" type="stmt"/>
        <line num="35" count="106" type="cond" truecount="1" falsecount="1"/>
        <line num="36" count="0" type="stmt"/>
        <line num="39" count="106" type="stmt"/>
        <line num="40" count="106" type="stmt"/>
        <line num="45" count="106" type="stmt"/>
        <line num="49" count="109" type="stmt"/>
        <line num="50" count="97" type="stmt"/>
        <line num="51" count="97" type="cond" truecount="4" falsecount="0"/>
        <line num="52" count="66" type="stmt"/>
        <line num="55" count="43" type="stmt"/>
        <line num="59" count="9" type="stmt"/>
        <line num="60" count="9" type="stmt"/>
        <line num="61" count="9" type="cond" truecount="3" falsecount="1"/>
        <line num="62" count="9" type="stmt"/>
        <line num="65" count="0" type="stmt"/>
        <line num="73" count="1" type="stmt"/>
        <line num="74" count="68" type="stmt"/>
        <line num="75" count="68" type="stmt"/>
        <line num="82" count="68" type="stmt"/>
        <line num="83" count="62" type="cond" truecount="1" falsecount="1"/>
        <line num="84" count="62" type="stmt"/>
        <line num="89" count="84" type="cond" truecount="5" falsecount="0"/>
        <line num="90" count="49" type="stmt"/>
        <line num="93" count="35" type="stmt"/>
        <line num="94" count="35" type="stmt"/>
        <line num="95" count="35" type="cond" truecount="2" falsecount="0"/>
        <line num="105" count="34" type="stmt"/>
        <line num="106" count="34" type="cond" truecount="2" falsecount="0"/>
        <line num="107" count="3" type="stmt"/>
        <line num="110" count="34" type="cond" truecount="5" falsecount="0"/>
        <line num="111" count="12" type="stmt"/>
        <line num="115" count="35" type="stmt"/>
        <line num="117" count="35" type="stmt"/>
        <line num="121" count="62" type="stmt"/>
        <line num="123" count="62" type="stmt"/>
        <line num="124" count="62" type="stmt"/>
        <line num="130" count="68" type="stmt"/>
        <line num="131" count="31" type="cond" truecount="1" falsecount="1"/>
        <line num="132" count="31" type="stmt"/>
        <line num="133" count="31" type="stmt"/>
        <line num="134" count="31" type="cond" truecount="4" falsecount="0"/>
        <line num="135" count="28" type="stmt"/>
        <line num="141" count="68" type="stmt"/>
        <line num="152" count="1" type="stmt"/>
      </file>
      <file name="ModalPortal.js" path="/Users/necolas/OpenSource/github/necolas/react-native-web/packages/react-native-web/src/exports/Modal/ModalPortal.js">
        <metrics statements="14" coveredstatements="14" conditionals="18" coveredconditionals="14" methods="3" coveredmethods="3"/>
        <line num="20" count="82" type="stmt"/>
        <line num="21" count="82" type="stmt"/>
        <line num="23" count="82" type="cond" truecount="4" falsecount="0"/>
        <line num="24" count="36" type="stmt"/>
        <line num="26" count="36" type="cond" truecount="3" falsecount="1"/>
        <line num="27" count="36" type="stmt"/>
        <line num="28" count="36" type="stmt"/>
        <line num="32" count="82" type="stmt"/>
        <line num="33" count="36" type="cond" truecount="1" falsecount="1"/>
        <line num="34" count="36" type="stmt"/>
        <line num="35" count="36" type="cond" truecount="3" falsecount="1"/>
        <line num="36" count="36" type="stmt"/>
        <line num="37" count="36" type="stmt"/>
        <line num="43" count="82" type="cond" truecount="3" falsecount="1"/>
      </file>
      <file name="index.js" path="/Users/necolas/OpenSource/github/necolas/react-native-web/packages/react-native-web/src/exports/Modal/index.js">
        <metrics statements="35" coveredstatements="35" conditionals="13" coveredconditionals="12" methods="10" coveredmethods="10"/>
        <line num="34" count="1" type="stmt"/>
        <line num="36" count="1" type="stmt"/>
        <line num="37" count="1" type="stmt"/>
        <line num="40" count="62" type="cond" truecount="2" falsecount="0"/>
        <line num="41" count="26" type="stmt"/>
        <line num="43" count="36" type="stmt"/>
        <line num="44" count="36" type="stmt"/>
        <line num="45" count="41" type="cond" truecount="1" falsecount="1"/>
        <line num="46" count="41" type="stmt"/>
        <line num="52" count="70" type="cond" truecount="2" falsecount="0"/>
        <line num="55" count="31" type="stmt"/>
        <line num="56" count="31" type="stmt"/>
        <line num="58" count="70" type="stmt"/>
        <line num="59" count="70" type="cond" truecount="2" falsecount="0"/>
        <line num="60" count="31" type="stmt"/>
        <line num="61" count="31" type="stmt"/>
        <line num="66" count="31" type="stmt"/>
        <line num="67" count="31" type="stmt"/>
        <line num="68" count="31" type="stmt"/>
        <line num="69" count="31" type="stmt"/>
        <line num="75" count="1" type="stmt"/>
        <line num="84" count="85" type="stmt"/>
        <line num="88" count="85" type="stmt"/>
        <line num="90" count="85" type="stmt"/>
        <line num="92" count="85" type="stmt"/>
        <line num="93" count="3" type="stmt"/>
        <line num="94" count="3" type="cond" truecount="2" falsecount="0"/>
        <line num="95" count="1" type="stmt"/>
        <line num="99" count="85" type="stmt"/>
        <line num="100" count="31" type="stmt"/>
        <line num="101" count="31" type="cond" truecount="2" falsecount="0"/>
        <line num="102" count="2" type="stmt"/>
        <line num="106" count="85" type="stmt"/>
        <line num="107" count="36" type="stmt"/>
        <line num="110" count="85" type="stmt"/>
      </file>
    </package>
    <package name="react-native-web.src.exports.Picker">
      <metrics statements="16" coveredstatements="16" conditionals="4" coveredconditionals="3" methods="3" coveredmethods="3"/>
      <file name="PickerItem.js" path="/Users/necolas/OpenSource/github/necolas/react-native-web/packages/react-native-web/src/exports/Picker/PickerItem.js">
        <metrics statements="3" coveredstatements="3" conditionals="0" coveredconditionals="0" methods="1" coveredmethods="1"/>
        <line num="23" count="11" type="stmt"/>
        <line num="24" count="11" type="stmt"/>
        <line num="25" count="11" type="stmt"/>
      </file>
      <file name="index.js" path="/Users/necolas/OpenSource/github/necolas/react-native-web/packages/react-native-web/src/exports/Picker/index.js">
        <metrics statements="13" coveredstatements="13" conditionals="4" coveredconditionals="3" methods="2" coveredmethods="2"/>
        <line num="37" count="1" type="stmt"/>
        <line num="51" count="5" type="stmt"/>
        <line num="53" count="5" type="stmt"/>
        <line num="56" count="1" type="stmt"/>
        <line num="57" count="1" type="cond" truecount="1" falsecount="1"/>
        <line num="58" count="1" type="stmt"/>
        <line num="63" count="5" type="stmt"/>
        <line num="73" count="5" type="stmt"/>
        <line num="75" count="5" type="stmt"/>
        <line num="77" count="5" type="stmt"/>
        <line num="79" count="5" type="stmt"/>
        <line num="83" count="1" type="stmt"/>
        <line num="85" count="1" type="stmt"/>
      </file>
    </package>
    <package name="react-native-web.src.exports.Platform">
      <metrics statements="5" coveredstatements="5" conditionals="4" coveredconditionals="4" methods="2" coveredmethods="2"/>
      <file name="index.js" path="/Users/necolas/OpenSource/github/necolas/react-native-web/packages/react-native-web/src/exports/Platform/index.js">
        <metrics statements="5" coveredstatements="5" conditionals="4" coveredconditionals="4" methods="2" coveredmethods="2"/>
        <line num="11" count="3" type="stmt"/>
        <line num="13" count="2" type="cond" truecount="2" falsecount="0"/>
        <line num="15" count="3" type="cond" truecount="2" falsecount="0"/>
        <line num="16" count="2" type="stmt"/>
        <line num="18" count="1" type="stmt"/>
      </file>
    </package>
    <package name="react-native-web.src.exports.Pressable">
      <metrics statements="38" coveredstatements="37" conditionals="26" coveredconditionals="19" methods="7" coveredmethods="7"/>
      <file name="index.js" path="/Users/necolas/OpenSource/github/necolas/react-native-web/packages/react-native-web/src/exports/Pressable/index.js">
        <metrics statements="38" coveredstatements="37" conditionals="26" coveredconditionals="19" methods="7" coveredmethods="7"/>
        <line num="95" count="26" type="stmt"/>
        <line num="97" count="26" type="stmt"/>
        <line num="98" count="26" type="stmt"/>
        <line num="99" count="26" type="stmt"/>
        <line num="101" count="26" type="stmt"/>
        <line num="102" count="26" type="stmt"/>
        <line num="104" count="26" type="stmt"/>
        <line num="105" count="18" type="stmt"/>
        <line num="131" count="26" type="stmt"/>
        <line num="133" count="26" type="stmt"/>
        <line num="135" count="26" type="stmt"/>
        <line num="143" count="26" type="stmt"/>
        <line num="145" count="26" type="stmt"/>
        <line num="147" count="1" type="cond" truecount="1" falsecount="1"/>
        <line num="148" count="1" type="stmt"/>
        <line num="149" count="1" type="cond" truecount="1" falsecount="1"/>
        <line num="150" count="1" type="stmt"/>
        <line num="157" count="26" type="stmt"/>
        <line num="159" count="2" type="cond" truecount="1" falsecount="1"/>
        <line num="160" count="2" type="stmt"/>
        <line num="161" count="2" type="cond" truecount="2" falsecount="0"/>
        <line num="162" count="1" type="stmt"/>
        <line num="169" count="26" type="stmt"/>
        <line num="171" count="1" type="cond" truecount="1" falsecount="1"/>
        <line num="172" count="1" type="stmt"/>
        <line num="174" count="1" type="cond" truecount="1" falsecount="1"/>
        <line num="175" count="1" type="stmt"/>
        <line num="181" count="26" type="stmt"/>
        <line num="183" count="1" type="cond" truecount="1" falsecount="1"/>
        <line num="184" count="1" type="stmt"/>
        <line num="186" count="1" type="cond" truecount="1" falsecount="1"/>
        <line num="187" count="0" type="stmt"/>
        <line num="193" count="26" type="stmt"/>
        <line num="215" count="78" type="stmt"/>
        <line num="216" count="78" type="cond" truecount="2" falsecount="0"/>
        <line num="219" count="1" type="stmt"/>
        <line num="226" count="1" type="stmt"/>
        <line num="227" count="1" type="stmt"/>
      </file>
    </package>
    <package name="react-native-web.src.exports.ProgressBar">
      <metrics statements="11" coveredstatements="11" conditionals="12" coveredconditionals="10" methods="2" coveredmethods="2"/>
      <file name="index.js" path="/Users/necolas/OpenSource/github/necolas/react-native-web/packages/react-native-web/src/exports/ProgressBar/index.js">
        <metrics statements="11" coveredstatements="11" conditionals="12" coveredconditionals="10" methods="2" coveredmethods="2"/>
        <line num="28" count="1" type="stmt"/>
        <line num="36" count="2" type="stmt"/>
        <line num="38" count="2" type="stmt"/>
        <line num="40" count="2" type="stmt"/>
        <line num="41" count="2" type="stmt"/>
        <line num="42" count="2" type="cond" truecount="2" falsecount="0"/>
        <line num="43" count="2" type="cond" truecount="1" falsecount="1"/>
        <line num="44" count="2" type="stmt"/>
        <line num="50" count="2" type="stmt"/>
        <line num="70" count="1" type="stmt"/>
        <line num="72" count="1" type="stmt"/>
      </file>
    </package>
    <package name="react-native-web.src.exports.ScrollView">
      <metrics statements="113" coveredstatements="73" conditionals="85" coveredconditionals="40" methods="33" coveredmethods="14"/>
      <file name="ScrollViewBase.js" path="/Users/necolas/OpenSource/github/necolas/react-native-web/packages/react-native-web/src/exports/ScrollView/ScrollViewBase.js">
        <metrics statements="40" coveredstatements="26" conditionals="26" coveredconditionals="15" methods="16" coveredmethods="7"/>
        <line num="33" count="1" type="stmt"/>
        <line num="37" count="0" type="stmt"/>
        <line num="40" count="0" type="stmt"/>
        <line num="45" count="0" type="stmt"/>
        <line num="48" count="0" type="stmt"/>
        <line num="53" count="0" type="stmt"/>
        <line num="56" count="0" type="stmt"/>
        <line num="65" count="1" type="stmt"/>
        <line num="66" count="1" type="cond" truecount="2" falsecount="0"/>
        <line num="75" count="2" type="stmt"/>
        <line num="86" count="8" type="stmt"/>
        <line num="88" count="8" type="stmt"/>
        <line num="89" count="8" type="stmt"/>
        <line num="90" count="8" type="stmt"/>
        <line num="93" count="16" type="stmt"/>
        <line num="94" count="0" type="cond" truecount="0" falsecount="2"/>
        <line num="95" count="0" type="cond" truecount="0" falsecount="2"/>
        <line num="96" count="0" type="stmt"/>
        <line num="103" count="2" type="stmt"/>
        <line num="104" count="2" type="cond" truecount="1" falsecount="1"/>
        <line num="105" count="2" type="stmt"/>
        <line num="107" count="2" type="cond" truecount="2" falsecount="0"/>
        <line num="108" count="1" type="stmt"/>
        <line num="110" count="2" type="stmt"/>
        <line num="111" count="0" type="stmt"/>
        <line num="113" count="2" type="cond" truecount="2" falsecount="0"/>
        <line num="115" count="1" type="cond" truecount="1" falsecount="1"/>
        <line num="116" count="0" type="stmt"/>
        <line num="120" count="1" type="stmt"/>
        <line num="126" count="1" type="stmt"/>
        <line num="127" count="1" type="stmt"/>
        <line num="131" count="1" type="stmt"/>
        <line num="132" count="1" type="cond" truecount="1" falsecount="1"/>
        <line num="133" count="1" type="stmt"/>
        <line num="138" count="0" type="stmt"/>
        <line num="139" count="0" type="cond" truecount="0" falsecount="2"/>
        <line num="140" count="0" type="stmt"/>
        <line num="145" count="8" type="cond" truecount="2" falsecount="0"/>
        <line num="147" count="8" type="stmt"/>
        <line num="166" count="2" type="stmt"/>
      </file>
      <file name="index.js" path="/Users/necolas/OpenSource/github/necolas/react-native-web/packages/react-native-web/src/exports/ScrollView/index.js">
        <metrics statements="73" coveredstatements="47" conditionals="59" coveredconditionals="25" methods="17" coveredmethods="7"/>
        <line num="37" count="2" type="stmt"/>
        <line num="40" count="2" type="stmt"/>
        <line num="44" count="7" type="stmt"/>
        <line num="48" count="0" type="stmt"/>
        <line num="58" count="0" type="stmt"/>
        <line num="62" count="0" type="stmt"/>
        <line num="66" count="0" type="stmt"/>
        <line num="70" count="0" type="stmt"/>
        <line num="74" count="0" type="stmt"/>
        <line num="92" count="0" type="cond" truecount="0" falsecount="2"/>
        <line num="93" count="0" type="stmt"/>
        <line num="97" count="0" type="cond" truecount="0" falsecount="2"/>
        <line num="100" count="0" type="stmt"/>
        <line num="117" count="0" type="cond" truecount="0" falsecount="2"/>
        <line num="118" count="0" type="stmt"/>
        <line num="119" count="0" type="stmt"/>
        <line num="120" count="0" type="stmt"/>
        <line num="121" count="0" type="cond" truecount="0" falsecount="2"/>
        <line num="122" count="0" type="cond" truecount="0" falsecount="2"/>
        <line num="123" count="0" type="stmt"/>
        <line num="140" count="8" type="stmt"/>
        <line num="142" count="8" type="cond" truecount="4" falsecount="0"/>
        <line num="143" count="4" type="stmt"/>
        <line num="144" count="4" type="stmt"/>
        <line num="145" count="8" type="cond" truecount="2" falsecount="0"/>
        <line num="147" count="4" type="stmt"/>
        <line num="154" count="8" type="stmt"/>
        <line num="155" count="8" type="cond" truecount="1" falsecount="1"/>
        <line num="156" count="0" type="stmt"/>
        <line num="161" count="8" type="cond" truecount="2" falsecount="0"/>
        <line num="163" count="8" type="cond" truecount="3" falsecount="1"/>
        <line num="165" count="0" type="cond" truecount="0" falsecount="2"/>
        <line num="166" count="0" type="cond" truecount="0" falsecount="5"/>
        <line num="167" count="0" type="stmt"/>
        <line num="178" count="0" type="stmt"/>
        <line num="184" count="8" type="stmt"/>
        <line num="196" count="8" type="cond" truecount="1" falsecount="1"/>
        <line num="197" count="8" type="cond" truecount="1" falsecount="1"/>
        <line num="201" count="8" type="stmt"/>
        <line num="222" count="8" type="stmt"/>
        <line num="224" count="8" type="stmt"/>
        <line num="227" count="8" type="stmt"/>
        <line num="232" count="8" type="cond" truecount="2" falsecount="0"/>
        <line num="233" count="1" type="stmt"/>
        <line num="236" count="7" type="stmt"/>
        <line num="240" count="0" type="stmt"/>
        <line num="241" count="0" type="stmt"/>
        <line num="245" count="1" type="cond" truecount="1" falsecount="1"/>
        <line num="246" count="1" type="cond" truecount="3" falsecount="1"/>
        <line num="247" count="0" type="stmt"/>
        <line num="257" count="1" type="cond" truecount="1" falsecount="1"/>
        <line num="258" count="0" type="stmt"/>
        <line num="261" count="1" type="stmt"/>
        <line num="265" count="14" type="stmt"/>
        <line num="269" count="14" type="stmt"/>
        <line num="273" count="14" type="cond" truecount="2" falsecount="0"/>
        <line num="274" count="7" type="stmt"/>
        <line num="275" count="7" type="stmt"/>
        <line num="276" count="7" type="stmt"/>
        <line num="277" count="7" type="stmt"/>
        <line num="278" count="7" type="stmt"/>
        <line num="279" count="7" type="stmt"/>
        <line num="280" count="7" type="stmt"/>
        <line num="281" count="7" type="stmt"/>
        <line num="282" count="7" type="stmt"/>
        <line num="283" count="7" type="stmt"/>
        <line num="285" count="14" type="stmt"/>
        <line num="286" count="14" type="stmt"/>
        <line num="290" count="2" type="stmt"/>
        <line num="301" count="2" type="stmt"/>
        <line num="336" count="2" type="stmt"/>
        <line num="337" count="8" type="stmt"/>
        <line num="340" count="2" type="stmt"/>
      </file>
    </package>
    <package name="react-native-web.src.exports.SectionList">
      <metrics statements="0" coveredstatements="0" conditionals="0" coveredconditionals="0" methods="0" coveredmethods="0"/>
      <file name="index.js" path="/Users/necolas/OpenSource/github/necolas/react-native-web/packages/react-native-web/src/exports/SectionList/index.js">
        <metrics statements="0" coveredstatements="0" conditionals="0" coveredconditionals="0" methods="0" coveredmethods="0"/>
      </file>
    </package>
    <package name="react-native-web.src.exports.StyleSheet">
      <metrics statements="621" coveredstatements="574" conditionals="406" coveredconditionals="341" methods="92" coveredmethods="89"/>
      <file name="ReactNativePropRegistry.js" path="/Users/necolas/OpenSource/github/necolas/react-native-web/packages/react-native-web/src/exports/StyleSheet/ReactNativePropRegistry.js">
        <metrics statements="19" coveredstatements="16" conditionals="6" coveredconditionals="3" methods="3" coveredmethods="3"/>
        <line num="11" count="22" type="stmt"/>
        <line num="12" count="22" type="stmt"/>
        <line num="13" count="22" type="stmt"/>
        <line num="14" count="22" type="stmt"/>
        <line num="16" count="643" type="stmt"/>
        <line num="20" count="239" type="stmt"/>
        <line num="21" count="239" type="cond" truecount="1" falsecount="1"/>
        <line num="22" count="239" type="stmt"/>
        <line num="24" count="239" type="stmt"/>
        <line num="25" count="239" type="stmt"/>
        <line num="26" count="239" type="stmt"/>
        <line num="30" count="404" type="cond" truecount="1" falsecount="1"/>
        <line num="33" count="0" type="stmt"/>
        <line num="35" count="404" type="stmt"/>
        <line num="36" count="404" type="stmt"/>
        <line num="37" count="404" type="cond" truecount="1" falsecount="1"/>
        <line num="38" count="0" type="stmt"/>
        <line num="39" count="0" type="stmt"/>
        <line num="41" count="404" type="stmt"/>
      </file>
      <file name="StyleSheet.js" path="/Users/necolas/OpenSource/github/necolas/react-native-web/packages/react-native-web/src/exports/StyleSheet/StyleSheet.js">
        <metrics statements="18" coveredstatements="16" conditionals="14" coveredconditionals="11" methods="4" coveredmethods="3"/>
        <line num="14" count="20" type="stmt"/>
        <line num="21" count="20" type="stmt"/>
        <line num="23" count="20" type="stmt"/>
        <line num="27" count="1601" type="cond" truecount="1" falsecount="1"/>
        <line num="29" count="1601" type="stmt"/>
        <line num="30" count="1601" type="cond" truecount="1" falsecount="1"/>
        <line num="31" count="0" type="stmt"/>
        <line num="32" count="0" type="stmt"/>
        <line num="41" count="1601" type="cond" truecount="4" falsecount="0"/>
        <line num="42" count="11" type="stmt"/>
        <line num="44" count="1590" type="cond" truecount="2" falsecount="0"/>
        <line num="48" count="66" type="stmt"/>
        <line num="49" count="66" type="stmt"/>
        <line num="50" count="211" type="cond" truecount="1" falsecount="1"/>
        <line num="51" count="211" type="stmt"/>
        <line num="53" count="211" type="cond" truecount="2" falsecount="0"/>
        <line num="54" count="211" type="stmt"/>
        <line num="56" count="66" type="stmt"/>
      </file>
      <file name="compile.js" path="/Users/necolas/OpenSource/github/necolas/react-native-web/packages/react-native-web/src/exports/StyleSheet/compile.js">
        <metrics statements="97" coveredstatements="95" conditionals="46" coveredconditionals="38" methods="17" coveredmethods="17"/>
        <line num="28" count="21" type="stmt"/>
        <line num="30" count="213" type="cond" truecount="2" falsecount="0"/>
        <line num="35" count="31" type="stmt"/>
        <line num="39" count="182" type="cond" truecount="2" falsecount="0"/>
        <line num="40" count="152" type="stmt"/>
        <line num="42" count="182" type="stmt"/>
        <line num="50" count="78" type="stmt"/>
        <line num="53" count="213" type="stmt"/>
        <line num="54" count="213" type="cond" truecount="1" falsecount="1"/>
        <line num="55" count="213" type="stmt"/>
        <line num="56" count="213" type="stmt"/>
        <line num="57" count="213" type="cond" truecount="2" falsecount="0"/>
        <line num="58" count="31" type="stmt"/>
        <line num="59" count="31" type="stmt"/>
        <line num="61" count="182" type="stmt"/>
        <line num="62" count="182" type="stmt"/>
        <line num="63" count="182" type="stmt"/>
        <line num="69" count="182" type="stmt"/>
        <line num="72" count="213" type="stmt"/>
        <line num="81" count="77" type="stmt"/>
        <line num="82" count="77" type="stmt"/>
        <line num="84" count="77" type="stmt"/>
        <line num="85" count="77" type="stmt"/>
        <line num="87" count="77" type="cond" truecount="2" falsecount="0"/>
        <line num="88" count="1" type="stmt"/>
        <line num="89" count="1" type="stmt"/>
        <line num="90" count="1" type="stmt"/>
        <line num="92" count="77" type="stmt"/>
        <line num="93" count="77" type="stmt"/>
        <line num="95" count="77" type="stmt"/>
        <line num="103" count="109" type="stmt"/>
        <line num="112" count="2219" type="stmt"/>
        <line num="113" count="2219" type="cond" truecount="2" falsecount="0"/>
        <line num="123" count="182" type="stmt"/>
        <line num="124" count="182" type="stmt"/>
        <line num="128" count="182" type="cond" truecount="5" falsecount="0"/>
        <line num="130" count="4" type="stmt"/>
        <line num="131" count="4" type="stmt"/>
        <line num="132" count="4" type="stmt"/>
        <line num="133" count="4" type="stmt"/>
        <line num="138" count="1" type="stmt"/>
        <line num="139" count="1" type="stmt"/>
        <line num="145" count="1" type="stmt"/>
        <line num="151" count="5" type="stmt"/>
        <line num="152" count="5" type="cond" truecount="4" falsecount="0"/>
        <line num="153" count="3" type="stmt"/>
        <line num="154" count="3" type="cond" truecount="1" falsecount="1"/>
        <line num="155" count="3" type="stmt"/>
        <line num="156" count="3" type="stmt"/>
        <line num="158" count="2" type="cond" truecount="3" falsecount="1"/>
        <line num="159" count="2" type="stmt"/>
        <line num="160" count="2" type="cond" truecount="1" falsecount="1"/>
        <line num="161" count="2" type="stmt"/>
        <line num="162" count="2" type="stmt"/>
        <line num="165" count="5" type="stmt"/>
        <line num="166" count="5" type="stmt"/>
        <line num="167" count="5" type="stmt"/>
        <line num="173" count="1" type="cond" truecount="1" falsecount="1"/>
        <line num="174" count="1" type="stmt"/>
        <line num="176" count="1" type="stmt"/>
        <line num="177" count="1" type="stmt"/>
        <line num="178" count="1" type="stmt"/>
        <line num="182" count="171" type="stmt"/>
        <line num="183" count="171" type="stmt"/>
        <line num="184" count="171" type="stmt"/>
        <line num="188" count="182" type="stmt"/>
        <line num="195" count="280" type="stmt"/>
        <line num="196" count="280" type="stmt"/>
        <line num="198" count="1170" type="stmt"/>
        <line num="199" count="1170" type="stmt"/>
        <line num="204" count="1170" type="cond" truecount="2" falsecount="0"/>
        <line num="205" count="78" type="stmt"/>
        <line num="207" count="1152" type="stmt"/>
        <line num="215" count="280" type="stmt"/>
        <line num="222" count="266" type="stmt"/>
        <line num="223" count="266" type="cond" truecount="1" falsecount="1"/>
        <line num="232" count="7" type="stmt"/>
        <line num="233" count="7" type="stmt"/>
        <line num="236" count="7" type="stmt"/>
        <line num="239" count="16" type="stmt"/>
        <line num="240" count="16" type="stmt"/>
        <line num="241" count="16" type="stmt"/>
        <line num="246" count="7" type="stmt"/>
        <line num="247" count="14" type="stmt"/>
        <line num="249" count="7" type="stmt"/>
        <line num="256" count="5" type="cond" truecount="1" falsecount="1"/>
        <line num="257" count="0" type="stmt"/>
        <line num="260" count="5" type="stmt"/>
        <line num="261" count="5" type="stmt"/>
        <line num="262" count="5" type="cond" truecount="2" falsecount="0"/>
        <line num="264" count="5" type="stmt"/>
        <line num="265" count="7" type="cond" truecount="1" falsecount="1"/>
        <line num="267" count="0" type="stmt"/>
        <line num="270" count="7" type="stmt"/>
        <line num="271" count="7" type="stmt"/>
        <line num="272" count="7" type="stmt"/>
        <line num="276" count="5" type="stmt"/>
      </file>
      <file name="constants.js" path="/Users/necolas/OpenSource/github/necolas/react-native-web/packages/react-native-web/src/exports/StyleSheet/constants.js">
        <metrics statements="5" coveredstatements="5" conditionals="0" coveredconditionals="0" methods="0" coveredmethods="0"/>
        <line num="10" count="22" type="stmt"/>
        <line num="12" count="22" type="stmt"/>
        <line num="37" count="22" type="stmt"/>
        <line num="57" count="22" type="stmt"/>
        <line num="59" count="22" type="stmt"/>
      </file>
[...]
        <line num="426" count="14" type="cond" truecount="2" falsecount="0"/>
        <line num="432" count="8" type="cond" truecount="2" falsecount="0"/>
        <line num="433" count="1" type="stmt"/>
        <line num="434" count="7" type="cond" truecount="2" falsecount="0"/>
        <line num="435" count="3" type="stmt"/>
        <line num="436" count="3" type="cond" truecount="2" falsecount="0"/>
        <line num="437" count="2" type="stmt"/>
        <line num="442" count="14" type="cond" truecount="2" falsecount="0"/>
        <line num="443" count="11" type="cond" truecount="1" falsecount="1"/>
        <line num="444" count="11" type="stmt"/>
        <line num="445" count="11" type="stmt"/>
        <line num="447" count="11" type="stmt"/>
        <line num="448" count="11" type="stmt"/>
        <line num="449" count="11" type="stmt"/>
        <line num="462" count="125" type="stmt"/>
        <line num="464" count="125" type="cond" truecount="1" falsecount="1"/>
        <line num="465" count="125" type="stmt"/>
        <line num="467" count="125" type="stmt"/>
        <line num="468" count="125" type="stmt"/>
        <line num="469" count="125" type="stmt"/>
        <line num="471" count="125" type="stmt"/>
        <line num="472" count="341" type="stmt"/>
        <line num="473" count="341" type="stmt"/>
        <line num="474" count="341" type="cond" truecount="2" falsecount="0"/>
        <line num="475" count="169" type="stmt"/>
        <line num="476" count="169" type="cond" truecount="2" falsecount="0"/>
        <line num="478" count="78" type="stmt"/>
        <line num="479" count="78" type="stmt"/>
        <line num="485" count="125" type="stmt"/>
        <line num="486" count="202" type="stmt"/>
        <line num="487" count="202" type="stmt"/>
        <line num="488" count="202" type="stmt"/>
        <line num="489" count="202" type="cond" truecount="2" falsecount="0"/>
        <line num="490" count="17" type="stmt"/>
        <line num="492" count="185" type="cond" truecount="2" falsecount="0"/>
        <line num="493" count="1" type="stmt"/>
        <line num="498" count="107" type="cond" truecount="2" falsecount="0"/>
        <line num="499" count="100" type="stmt"/>
        <line num="500" count="135" type="stmt"/>
        <line num="501" count="135" type="stmt"/>
        <line num="502" count="135" type="stmt"/>
        <line num="503" count="135" type="cond" truecount="2" falsecount="0"/>
        <line num="504" count="57" type="stmt"/>
        <line num="506" count="78" type="cond" truecount="1" falsecount="1"/>
        <line num="507" count="0" type="stmt"/>
        <line num="511" count="7" type="stmt"/>
        <line num="512" count="7" type="stmt"/>
        <line num="513" count="7" type="stmt"/>
        <line num="514" count="7" type="cond" truecount="2" falsecount="0"/>
        <line num="515" count="4" type="stmt"/>
        <line num="525" count="78" type="stmt"/>
        <line num="526" count="78" type="stmt"/>
        <line num="528" count="78" type="stmt"/>
        <line num="530" count="78" type="stmt"/>
        <line num="531" count="78" type="stmt"/>
        <line num="532" count="78" type="stmt"/>
        <line num="535" count="78" type="cond" truecount="2" falsecount="0"/>
        <line num="536" count="71" type="cond" truecount="2" falsecount="0"/>
        <line num="537" count="43" type="stmt"/>
        <line num="538" count="43" type="stmt"/>
        <line num="539" count="43" type="stmt"/>
        <line num="541" count="71" type="stmt"/>
        <line num="545" count="7" type="stmt"/>
        <line num="547" count="7" type="stmt"/>
        <line num="548" count="7" type="cond" truecount="1" falsecount="1"/>
        <line num="549" count="7" type="stmt"/>
        <line num="550" count="7" type="stmt"/>
        <line num="551" count="7" type="cond" truecount="2" falsecount="0"/>
        <line num="552" count="3" type="stmt"/>
        <line num="556" count="7" type="cond" truecount="2" falsecount="0"/>
        <line num="558" count="4" type="cond" truecount="1" falsecount="1"/>
        <line num="559" count="4" type="stmt"/>
        <line num="560" count="4" type="stmt"/>
        <line num="561" count="4" type="stmt"/>
        <line num="564" count="4" type="cond" truecount="1" falsecount="1"/>
        <line num="565" count="4" type="stmt"/>
        <line num="566" count="4" type="stmt"/>
        <line num="567" count="4" type="stmt"/>
        <line num="569" count="4" type="stmt"/>
        <line num="572" count="3" type="cond" truecount="1" falsecount="1"/>
        <line num="573" count="3" type="stmt"/>
        <line num="574" count="3" type="stmt"/>
        <line num="575" count="3" type="stmt"/>
        <line num="589" count="17" type="stmt"/>
        <line num="590" count="17" type="stmt"/>
        <line num="607" count="573" type="cond" truecount="4" falsecount="0"/>
        <line num="608" count="15" type="stmt"/>
        <line num="609" count="15" type="stmt"/>
        <line num="610" count="165" type="stmt"/>
        <line num="612" count="15" type="stmt"/>
        <line num="613" count="30" type="stmt"/>
        <line num="615" count="15" type="stmt"/>
        <line num="623" count="180" type="stmt"/>
        <line num="624" count="180" type="stmt"/>
        <line num="631" count="570" type="cond" truecount="1" falsecount="1"/>
        <line num="632" count="0" type="stmt"/>
        <line num="634" count="570" type="cond" truecount="2" falsecount="0"/>
        <line num="635" count="167" type="stmt"/>
        <line num="645" count="72" type="stmt"/>
        <line num="646" count="72" type="cond" truecount="4" falsecount="0"/>
        <line num="647" count="22" type="stmt"/>
        <line num="648" count="22" type="cond" truecount="2" falsecount="0"/>
        <line num="649" count="6" type="stmt"/>
        <line num="650" count="6" type="stmt"/>
        <line num="651" count="6" type="stmt"/>
        <line num="653" count="22" type="stmt"/>
        <line num="655" count="72" type="stmt"/>
        <line num="656" count="72" type="stmt"/>
        <line num="664" count="838" type="stmt"/>
      </file>
      <file name="ResponderTouchHistoryStore.js" path="/Users/necolas/OpenSource/github/necolas/react-native-web/packages/react-native-web/src/modules/useResponderEvents/ResponderTouchHistoryStore.js">
        <metrics statements="76" coveredstatements="66" conditionals="36" coveredconditionals="26" methods="10" coveredmethods="8"/>
        <line num="32" count="17" type="stmt"/>
        <line num="33" count="17" type="stmt"/>
        <line num="34" count="17" type="stmt"/>
        <line num="35" count="17" type="stmt"/>
        <line num="48" count="492" type="cond" truecount="2" falsecount="0"/>
        <line num="56" count="7" type="stmt"/>
        <line num="71" count="77" type="stmt"/>
        <line num="72" count="77" type="stmt"/>
        <line num="73" count="77" type="stmt"/>
        <line num="74" count="77" type="stmt"/>
        <line num="75" count="77" type="stmt"/>
        <line num="76" count="77" type="stmt"/>
        <line num="77" count="77" type="stmt"/>
        <line num="78" count="77" type="stmt"/>
        <line num="79" count="77" type="stmt"/>
        <line num="80" count="77" type="stmt"/>
        <line num="84" count="162" type="cond" truecount="1" falsecount="1"/>
        <line num="85" count="0" type="stmt"/>
        <line num="87" count="162" type="cond" truecount="1" falsecount="1"/>
        <line num="88" count="162" type="cond" truecount="1" falsecount="1"/>
        <line num="89" count="0" type="stmt"/>
        <line num="97" count="162" type="stmt"/>
        <line num="101" count="84" type="stmt"/>
        <line num="102" count="84" type="stmt"/>
        <line num="103" count="84" type="cond" truecount="2" falsecount="0"/>
        <line num="104" count="77" type="stmt"/>
        <line num="106" count="7" type="stmt"/>
        <line num="108" count="84" type="stmt"/>
        <line num="112" count="31" type="stmt"/>
        <line num="113" count="31" type="cond" truecount="1" falsecount="1"/>
        <line num="114" count="31" type="stmt"/>
        <line num="115" count="31" type="stmt"/>
        <line num="116" count="31" type="stmt"/>
        <line num="117" count="31" type="stmt"/>
        <line num="118" count="31" type="stmt"/>
        <line num="119" count="31" type="stmt"/>
        <line num="120" count="31" type="stmt"/>
        <line num="121" count="31" type="stmt"/>
        <line num="123" count="0" type="stmt"/>
        <line num="132" count="47" type="stmt"/>
        <line num="133" count="47" type="cond" truecount="1" falsecount="1"/>
        <line num="134" count="47" type="stmt"/>
        <line num="135" count="47" type="stmt"/>
        <line num="136" count="47" type="stmt"/>
        <line num="137" count="47" type="stmt"/>
        <line num="138" count="47" type="stmt"/>
        <line num="139" count="47" type="stmt"/>
        <line num="140" count="47" type="stmt"/>
        <line num="141" count="47" type="stmt"/>
        <line num="143" count="0" type="stmt"/>
        <line num="152" count="0" type="stmt"/>
        <line num="161" count="0" type="stmt"/>
        <line num="162" count="0" type="cond" truecount="0" falsecount="2"/>
        <line num="163" count="0" type="stmt"/>
        <line num="165" count="0" type="stmt"/>
        <line num="168" count="17" type="stmt"/>
        <line num="170" count="162" type="cond" truecount="2" falsecount="0"/>
        <line num="171" count="31" type="stmt"/>
        <line num="172" count="131" type="cond" truecount="2" falsecount="0"/>
        <line num="173" count="84" type="stmt"/>
        <line num="174" count="84" type="stmt"/>
        <line num="175" count="84" type="cond" truecount="2" falsecount="0"/>
        <line num="176" count="78" type="stmt"/>
        <line num="178" count="47" type="cond" truecount="1" falsecount="1"/>
        <line num="179" count="47" type="stmt"/>
        <line num="180" count="47" type="stmt"/>
        <line num="181" count="47" type="cond" truecount="2" falsecount="0"/>
        <line num="182" count="4" type="stmt"/>
        <line num="183" count="5" type="stmt"/>
        <line num="184" count="5" type="cond" truecount="4" falsecount="0"/>
        <line num="185" count="4" type="stmt"/>
        <line num="186" count="4" type="stmt"/>
        <line num="189" count="4" type="cond" truecount="1" falsecount="1"/>
        <line num="190" count="4" type="stmt"/>
        <line num="191" count="4" type="cond" truecount="3" falsecount="1"/>
        <line num="192" count="0" type="stmt"/>
      </file>
      <file name="createResponderEvent.js" path="/Users/necolas/OpenSource/github/necolas/react-native-web/packages/react-native-web/src/modules/useResponderEvents/createResponderEvent.js">
        <metrics statements="42" coveredstatements="29" conditionals="36" coveredconditionals="28" methods="16" coveredmethods="7"/>
        <line num="56" count="17" type="stmt"/>
        <line num="57" count="17" type="stmt"/>
        <line num="58" count="17" type="stmt"/>
        <line num="66" count="431" type="cond" truecount="2" falsecount="0"/>
        <line num="75" count="256" type="stmt"/>
        <line num="79" count="256" type="stmt"/>
        <line num="80" count="256" type="stmt"/>
        <line num="82" count="256" type="stmt"/>
        <line num="83" count="256" type="stmt"/>
        <line num="84" count="256" type="cond" truecount="3" falsecount="0"/>
        <line num="85" count="256" type="stmt"/>
        <line num="88" count="256" type="cond" truecount="3" falsecount="0"/>
        <line num="89" count="256" type="cond" truecount="3" falsecount="0"/>
        <line num="90" count="256" type="cond" truecount="3" falsecount="0"/>
        <line num="91" count="256" type="cond" truecount="3" falsecount="0"/>
        <line num="93" count="256" type="cond" truecount="2" falsecount="0"/>
        <line num="96" count="256" type="stmt"/>
        <line num="99" count="182" type="stmt"/>
        <line num="100" count="175" type="stmt"/>
        <line num="104" count="0" type="stmt"/>
        <line num="107" count="0" type="stmt"/>
        <line num="117" count="256" type="cond" truecount="2" falsecount="0"/>
        <line num="118" count="91" type="stmt"/>
        <line num="119" count="91" type="stmt"/>
        <line num="121" count="165" type="stmt"/>
        <line num="126" count="0" type="stmt"/>
        <line num="129" count="0" type="stmt"/>
        <line num="137" count="165" type="stmt"/>
        <line num="138" count="165" type="stmt"/>
        <line num="142" count="256" type="stmt"/>
        <line num="151" count="0" type="stmt"/>
        <line num="154" count="263" type="stmt"/>
        <line num="166" count="0" type="stmt"/>
        <line num="169" count="0" type="stmt"/>
        <line num="181" count="1" type="stmt"/>
        <line num="192" count="0" type="cond" truecount="0" falsecount="2"/>
        <line num="193" count="0" type="cond" truecount="0" falsecount="2"/>
        <line num="194" count="0" type="stmt"/>
        <line num="198" count="0" type="cond" truecount="0" falsecount="2"/>
        <line num="199" count="0" type="cond" truecount="0" falsecount="2"/>
        <line num="200" count="0" type="stmt"/>
        <line num="204" count="256" type="stmt"/>
      </file>
      <file name="index.js" path="/Users/necolas/OpenSource/github/necolas/react-native-web/packages/react-native-web/src/modules/useResponderEvents/index.js">
        <metrics statements="24" coveredstatements="22" conditionals="15" coveredconditionals="13" methods="6" coveredmethods="6"/>
        <line num="25" count="17" type="stmt"/>
        <line num="26" count="17" type="stmt"/>
        <line num="29" count="740" type="stmt"/>
        <line num="30" count="740" type="cond" truecount="2" falsecount="0"/>
        <line num="31" count="575" type="stmt"/>
        <line num="33" count="740" type="stmt"/>
        <line num="37" count="740" type="stmt"/>
        <line num="38" count="740" type="stmt"/>
        <line num="43" count="740" type="stmt"/>
        <line num="44" count="573" type="stmt"/>
        <line num="45" count="573" type="stmt"/>
        <line num="46" count="570" type="stmt"/>
        <line num="51" count="740" type="stmt"/>
        <line num="61" count="738" type="stmt"/>
        <line num="64" count="738" type="cond" truecount="8" falsecount="0"/>
        <line num="73" count="738" type="stmt"/>
        <line num="75" count="738" type="cond" truecount="2" falsecount="0"/>
        <line num="76" count="180" type="stmt"/>
        <line num="77" count="180" type="stmt"/>
        <line num="78" count="558" type="cond" truecount="1" falsecount="1"/>
        <line num="79" count="0" type="stmt"/>
        <line num="80" count="0" type="stmt"/>
        <line num="84" count="740" type="stmt"/>
        <line num="85" count="740" type="stmt"/>
      </file>
      <file name="utils.js" path="/Users/necolas/OpenSource/github/necolas/react-native-web/packages/react-native-web/src/modules/useResponderEvents/utils.js">
        <metrics statements="68" coveredstatements="66" conditionals="49" coveredconditionals="43" methods="9" coveredmethods="9"/>
        <line num="12" count="17" type="stmt"/>
        <line num="18" count="250" type="cond" truecount="2" falsecount="0"/>
        <line num="19" count="3" type="stmt"/>
        <line num="20" count="3" type="stmt"/>
        <line num="23" count="247" type="cond" truecount="1" falsecount="1"/>
        <line num="26" count="247" type="stmt"/>
        <line num="31" count="3" type="stmt"/>
        <line num="32" count="3" type="cond" truecount="2" falsecount="0"/>
        <line num="33" count="8" type="stmt"/>
        <line num="34" count="8" type="stmt"/>
        <line num="36" count="3" type="stmt"/>
        <line num="43" count="1660" type="cond" truecount="1" falsecount="1"/>
        <line num="44" count="1660" type="stmt"/>
        <line num="46" count="0" type="stmt"/>
        <line num="53" count="180" type="cond" truecount="1" falsecount="1"/>
        <line num="54" count="180" type="stmt"/>
        <line num="64" count="250" type="stmt"/>
        <line num="65" count="250" type="stmt"/>
        <line num="66" count="250" type="stmt"/>
        <line num="67" count="250" type="stmt"/>
        <line num="68" count="1660" type="stmt"/>
        <line num="69" count="1660" type="stmt"/>
        <line num="70" count="1660" type="cond" truecount="2" falsecount="0"/>
        <line num="71" count="367" type="stmt"/>
        <line num="72" count="367" type="stmt"/>
        <line num="75" count="250" type="stmt"/>
        <line num="82" count="32" type="stmt"/>
        <line num="83" count="32" type="stmt"/>
        <line num="84" count="32" type="cond" truecount="2" falsecount="0"/>
        <line num="92" count="5" type="stmt"/>
        <line num="95" count="27" type="stmt"/>
        <line num="96" count="27" type="stmt"/>
        <line num="97" count="27" type="stmt"/>
        <line num="98" count="27" type="stmt"/>
        <line num="101" count="27" type="cond" truecount="2" falsecount="0"/>
        <line num="102" count="4" type="stmt"/>
        <line num="103" count="4" type="stmt"/>
        <line num="104" count="4" type="stmt"/>
        <line num="108" count="27" type="cond" truecount="2" falsecount="0"/>
        <line num="109" count="3" type="stmt"/>
        <line num="110" count="3" type="stmt"/>
        <line num="111" count="3" type="stmt"/>
        <line num="115" count="27" type="stmt"/>
        <line num="116" count="27" type="stmt"/>
        <line num="117" count="31" type="cond" truecount="2" falsecount="0"/>
        <line num="118" count="27" type="stmt"/>
        <line num="120" count="4" type="stmt"/>
        <line num="121" count="4" type="stmt"/>
        <line num="123" count="0" type="stmt"/>
        <line num="131" count="41" type="cond" truecount="4" falsecount="0"/>
        <line num="132" count="37" type="stmt"/>
        <line num="134" count="4" type="stmt"/>
        <line num="135" count="4" type="stmt"/>
        <line num="136" count="4" type="cond" truecount="1" falsecount="1"/>
        <line num="137" count="4" type="cond" truecount="2" falsecount="0"/>
        <line num="138" count="3" type="stmt"/>
        <line num="142" count="1" type="stmt"/>
        <line num="150" count="5" type="cond" truecount="2" falsecount="0"/>
        <line num="151" count="3" type="stmt"/>
        <line num="153" count="2" type="stmt"/>
        <line num="160" count="93" type="stmt"/>
        <line num="161" count="93" type="cond" truecount="2" falsecount="0"/>
        <line num="162" count="93" type="cond" truecount="3" falsecount="0"/>
        <line num="163" count="93" type="cond" truecount="1" falsecount="1"/>
        <line num="164" count="93" type="cond" truecount="2" falsecount="0"/>
        <line num="166" count="93" type="cond" truecount="6" falsecount="1"/>
        <line num="167" count="84" type="stmt"/>
        <line num="169" count="9" type="stmt"/>
      </file>
    </package>
    <package name="react-native-web.src.modules.useStable">
      <metrics statements="5" coveredstatements="5" conditionals="6" coveredconditionals="5" methods="1" coveredmethods="1"/>
      <file name="index.js" path="/Users/necolas/OpenSource/github/necolas/react-native-web/packages/react-native-web/src/modules/useStable/index.js">
        <metrics statements="5" coveredstatements="5" conditionals="6" coveredconditionals="5" methods="1" coveredmethods="1"/>
        <line num="13" count="20" type="cond" truecount="3" falsecount="1"/>
        <line num="16" count="1181" type="stmt"/>
        <line num="17" count="1181" type="cond" truecount="2" falsecount="0"/>
        <line num="18" count="929" type="stmt"/>
        <line num="21" count="1181" type="stmt"/>
      </file>
    </package>
  </project>
</coverage>
