<?xml version="1.0" encoding="UTF-8"?>
<coverage generated="1518918733019" clover="3.2.0">
  <project timestamp="1518918733020" name="All files">
    <metrics statements="2483" coveredstatements="1469" conditionals="1666" coveredconditionals="782" methods="523" coveredmethods="249" elements="4672" coveredelements="2500" complexity="0" loc="2483" ncloc="2483" packages="94" files="133" classes="133">
      <package name="packages.babel-plugin-react-native-web.src">
        <metrics statements="45" coveredstatements="43" conditionals="36" coveredconditionals="29" methods="7" coveredmethods="7"/>
        <file name="index.js" path="/Users/nicolas/Localbox/Code/github.com/necolas/react-native-web/packages/babel-plugin-react-native-web/src/index.js">
          <metrics statements="45" coveredstatements="43" conditionals="36" coveredconditionals="29" methods="7" coveredmethods="7"/>
          <line num="1" count="1" type="stmt"/>
          <line num="2" count="29" type="cond" truecount="1" falsecount="1"/>
          <line num="4" count="1" type="stmt"/>
          <line num="5" count="17" type="stmt"/>
          <line num="6" count="17" type="cond" truecount="1" falsecount="1"/>
          <line num="7" count="0" type="stmt"/>
          <line num="9" count="17" type="stmt"/>
          <line num="10" count="17" type="stmt"/>
          <line num="20" count="1" type="stmt"/>
          <line num="21" count="34" type="cond" truecount="4" falsecount="0"/>
          <line num="25" count="1" type="stmt"/>
          <line num="26" count="2" type="stmt"/>
          <line num="30" count="20" type="stmt"/>
          <line num="31" count="20" type="cond" truecount="2" falsecount="0"/>
          <line num="32" count="7" type="stmt"/>
          <line num="34" count="13" type="cond" truecount="2" falsecount="0"/>
          <line num="35" count="10" type="stmt"/>
          <line num="36" count="10" type="stmt"/>
          <line num="38" count="10" type="cond" truecount="1" falsecount="1"/>
          <line num="39" count="10" type="stmt"/>
          <line num="45" count="3" type="stmt"/>
          <line num="52" count="7" type="stmt"/>
          <line num="56" count="14" type="stmt"/>
          <line num="57" count="14" type="cond" truecount="2" falsecount="0"/>
          <line num="58" count="4" type="stmt"/>
          <line num="60" count="10" type="cond" truecount="1" falsecount="1"/>
          <line num="61" count="10" type="stmt"/>
          <line num="62" count="10" type="stmt"/>
          <line num="63" count="10" type="stmt"/>
          <line num="65" count="10" type="cond" truecount="1" falsecount="1"/>
          <line num="66" count="10" type="stmt"/>
          <line num="73" count="0" type="stmt"/>
          <line num="81" count="4" type="stmt"/>
          <line num="85" count="17" type="cond" truecount="2" falsecount="0"/>
          <line num="86" count="6" type="stmt"/>
          <line num="87" count="6" type="cond" truecount="2" falsecount="0"/>
          <line num="88" count="4" type="stmt"/>
          <line num="90" count="9" type="stmt"/>
          <line num="91" count="9" type="cond" truecount="1" falsecount="1"/>
          <line num="92" count="9" type="stmt"/>
          <line num="105" count="4" type="stmt"/>
          <line num="106" count="2" type="cond" truecount="1" falsecount="1"/>
          <line num="107" count="2" type="stmt"/>
          <line num="108" count="2" type="stmt"/>
          <line num="120" count="2" type="stmt"/>
        </file>
      </package>
      <package name="packages.react-native-web.jest">
        <metrics statements="25" coveredstatements="24" conditionals="18" coveredconditionals="17" methods="6" coveredmethods="6"/>
        <file name="createSerializer.js" path="/Users/nicolas/Localbox/Code/github.com/necolas/react-native-web/packages/react-native-web/jest/createSerializer.js">
          <metrics statements="25" coveredstatements="24" conditionals="18" coveredconditionals="17" methods="6" coveredmethods="6"/>
          <line num="1" count="43" type="stmt"/>
          <line num="5" count="109" type="cond" truecount="4" falsecount="0"/>
          <line num="7" count="95" type="stmt"/>
          <line num="8" count="202" type="stmt"/>
          <line num="9" count="202" type="cond" truecount="2" falsecount="0"/>
          <line num="10" count="1" type="stmt"/>
          <line num="12" count="202" type="stmt"/>
          <line num="16" count="95" type="cond" truecount="2" falsecount="0"/>
          <line num="17" count="37" type="stmt"/>
          <line num="18" count="37" type="cond" truecount="1" falsecount="1"/>
          <line num="19" count="37" type="stmt"/>
          <line num="21" count="0" type="stmt"/>
          <line num="25" count="95" type="stmt"/>
          <line num="28" count="95" type="cond" truecount="2" falsecount="0"/>
          <line num="29" count="95" type="cond" truecount="2" falsecount="0"/>
          <line num="30" count="66" type="cond" truecount="2" falsecount="0"/>
          <line num="31" count="65" type="stmt"/>
          <line num="32" count="77" type="stmt"/>
          <line num="35" count="1" type="stmt"/>
          <line num="39" count="95" type="stmt"/>
          <line num="42" count="14" type="stmt"/>
          <line num="46" count="1459" type="cond" truecount="2" falsecount="0"/>
          <line num="50" count="30" type="stmt"/>
          <line num="53" count="43" type="stmt"/>
          <line num="56" count="43" type="stmt"/>
        </file>
      </package>
      <package name="packages.react-native-web.src">
        <metrics statements="1" coveredstatements="1" conditionals="0" coveredconditionals="0" methods="0" coveredmethods="0"/>
        <file name="index.js" path="/Users/nicolas/Localbox/Code/github.com/necolas/react-native-web/packages/react-native-web/src/index.js">
          <metrics statements="1" coveredstatements="1" conditionals="0" coveredconditionals="0" methods="0" coveredmethods="0"/>
          <line num="132" count="43" type="stmt"/>
        </file>
      </package>
      <package name="packages.react-native-web.src.exports.ART">
        <metrics statements="0" coveredstatements="0" conditionals="0" coveredconditionals="0" methods="0" coveredmethods="0"/>
        <file name="index.js" path="/Users/nicolas/Localbox/Code/github.com/necolas/react-native-web/packages/react-native-web/src/exports/ART/index.js">
          <metrics statements="0" coveredstatements="0" conditionals="0" coveredconditionals="0" methods="0" coveredmethods="0"/>
        </file>
      </package>
      <package name="packages.react-native-web.src.exports.ActivityIndicator">
        <metrics statements="7" coveredstatements="7" conditionals="7" coveredconditionals="7" methods="2" coveredmethods="2"/>
        <file name="index.js" path="/Users/nicolas/Localbox/Code/github.com/necolas/react-native-web/packages/react-native-web/src/exports/ActivityIndicator/index.js">
          <metrics statements="7" coveredstatements="7" conditionals="7" coveredconditionals="7" methods="2" coveredmethods="2"/>
          <line num="19" count="43" type="stmt"/>
          <line num="20" count="14" type="stmt"/>
          <line num="42" count="7" type="stmt"/>
          <line num="45" count="7" type="stmt"/>
          <line num="58" count="7" type="stmt"/>
          <line num="80" count="43" type="stmt"/>
          <line num="104" count="43" type="stmt"/>
        </file>
      </package>
      <package name="packages.react-native-web.src.exports.Animated">
        <metrics statements="1" coveredstatements="1" conditionals="0" coveredconditionals="0" methods="0" coveredmethods="0"/>
        <file name="index.js" path="/Users/nicolas/Localbox/Code/github.com/necolas/react-native-web/packages/react-native-web/src/exports/Animated/index.js">
          <metrics statements="1" coveredstatements="1" conditionals="0" coveredconditionals="0" methods="0" coveredmethods="0"/>
          <line num="17" count="43" type="stmt"/>
        </file>
      </package>
      <package name="packages.react-native-web.src.exports.AppRegistry">
        <metrics statements="34" coveredstatements="11" conditionals="14" coveredconditionals="1" methods="15" coveredmethods="4"/>
        <file name="AppContainer.js" path="/Users/nicolas/Localbox/Code/github.com/necolas/react-native-web/packages/react-native-web/src/exports/AppRegistry/AppContainer.js">
          <metrics statements="3" coveredstatements="3" conditionals="0" coveredconditionals="0" methods="2" coveredmethods="2"/>
          <line num="43" count="3" type="stmt"/>
          <line num="49" count="3" type="stmt"/>
          <line num="62" count="43" type="stmt"/>
        </file>
        <file name="index.js" path="/Users/nicolas/Localbox/Code/github.com/necolas/react-native-web/packages/react-native-web/src/exports/AppRegistry/index.js">
          <metrics statements="23" coveredstatements="2" conditionals="12" coveredconditionals="0" methods="10" coveredmethods="0"/>
          <line num="17" count="43" type="stmt"/>
          <line num="18" count="43" type="stmt"/>
          <line num="34" count="0" type="stmt"/>
          <line num="38" count="0" type="stmt"/>
          <line num="44" count="0" type="stmt"/>
          <line num="48" count="0" type="stmt"/>
          <line num="50" count="0" type="stmt"/>
          <line num="52" count="0" type="stmt"/>
          <line num="54" count="0" type="stmt"/>
          <line num="58" count="0" type="stmt"/>
          <line num="59" count="0" type="cond" truecount="0" falsecount="2"/>
          <line num="60" count="0" type="stmt"/>
          <line num="62" count="0" type="stmt"/>
          <line num="63" count="0" type="stmt"/>
          <line num="70" count="0" type="stmt"/>
          <line num="71" count="0" type="stmt"/>
          <line num="75" count="0" type="stmt"/>
          <line num="76" count="0" type="stmt"/>
          <line num="77" count="0" type="stmt"/>
          <line num="79" count="0" type="stmt"/>
          <line num="85" count="0" type="stmt"/>
          <line num="91" count="0" type="stmt"/>
          <line num="95" count="0" type="stmt"/>
        </file>
        <file name="renderApplication.js" path="/Users/nicolas/Localbox/Code/github.com/necolas/react-native-web/packages/react-native-web/src/exports/AppRegistry/renderApplication.js">
          <metrics statements="8" coveredstatements="6" conditionals="2" coveredconditionals="1" methods="3" coveredmethods="2"/>
          <line num="18" count="43" type="cond" truecount="1" falsecount="1"/>
          <line num="25" count="0" type="stmt"/>
          <line num="27" count="0" type="stmt"/>
          <line num="37" count="4" type="stmt"/>
          <line num="42" count="4" type="stmt"/>
          <line num="43" count="4" type="stmt"/>
          <line num="44" count="4" type="stmt"/>
          <line num="46" count="4" type="stmt"/>
        </file>
      </package>
      <package name="packages.react-native-web.src.exports.AppState">
        <metrics statements="23" coveredstatements="18" conditionals="19" coveredconditionals="9" methods="5" coveredmethods="3"/>
        <file name="index.js" path="/Users/nicolas/Localbox/Code/github.com/necolas/react-native-web/packages/react-native-web/src/exports/AppState/index.js">
          <metrics statements="23" coveredstatements="18" conditionals="19" coveredconditionals="9" methods="5" coveredmethods="3"/>
          <line num="18" count="43" type="cond" truecount="3" falsecount="0"/>
          <line num="20" count="43" type="stmt"/>
          <line num="21" count="43" type="cond" truecount="1" falsecount="1"/>
          <line num="22" count="43" type="cond" truecount="1" falsecount="1"/>
          <line num="24" count="43" type="stmt"/>
          <line num="29" count="43" type="stmt"/>
          <line num="35" count="0" type="cond" truecount="0" falsecount="2"/>
          <line num="36" count="0" type="stmt"/>
          <line num="39" count="0" type="cond" truecount="0" falsecount="4"/>
          <line num="43" count="0" type="stmt"/>
          <line num="45" count="0" type="stmt"/>
          <line num="50" count="3" type="cond" truecount="1" falsecount="1"/>
          <line num="51" count="3" type="stmt"/>
          <line num="56" count="2" type="stmt"/>
          <line num="57" count="2" type="stmt"/>
          <line num="58" count="2" type="stmt"/>
          <line num="63" count="6" type="cond" truecount="1" falsecount="1"/>
          <line num="64" count="6" type="stmt"/>
          <line num="69" count="5" type="stmt"/>
          <line num="70" count="5" type="stmt"/>
          <line num="74" count="2" type="stmt"/>
          <line num="75" count="2" type="stmt"/>
          <line num="76" count="2" type="stmt"/>
        </file>
      </package>
      <package name="packages.react-native-web.src.exports.AsyncStorage">
        <metrics statements="49" coveredstatements="44" conditionals="10" coveredconditionals="6" methods="29" coveredmethods="27"/>
        <file name="index.js" path="/Users/nicolas/Localbox/Code/github.com/necolas/react-native-web/packages/react-native-web/src/exports/AsyncStorage/index.js">
          <metrics statements="49" coveredstatements="44" conditionals="10" coveredconditionals="6" methods="29" coveredmethods="27"/>
          <line num="14" count="43" type="stmt"/>
          <line num="15" count="6" type="stmt"/>
          <line num="16" count="6" type="stmt"/>
          <line num="17" count="6" type="stmt"/>
          <line num="18" count="6" type="stmt"/>
          <line num="19" count="6" type="stmt"/>
          <line num="22" count="43" type="stmt"/>
          <line num="23" count="28" type="stmt"/>
          <line num="24" count="28" type="stmt"/>
          <line num="25" count="28" type="stmt"/>
          <line num="26" count="28" type="cond" truecount="2" falsecount="0"/>
          <line num="27" count="6" type="stmt"/>
          <line num="29" count="28" type="stmt"/>
          <line num="31" count="0" type="cond" truecount="0" falsecount="2"/>
          <line num="32" count="0" type="stmt"/>
          <line num="34" count="0" type="stmt"/>
          <line num="39" count="43" type="stmt"/>
          <line num="40" count="8" type="stmt"/>
          <line num="42" count="8" type="cond" truecount="2" falsecount="0"/>
          <line num="43" count="8" type="cond" truecount="2" falsecount="0"/>
          <line num="44" count="8" type="stmt"/>
          <line num="47" count="0" type="cond" truecount="0" falsecount="2"/>
          <line num="48" count="0" type="stmt"/>
          <line num="58" count="2" type="stmt"/>
          <line num="59" count="2" type="stmt"/>
          <line num="72" count="2" type="stmt"/>
          <line num="73" count="2" type="stmt"/>
          <line num="74" count="2" type="stmt"/>
          <line num="75" count="2" type="stmt"/>
          <line num="76" count="4" type="stmt"/>
          <line num="77" count="4" type="stmt"/>
          <line num="79" count="2" type="stmt"/>
          <line num="87" count="6" type="stmt"/>
          <line num="88" count="6" type="stmt"/>
          <line num="99" count="4" type="stmt"/>
          <line num="100" count="4" type="stmt"/>
          <line num="101" count="2" type="stmt"/>
          <line num="108" count="6" type="stmt"/>
          <line num="109" count="6" type="stmt"/>
          <line num="118" count="4" type="stmt"/>
          <line num="119" count="2" type="stmt"/>
          <line num="126" count="6" type="stmt"/>
          <line num="127" count="6" type="stmt"/>
          <line num="138" count="4" type="stmt"/>
          <line num="139" count="2" type="stmt"/>
          <line num="146" count="6" type="stmt"/>
          <line num="147" count="6" type="stmt"/>
          <line num="155" count="4" type="stmt"/>
          <line num="156" count="2" type="stmt"/>
        </file>
      </package>
      <package name="packages.react-native-web.src.exports.BackHandler">
        <metrics statements="2" coveredstatements="1" conditionals="0" coveredconditionals="0" methods="1" coveredmethods="0"/>
        <file name="index.js" path="/Users/nicolas/Localbox/Code/github.com/necolas/react-native-web/packages/react-native-web/src/exports/BackHandler/index.js">
          <metrics statements="2" coveredstatements="1" conditionals="0" coveredconditionals="0" methods="1" coveredmethods="0"/>
          <line num="14" count="43" type="stmt"/>
          <line num="17" count="0" type="stmt"/>
        </file>
      </package>
      <package name="packages.react-native-web.src.exports.Button">
        <metrics statements="3" coveredstatements="3" conditionals="6" coveredconditionals="4" methods="1" coveredmethods="1"/>
        <file name="index.js" path="/Users/nicolas/Localbox/Code/github.com/necolas/react-native-web/packages/react-native-web/src/exports/Button/index.js">
          <metrics statements="3" coveredstatements="3" conditionals="6" coveredconditionals="4" methods="1" coveredmethods="1"/>
          <line num="29" count="3" type="stmt"/>
          <line num="31" count="3" type="stmt"/>
          <line num="50" count="43" type="stmt"/>
        </file>
      </package>
      <package name="packages.react-native-web.src.exports.CheckBox">
        <metrics statements="13" coveredstatements="10" conditionals="16" coveredconditionals="14" methods="5" coveredmethods="2"/>
        <file name="index.js" path="/Users/nicolas/Localbox/Code/github.com/necolas/react-native-web/packages/react-native-web/src/exports/CheckBox/index.js">
          <metrics statements="13" coveredstatements="10" conditionals="16" coveredconditionals="14" methods="5" coveredmethods="2"/>
          <line num="50" count="0" type="stmt"/>
          <line num="54" count="0" type="stmt"/>
          <line num="68" count="7" type="stmt"/>
          <line num="71" count="7" type="stmt"/>
          <line num="83" count="7" type="stmt"/>
          <line num="92" count="7" type="stmt"/>
          <line num="101" count="3" type="stmt"/>
          <line num="102" count="3" type="stmt"/>
          <line num="103" count="3" type="stmt"/>
          <line num="104" count="3" type="cond" truecount="2" falsecount="0"/>
          <line num="105" count="3" type="cond" truecount="2" falsecount="0"/>
          <line num="109" count="0" type="stmt"/>
          <line num="113" count="43" type="stmt"/>
        </file>
      </package>
      <package name="packages.react-native-web.src.exports.Clipboard">
        <metrics statements="21" coveredstatements="0" conditionals="4" coveredconditionals="0" methods="3" coveredmethods="0"/>
        <file name="index.js" path="/Users/nicolas/Localbox/Code/github.com/necolas/react-native-web/packages/react-native-web/src/exports/Clipboard/index.js">
          <metrics statements="21" coveredstatements="0" conditionals="4" coveredconditionals="0" methods="3" coveredmethods="0"/>
          <line num="14" count="0" type="stmt"/>
          <line num="20" count="0" type="stmt"/>
          <line num="24" count="0" type="stmt"/>
          <line num="25" count="0" type="stmt"/>
          <line num="27" count="0" type="cond" truecount="0" falsecount="2"/>
          <line num="29" count="0" type="stmt"/>
          <line num="30" count="0" type="stmt"/>
          <line num="31" count="0" type="stmt"/>
          <line num="32" count="0" type="stmt"/>
          <line num="33" count="0" type="stmt"/>
          <line num="36" count="0" type="stmt"/>
          <line num="37" count="0" type="stmt"/>
          <line num="38" count="0" type="stmt"/>
          <line num="39" count="0" type="stmt"/>
          <line num="40" count="0" type="stmt"/>
          <line num="43" count="0" type="stmt"/>
          <line num="44" count="0" type="stmt"/>
          <line num="45" count="0" type="stmt"/>
          <line num="49" count="0" type="stmt"/>
          <line num="50" count="0" type="stmt"/>
          <line num="53" count="0" type="stmt"/>
        </file>
      </package>
      <package name="packages.react-native-web.src.exports.ColorPropType">
        <metrics statements="19" coveredstatements="15" conditionals="23" coveredconditionals="15" methods="3" coveredmethods="2"/>
        <file name="index.js" path="/Users/nicolas/Localbox/Code/github.com/necolas/react-native-web/packages/react-native-web/src/exports/ColorPropType/index.js">
          <metrics statements="19" coveredstatements="15" conditionals="23" coveredconditionals="15" methods="3" coveredmethods="2"/>
          <line num="11" count="43" type="stmt"/>
          <line num="12" count="1109" type="cond" truecount="3" falsecount="0"/>
          <line num="14" count="43" type="stmt"/>
          <line num="15" count="3802" type="stmt"/>
          <line num="16" count="3802" type="stmt"/>
          <line num="17" count="3802" type="cond" truecount="4" falsecount="0"/>
          <line num="18" count="2693" type="cond" truecount="1" falsecount="1"/>
          <line num="19" count="0" type="stmt"/>
          <line num="29" count="2693" type="stmt"/>
          <line num="32" count="1109" type="cond" truecount="1" falsecount="1"/>
          <line num="36" count="0" type="stmt"/>
          <line num="39" count="1109" type="cond" truecount="4" falsecount="0"/>
          <line num="41" count="172" type="stmt"/>
          <line num="44" count="937" type="cond" truecount="1" falsecount="1"/>
          <line num="45" count="0" type="stmt"/>
          <line num="74" count="43" type="cond" truecount="1" falsecount="1"/>
          <line num="75" count="43" type="stmt"/>
          <line num="76" count="43" type="stmt"/>
          <line num="78" count="0" type="stmt"/>
        </file>
      </package>
      <package name="packages.react-native-web.src.exports.Dimensions">
        <metrics statements="21" coveredstatements="19" conditionals="18" coveredconditionals="13" methods="7" coveredmethods="7"/>
        <file name="index.js" path="/Users/nicolas/Localbox/Code/github.com/necolas/react-native-web/packages/react-native-web/src/exports/Dimensions/index.js">
          <metrics statements="21" coveredstatements="19" conditionals="18" coveredconditionals="13" methods="7" coveredmethods="7"/>
          <line num="16" count="43" type="cond" truecount="1" falsecount="1"/>
          <line num="28" count="43" type="stmt"/>
          <line num="29" count="43" type="stmt"/>
          <line num="33" count="4" type="stmt"/>
          <line num="34" count="4" type="stmt"/>
          <line num="38" count="1" type="cond" truecount="1" falsecount="1"/>
          <line num="39" count="1" type="cond" truecount="1" falsecount="1"/>
          <line num="40" count="1" type="stmt"/>
          <line num="42" count="0" type="stmt"/>
          <line num="43" count="0" type="stmt"/>
          <line num="49" count="45" type="stmt"/>
          <line num="56" count="45" type="stmt"/>
          <line num="63" count="45" type="cond" truecount="2" falsecount="0"/>
          <line num="64" count="2" type="stmt"/>
          <line num="69" count="1" type="cond" truecount="2" falsecount="0"/>
          <line num="70" count="1" type="stmt"/>
          <line num="74" count="1" type="cond" truecount="1" falsecount="1"/>
          <line num="75" count="1" type="stmt"/>
          <line num="80" count="43" type="stmt"/>
          <line num="82" count="43" type="cond" truecount="1" falsecount="1"/>
          <line num="83" count="43" type="stmt"/>
        </file>
      </package>
      <package name="packages.react-native-web.src.exports.Easing">
        <metrics statements="0" coveredstatements="0" conditionals="0" coveredconditionals="0" methods="0" coveredmethods="0"/>
        <file name="index.js" path="/Users/nicolas/Localbox/Code/github.com/necolas/react-native-web/packages/react-native-web/src/exports/Easing/index.js">
          <metrics statements="0" coveredstatements="0" conditionals="0" coveredconditionals="0" methods="0" coveredmethods="0"/>
        </file>
      </package>
      <package name="packages.react-native-web.src.exports.EdgeInsetsPropType">
        <metrics statements="1" coveredstatements="1" conditionals="0" coveredconditionals="0" methods="0" coveredmethods="0"/>
        <file name="index.js" path="/Users/nicolas/Localbox/Code/github.com/necolas/react-native-web/packages/react-native-web/src/exports/EdgeInsetsPropType/index.js">
          <metrics statements="1" coveredstatements="1" conditionals="0" coveredconditionals="0" methods="0" coveredmethods="0"/>
          <line num="21" count="43" type="stmt"/>
        </file>
      </package>
      <package name="packages.react-native-web.src.exports.FlatList">
        <metrics statements="0" coveredstatements="0" conditionals="0" coveredconditionals="0" methods="0" coveredmethods="0"/>
        <file name="index.js" path="/Users/nicolas/Localbox/Code/github.com/necolas/react-native-web/packages/react-native-web/src/exports/FlatList/index.js">
          <metrics statements="0" coveredstatements="0" conditionals="0" coveredconditionals="0" methods="0" coveredmethods="0"/>
        </file>
      </package>
      <package name="packages.react-native-web.src.exports.I18nManager">
        <metrics statements="22" coveredstatements="22" conditionals="12" coveredconditionals="10" methods="2" coveredmethods="2"/>
        <file name="index.js" path="/Users/nicolas/Localbox/Code/github.com/necolas/react-native-web/packages/react-native-web/src/exports/I18nManager/index.js">
          <metrics statements="22" coveredstatements="22" conditionals="12" coveredconditionals="10" methods="2" coveredmethods="2"/>
          <line num="23" count="43" type="stmt"/>
          <line num="24" count="43" type="stmt"/>
          <line num="25" count="43" type="stmt"/>
          <line num="26" count="43" type="stmt"/>
          <line num="28" count="43" type="stmt"/>
          <line num="29" count="627" type="cond" truecount="2" falsecount="0"/>
          <line num="30" count="52" type="stmt"/>
          <line num="32" count="575" type="cond" truecount="2" falsecount="0"/>
          <line num="35" count="43" type="stmt"/>
          <line num="36" count="60" type="cond" truecount="1" falsecount="1"/>
          <line num="37" count="60" type="cond" truecount="3" falsecount="1"/>
          <line num="38" count="60" type="cond" truecount="2" falsecount="0"/>
          <line num="43" count="43" type="stmt"/>
          <line num="45" count="13" type="stmt"/>
          <line num="46" count="13" type="stmt"/>
          <line num="49" count="34" type="stmt"/>
          <line num="50" count="34" type="stmt"/>
          <line num="53" count="13" type="stmt"/>
          <line num="54" count="13" type="stmt"/>
          <line num="57" count="18" type="stmt"/>
          <line num="60" count="563" type="stmt"/>
          <line num="63" count="567" type="stmt"/>
        </file>
      </package>
      <package name="packages.react-native-web.src.exports.Image">
        <metrics statements="142" coveredstatements="108" conditionals="96" coveredconditionals="69" methods="26" coveredmethods="21"/>
        <file name="ImageResizeMode.js" path="/Users/nicolas/Localbox/Code/github.com/necolas/react-native-web/packages/react-native-web/src/exports/Image/ImageResizeMode.js">
          <metrics statements="1" coveredstatements="1" conditionals="0" coveredconditionals="0" methods="0" coveredmethods="0"/>
          <line num="5" count="43" type="stmt"/>
        </file>
        <file name="ImageStylePropTypes.js" path="/Users/nicolas/Localbox/Code/github.com/necolas/react-native-web/packages/react-native-web/src/exports/Image/ImageStylePropTypes.js">
          <metrics statements="1" coveredstatements="1" conditionals="0" coveredconditionals="0" methods="0" coveredmethods="0"/>
          <line num="13" count="43" type="stmt"/>
        </file>
        <file name="ImageUriCache.js" path="/Users/nicolas/Localbox/Code/github.com/necolas/react-native-web/packages/react-native-web/src/exports/Image/ImageUriCache.js">
          <metrics statements="24" coveredstatements="17" conditionals="15" coveredconditionals="7" methods="5" coveredmethods="4"/>
          <line num="5" count="43" type="stmt"/>
          <line num="12" count="26" type="stmt"/>
          <line num="13" count="26" type="stmt"/>
          <line num="14" count="26" type="cond" truecount="2" falsecount="0"/>
          <line num="18" count="12" type="stmt"/>
          <line num="19" count="12" type="stmt"/>
          <line num="20" count="12" type="cond" truecount="2" falsecount="0"/>
          <line num="21" count="7" type="stmt"/>
          <line num="22" count="7" type="stmt"/>
          <line num="24" count="5" type="stmt"/>
          <line num="32" count="6" type="stmt"/>
          <line num="33" count="6" type="cond" truecount="2" falsecount="0"/>
          <line num="34" count="5" type="stmt"/>
          <line num="37" count="6" type="stmt"/>
          <line num="41" count="6" type="stmt"/>
          <line num="42" count="6" type="stmt"/>
          <line num="44" count="6" type="cond" truecount="1" falsecount="1"/>
          <line num="48" count="0" type="stmt"/>
          <line num="49" count="0" type="stmt"/>
          <line num="50" count="0" type="cond" truecount="0" falsecount="2"/>
          <line num="55" count="0" type="stmt"/>
          <line num="56" count="0" type="stmt"/>
          <line num="60" count="0" type="cond" truecount="0" falsecount="2"/>
          <line num="61" count="0" type="stmt"/>
        </file>
        <file name="index.js" path="/Users/nicolas/Localbox/Code/github.com/necolas/react-native-web/packages/react-native-web/src/exports/Image/index.js">
          <metrics statements="116" coveredstatements="89" conditionals="81" coveredconditionals="62" methods="21" coveredmethods="17"/>
          <line num="27" count="43" type="stmt"/>
          <line num="29" count="43" type="stmt"/>
          <line num="30" count="43" type="stmt"/>
          <line num="31" count="43" type="stmt"/>
          <line num="32" count="43" type="stmt"/>
          <line num="33" count="43" type="stmt"/>
          <line num="35" count="43" type="stmt"/>
          <line num="45" count="43" type="stmt"/>
          <line num="46" count="26" type="cond" truecount="4" falsecount="0"/>
          <line num="49" count="43" type="stmt"/>
          <line num="50" count="32" type="cond" truecount="1" falsecount="1"/>
          <line num="51" count="0" type="stmt"/>
          <line num="52" count="0" type="stmt"/>
          <line num="53" count="32" type="cond" truecount="2" falsecount="0"/>
          <line num="54" count="10" type="stmt"/>
          <line num="55" count="10" type="stmt"/>
          <line num="59" count="43" type="stmt"/>
          <line num="60" count="43" type="stmt"/>
          <line num="62" count="73" type="cond" truecount="1" falsecount="1"/>
          <line num="64" count="0" type="stmt"/>
          <line num="65" count="0" type="stmt"/>
          <line num="66" count="0" type="cond" truecount="0" falsecount="2"/>
          <line num="67" count="0" type="cond" truecount="0" falsecount="2"/>
          <line num="68" count="73" type="cond" truecount="4" falsecount="0"/>
          <line num="69" count="19" type="stmt"/>
          <line num="71" count="54" type="cond" truecount="2" falsecount="0"/>
          <line num="74" count="73" type="stmt"/>
          <line num="76" count="73" type="cond" truecount="1" falsecount="1"/>
          <line num="77" count="0" type="stmt"/>
          <line num="78" count="0" type="stmt"/>
          <line num="79" count="0" type="stmt"/>
          <line num="82" count="73" type="stmt"/>
          <line num="89" count="43" type="stmt"/>
          <line num="90" count="4" type="cond" truecount="3" falsecount="1"/>
          <line num="124" count="0" type="stmt"/>
          <line num="128" count="0" type="stmt"/>
          <line num="139" count="23" type="stmt"/>
          <line num="141" count="23" type="stmt"/>
          <line num="142" count="23" type="stmt"/>
          <line num="143" count="23" type="stmt"/>
          <line num="144" count="23" type="stmt"/>
          <line num="145" count="23" type="cond" truecount="2" falsecount="0"/>
          <line num="149" count="23" type="stmt"/>
          <line num="150" count="23" type="cond" truecount="2" falsecount="0"/>
          <line num="151" count="2" type="stmt"/>
          <line num="152" count="21" type="cond" truecount="2" falsecount="0"/>
          <line num="153" count="4" type="stmt"/>
          <line num="154" count="4" type="cond" truecount="2" falsecount="0"/>
          <line num="159" count="7" type="cond" truecount="2" falsecount="0"/>
          <line num="160" count="2" type="stmt"/>
          <line num="165" count="5" type="stmt"/>
          <line num="166" count="5" type="stmt"/>
          <line num="167" count="5" type="cond" truecount="2" falsecount="0"/>
          <line num="168" count="3" type="stmt"/>
          <line num="169" count="3" type="stmt"/>
          <line num="170" count="3" type="cond" truecount="2" falsecount="0"/>
          <line num="171" count="3" type="stmt"/>
          <line num="176" count="0" type="stmt"/>
          <line num="177" count="0" type="stmt"/>
          <line num="178" count="0" type="stmt"/>
          <line num="182" count="32" type="stmt"/>
          <line num="202" count="32" type="stmt"/>
          <line num="204" count="32" type="cond" truecount="2" falsecount="0"/>
          <line num="205" count="32" type="cond" truecount="2" falsecount="0"/>
          <line num="206" count="32" type="cond" truecount="2" falsecount="0"/>
          <line num="207" count="32" type="stmt"/>
          <line num="208" count="32" type="cond" truecount="3" falsecount="0"/>
          <line num="210" count="32" type="stmt"/>
          <line num="219" count="32" type="stmt"/>
          <line num="220" count="32" type="stmt"/>
          <line num="221" count="32" type="stmt"/>
          <line num="224" count="32" type="cond" truecount="2" falsecount="0"/>
          <line num="233" count="32" type="cond" truecount="1" falsecount="1"/>
          <line num="234" count="32" type="cond" truecount="1" falsecount="1"/>
          <line num="235" count="0" type="stmt"/>
          <line num="238" count="32" type="cond" truecount="1" falsecount="1"/>
          <line num="239" count="0" type="stmt"/>
          <line num="245" count="32" type="stmt"/>
          <line num="260" count="4" type="stmt"/>
          <line num="261" count="4" type="stmt"/>
          <line num="262" count="4" type="stmt"/>
          <line num="264" count="4" type="stmt"/>
          <line num="265" count="4" type="stmt"/>
          <line num="266" count="4" type="stmt"/>
          <line num="273" count="4" type="cond" truecount="1" falsecount="1"/>
          <line num="274" count="0" type="stmt"/>
          <line num="275" count="0" type="stmt"/>
          <line num="278" count="4" type="cond" truecount="1" falsecount="1"/>
          <line num="279" count="0" type="stmt"/>
          <line num="280" count="0" type="stmt"/>
          <line num="285" count="0" type="stmt"/>
          <line num="286" count="0" type="stmt"/>
          <line num="287" count="0" type="cond" truecount="0" falsecount="2"/>
          <line num="288" count="0" type="stmt"/>
          <line num="294" count="0" type="stmt"/>
          <line num="298" count="4" type="stmt"/>
          <line num="299" count="4" type="stmt"/>
          <line num="300" count="4" type="stmt"/>
          <line num="301" count="4" type="stmt"/>
          <line num="302" count="4" type="cond" truecount="2" falsecount="0"/>
          <line num="303" count="2" type="stmt"/>
          <line num="305" count="4" type="stmt"/>
          <line num="309" count="4" type="stmt"/>
          <line num="310" count="4" type="cond" truecount="1" falsecount="1"/>
          <line num="311" count="0" type="stmt"/>
          <line num="316" count="4" type="stmt"/>
          <line num="317" count="4" type="stmt"/>
          <line num="318" count="4" type="cond" truecount="1" falsecount="1"/>
          <line num="319" count="0" type="stmt"/>
          <line num="324" count="11" type="stmt"/>
          <line num="326" count="11" type="cond" truecount="2" falsecount="0"/>
          <line num="328" count="11" type="cond" truecount="2" falsecount="0"/>
          <line num="329" count="5" type="cond" truecount="1" falsecount="1"/>
          <line num="330" count="5" type="stmt"/>
          <line num="336" count="43" type="stmt"/>
          <line num="356" count="43" type="stmt"/>
        </file>
      </package>
      <package name="packages.react-native-web.src.exports.ImageBackground">
        <metrics statements="8" coveredstatements="3" conditionals="2" coveredconditionals="0" methods="3" coveredmethods="1"/>
        <file name="index.js" path="/Users/nicolas/Localbox/Code/github.com/necolas/react-native-web/packages/react-native-web/src/exports/ImageBackground/index.js">
          <metrics statements="8" coveredstatements="3" conditionals="2" coveredconditionals="0" methods="3" coveredmethods="1"/>
          <line num="16" count="43" type="stmt"/>
          <line num="34" count="0" type="stmt"/>
          <line num="35" count="0" type="cond" truecount="0" falsecount="2"/>
          <line num="36" count="0" type="stmt"/>
          <line num="37" count="0" type="stmt"/>
          <line num="44" count="0" type="stmt"/>
          <line num="48" count="3" type="stmt"/>
          <line num="50" count="3" type="stmt"/>
        </file>
      </package>
      <package name="packages.react-native-web.src.exports.InteractionManager">
        <metrics statements="5" coveredstatements="1" conditionals="0" coveredconditionals="0" methods="1" coveredmethods="0"/>
        <file name="index.js" path="/Users/nicolas/Localbox/Code/github.com/necolas/react-native-web/packages/react-native-web/src/exports/InteractionManager/index.js">
          <metrics statements="5" coveredstatements="1" conditionals="0" coveredconditionals="0" methods="1" coveredmethods="0"/>
          <line num="14" count="43" type="stmt"/>
          <line num="24" count="0" type="stmt"/>
          <line num="25" count="0" type="stmt"/>
          <line num="32" count="0" type="stmt"/>
          <line num="39" count="0" type="stmt"/>
        </file>
      </package>
      <package name="packages.react-native-web.src.exports.Keyboard">
        <metrics statements="3" coveredstatements="1" conditionals="0" coveredconditionals="0" methods="1" coveredmethods="0"/>
        <file name="index.js" path="/Users/nicolas/Localbox/Code/github.com/necolas/react-native-web/packages/react-native-web/src/exports/Keyboard/index.js">
          <metrics statements="3" coveredstatements="1" conditionals="0" coveredconditionals="0" methods="1" coveredmethods="0"/>
          <line num="14" count="43" type="stmt"/>
          <line num="16" count="0" type="stmt"/>
          <line num="19" count="0" type="stmt"/>
        </file>
      </package>
      <package name="packages.react-native-web.src.exports.KeyboardAvoidingView">
        <metrics statements="8" coveredstatements="0" conditionals="4" coveredconditionals="0" methods="4" coveredmethods="0"/>
        <file name="index.js" path="/Users/nicolas/Localbox/Code/github.com/necolas/react-native-web/packages/react-native-web/src/exports/KeyboardAvoidingView/index.js">
          <metrics statements="8" coveredstatements="0" conditionals="4" coveredconditionals="0" methods="4" coveredmethods="0"/>
          <line num="32" count="0" type="stmt"/>
          <line num="33" count="0" type="cond" truecount="0" falsecount="4"/>
          <line num="34" count="0" type="stmt"/>
          <line num="36" count="0" type="stmt"/>
          <line num="37" count="0" type="stmt"/>
          <line num="43" count="0" type="stmt"/>
          <line num="54" count="0" type="stmt"/>
          <line num="56" count="0" type="stmt"/>
        </file>
      </package>
      <package name="packages.react-native-web.src.exports.Linking">
        <metrics statements="23" coveredstatements="3" conditionals="10" coveredconditionals="1" methods="1" coveredmethods="0"/>
        <file name="index.js" path="/Users/nicolas/Localbox/Code/github.com/necolas/react-native-web/packages/react-native-web/src/exports/Linking/index.js">
          <metrics statements="23" coveredstatements="3" conditionals="10" coveredconditionals="1" methods="1" coveredmethods="0"/>
          <line num="14" count="43" type="cond" truecount="1" falsecount="1"/>
          <line num="16" count="43" type="stmt"/>
          <line num="20" count="0" type="stmt"/>
          <line num="23" count="0" type="stmt"/>
          <line num="26" count="0" type="stmt"/>
          <line num="27" count="0" type="stmt"/>
          <line num="28" count="0" type="stmt"/>
          <line num="30" count="0" type="stmt"/>
          <line num="45" count="43" type="stmt"/>
          <line num="46" count="0" type="stmt"/>
          <line num="47" count="0" type="stmt"/>
          <line num="48" count="0" type="cond" truecount="0" falsecount="2"/>
          <line num="49" count="0" type="stmt"/>
          <line num="50" count="0" type="stmt"/>
          <line num="51" count="0" type="stmt"/>
          <line num="53" count="0" type="cond" truecount="0" falsecount="2"/>
          <line num="54" count="0" type="stmt"/>
          <line num="55" count="0" type="cond" truecount="0" falsecount="2"/>
          <line num="56" count="0" type="stmt"/>
          <line num="57" count="0" type="cond" truecount="0" falsecount="2"/>
          <line num="58" count="0" type="stmt"/>
          <line num="62" count="0" type="stmt"/>
          <line num="64" count="0" type="stmt"/>
        </file>
      </package>
      <package name="packages.react-native-web.src.exports.ListView">
        <metrics statements="269" coveredstatements="5" conditionals="170" coveredconditionals="0" methods="52" coveredmethods="0"/>
        <file name="ListViewDataSource.js" path="/Users/nicolas/Localbox/Code/github.com/necolas/react-native-web/packages/react-native-web/src/exports/ListView/ListViewDataSource.js">
          <metrics statements="97" coveredstatements="0" conditionals="31" coveredconditionals="0" methods="19" coveredmethods="0"/>
          <line num="36" count="0" type="stmt"/>
          <line num="40" count="0" type="stmt"/>
          <line num="113" count="0" type="stmt"/>
          <line num="117" count="0" type="stmt"/>
          <line num="118" count="0" type="cond" truecount="0" falsecount="2"/>
          <line num="119" count="0" type="stmt"/>
          <line num="120" count="0" type="cond" truecount="0" falsecount="2"/>
          <line num="122" count="0" type="stmt"/>
          <line num="123" count="0" type="stmt"/>
          <line num="124" count="0" type="stmt"/>
          <line num="125" count="0" type="stmt"/>
          <line num="129" count="0" type="stmt"/>
          <line num="130" count="0" type="stmt"/>
          <line num="153" count="0" type="cond" truecount="0" falsecount="2"/>
          <line num="154" count="0" type="cond" truecount="0" falsecount="2"/>
          <line num="155" count="0" type="stmt"/>
          <line num="157" count="0" type="stmt"/>
          <line num="176" count="0" type="stmt"/>
          <line num="180" count="0" type="stmt"/>
          <line num="186" count="0" type="stmt"/>
          <line num="187" count="0" type="cond" truecount="0" falsecount="2"/>
          <line num="188" count="0" type="stmt"/>
          <line num="190" count="0" type="stmt"/>
          <line num="192" count="0" type="cond" truecount="0" falsecount="2"/>
          <line num="193" count="0" type="stmt"/>
          <line num="195" count="0" type="stmt"/>
          <line num="196" count="0" type="stmt"/>
          <line num="197" count="0" type="stmt"/>
          <line num="200" count="0" type="stmt"/>
          <line num="202" count="0" type="stmt"/>
          <line num="204" count="0" type="stmt"/>
          <line num="208" count="0" type="stmt"/>
          <line num="212" count="0" type="stmt"/>
          <line num="219" count="0" type="stmt"/>
          <line num="220" count="0" type="stmt"/>
          <line num="224" count="0" type="stmt"/>
          <line num="231" count="0" type="stmt"/>
          <line num="232" count="0" type="stmt"/>
          <line num="233" count="0" type="stmt"/>
          <line num="237" count="0" type="stmt"/>
          <line num="245" count="0" type="stmt"/>
          <line num="246" count="0" type="stmt"/>
          <line num="247" count="0" type="cond" truecount="0" falsecount="2"/>
          <line num="248" count="0" type="stmt"/>
          <line num="250" count="0" type="stmt"/>
          <line num="253" count="0" type="stmt"/>
          <line num="261" count="0" type="stmt"/>
          <line num="262" count="0" type="stmt"/>
          <line num="263" count="0" type="cond" truecount="0" falsecount="2"/>
          <line num="264" count="0" type="stmt"/>
          <line num="266" count="0" type="stmt"/>
          <line num="269" count="0" type="stmt"/>
          <line num="276" count="0" type="stmt"/>
          <line num="277" count="0" type="stmt"/>
          <line num="278" count="0" type="stmt"/>
          <line num="280" count="0" type="stmt"/>
          <line num="287" count="0" type="stmt"/>
          <line num="288" count="0" type="stmt"/>
          <line num="289" count="0" type="stmt"/>
          <line num="296" count="0" type="cond" truecount="0" falsecount="2"/>
          <line num="297" count="0" type="stmt"/>
          <line num="299" count="0" type="stmt"/>
          <line num="300" count="0" type="stmt"/>
          <line num="301" count="0" type="stmt"/>
          <line num="329" count="0" type="stmt"/>
          <line num="330" count="0" type="stmt"/>
          <line num="331" count="0" type="stmt"/>
          <line num="332" count="0" type="stmt"/>
          <line num="333" count="0" type="stmt"/>
          <line num="334" count="0" type="stmt"/>
          <line num="338" count="0" type="stmt"/>
          <line num="339" count="0" type="stmt"/>
          <line num="342" count="0" type="stmt"/>
          <line num="343" count="0" type="stmt"/>
          <line num="345" count="0" type="stmt"/>
          <line num="346" count="0" type="stmt"/>
          <line num="347" count="0" type="cond" truecount="0" falsecount="4"/>
          <line num="348" count="0" type="stmt"/>
          <line num="353" count="0" type="stmt"/>
          <line num="355" count="0" type="stmt"/>
          <line num="356" count="0" type="stmt"/>
          <line num="357" count="0" type="stmt"/>
          <line num="359" count="0" type="stmt"/>
          <line num="366" count="0" type="stmt"/>
          <line num="373" count="0" type="stmt"/>
          <line num="374" count="0" type="stmt"/>
          <line num="375" count="0" type="stmt"/>
          <line num="376" count="0" type="stmt"/>
          <line num="378" count="0" type="stmt"/>
          <line num="382" count="0" type="cond" truecount="0" falsecount="2"/>
          <line num="383" count="0" type="stmt"/>
          <line num="385" count="0" type="stmt"/>
          <line num="386" count="0" type="stmt"/>
          <line num="387" count="0" type="stmt"/>
          <line num="388" count="0" type="stmt"/>
          <line num="389" count="0" type="stmt"/>
          <line num="391" count="0" type="stmt"/>
        </file>
        <file name="ListViewPropTypes.js" path="/Users/nicolas/Localbox/Code/github.com/necolas/react-native-web/packages/react-native-web/src/exports/ListView/ListViewPropTypes.js">
          <metrics statements="0" coveredstatements="0" conditionals="0" coveredconditionals="0" methods="0" coveredmethods="0"/>
        </file>
        <file name="index.js" path="/Users/nicolas/Localbox/Code/github.com/necolas/react-native-web/packages/react-native-web/src/exports/ListView/index.js">
          <metrics statements="172" coveredstatements="5" conditionals="139" coveredconditionals="0" methods="33" coveredmethods="0"/>
          <line num="10" count="43" type="stmt"/>
          <line num="11" count="43" type="stmt"/>
          <line num="12" count="43" type="stmt"/>
          <line num="13" count="43" type="stmt"/>
          <line num="14" count="43" type="stmt"/>
          <line num="22" count="0" type="stmt"/>
          <line num="33" count="0" type="stmt"/>
          <line num="34" count="0" type="stmt"/>
          <line num="38" count="0" type="stmt"/>
          <line num="39" count="0" type="stmt"/>
          <line num="44" count="0" type="stmt"/>
          <line num="49" count="0" type="stmt"/>
          <line num="50" count="0" type="stmt"/>
          <line num="51" count="0" type="stmt"/>
          <line num="52" count="0" type="stmt"/>
          <line num="58" count="0" type="stmt"/>
          <line num="59" count="0" type="stmt"/>
          <line num="64" count="0" type="cond" truecount="0" falsecount="2"/>
          <line num="68" count="0" type="stmt"/>
          <line num="70" count="0" type="stmt"/>
          <line num="71" count="0" type="stmt"/>
          <line num="80" count="0" type="stmt"/>
          <line num="86" count="0" type="stmt"/>
          <line num="87" count="0" type="stmt"/>
          <line num="92" count="0" type="cond" truecount="0" falsecount="2"/>
          <line num="96" count="0" type="cond" truecount="0" falsecount="2"/>
          <line num="100" count="0" type="cond" truecount="0" falsecount="2"/>
          <line num="104" count="0" type="stmt"/>
          <line num="108" count="0" type="stmt"/>
          <line num="112" count="0" type="stmt"/>
          <line num="116" count="0" type="stmt"/>
          <line num="141" count="0" type="stmt"/>
          <line num="143" count="0" type="stmt"/>
          <line num="144" count="0" type="stmt"/>
          <line num="145" count="0" type="stmt"/>
          <line num="147" count="0" type="cond" truecount="0" falsecount="2"/>
          <line num="148" count="0" type="cond" truecount="0" falsecount="2"/>
          <line num="149" count="0" type="cond" truecount="0" falsecount="2"/>
          <line num="151" count="0" type="stmt"/>
          <line num="152" count="0" type="stmt"/>
          <line num="153" count="0" type="stmt"/>
          <line num="154" count="0" type="cond" truecount="0" falsecount="2"/>
          <line num="155" count="0" type="cond" truecount="0" falsecount="2"/>
          <line num="156" count="0" type="stmt"/>
          <line num="157" count="0" type="stmt"/>
          <line num="162" count="0" type="stmt"/>
          <line num="164" count="0" type="stmt"/>
          <line num="165" count="0" type="stmt"/>
          <line num="176" count="0" type="cond" truecount="0" falsecount="2"/>
          <line num="178" count="0" type="cond" truecount="0" falsecount="2"/>
          <line num="180" count="0" type="stmt"/>
          <line num="190" count="0" type="stmt"/>
          <line num="193" count="0" type="stmt"/>
          <line num="194" count="0" type="stmt"/>
          <line num="195" count="0" type="stmt"/>
          <line num="197" count="0" type="cond" truecount="0" falsecount="2"/>
          <line num="199" count="0" type="stmt"/>
          <line num="205" count="0" type="stmt"/>
          <line num="206" count="0" type="stmt"/>
          <line num="208" count="0" type="cond" truecount="0" falsecount="2"/>
          <line num="213" count="0" type="cond" truecount="0" falsecount="3"/>
          <line num="216" count="0" type="stmt"/>
          <line num="217" count="0" type="cond" truecount="0" falsecount="2"/>
          <line num="218" count="0" type="stmt"/>
          <line num="219" count="0" type="stmt"/>
          <line num="222" count="0" type="cond" truecount="0" falsecount="2"/>
          <line num="223" count="0" type="stmt"/>
          <line num="226" count="0" type="cond" truecount="0" falsecount="2"/>
          <line num="227" count="0" type="stmt"/>
          <line num="230" count="0" type="stmt"/>
          <line num="232" count="0" type="stmt"/>
          <line num="246" count="0" type="stmt"/>
          <line num="247" count="0" type="cond" truecount="0" falsecount="4"/>
          <line num="248" count="0" type="stmt"/>
          <line num="251" count="0" type="stmt"/>
          <line num="255" count="0" type="stmt"/>
          <line num="256" count="0" type="cond" truecount="0" falsecount="2"/>
          <line num="257" count="0" type="cond" truecount="0" falsecount="2"/>
          <line num="258" count="0" type="stmt"/>
          <line num="259" count="0" type="stmt"/>
          <line num="260" count="0" type="stmt"/>
          <line num="262" count="0" type="cond" truecount="0" falsecount="2"/>
          <line num="266" count="0" type="cond" truecount="0" falsecount="2"/>
          <line num="267" count="0" type="stmt"/>
          <line num="269" count="0" type="cond" truecount="0" falsecount="2"/>
          <line num="270" count="0" type="stmt"/>
          <line num="271" count="0" type="stmt"/>
          <line num="274" count="0" type="stmt"/>
          <line num="275" count="0" type="stmt"/>
          <line num="276" count="0" type="stmt"/>
          <line num="277" count="0" type="stmt"/>
          <line num="278" count="0" type="stmt"/>
          <line num="280" count="0" type="cond" truecount="0" falsecount="2"/>
          <line num="281" count="0" type="cond" truecount="0" falsecount="2"/>
          <line num="282" count="0" type="stmt"/>
          <line num="283" count="0" type="stmt"/>
          <line num="284" count="0" type="stmt"/>
          <line num="285" count="0" type="stmt"/>
          <line num="286" count="0" type="cond" truecount="0" falsecount="2"/>
          <line num="287" count="0" type="stmt"/>
          <line num="289" count="0" type="stmt"/>
          <line num="290" count="0" type="cond" truecount="0" falsecount="2"/>
          <line num="291" count="0" type="stmt"/>
          <line num="293" count="0" type="stmt"/>
          <line num="294" count="0" type="cond" truecount="0" falsecount="2"/>
          <line num="295" count="0" type="stmt"/>
          <line num="297" count="0" type="stmt"/>
          <line num="298" count="0" type="stmt"/>
          <line num="299" count="0" type="stmt"/>
          <line num="300" count="0" type="stmt"/>
          <line num="301" count="0" type="cond" truecount="0" falsecount="2"/>
          <line num="305" count="0" type="stmt"/>
          <line num="307" count="0" type="cond" truecount="0" falsecount="2"/>
          <line num="308" count="0" type="stmt"/>
          <line num="310" count="0" type="stmt"/>
          <line num="311" count="0" type="cond" truecount="0" falsecount="2"/>
          <line num="312" count="0" type="cond" truecount="0" falsecount="2"/>
          <line num="313" count="0" type="cond" truecount="0" falsecount="5"/>
          <line num="314" count="0" type="stmt"/>
          <line num="316" count="0" type="cond" truecount="0" falsecount="4"/>
          <line num="317" count="0" type="cond" truecount="0" falsecount="2"/>
          <line num="318" count="0" type="stmt"/>
          <line num="319" count="0" type="stmt"/>
          <line num="320" count="0" type="cond" truecount="0" falsecount="2"/>
          <line num="321" count="0" type="stmt"/>
          <line num="323" count="0" type="stmt"/>
          <line num="325" count="0" type="cond" truecount="0" falsecount="2"/>
          <line num="326" count="0" type="stmt"/>
          <line num="327" count="0" type="stmt"/>
          <line num="328" count="0" type="cond" truecount="0" falsecount="2"/>
          <line num="329" count="0" type="stmt"/>
          <line num="331" count="0" type="stmt"/>
          <line num="334" count="0" type="cond" truecount="0" falsecount="2"/>
          <line num="335" count="0" type="stmt"/>
          <line num="336" count="0" type="cond" truecount="0" falsecount="2"/>
          <line num="337" count="0" type="stmt"/>
          <line num="340" count="0" type="cond" truecount="0" falsecount="2"/>
          <line num="344" count="0" type="cond" truecount="0" falsecount="2"/>
          <line num="345" count="0" type="cond" truecount="0" falsecount="2"/>
          <line num="346" count="0" type="stmt"/>
          <line num="347" count="0" type="stmt"/>
          <line num="348" count="0" type="stmt"/>
          <line num="350" count="0" type="cond" truecount="0" falsecount="2"/>
          <line num="354" count="0" type="stmt"/>
          <line num="360" count="0" type="cond" truecount="0" falsecount="2"/>
          <line num="369" count="0" type="stmt"/>
          <line num="370" count="0" type="stmt"/>
          <line num="371" count="0" type="stmt"/>
          <line num="373" count="0" type="stmt"/>
          <line num="377" count="0" type="cond" truecount="0" falsecount="2"/>
          <line num="385" count="0" type="stmt"/>
          <line num="386" count="0" type="stmt"/>
          <line num="389" count="0" type="stmt"/>
          <line num="390" count="0" type="cond" truecount="0" falsecount="2"/>
          <line num="391" count="0" type="stmt"/>
          <line num="396" count="0" type="stmt"/>
          <line num="398" count="0" type="stmt"/>
          <line num="404" count="0" type="stmt"/>
          <line num="405" count="0" type="stmt"/>
          <line num="410" count="0" type="stmt"/>
          <line num="411" count="0" type="stmt"/>
          <line num="417" count="0" type="stmt"/>
          <line num="418" count="0" type="stmt"/>
          <line num="420" count="0" type="stmt"/>
          <line num="422" count="0" type="cond" truecount="0" falsecount="2"/>
          <line num="423" count="0" type="stmt"/>
          <line num="424" count="0" type="cond" truecount="0" falsecount="2"/>
          <line num="425" count="0" type="stmt"/>
          <line num="428" count="0" type="cond" truecount="0" falsecount="2"/>
          <line num="433" count="0" type="stmt"/>
          <line num="436" count="0" type="cond" truecount="0" falsecount="2"/>
          <line num="440" count="0" type="stmt"/>
        </file>
      </package>
      <package name="packages.react-native-web.src.exports.Modal">
        <metrics statements="0" coveredstatements="0" conditionals="0" coveredconditionals="0" methods="0" coveredmethods="0"/>
        <file name="index.js" path="/Users/nicolas/Localbox/Code/github.com/necolas/react-native-web/packages/react-native-web/src/exports/Modal/index.js">
          <metrics statements="0" coveredstatements="0" conditionals="0" coveredconditionals="0" methods="0" coveredmethods="0"/>
        </file>
      </package>
      <package name="packages.react-native-web.src.exports.NativeModules">
        <metrics statements="2" coveredstatements="2" conditionals="0" coveredconditionals="0" methods="0" coveredmethods="0"/>
        <file name="index.js" path="/Users/nicolas/Localbox/Code/github.com/necolas/react-native-web/packages/react-native-web/src/exports/NativeModules/index.js">
          <metrics statements="2" coveredstatements="2" conditionals="0" coveredconditionals="0" methods="0" coveredmethods="0"/>
          <line num="2" count="43" type="stmt"/>
          <line num="3" count="43" type="stmt"/>
        </file>
      </package>
      <package name="packages.react-native-web.src.exports.NetInfo">
        <metrics statements="66" coveredstatements="33" conditionals="20" coveredconditionals="8" methods="12" coveredmethods="3"/>
        <file name="index.js" path="/Users/nicolas/Localbox/Code/github.com/necolas/react-native-web/packages/react-native-web/src/exports/NetInfo/index.js">
          <metrics statements="66" coveredstatements="33" conditionals="20" coveredconditionals="8" methods="12" coveredmethods="3"/>
          <line num="17" count="43" type="cond" truecount="4" falsecount="0"/>
          <line num="24" count="43" type="stmt"/>
          <line num="25" count="1" type="stmt"/>
          <line num="29" count="1" type="cond" truecount="1" falsecount="1"/>
          <line num="30" count="1" type="stmt"/>
          <line num="32" count="0" type="stmt"/>
          <line num="33" count="0" type="stmt"/>
          <line num="34" count="0" type="cond" truecount="0" falsecount="4"/>
          <line num="35" count="0" type="stmt"/>
          <line num="38" count="0" type="stmt"/>
          <line num="42" count="43" type="stmt"/>
          <line num="46" count="43" type="stmt"/>
          <line num="48" count="43" type="stmt"/>
          <line num="49" count="43" type="stmt"/>
          <line num="55" count="43" type="stmt"/>
          <line num="57" count="1" type="stmt"/>
          <line num="58" count="0" type="cond" truecount="0" falsecount="2"/>
          <line num="59" count="0" type="stmt"/>
          <line num="61" count="0" type="cond" truecount="0" falsecount="2"/>
          <line num="62" count="0" type="stmt"/>
          <line num="65" count="0" type="stmt"/>
          <line num="70" count="0" type="stmt"/>
          <line num="71" count="0" type="stmt"/>
          <line num="72" count="0" type="stmt"/>
          <line num="73" count="0" type="stmt"/>
          <line num="74" count="0" type="stmt"/>
          <line num="79" count="2" type="stmt"/>
          <line num="84" count="1" type="cond" truecount="1" falsecount="1"/>
          <line num="85" count="0" type="stmt"/>
          <line num="88" count="1" type="stmt"/>
          <line num="89" count="1" type="stmt"/>
          <line num="90" count="0" type="stmt"/>
          <line num="91" count="0" type="stmt"/>
          <line num="92" count="0" type="stmt"/>
          <line num="96" count="0" type="stmt"/>
          <line num="97" count="0" type="stmt"/>
          <line num="98" count="0" type="stmt"/>
          <line num="99" count="0" type="stmt"/>
          <line num="101" count="0" type="stmt"/>
          <line num="107" count="1" type="stmt"/>
          <line num="108" count="1" type="stmt"/>
          <line num="114" count="2" type="stmt"/>
          <line num="119" count="1" type="cond" truecount="1" falsecount="1"/>
          <line num="120" count="0" type="stmt"/>
          <line num="123" count="1" type="stmt"/>
          <line num="124" count="1" type="stmt"/>
          <line num="125" count="1" type="stmt"/>
          <line num="127" count="1" type="stmt"/>
          <line num="128" count="1" type="stmt"/>
          <line num="130" count="1" type="stmt"/>
          <line num="131" count="0" type="stmt"/>
          <line num="136" count="5" type="stmt"/>
          <line num="141" count="4" type="cond" truecount="1" falsecount="1"/>
          <line num="142" count="0" type="stmt"/>
          <line num="145" count="4" type="stmt"/>
          <line num="146" count="4" type="stmt"/>
          <line num="150" count="1" type="stmt"/>
          <line num="152" count="1" type="stmt"/>
          <line num="153" count="1" type="stmt"/>
          <line num="155" count="1" type="stmt"/>
          <line num="159" count="0" type="stmt"/>
          <line num="160" count="0" type="stmt"/>
          <line num="164" count="0" type="stmt"/>
          <line num="165" count="0" type="stmt"/>
          <line num="166" count="0" type="stmt"/>
          <line num="168" count="0" type="stmt"/>
        </file>
      </package>
      <package name="packages.react-native-web.src.exports.PanResponder">
        <metrics statements="0" coveredstatements="0" conditionals="0" coveredconditionals="0" methods="0" coveredmethods="0"/>
        <file name="index.js" path="/Users/nicolas/Localbox/Code/github.com/necolas/react-native-web/packages/react-native-web/src/exports/PanResponder/index.js">
          <metrics statements="0" coveredstatements="0" conditionals="0" coveredconditionals="0" methods="0" coveredmethods="0"/>
        </file>
      </package>
      <package name="packages.react-native-web.src.exports.Picker">
        <metrics statements="18" coveredstatements="17" conditionals="6" coveredconditionals="4" methods="5" coveredmethods="5"/>
        <file name="PickerItem.js" path="/Users/nicolas/Localbox/Code/github.com/necolas/react-native-web/packages/react-native-web/src/exports/Picker/PickerItem.js">
          <metrics statements="2" coveredstatements="2" conditionals="0" coveredconditionals="0" methods="1" coveredmethods="1"/>
          <line num="22" count="1" type="stmt"/>
          <line num="23" count="1" type="stmt"/>
        </file>
        <file name="PickerItemPropType.js" path="/Users/nicolas/Localbox/Code/github.com/necolas/react-native-web/packages/react-native-web/src/exports/Picker/PickerItemPropType.js">
          <metrics statements="7" coveredstatements="6" conditionals="2" coveredconditionals="1" methods="2" coveredmethods="2"/>
          <line num="14" count="43" type="stmt"/>
          <line num="15" count="10" type="stmt"/>
          <line num="16" count="10" type="stmt"/>
          <line num="17" count="10" type="stmt"/>
          <line num="18" count="10" type="cond" truecount="1" falsecount="1"/>
          <line num="19" count="0" type="stmt"/>
          <line num="22" count="10" type="stmt"/>
        </file>
        <file name="PickerStylePropTypes.js" path="/Users/nicolas/Localbox/Code/github.com/necolas/react-native-web/packages/react-native-web/src/exports/Picker/PickerStylePropTypes.js">
          <metrics statements="1" coveredstatements="1" conditionals="0" coveredconditionals="0" methods="0" coveredmethods="0"/>
          <line num="14" count="43" type="stmt"/>
        </file>
        <file name="index.js" path="/Users/nicolas/Localbox/Code/github.com/necolas/react-native-web/packages/react-native-web/src/exports/Picker/index.js">
          <metrics statements="8" coveredstatements="8" conditionals="4" coveredconditionals="3" methods="2" coveredmethods="2"/>
          <line num="23" count="43" type="stmt"/>
          <line num="62" count="5" type="stmt"/>
          <line num="64" count="5" type="stmt"/>
          <line num="75" count="1" type="stmt"/>
          <line num="76" count="1" type="stmt"/>
          <line num="77" count="1" type="cond" truecount="1" falsecount="1"/>
          <line num="78" count="1" type="stmt"/>
          <line num="83" count="43" type="stmt"/>
        </file>
      </package>
      <package name="packages.react-native-web.src.exports.PixelRatio">
        <metrics statements="5" coveredstatements="0" conditionals="2" coveredconditionals="0" methods="4" coveredmethods="0"/>
        <file name="index.js" path="/Users/nicolas/Localbox/Code/github.com/necolas/react-native-web/packages/react-native-web/src/exports/PixelRatio/index.js">
          <metrics statements="5" coveredstatements="0" conditionals="2" coveredconditionals="0" methods="4" coveredmethods="0"/>
          <line num="22" count="0" type="stmt"/>
          <line num="29" count="0" type="cond" truecount="0" falsecount="2"/>
          <line num="37" count="0" type="stmt"/>
          <line num="47" count="0" type="stmt"/>
          <line num="48" count="0" type="stmt"/>
        </file>
      </package>
      <package name="packages.react-native-web.src.exports.Platform">
        <metrics statements="2" coveredstatements="1" conditionals="2" coveredconditionals="0" methods="1" coveredmethods="0"/>
        <file name="index.js" path="/Users/nicolas/Localbox/Code/github.com/necolas/react-native-web/packages/react-native-web/src/exports/Platform/index.js">
          <metrics statements="2" coveredstatements="1" conditionals="2" coveredconditionals="0" methods="1" coveredmethods="0"/>
          <line num="12" count="43" type="stmt"/>
          <line num="14" count="0" type="cond" truecount="0" falsecount="2"/>
        </file>
      </package>
      <package name="packages.react-native-web.src.exports.PointPropType">
        <metrics statements="1" coveredstatements="1" conditionals="0" coveredconditionals="0" methods="0" coveredmethods="0"/>
        <file name="index.js" path="/Users/nicolas/Localbox/Code/github.com/necolas/react-native-web/packages/react-native-web/src/exports/PointPropType/index.js">
          <metrics statements="1" coveredstatements="1" conditionals="0" coveredconditionals="0" methods="0" coveredmethods="0"/>
          <line num="14" count="43" type="stmt"/>
        </file>
      </package>
      <package name="packages.react-native-web.src.exports.ProgressBar">
        <metrics statements="12" coveredstatements="9" conditionals="10" coveredconditionals="9" methods="5" coveredmethods="3"/>
        <file name="index.js" path="/Users/nicolas/Localbox/Code/github.com/necolas/react-native-web/packages/react-native-web/src/exports/ProgressBar/index.js">
          <metrics statements="12" coveredstatements="9" conditionals="10" coveredconditionals="9" methods="5" coveredmethods="3"/>
          <line num="40" count="2" type="stmt"/>
          <line num="44" count="0" type="stmt"/>
          <line num="48" count="2" type="stmt"/>
          <line num="50" count="2" type="stmt"/>
          <line num="52" count="2" type="stmt"/>
          <line num="70" count="0" type="stmt"/>
          <line num="74" count="2" type="stmt"/>
          <line num="75" count="2" type="cond" truecount="2" falsecount="0"/>
          <line num="76" count="2" type="cond" truecount="2" falsecount="0"/>
          <line num="77" count="2" type="cond" truecount="1" falsecount="1"/>
          <line num="78" count="0" type="stmt"/>
          <line num="85" count="43" type="stmt"/>
        </file>
      </package>
      <package name="packages.react-native-web.src.exports.RefreshControl">
        <metrics statements="2" coveredstatements="0" conditionals="0" coveredconditionals="0" methods="1" coveredmethods="0"/>
        <file name="index.js" path="/Users/nicolas/Localbox/Code/github.com/necolas/react-native-web/packages/react-native-web/src/exports/RefreshControl/index.js">
          <metrics statements="2" coveredstatements="0" conditionals="0" coveredconditionals="0" methods="1" coveredmethods="0"/>
          <line num="48" count="0" type="stmt"/>
          <line num="50" count="0" type="stmt"/>
        </file>
      </package>
      <package name="packages.react-native-web.src.exports.SafeAreaView">
        <metrics statements="0" coveredstatements="0" conditionals="0" coveredconditionals="0" methods="0" coveredmethods="0"/>
        <file name="index.js" path="/Users/nicolas/Localbox/Code/github.com/necolas/react-native-web/packages/react-native-web/src/exports/SafeAreaView/index.js">
          <metrics statements="0" coveredstatements="0" conditionals="0" coveredconditionals="0" methods="0" coveredmethods="0"/>
        </file>
      </package>
      <package name="packages.react-native-web.src.exports.ScrollView">
        <metrics statements="86" coveredstatements="26" conditionals="58" coveredconditionals="10" methods="12" coveredmethods="4"/>
        <file name="ScrollViewBase.js" path="/Users/nicolas/Localbox/Code/github.com/necolas/react-native-web/packages/react-native-web/src/exports/ScrollView/ScrollViewBase.js">
          <metrics statements="38" coveredstatements="8" conditionals="18" coveredconditionals="2" methods="11" coveredmethods="4"/>
          <line num="17" count="43" type="stmt"/>
          <line num="21" count="0" type="stmt"/>
          <line num="24" count="0" type="stmt"/>
          <line num="29" count="0" type="stmt"/>
          <line num="32" count="0" type="stmt"/>
          <line num="37" count="0" type="stmt"/>
          <line num="40" count="0" type="stmt"/>
          <line num="78" count="1" type="cond" truecount="1" falsecount="1"/>
          <line num="79" count="1" type="stmt"/>
          <line num="123" count="1" type="stmt"/>
          <line num="125" count="1" type="stmt"/>
          <line num="138" count="2" type="stmt"/>
          <line num="139" count="0" type="cond" truecount="0" falsecount="2"/>
          <line num="140" count="0" type="cond" truecount="0" falsecount="2"/>
          <line num="141" count="0" type="stmt"/>
          <line num="145" count="0" type="stmt"/>
          <line num="151" count="0" type="stmt"/>
          <line num="152" count="0" type="stmt"/>
          <line num="153" count="0" type="stmt"/>
          <line num="155" count="0" type="stmt"/>
          <line num="156" count="0" type="cond" truecount="0" falsecount="2"/>
          <line num="158" count="0" type="cond" truecount="0" falsecount="2"/>
          <line num="159" count="0" type="stmt"/>
          <line num="163" count="0" type="stmt"/>
          <line num="168" count="0" type="stmt"/>
          <line num="169" count="0" type="stmt"/>
          <line num="173" count="0" type="stmt"/>
          <line num="174" count="0" type="stmt"/>
          <line num="175" count="0" type="cond" truecount="0" falsecount="2"/>
          <line num="176" count="0" type="stmt"/>
          <line num="181" count="0" type="stmt"/>
          <line num="182" count="0" type="stmt"/>
          <line num="183" count="0" type="cond" truecount="0" falsecount="2"/>
          <line num="184" count="0" type="stmt"/>
          <line num="189" count="1" type="stmt"/>
          <line num="193" count="0" type="stmt"/>
          <line num="194" count="0" type="cond" truecount="0" falsecount="2"/>
          <line num="201" count="43" type="stmt"/>
        </file>
        <file name="index.js" path="/Users/nicolas/Localbox/Code/github.com/necolas/react-native-web/packages/react-native-web/src/exports/ScrollView/index.js">
          <metrics statements="48" coveredstatements="18" conditionals="40" coveredconditionals="8" methods="1" coveredmethods="0"/>
          <line num="24" count="43" type="stmt"/>
          <line num="27" count="43" type="stmt"/>
          <line num="45" count="1" type="stmt"/>
          <line num="49" count="1" type="cond" truecount="1" falsecount="1"/>
          <line num="50" count="1" type="stmt"/>
          <line num="61" count="0" type="stmt"/>
          <line num="65" count="0" type="stmt"/>
          <line num="69" count="0" type="stmt"/>
          <line num="87" count="0" type="cond" truecount="0" falsecount="2"/>
          <line num="88" count="0" type="stmt"/>
          <line num="92" count="0" type="cond" truecount="0" falsecount="2"/>
          <line num="95" count="0" type="stmt"/>
          <line num="112" count="0" type="cond" truecount="0" falsecount="2"/>
          <line num="113" count="0" type="stmt"/>
          <line num="114" count="0" type="stmt"/>
          <line num="115" count="0" type="stmt"/>
          <line num="116" count="0" type="cond" truecount="0" falsecount="2"/>
          <line num="117" count="0" type="cond" truecount="0" falsecount="2"/>
          <line num="118" count="0" type="stmt"/>
          <line num="125" count="0" type="stmt"/>
          <line num="126" count="0" type="stmt"/>
          <line num="142" count="1" type="stmt"/>
          <line num="144" count="1" type="cond" truecount="3" falsecount="1"/>
          <line num="145" count="0" type="stmt"/>
          <line num="146" count="0" type="stmt"/>
          <line num="147" count="0" type="cond" truecount="0" falsecount="2"/>
          <line num="149" count="0" type="stmt"/>
          <line num="156" count="1" type="stmt"/>
          <line num="157" count="1" type="cond" truecount="1" falsecount="1"/>
          <line num="158" count="0" type="stmt"/>
          <line num="164" count="1" type="stmt"/>
          <line num="173" count="1" type="stmt"/>
          <line num="194" count="1" type="stmt"/>
          <line num="196" count="1" type="stmt"/>
          <line num="198" count="1" type="cond" truecount="1" falsecount="1"/>
          <line num="199" count="0" type="stmt"/>
          <line num="208" count="1" type="stmt"/>
          <line num="216" count="0" type="stmt"/>
          <line num="217" count="0" type="stmt"/>
          <line num="221" count="0" type="cond" truecount="0" falsecount="2"/>
          <line num="222" count="0" type="cond" truecount="0" falsecount="4"/>
          <line num="223" count="0" type="stmt"/>
          <line num="233" count="0" type="cond" truecount="0" falsecount="2"/>
          <line num="234" count="0" type="stmt"/>
          <line num="237" count="0" type="stmt"/>
          <line num="241" count="1" type="stmt"/>
          <line num="245" count="1" type="stmt"/>
          <line num="249" count="43" type="stmt"/>
        </file>
      </package>
      <package name="packages.react-native-web.src.exports.SectionList">
        <metrics statements="0" coveredstatements="0" conditionals="0" coveredconditionals="0" methods="0" coveredmethods="0"/>
        <file name="index.js" path="/Users/nicolas/Localbox/Code/github.com/necolas/react-native-web/packages/react-native-web/src/exports/SectionList/index.js">
          <metrics statements="0" coveredstatements="0" conditionals="0" coveredconditionals="0" methods="0" coveredmethods="0"/>
        </file>
      </package>
      <package name="packages.react-native-web.src.exports.Slider">
        <metrics statements="0" coveredstatements="0" conditionals="0" coveredconditionals="0" methods="0" coveredmethods="0"/>
        <file name="index.js" path="/Users/nicolas/Localbox/Code/github.com/necolas/react-native-web/packages/react-native-web/src/exports/Slider/index.js">
          <metrics statements="0" coveredstatements="0" conditionals="0" coveredconditionals="0" methods="0" coveredmethods="0"/>
        </file>
      </package>
      <package name="packages.react-native-web.src.exports.StatusBar">
        <metrics statements="1" coveredstatements="0" conditionals="0" coveredconditionals="0" methods="6" coveredmethods="0"/>
        <file name="index.js" path="/Users/nicolas/Localbox/Code/github.com/necolas/react-native-web/packages/react-native-web/src/exports/StatusBar/index.js">
          <metrics statements="1" coveredstatements="0" conditionals="0" coveredconditionals="0" methods="6" coveredmethods="0"/>
          <line num="20" count="0" type="stmt"/>
        </file>
      </package>
      <package name="packages.react-native-web.src.exports.StyleSheet">
        <metrics statements="461" coveredstatements="434" conditionals="287" coveredconditionals="232" methods="68" coveredmethods="66"/>
        <file name="ReactNativeStyleResolver.js" path="/Users/nicolas/Localbox/Code/github.com/necolas/react-native-web/packages/react-native-web/src/exports/StyleSheet/ReactNativeStyleResolver.js">
          <metrics statements="94" coveredstatements="89" conditionals="49" coveredconditionals="41" methods="17" coveredmethods="17"/>
          <line num="24" count="43" type="stmt"/>
          <line num="28" count="59" type="stmt"/>
          <line num="29" count="59" type="stmt"/>
          <line num="30" count="59" type="stmt"/>
          <line num="34" count="55" type="stmt"/>
          <line num="39" count="4" type="stmt"/>
          <line num="40" count="4" type="cond" truecount="1" falsecount="1"/>
          <line num="41" count="4" type="stmt"/>
          <line num="43" count="4" type="stmt"/>
          <line num="47" count="239" type="stmt"/>
          <line num="48" count="239" type="cond" truecount="4" falsecount="0"/>
          <line num="49" count="239" type="cond" truecount="2" falsecount="0"/>
          <line num="50" count="60" type="stmt"/>
          <line num="51" count="60" type="stmt"/>
          <line num="52" count="60" type="stmt"/>
          <line num="53" count="467" type="stmt"/>
          <line num="54" count="467" type="cond" truecount="1" falsecount="1"/>
          <line num="55" count="467" type="stmt"/>
          <line num="58" count="60" type="stmt"/>
          <line num="66" count="188" type="cond" truecount="1" falsecount="1"/>
          <line num="67" count="0" type="stmt"/>
          <line num="71" count="188" type="cond" truecount="1" falsecount="1"/>
[...]
          <line num="113" count="166" type="cond" truecount="4" falsecount="0"/>
          <line num="114" count="1" type="cond" truecount="2" falsecount="0"/>
          <line num="116" count="166" type="cond" truecount="5" falsecount="0"/>
          <line num="117" count="7" type="stmt"/>
          <line num="119" count="166" type="cond" truecount="2" falsecount="0"/>
          <line num="120" count="13" type="stmt"/>
          <line num="122" count="166" type="cond" truecount="2" falsecount="0"/>
          <line num="123" count="7" type="stmt"/>
          <line num="125" count="166" type="cond" truecount="4" falsecount="0"/>
          <line num="126" count="1" type="stmt"/>
          <line num="129" count="166" type="stmt"/>
        </file>
      </package>
      <package name="packages.react-native-web.src.modules.createStrictShapeTypeChecker">
        <metrics statements="20" coveredstatements="16" conditionals="12" coveredconditionals="7" methods="3" coveredmethods="3"/>
        <file name="index.js" path="/Users/nicolas/Localbox/Code/github.com/necolas/react-native-web/packages/react-native-web/src/modules/createStrictShapeTypeChecker/index.js">
          <metrics statements="20" coveredstatements="16" conditionals="12" coveredconditionals="7" methods="3" coveredmethods="3"/>
          <line num="17" count="548" type="cond" truecount="2" falsecount="0"/>
          <line num="18" count="313" type="cond" truecount="1" falsecount="1"/>
          <line num="19" count="0" type="stmt"/>
          <line num="24" count="313" type="stmt"/>
          <line num="26" count="235" type="stmt"/>
          <line num="27" count="235" type="stmt"/>
          <line num="28" count="235" type="cond" truecount="1" falsecount="1"/>
          <line num="29" count="235" type="cond" truecount="1" falsecount="1"/>
          <line num="30" count="0" type="stmt"/>
          <line num="38" count="235" type="stmt"/>
          <line num="39" count="235" type="stmt"/>
          <line num="40" count="33343" type="stmt"/>
          <line num="41" count="33343" type="cond" truecount="1" falsecount="1"/>
          <line num="42" count="0" type="stmt"/>
          <line num="51" count="33343" type="stmt"/>
          <line num="52" count="33343" type="cond" truecount="1" falsecount="1"/>
          <line num="53" count="0" type="stmt"/>
          <line num="67" count="548" type="stmt"/>
          <line num="69" count="301" type="stmt"/>
          <line num="70" count="301" type="stmt"/>
        </file>
      </package>
      <package name="packages.react-native-web.src.modules.dismissKeyboard">
        <metrics statements="2" coveredstatements="1" conditionals="0" coveredconditionals="0" methods="1" coveredmethods="0"/>
        <file name="index.js" path="/Users/nicolas/Localbox/Code/github.com/necolas/react-native-web/packages/react-native-web/src/modules/dismissKeyboard/index.js">
          <metrics statements="2" coveredstatements="1" conditionals="0" coveredconditionals="0" methods="1" coveredmethods="0"/>
          <line num="13" count="43" type="stmt"/>
          <line num="14" count="0" type="stmt"/>
        </file>
      </package>
      <package name="packages.react-native-web.src.modules.ensureComponentIsNative">
        <metrics statements="2" coveredstatements="1" conditionals="2" coveredconditionals="0" methods="1" coveredmethods="0"/>
        <file name="index.js" path="/Users/nicolas/Localbox/Code/github.com/necolas/react-native-web/packages/react-native-web/src/modules/ensureComponentIsNative/index.js">
          <metrics statements="2" coveredstatements="1" conditionals="2" coveredconditionals="0" methods="1" coveredmethods="0"/>
          <line num="13" count="43" type="stmt"/>
          <line num="14" count="0" type="stmt"/>
        </file>
      </package>
      <package name="packages.react-native-web.src.modules.flattenArray">
        <metrics statements="8" coveredstatements="8" conditionals="6" coveredconditionals="6" methods="2" coveredmethods="2"/>
        <file name="index.js" path="/Users/nicolas/Localbox/Code/github.com/necolas/react-native-web/packages/react-native-web/src/modules/flattenArray/index.js">
          <metrics statements="8" coveredstatements="8" conditionals="6" coveredconditionals="6" methods="2" coveredmethods="2"/>
          <line num="3" count="331" type="stmt"/>
          <line num="4" count="1751" type="stmt"/>
          <line num="6" count="1751" type="cond" truecount="2" falsecount="0"/>
          <line num="7" count="144" type="stmt"/>
          <line num="8" count="1607" type="cond" truecount="4" falsecount="0"/>
          <line num="9" count="322" type="stmt"/>
          <line num="13" count="331" type="stmt"/>
          <line num="15" count="187" type="stmt"/>
        </file>
      </package>
      <package name="packages.react-native-web.src.modules.hydrate">
        <metrics statements="0" coveredstatements="0" conditionals="0" coveredconditionals="0" methods="0" coveredmethods="0"/>
        <file name="index.js" path="/Users/nicolas/Localbox/Code/github.com/necolas/react-native-web/packages/react-native-web/src/modules/hydrate/index.js">
          <metrics statements="0" coveredstatements="0" conditionals="0" coveredconditionals="0" methods="0" coveredmethods="0"/>
        </file>
      </package>
      <package name="packages.react-native-web.src.modules.injectResponderEventPlugin">
        <metrics statements="34" coveredstatements="33" conditionals="7" coveredconditionals="5" methods="1" coveredmethods="1"/>
        <file name="index.js" path="/Users/nicolas/Localbox/Code/github.com/necolas/react-native-web/packages/react-native-web/src/modules/injectResponderEventPlugin/index.js">
          <metrics statements="34" coveredstatements="33" conditionals="7" coveredconditionals="5" methods="1" coveredmethods="1"/>
          <line num="7" count="43" type="stmt"/>
          <line num="8" count="43" type="stmt"/>
          <line num="10" count="43" type="stmt"/>
          <line num="11" count="43" type="stmt"/>
          <line num="12" count="43" type="stmt"/>
          <line num="13" count="43" type="stmt"/>
          <line num="14" count="43" type="stmt"/>
          <line num="15" count="43" type="stmt"/>
          <line num="16" count="43" type="stmt"/>
          <line num="17" count="43" type="stmt"/>
          <line num="18" count="43" type="stmt"/>
          <line num="20" count="43" type="stmt"/>
          <line num="21" count="43" type="stmt"/>
          <line num="22" count="43" type="stmt"/>
          <line num="27" count="43" type="stmt"/>
          <line num="28" count="43" type="stmt"/>
          <line num="29" count="43" type="stmt"/>
          <line num="30" count="43" type="stmt"/>
          <line num="31" count="43" type="stmt"/>
          <line num="32" count="43" type="stmt"/>
          <line num="33" count="43" type="stmt"/>
          <line num="34" count="43" type="stmt"/>
          <line num="35" count="43" type="stmt"/>
          <line num="36" count="43" type="stmt"/>
          <line num="39" count="43" type="stmt"/>
          <line num="40" count="43" type="stmt"/>
          <line num="42" count="43" type="stmt"/>
          <line num="43" count="43" type="stmt"/>
          <line num="44" count="5" type="stmt"/>
          <line num="45" count="5" type="cond" truecount="1" falsecount="1"/>
          <line num="51" count="0" type="stmt"/>
          <line num="54" count="5" type="stmt"/>
          <line num="56" count="5" type="stmt"/>
          <line num="65" count="43" type="stmt"/>
        </file>
      </package>
      <package name="packages.react-native-web.src.modules.mapKeyValue">
        <metrics statements="8" coveredstatements="8" conditionals="4" coveredconditionals="3" methods="1" coveredmethods="1"/>
        <file name="index.js" path="/Users/nicolas/Localbox/Code/github.com/necolas/react-native-web/packages/react-native-web/src/modules/mapKeyValue/index.js">
          <metrics statements="8" coveredstatements="8" conditionals="4" coveredconditionals="3" methods="1" coveredmethods="1"/>
          <line num="1" count="43" type="stmt"/>
          <line num="3" count="43" type="stmt"/>
          <line num="4" count="464" type="stmt"/>
          <line num="5" count="464" type="stmt"/>
          <line num="6" count="600" type="cond" truecount="1" falsecount="1"/>
          <line num="7" count="600" type="stmt"/>
          <line num="8" count="600" type="cond" truecount="2" falsecount="0"/>
          <line num="11" count="464" type="stmt"/>
        </file>
      </package>
      <package name="packages.react-native-web.src.modules.modality">
        <metrics statements="43" coveredstatements="25" conditionals="28" coveredconditionals="6" methods="9" coveredmethods="2"/>
        <file name="index.js" path="/Users/nicolas/Localbox/Code/github.com/necolas/react-native-web/packages/react-native-web/src/modules/modality/index.js">
          <metrics statements="43" coveredstatements="25" conditionals="28" coveredconditionals="6" methods="9" coveredmethods="2"/>
          <line num="21" count="43" type="stmt"/>
          <line num="22" count="43" type="cond" truecount="1" falsecount="1"/>
          <line num="23" count="0" type="stmt"/>
          <line num="27" count="43" type="stmt"/>
          <line num="28" count="43" type="stmt"/>
          <line num="30" count="43" type="stmt"/>
          <line num="32" count="43" type="cond" truecount="1" falsecount="3"/>
          <line num="39" count="43" type="stmt"/>
          <line num="61" count="43" type="stmt"/>
          <line num="63" count="43" type="stmt"/>
          <line num="64" count="43" type="stmt"/>
          <line num="65" count="43" type="cond" truecount="1" falsecount="1"/>
          <line num="67" count="43" type="stmt"/>
          <line num="68" count="43" type="stmt"/>
          <line num="69" count="43" type="stmt"/>
          <line num="77" count="43" type="stmt"/>
          <line num="78" count="0" type="cond" truecount="0" falsecount="2"/>
          <line num="79" count="0" type="cond" truecount="0" falsecount="2"/>
          <line num="81" count="0" type="stmt"/>
          <line num="88" count="43" type="stmt"/>
          <line num="89" count="0" type="cond" truecount="0" falsecount="2"/>
          <line num="90" count="0" type="stmt"/>
          <line num="97" count="43" type="stmt"/>
          <line num="98" count="0" type="cond" truecount="0" falsecount="2"/>
          <line num="99" count="0" type="stmt"/>
          <line num="109" count="43" type="stmt"/>
          <line num="110" count="0" type="stmt"/>
          <line num="111" count="0" type="cond" truecount="0" falsecount="2"/>
          <line num="112" count="0" type="stmt"/>
          <line num="114" count="0" type="stmt"/>
          <line num="115" count="0" type="stmt"/>
          <line num="116" count="0" type="stmt"/>
          <line num="123" count="43" type="stmt"/>
          <line num="124" count="0" type="cond" truecount="0" falsecount="4"/>
          <line num="125" count="0" type="stmt"/>
          <line num="132" count="43" type="stmt"/>
          <line num="133" count="0" type="cond" truecount="0" falsecount="2"/>
          <line num="134" count="0" type="stmt"/>
          <line num="138" count="43" type="cond" truecount="3" falsecount="1"/>
          <line num="139" count="43" type="stmt"/>
          <line num="140" count="43" type="stmt"/>
          <line num="141" count="43" type="stmt"/>
          <line num="142" count="43" type="stmt"/>
        </file>
      </package>
      <package name="packages.react-native-web.src.modules.multiplyStyleLengthValue">
        <metrics statements="11" coveredstatements="11" conditionals="6" coveredconditionals="5" methods="3" coveredmethods="3"/>
        <file name="index.js" path="/Users/nicolas/Localbox/Code/github.com/necolas/react-native-web/packages/react-native-web/src/modules/multiplyStyleLengthValue/index.js">
          <metrics statements="11" coveredstatements="11" conditionals="6" coveredconditionals="5" methods="3" coveredmethods="3"/>
          <line num="10" count="43" type="stmt"/>
          <line num="12" count="43" type="stmt"/>
          <line num="14" count="43" type="stmt"/>
          <line num="15" count="17" type="cond" truecount="2" falsecount="0"/>
          <line num="18" count="43" type="stmt"/>
          <line num="19" count="23" type="cond" truecount="2" falsecount="0"/>
          <line num="20" count="6" type="stmt"/>
          <line num="21" count="6" type="stmt"/>
          <line num="22" count="6" type="stmt"/>
          <line num="23" count="17" type="cond" truecount="1" falsecount="1"/>
          <line num="24" count="17" type="stmt"/>
        </file>
      </package>
      <package name="packages.react-native-web.src.modules.normalizeNativeEvent">
        <metrics statements="40" coveredstatements="34" conditionals="34" coveredconditionals="23" methods="6" coveredmethods="5"/>
        <file name="index.js" path="/Users/nicolas/Localbox/Code/github.com/necolas/react-native-web/packages/react-native-web/src/modules/normalizeNativeEvent/index.js">
          <metrics statements="40" coveredstatements="34" conditionals="34" coveredconditionals="23" methods="6" coveredmethods="5"/>
          <line num="10" count="43" type="stmt"/>
          <line num="11" count="43" type="stmt"/>
          <line num="14" count="43" type="stmt"/>
          <line num="15" count="20" type="cond" truecount="2" falsecount="0"/>
          <line num="16" count="19" type="stmt"/>
          <line num="19" count="1" type="stmt"/>
          <line num="20" count="1" type="cond" truecount="1" falsecount="1"/>
          <line num="23" count="1" type="stmt"/>
          <line num="24" count="1" type="cond" truecount="1" falsecount="1"/>
          <line num="25" count="0" type="stmt"/>
          <line num="26" count="0" type="cond" truecount="0" falsecount="4"/>
          <line num="27" count="0" type="stmt"/>
          <line num="28" count="0" type="stmt"/>
          <line num="29" count="0" type="stmt"/>
          <line num="33" count="1" type="stmt"/>
          <line num="57" count="10" type="stmt"/>
          <line num="58" count="10" type="stmt"/>
          <line num="61" count="10" type="cond" truecount="2" falsecount="0"/>
          <line num="65" count="10" type="cond" truecount="2" falsecount="0"/>
          <line num="69" count="10" type="cond" truecount="2" falsecount="0"/>
          <line num="73" count="10" type="stmt"/>
          <line num="96" count="10" type="cond" truecount="2" falsecount="0"/>
          <line num="97" count="1" type="stmt"/>
          <line num="98" count="1" type="stmt"/>
          <line num="99" count="1" type="stmt"/>
          <line num="100" count="1" type="stmt"/>
          <line num="101" count="1" type="stmt"/>
          <line num="104" count="10" type="stmt"/>
          <line num="108" count="2" type="stmt"/>
          <line num="127" count="2" type="cond" truecount="1" falsecount="1"/>
          <line num="131" count="2" type="cond" truecount="1" falsecount="1"/>
          <line num="135" count="2" type="cond" truecount="1" falsecount="1"/>
          <line num="139" count="2" type="stmt"/>
          <line num="163" count="12" type="cond" truecount="3" falsecount="1"/>
          <line num="164" count="0" type="stmt"/>
          <line num="166" count="12" type="cond" truecount="2" falsecount="0"/>
          <line num="167" count="12" type="stmt"/>
          <line num="168" count="12" type="cond" truecount="2" falsecount="0"/>
          <line num="169" count="2" type="stmt"/>
          <line num="171" count="10" type="stmt"/>
        </file>
      </package>
      <package name="packages.react-native-web.src.modules.prefixStyles">
        <metrics statements="14" coveredstatements="14" conditionals="2" coveredconditionals="2" methods="2" coveredmethods="2"/>
        <file name="index.js" path="/Users/nicolas/Localbox/Code/github.com/necolas/react-native-web/packages/react-native-web/src/modules/prefixStyles/index.js">
          <metrics statements="8" coveredstatements="8" conditionals="2" coveredconditionals="2" methods="2" coveredmethods="2"/>
          <line num="13" count="43" type="stmt"/>
          <line num="17" count="43" type="stmt"/>
          <line num="18" count="26" type="stmt"/>
          <line num="22" count="26" type="stmt"/>
          <line num="23" count="146" type="stmt"/>
          <line num="24" count="146" type="cond" truecount="2" falsecount="0"/>
          <line num="25" count="1" type="stmt"/>
          <line num="29" count="26" type="stmt"/>
        </file>
        <file name="static.js" path="/Users/nicolas/Localbox/Code/github.com/necolas/react-native-web/packages/react-native-web/src/modules/prefixStyles/static.js">
          <metrics statements="6" coveredstatements="6" conditionals="0" coveredconditionals="0" methods="0" coveredmethods="0"/>
          <line num="12" count="43" type="stmt"/>
          <line num="13" count="43" type="stmt"/>
          <line num="14" count="43" type="stmt"/>
          <line num="15" count="43" type="stmt"/>
          <line num="16" count="43" type="stmt"/>
          <line num="17" count="43" type="stmt"/>
        </file>
      </package>
      <package name="packages.react-native-web.src.modules.requestIdleCallback">
        <metrics statements="10" coveredstatements="8" conditionals="6" coveredconditionals="4" methods="3" coveredmethods="2"/>
        <file name="index.js" path="/Users/nicolas/Localbox/Code/github.com/necolas/react-native-web/packages/react-native-web/src/modules/requestIdleCallback/index.js">
          <metrics statements="10" coveredstatements="8" conditionals="6" coveredconditionals="4" methods="3" coveredmethods="2"/>
          <line num="12" count="43" type="stmt"/>
          <line num="13" count="4" type="stmt"/>
          <line num="14" count="4" type="stmt"/>
          <line num="15" count="4" type="stmt"/>
          <line num="18" count="0" type="stmt"/>
          <line num="25" count="43" type="stmt"/>
          <line num="26" count="0" type="stmt"/>
          <line num="29" count="43" type="cond" truecount="2" falsecount="0"/>
          <line num="31" count="43" type="cond" truecount="1" falsecount="1"/>
          <line num="32" count="43" type="cond" truecount="1" falsecount="1"/>
        </file>
      </package>
      <package name="packages.react-native-web.src.modules.unitlessNumbers">
        <metrics statements="7" coveredstatements="7" conditionals="0" coveredconditionals="0" methods="3" coveredmethods="3"/>
        <file name="index.js" path="/Users/nicolas/Localbox/Code/github.com/necolas/react-native-web/packages/react-native-web/src/modules/unitlessNumbers/index.js">
          <metrics statements="7" coveredstatements="7" conditionals="0" coveredconditionals="0" methods="3" coveredmethods="3"/>
          <line num="5" count="43" type="stmt"/>
          <line num="53" count="43" type="stmt"/>
          <line num="54" count="43" type="stmt"/>
          <line num="55" count="6536" type="stmt"/>
          <line num="57" count="43" type="stmt"/>
          <line num="58" count="1634" type="stmt"/>
          <line num="59" count="6536" type="stmt"/>
        </file>
      </package>
      <package name="scripts.jest">
        <metrics statements="3" coveredstatements="3" conditionals="0" coveredconditionals="0" methods="0" coveredmethods="0"/>
        <file name="setupFramework.js" path="/Users/nicolas/Localbox/Code/github.com/necolas/react-native-web/scripts/jest/setupFramework.js">
          <metrics statements="3" coveredstatements="3" conditionals="0" coveredconditionals="0" methods="0" coveredmethods="0"/>
          <line num="8" count="43" type="stmt"/>
          <line num="10" count="43" type="stmt"/>
          <line num="11" count="43" type="stmt"/>
        </file>
      </package>
    </metrics>
  </project>
</coverage>
