{"/Users/necolas/OpenSource/github/necolas/react-native-web/packages/babel-plugin-react-native-web/src/index.js": {"path":"/Users/necolas/OpenSource/github/necolas/react-native-web/packages/babel-plugin-react-native-web/src/index.js","statementMap":{"0":{"start":{"line":1,"column":18},"end":{"line":1,"column":40}},"1":{"start":{"line":3,"column":19},"end":{"line":3,"column":51}},"2":{"start":{"line":3,"column":29},"end":{"line":3,"column":51}},"3":{"start":{"line":5,"column":24},"end":{"line":13,"column":1}},"4":{"start":{"line":6,"column":17},"end":{"line":6,"column":47}},"5":{"start":{"line":7,"column":23},"end":{"line":7,"column":93}},"6":{"start":{"line":8,"column":2},"end":{"line":12,"column":3}},"7":{"start":{"line":9,"column":4},"end":{"line":9,"column":50}},"8":{"start":{"line":10,"column":9},"end":{"line":12,"column":3}},"9":{"start":{"line":11,"column":4},"end":{"line":11,"column":68}},"10":{"start":{"line":15,"column":29},"end":{"line":29,"column":1}},"11":{"start":{"line":16,"column":27},"end":{"line":16,"column":31}},"12":{"start":{"line":17,"column":2},"end":{"line":19,"column":3}},"13":{"start":{"line":18,"column":4},"end":{"line":18,"column":17}},"14":{"start":{"line":20,"column":23},"end":{"line":20,"column":38}},"15":{"start":{"line":21,"column":2},"end":{"line":28,"column":4}},"16":{"start":{"line":31,"column":28},"end":{"line":34,"column":19}},"17":{"start":{"line":32,"column":2},"end":{"line":34,"column":19}},"18":{"start":{"line":36,"column":0},"end":{"line":134,"column":2}},"19":{"start":{"line":37,"column":2},"end":{"line":133,"column":4}},"20":{"start":{"line":41,"column":31},"end":{"line":41,"column":40}},"21":{"start":{"line":42,"column":8},"end":{"line":64,"column":9}},"22":{"start":{"line":43,"column":26},"end":{"line":61,"column":28}},"23":{"start":{"line":45,"column":14},"end":{"line":55,"column":15}},"24":{"start":{"line":46,"column":35},"end":{"line":46,"column":58}},"25":{"start":{"line":47,"column":37},"end":{"line":47,"column":76}},"26":{"start":{"line":49,"column":16},"end":{"line":54,"column":17}},"27":{"start":{"line":50,"column":18},"end":{"line":53,"column":20}},"28":{"start":{"line":56,"column":14},"end":{"line":59,"column":16}},"29":{"start":{"line":63,"column":10},"end":{"line":63,"column":44}},"30":{"start":{"line":67,"column":31},"end":{"line":67,"column":40}},"31":{"start":{"line":68,"column":8},"end":{"line":93,"column":9}},"32":{"start":{"line":69,"column":26},"end":{"line":90,"column":28}},"33":{"start":{"line":71,"column":14},"end":{"line":83,"column":15}},"34":{"start":{"line":72,"column":35},"end":{"line":72,"column":58}},"35":{"start":{"line":73,"column":34},"end":{"line":73,"column":54}},"36":{"start":{"line":74,"column":37},"end":{"line":74,"column":75}},"37":{"start":{"line":76,"column":16},"end":{"line":82,"column":17}},"38":{"start":{"line":77,"column":18},"end":{"line":81,"column":20}},"39":{"start":{"line":84,"column":14},"end":{"line":88,"column":16}},"40":{"start":{"line":92,"column":10},"end":{"line":92,"column":44}},"41":{"start":{"line":96,"column":8},"end":{"line":130,"column":9}},"42":{"start":{"line":97,"column":25},"end":{"line":97,"column":50}},"43":{"start":{"line":98,"column":10},"end":{"line":129,"column":11}},"44":{"start":{"line":99,"column":28},"end":{"line":114,"column":30}},"45":{"start":{"line":101,"column":37},"end":{"line":101,"column":85}},"46":{"start":{"line":102,"column":16},"end":{"line":112,"column":17}},"47":{"start":{"line":103,"column":18},"end":{"line":111,"column":21}},"48":{"start":{"line":116,"column":12},"end":{"line":116,"column":46}},"49":{"start":{"line":117,"column":17},"end":{"line":129,"column":11}},"50":{"start":{"line":118,"column":25},"end":{"line":118,"column":32}},"51":{"start":{"line":119,"column":32},"end":{"line":126,"column":14}},"52":{"start":{"line":128,"column":12},"end":{"line":128,"column":42}}},"fnMap":{"0":{"name":"(anonymous_0)","decl":{"start":{"line":3,"column":19},"end":{"line":3,"column":20}},"loc":{"start":{"line":3,"column":29},"end":{"line":3,"column":51}},"line":3},"1":{"name":"(anonymous_1)","decl":{"start":{"line":5,"column":24},"end":{"line":5,"column":25}},"loc":{"start":{"line":5,"column":46},"end":{"line":13,"column":1}},"line":5},"2":{"name":"(anonymous_2)","decl":{"start":{"line":15,"column":29},"end":{"line":15,"column":30}},"loc":{"start":{"line":15,"column":42},"end":{"line":29,"column":1}},"line":15},"3":{"name":"(anonymous_3)","decl":{"start":{"line":31,"column":28},"end":{"line":31,"column":29}},"loc":{"start":{"line":32,"column":2},"end":{"line":34,"column":19}},"line":32},"4":{"name":"(anonymous_4)","decl":{"start":{"line":36,"column":17},"end":{"line":36,"column":18}},"loc":{"start":{"line":36,"column":41},"end":{"line":134,"column":1}},"line":36},"5":{"name":"(anonymous_5)","decl":{"start":{"line":40,"column":6},"end":{"line":40,"column":7}},"loc":{"start":{"line":40,"column":37},"end":{"line":65,"column":7}},"line":40},"6":{"name":"(anonymous_6)","decl":{"start":{"line":44,"column":17},"end":{"line":44,"column":18}},"loc":{"start":{"line":44,"column":32},"end":{"line":60,"column":13}},"line":44},"7":{"name":"(anonymous_7)","decl":{"start":{"line":66,"column":6},"end":{"line":66,"column":7}},"loc":{"start":{"line":66,"column":42},"end":{"line":94,"column":7}},"line":66},"8":{"name":"(anonymous_8)","decl":{"start":{"line":70,"column":17},"end":{"line":70,"column":18}},"loc":{"start":{"line":70,"column":32},"end":{"line":89,"column":13}},"line":70},"9":{"name":"(anonymous_9)","decl":{"start":{"line":95,"column":6},"end":{"line":95,"column":7}},"loc":{"start":{"line":95,"column":39},"end":{"line":131,"column":7}},"line":95},"10":{"name":"(anonymous_10)","decl":{"start":{"line":100,"column":19},"end":{"line":100,"column":20}},"loc":{"start":{"line":100,"column":35},"end":{"line":113,"column":15}},"line":100}},"branchMap":{"0":{"loc":{"start":{"line":6,"column":17},"end":{"line":6,"column":47}},"type":"cond-expr","locations":[{"start":{"line":6,"column":36},"end":{"line":6,"column":42}},{"start":{"line":6,"column":45},"end":{"line":6,"column":47}}],"line":6},"1":{"loc":{"start":{"line":7,"column":23},"end":{"line":7,"column":93}},"type":"cond-expr","locations":[{"start":{"line":7,"column":65},"end":{"line":7,"column":80}},{"start":{"line":7,"column":83},"end":{"line":7,"column":93}}],"line":7},"2":{"loc":{"start":{"line":8,"column":2},"end":{"line":12,"column":3}},"type":"if","locations":[{"start":{"line":8,"column":2},"end":{"line":12,"column":3}},{"start":{"line":8,"column":2},"end":{"line":12,"column":3}}],"line":8},"3":{"loc":{"start":{"line":10,"column":9},"end":{"line":12,"column":3}},"type":"if","locations":[{"start":{"line":10,"column":9},"end":{"line":12,"column":3}},{"start":{"line":10,"column":9},"end":{"line":12,"column":3}}],"line":10},"4":{"loc":{"start":{"line":10,"column":13},"end":{"line":10,"column":52}},"type":"binary-expr","locations":[{"start":{"line":10,"column":13},"end":{"line":10,"column":25}},{"start":{"line":10,"column":29},"end":{"line":10,"column":52}}],"line":10},"5":{"loc":{"start":{"line":17,"column":2},"end":{"line":19,"column":3}},"type":"if","locations":[{"start":{"line":17,"column":2},"end":{"line":19,"column":3}},{"start":{"line":17,"column":2},"end":{"line":19,"column":3}}],"line":17},"6":{"loc":{"start":{"line":22,"column":4},"end":{"line":27,"column":98}},"type":"binary-expr","locations":[{"start":{"line":22,"column":5},"end":{"line":22,"column":26}},{"start":{"line":22,"column":30},"end":{"line":22,"column":48}},{"start":{"line":23,"column":4},"end":{"line":23,"column":28}},{"start":{"line":24,"column":4},"end":{"line":24,"column":31}},{"start":{"line":25,"column":4},"end":{"line":25,"column":34}},{"start":{"line":26,"column":4},"end":{"line":26,"column":31}},{"start":{"line":27,"column":5},"end":{"line":27,"column":47}},{"start":{"line":27,"column":51},"end":{"line":27,"column":97}}],"line":22},"7":{"loc":{"start":{"line":32,"column":2},"end":{"line":34,"column":19}},"type":"binary-expr","locations":[{"start":{"line":32,"column":2},"end":{"line":32,"column":8}},{"start":{"line":33,"column":3},"end":{"line":33,"column":34}},{"start":{"line":33,"column":38},"end":{"line":33,"column":73}},{"start":{"line":34,"column":2},"end":{"line":34,"column":19}}],"line":32},"8":{"loc":{"start":{"line":42,"column":8},"end":{"line":64,"column":9}},"type":"if","locations":[{"start":{"line":42,"column":8},"end":{"line":64,"column":9}},{"start":{"line":42,"column":8},"end":{"line":64,"column":9}}],"line":42},"9":{"loc":{"start":{"line":45,"column":14},"end":{"line":55,"column":15}},"type":"if","locations":[{"start":{"line":45,"column":14},"end":{"line":55,"column":15}},{"start":{"line":45,"column":14},"end":{"line":55,"column":15}}],"line":45},"10":{"loc":{"start":{"line":49,"column":16},"end":{"line":54,"column":17}},"type":"if","locations":[{"start":{"line":49,"column":16},"end":{"line":54,"column":17}},{"start":{"line":49,"column":16},"end":{"line":54,"column":17}}],"line":49},"11":{"loc":{"start":{"line":68,"column":8},"end":{"line":93,"column":9}},"type":"if","locations":[{"start":{"line":68,"column":8},"end":{"line":93,"column":9}},{"start":{"line":68,"column":8},"end":{"line":93,"column":9}}],"line":68},"12":{"loc":{"start":{"line":71,"column":14},"end":{"line":83,"column":15}},"type":"if","locations":[{"start":{"line":71,"column":14},"end":{"line":83,"column":15}},{"start":{"line":71,"column":14},"end":{"line":83,"column":15}}],"line":71},"13":{"loc":{"start":{"line":76,"column":16},"end":{"line":82,"column":17}},"type":"if","locations":[{"start":{"line":76,"column":16},"end":{"line":82,"column":17}},{"start":{"line":76,"column":16},"end":{"line":82,"column":17}}],"line":76},"14":{"loc":{"start":{"line":96,"column":8},"end":{"line":130,"column":9}},"type":"if","locations":[{"start":{"line":96,"column":8},"end":{"line":130,"column":9}},{"start":{"line":96,"column":8},"end":{"line":130,"column":9}}],"line":96},"15":{"loc":{"start":{"line":98,"column":10},"end":{"line":129,"column":11}},"type":"if","locations":[{"start":{"line":98,"column":10},"end":{"line":129,"column":11}},{"start":{"line":98,"column":10},"end":{"line":129,"column":11}}],"line":98},"16":{"loc":{"start":{"line":102,"column":16},"end":{"line":112,"column":17}},"type":"if","locations":[{"start":{"line":102,"column":16},"end":{"line":112,"column":17}},{"start":{"line":102,"column":16},"end":{"line":112,"column":17}}],"line":102},"17":{"loc":{"start":{"line":117,"column":17},"end":{"line":129,"column":11}},"type":"if","locations":[{"start":{"line":117,"column":17},"end":{"line":129,"column":11}},{"start":{"line":117,"column":17},"end":{"line":129,"column":11}}],"line":117}},"s":{"0":1,"1":1,"2":40,"3":1,"4":40,"5":40,"6":40,"7":10,"8":30,"9":28,"10":1,"11":23,"12":23,"13":0,"14":23,"15":23,"16":1,"17":39,"18":1,"19":3,"20":27,"21":27,"22":11,"23":16,"24":11,"25":11,"26":11,"27":9,"28":7,"29":11,"30":12,"31":12,"32":4,"33":8,"34":8,"35":8,"36":8,"37":8,"38":8,"39":0,"40":4,"41":23,"42":9,"43":9,"44":6,"45":11,"46":11,"47":11,"48":6,"49":3,"50":3,"51":3,"52":3},"f":{"0":40,"1":40,"2":23,"3":39,"4":3,"5":27,"6":16,"7":12,"8":8,"9":23,"10":11},"b":{"0":[10,30],"1":[4,36],"2":[10,30],"3":[28,2],"4":[30,30],"5":[0,23],"6":[23,17,23,12,12,12,12,6],"7":[39,39,29,15],"8":[11,16],"9":[11,5],"10":[9,2],"11":[4,8],"12":[8,0],"13":[8,0],"14":[9,14],"15":[6,3],"16":[11,0],"17":[3,0]},"_coverageSchema":"1a1c01bbd47fc00a2c39e90264f33305004495a9","hash":"63eac1da616f2f3909b1514b33e9b5519879ef84"}
,"/Users/necolas/OpenSource/github/necolas/react-native-web/packages/babel-plugin-react-native-web/src/moduleMap.js": {"path":"/Users/necolas/OpenSource/github/necolas/react-native-web/packages/babel-plugin-react-native-web/src/moduleMap.js","statementMap":{"0":{"start":{"line":2,"column":0},"end":{"line":71,"column":2}}},"fnMap":{},"branchMap":{},"s":{"0":1},"f":{},"b":{},"_coverageSchema":"1a1c01bbd47fc00a2c39e90264f33305004495a9","hash":"3906778505952dcec48e1552342332bc75f24e66"}
,"/Users/necolas/OpenSource/github/necolas/react-native-web/packages/dom-event-testing-library/index.js": {"path":"/Users/necolas/OpenSource/github/necolas/react-native-web/packages/dom-event-testing-library/index.js","statementMap":{},"fnMap":{},"branchMap":{},"s":{},"f":{},"b":{},"_coverageSchema":"1a1c01bbd47fc00a2c39e90264f33305004495a9","hash":"8c984c2d35c203fa46ce9741eecaef36cc78b345"}
,"/Users/necolas/OpenSource/github/necolas/react-native-web/packages/dom-event-testing-library/src/constants.js": {"path":"/Users/necolas/OpenSource/github/necolas/react-native-web/packages/dom-event-testing-library/src/constants.js","statementMap":{"0":{"start":{"line":10,"column":32},"end":{"line":10,"column":33}},"1":{"start":{"line":11,"column":34},"end":{"line":11,"column":36}},"2":{"start":{"line":12,"column":40},"end":{"line":12,"column":42}},"3":{"start":{"line":22,"column":26},"end":{"line":40,"column":1}},"4":{"start":{"line":46,"column":27},"end":{"line":63,"column":1}}},"fnMap":{},"branchMap":{},"s":{"0":14,"1":14,"2":14,"3":14,"4":14},"f":{},"b":{},"_coverageSchema":"1a1c01bbd47fc00a2c39e90264f33305004495a9","hash":"6bc747660f1de5844c0a389cc1cd8cda6bbd38b2"}
,"/Users/necolas/OpenSource/github/necolas/react-native-web/packages/dom-event-testing-library/src/createEvent.js": {"path":"/Users/necolas/OpenSource/github/necolas/react-native-web/packages/dom-event-testing-library/src/createEvent.js","statementMap":{"0":{"start":{"line":10,"column":22},"end":{"line":13,"column":1}},"1":{"start":{"line":15,"column":21},"end":{"line":217,"column":1}},"2":{"start":{"line":220,"column":2},"end":{"line":220,"column":45}},"3":{"start":{"line":224,"column":17},"end":{"line":224,"column":37}},"4":{"start":{"line":225,"column":43},"end":{"line":225,"column":49}},"5":{"start":{"line":226,"column":20},"end":{"line":226,"column":47}},"6":{"start":{"line":228,"column":16},"end":{"line":228,"column":53}},"7":{"start":{"line":229,"column":43},"end":{"line":229,"column":52}},"8":{"start":{"line":230,"column":2},"end":{"line":230,"column":45}},"9":{"start":{"line":232,"column":2},"end":{"line":250,"column":3}},"10":{"start":{"line":233,"column":4},"end":{"line":249,"column":7}},"11":{"start":{"line":234,"column":20},"end":{"line":234,"column":29}},"12":{"start":{"line":237,"column":6},"end":{"line":248,"column":7}},"13":{"start":{"line":238,"column":31},"end":{"line":241,"column":9}},"14":{"start":{"line":239,"column":10},"end":{"line":239,"column":18}},"15":{"start":{"line":240,"column":10},"end":{"line":240,"column":75}},"16":{"start":{"line":242,"column":8},"end":{"line":245,"column":11}},"17":{"start":{"line":246,"column":13},"end":{"line":248,"column":7}},"18":{"start":{"line":247,"column":8},"end":{"line":247,"column":73}},"19":{"start":{"line":251,"column":2},"end":{"line":251,"column":15}}},"fnMap":{"0":{"name":"getEventConfig","decl":{"start":{"line":219,"column":9},"end":{"line":219,"column":23}},"loc":{"start":{"line":219,"column":30},"end":{"line":221,"column":1}},"line":219},"1":{"name":"createEvent","decl":{"start":{"line":223,"column":24},"end":{"line":223,"column":35}},"loc":{"start":{"line":223,"column":48},"end":{"line":252,"column":1}},"line":223},"2":{"name":"(anonymous_2)","decl":{"start":{"line":233,"column":30},"end":{"line":233,"column":31}},"loc":{"start":{"line":233,"column":39},"end":{"line":249,"column":5}},"line":233},"3":{"name":"(anonymous_3)","decl":{"start":{"line":238,"column":31},"end":{"line":238,"column":32}},"loc":{"start":{"line":238,"column":43},"end":{"line":241,"column":9}},"line":238}},"branchMap":{"0":{"loc":{"start":{"line":220,"column":9},"end":{"line":220,"column":44}},"type":"binary-expr","locations":[{"start":{"line":220,"column":9},"end":{"line":220,"column":27}},{"start":{"line":220,"column":31},"end":{"line":220,"column":44}}],"line":220},"1":{"loc":{"start":{"line":232,"column":2},"end":{"line":250,"column":3}},"type":"if","locations":[{"start":{"line":232,"column":2},"end":{"line":250,"column":3}},{"start":{"line":232,"column":2},"end":{"line":250,"column":3}}],"line":232},"2":{"loc":{"start":{"line":237,"column":6},"end":{"line":248,"column":7}},"type":"if","locations":[{"start":{"line":237,"column":6},"end":{"line":248,"column":7}},{"start":{"line":237,"column":6},"end":{"line":248,"column":7}}],"line":237},"3":{"loc":{"start":{"line":237,"column":10},"end":{"line":237,"column":65}},"type":"binary-expr","locations":[{"start":{"line":237,"column":10},"end":{"line":237,"column":34}},{"start":{"line":237,"column":38},"end":{"line":237,"column":65}}],"line":237},"4":{"loc":{"start":{"line":246,"column":13},"end":{"line":248,"column":7}},"type":"if","locations":[{"start":{"line":246,"column":13},"end":{"line":248,"column":7}},{"start":{"line":246,"column":13},"end":{"line":248,"column":7}}],"line":246}},"s":{"0":14,"1":14,"2":950,"3":950,"4":950,"5":950,"6":950,"7":950,"8":950,"9":950,"10":950,"11":15864,"12":15864,"13":582,"14":0,"15":0,"16":582,"17":15282,"18":13723,"19":950},"f":{"0":950,"1":950,"2":15864,"3":0},"b":{"0":[950,3],"1":[950,0],"2":[582,15282],"3":[15864,703],"4":[13723,1559]},"_coverageSchema":"1a1c01bbd47fc00a2c39e90264f33305004495a9","hash":"e6fb58f7fb3063c3508c8d20ffa2864711ad565d"}
,"/Users/necolas/OpenSource/github/necolas/react-native-web/packages/dom-event-testing-library/src/domEnvironment.js": {"path":"/Users/necolas/OpenSource/github/necolas/react-native-web/packages/dom-event-testing-library/src/domEnvironment.js","statementMap":{"0":{"start":{"line":16,"column":22},"end":{"line":16,"column":36}},"1":{"start":{"line":19,"column":2},"end":{"line":19,"column":55}},"2":{"start":{"line":23,"column":27},"end":{"line":29,"column":3}},"3":{"start":{"line":23,"column":37},"end":{"line":29,"column":3}},"4":{"start":{"line":24,"column":4},"end":{"line":28,"column":5}},"5":{"start":{"line":25,"column":6},"end":{"line":27,"column":7}},"6":{"start":{"line":26,"column":8},"end":{"line":26,"column":66}},"7":{"start":{"line":30,"column":2},"end":{"line":30,"column":57}},"8":{"start":{"line":31,"column":2},"end":{"line":33,"column":16}},"9":{"start":{"line":34,"column":2},"end":{"line":36,"column":16}},"10":{"start":{"line":43,"column":23},"end":{"line":43,"column":70}},"11":{"start":{"line":45,"column":24},"end":{"line":67,"column":1}},"12":{"start":{"line":47,"column":4},"end":{"line":47,"column":31}},"13":{"start":{"line":50,"column":4},"end":{"line":50,"column":72}},"14":{"start":{"line":53,"column":4},"end":{"line":65,"column":5}},"15":{"start":{"line":55,"column":8},"end":{"line":55,"column":51}},"16":{"start":{"line":56,"column":8},"end":{"line":56,"column":14}},"17":{"start":{"line":59,"column":8},"end":{"line":59,"column":48}},"18":{"start":{"line":60,"column":8},"end":{"line":60,"column":14}},"19":{"start":{"line":63,"column":8},"end":{"line":63,"column":14}}},"fnMap":{"0":{"name":"(anonymous_0)","decl":{"start":{"line":16,"column":22},"end":{"line":16,"column":23}},"loc":{"start":{"line":16,"column":34},"end":{"line":16,"column":36}},"line":16},"1":{"name":"hasPointerEvent","decl":{"start":{"line":18,"column":16},"end":{"line":18,"column":31}},"loc":{"start":{"line":18,"column":34},"end":{"line":20,"column":1}},"line":18},"2":{"name":"setPointerEvent","decl":{"start":{"line":22,"column":16},"end":{"line":22,"column":31}},"loc":{"start":{"line":22,"column":38},"end":{"line":37,"column":1}},"line":22},"3":{"name":"(anonymous_3)","decl":{"start":{"line":23,"column":27},"end":{"line":23,"column":28}},"loc":{"start":{"line":23,"column":37},"end":{"line":29,"column":3}},"line":23},"4":{"name":"(anonymous_4)","decl":{"start":{"line":23,"column":37},"end":{"line":23,"column":38}},"loc":{"start":{"line":23,"column":45},"end":{"line":29,"column":3}},"line":23},"5":{"name":"(anonymous_5)","decl":{"start":{"line":46,"column":2},"end":{"line":46,"column":3}},"loc":{"start":{"line":46,"column":10},"end":{"line":48,"column":3}},"line":46},"6":{"name":"(anonymous_6)","decl":{"start":{"line":49,"column":2},"end":{"line":49,"column":3}},"loc":{"start":{"line":49,"column":8},"end":{"line":51,"column":3}},"line":49},"7":{"name":"(anonymous_7)","decl":{"start":{"line":52,"column":2},"end":{"line":52,"column":3}},"loc":{"start":{"line":52,"column":12},"end":{"line":66,"column":3}},"line":52}},"branchMap":{"0":{"loc":{"start":{"line":19,"column":9},"end":{"line":19,"column":54}},"type":"binary-expr","locations":[{"start":{"line":19,"column":9},"end":{"line":19,"column":23}},{"start":{"line":19,"column":27},"end":{"line":19,"column":54}}],"line":19},"1":{"loc":{"start":{"line":24,"column":4},"end":{"line":28,"column":5}},"type":"if","locations":[{"start":{"line":24,"column":4},"end":{"line":28,"column":5}},{"start":{"line":24,"column":4},"end":{"line":28,"column":5}}],"line":24},"2":{"loc":{"start":{"line":25,"column":6},"end":{"line":27,"column":7}},"type":"if","locations":[{"start":{"line":25,"column":6},"end":{"line":27,"column":7}},{"start":{"line":25,"column":6},"end":{"line":27,"column":7}}],"line":25},"3":{"loc":{"start":{"line":30,"column":24},"end":{"line":30,"column":56}},"type":"cond-expr","locations":[{"start":{"line":30,"column":31},"end":{"line":30,"column":44}},{"start":{"line":30,"column":47},"end":{"line":30,"column":56}}],"line":30},"4":{"loc":{"start":{"line":31,"column":51},"end":{"line":33,"column":15}},"type":"cond-expr","locations":[{"start":{"line":32,"column":6},"end":{"line":32,"column":43}},{"start":{"line":33,"column":6},"end":{"line":33,"column":15}}],"line":31},"5":{"loc":{"start":{"line":34,"column":55},"end":{"line":36,"column":15}},"type":"cond-expr","locations":[{"start":{"line":35,"column":6},"end":{"line":35,"column":47}},{"start":{"line":36,"column":6},"end":{"line":36,"column":15}}],"line":34},"6":{"loc":{"start":{"line":50,"column":11},"end":{"line":50,"column":71}},"type":"cond-expr","locations":[{"start":{"line":50,"column":54},"end":{"line":50,"column":59}},{"start":{"line":50,"column":62},"end":{"line":50,"column":71}}],"line":50},"7":{"loc":{"start":{"line":53,"column":4},"end":{"line":65,"column":5}},"type":"switch","locations":[{"start":{"line":54,"column":6},"end":{"line":57,"column":7}},{"start":{"line":58,"column":6},"end":{"line":61,"column":7}},{"start":{"line":62,"column":6},"end":{"line":64,"column":7}}],"line":53}},"s":{"0":14,"1":394,"2":40,"3":42,"4":0,"5":0,"6":0,"7":40,"8":40,"9":40,"10":14,"11":14,"12":0,"13":61,"14":0,"15":0,"16":0,"17":0,"18":0,"19":0},"f":{"0":0,"1":394,"2":40,"3":42,"4":0,"5":0,"6":61,"7":0},"b":{"0":[394,394],"1":[0,0],"2":[0,0],"3":[21,19],"4":[21,19],"5":[21,19],"6":[0,61],"7":[0,0,0]},"_coverageSchema":"1a1c01bbd47fc00a2c39e90264f33305004495a9","hash":"16fa9bb1d169cc6c6e481cc99468223601e9fbe3"}
,"/Users/necolas/OpenSource/github/necolas/react-native-web/packages/dom-event-testing-library/src/domEventSequences.js": {"path":"/Users/necolas/OpenSource/github/necolas/react-native-web/packages/dom-event-testing-library/src/domEventSequences.js","statementMap":{"0":{"start":{"line":35,"column":6},"end":{"line":35,"column":13}},"1":{"start":{"line":37,"column":2},"end":{"line":50,"column":4}},"2":{"start":{"line":64,"column":6},"end":{"line":64,"column":13}},"3":{"start":{"line":66,"column":2},"end":{"line":76,"column":4}},"4":{"start":{"line":80,"column":20},"end":{"line":80,"column":27}},"5":{"start":{"line":81,"column":2},"end":{"line":83,"column":3}},"6":{"start":{"line":82,"column":4},"end":{"line":82,"column":38}},"7":{"start":{"line":84,"column":2},"end":{"line":84,"column":21}},"8":{"start":{"line":109,"column":19},"end":{"line":109,"column":53}},"9":{"start":{"line":109,"column":28},"end":{"line":109,"column":53}},"10":{"start":{"line":110,"column":22},"end":{"line":110,"column":52}},"11":{"start":{"line":117,"column":6},"end":{"line":117,"column":20}},"12":{"start":{"line":119,"column":18},"end":{"line":125,"column":3}},"13":{"start":{"line":127,"column":25},"end":{"line":127,"column":47}},"14":{"start":{"line":129,"column":2},"end":{"line":172,"column":3}},"15":{"start":{"line":130,"column":4},"end":{"line":132,"column":5}},"16":{"start":{"line":131,"column":6},"end":{"line":131,"column":47}},"17":{"start":{"line":133,"column":18},"end":{"line":133,"column":46}},"18":{"start":{"line":134,"column":4},"end":{"line":134,"column":31}},"19":{"start":{"line":135,"column":30},"end":{"line":135,"column":77}},"20":{"start":{"line":136,"column":4},"end":{"line":136,"column":54}},"21":{"start":{"line":137,"column":4},"end":{"line":143,"column":6}},"22":{"start":{"line":144,"column":4},"end":{"line":151,"column":6}},"23":{"start":{"line":152,"column":4},"end":{"line":152,"column":34}},"24":{"start":{"line":153,"column":9},"end":{"line":172,"column":3}},"25":{"start":{"line":154,"column":4},"end":{"line":171,"column":5}},"26":{"start":{"line":155,"column":34},"end":{"line":155,"column":41}},"27":{"start":{"line":156,"column":6},"end":{"line":158,"column":7}},"28":{"start":{"line":157,"column":8},"end":{"line":157,"column":65}},"29":{"start":{"line":159,"column":6},"end":{"line":159,"column":61}},"30":{"start":{"line":160,"column":6},"end":{"line":162,"column":7}},"31":{"start":{"line":161,"column":8},"end":{"line":161,"column":86}},"32":{"start":{"line":164,"column":21},"end":{"line":164,"column":41}},"33":{"start":{"line":165,"column":22},"end":{"line":165,"column":43}},"34":{"start":{"line":166,"column":6},"end":{"line":168,"column":7}},"35":{"start":{"line":167,"column":8},"end":{"line":167,"column":73}},"36":{"start":{"line":169,"column":6},"end":{"line":169,"column":69}},"37":{"start":{"line":170,"column":6},"end":{"line":170,"column":87}},"38":{"start":{"line":176,"column":19},"end":{"line":176,"column":53}},"39":{"start":{"line":176,"column":28},"end":{"line":176,"column":53}},"40":{"start":{"line":177,"column":40},"end":{"line":177,"column":54}},"41":{"start":{"line":178,"column":22},"end":{"line":178,"column":59}},"42":{"start":{"line":179,"column":23},"end":{"line":179,"column":52}},"43":{"start":{"line":180,"column":2},"end":{"line":182,"column":3}},"44":{"start":{"line":181,"column":4},"end":{"line":181,"column":65}},"45":{"start":{"line":183,"column":2},"end":{"line":183,"column":44}},"46":{"start":{"line":184,"column":2},"end":{"line":186,"column":3}},"47":{"start":{"line":185,"column":4},"end":{"line":185,"column":61}},"48":{"start":{"line":187,"column":2},"end":{"line":187,"column":42}},"49":{"start":{"line":191,"column":24},"end":{"line":191,"column":58}},"50":{"start":{"line":191,"column":33},"end":{"line":191,"column":58}},"51":{"start":{"line":192,"column":22},"end":{"line":192,"column":52}},"52":{"start":{"line":194,"column":18},"end":{"line":198,"column":3}},"53":{"start":{"line":200,"column":2},"end":{"line":202,"column":3}},"54":{"start":{"line":201,"column":4},"end":{"line":201,"column":52}},"55":{"start":{"line":203,"column":2},"end":{"line":210,"column":3}},"56":{"start":{"line":204,"column":4},"end":{"line":204,"column":48}},"57":{"start":{"line":206,"column":18},"end":{"line":206,"column":46}},"58":{"start":{"line":207,"column":4},"end":{"line":207,"column":34}},"59":{"start":{"line":208,"column":30},"end":{"line":208,"column":77}},"60":{"start":{"line":209,"column":4},"end":{"line":209,"column":60}},"61":{"start":{"line":214,"column":19},"end":{"line":214,"column":53}},"62":{"start":{"line":214,"column":28},"end":{"line":214,"column":53}},"63":{"start":{"line":215,"column":22},"end":{"line":215,"column":52}},"64":{"start":{"line":217,"column":18},"end":{"line":223,"column":3}},"65":{"start":{"line":225,"column":2},"end":{"line":250,"column":3}},"66":{"start":{"line":226,"column":4},"end":{"line":229,"column":5}},"67":{"start":{"line":227,"column":6},"end":{"line":227,"column":47}},"68":{"start":{"line":228,"column":6},"end":{"line":228,"column":48}},"69":{"start":{"line":230,"column":4},"end":{"line":230,"column":43}},"70":{"start":{"line":231,"column":4},"end":{"line":231,"column":44}},"71":{"start":{"line":232,"column":4},"end":{"line":234,"column":5}},"72":{"start":{"line":233,"column":6},"end":{"line":233,"column":47}},"73":{"start":{"line":235,"column":4},"end":{"line":235,"column":43}},"74":{"start":{"line":236,"column":4},"end":{"line":236,"column":18}},"75":{"start":{"line":238,"column":4},"end":{"line":242,"column":5}},"76":{"start":{"line":239,"column":6},"end":{"line":239,"column":47}},"77":{"start":{"line":240,"column":6},"end":{"line":240,"column":48}},"78":{"start":{"line":241,"column":6},"end":{"line":241,"column":47}},"79":{"start":{"line":243,"column":18},"end":{"line":243,"column":46}},"80":{"start":{"line":244,"column":4},"end":{"line":244,"column":31}},"81":{"start":{"line":245,"column":30},"end":{"line":245,"column":77}},"82":{"start":{"line":246,"column":4},"end":{"line":246,"column":54}},"83":{"start":{"line":247,"column":4},"end":{"line":249,"column":5}},"84":{"start":{"line":248,"column":6},"end":{"line":248,"column":53}},"85":{"start":{"line":254,"column":19},"end":{"line":254,"column":53}},"86":{"start":{"line":254,"column":28},"end":{"line":254,"column":53}},"87":{"start":{"line":256,"column":18},"end":{"line":259,"column":3}},"88":{"start":{"line":261,"column":2},"end":{"line":266,"column":3}},"89":{"start":{"line":263,"column":4},"end":{"line":263,"column":38}},"90":{"start":{"line":264,"column":4},"end":{"line":264,"column":45}},"91":{"start":{"line":265,"column":4},"end":{"line":265,"column":46}},"92":{"start":{"line":267,"column":2},"end":{"line":267,"column":34}},"93":{"start":{"line":268,"column":2},"end":{"line":268,"column":41}},"94":{"start":{"line":269,"column":2},"end":{"line":269,"column":42}},"95":{"start":{"line":273,"column":19},"end":{"line":273,"column":53}},"96":{"start":{"line":273,"column":28},"end":{"line":273,"column":53}},"97":{"start":{"line":275,"column":18},"end":{"line":278,"column":3}},"98":{"start":{"line":280,"column":28},"end":{"line":280,"column":35}},"99":{"start":{"line":282,"column":2},"end":{"line":288,"column":3}},"100":{"start":{"line":283,"column":4},"end":{"line":283,"column":44}},"101":{"start":{"line":285,"column":4},"end":{"line":287,"column":5}},"102":{"start":{"line":286,"column":6},"end":{"line":286,"column":48}},"103":{"start":{"line":289,"column":2},"end":{"line":289,"column":40}},"104":{"start":{"line":290,"column":2},"end":{"line":293,"column":3}},"105":{"start":{"line":292,"column":4},"end":{"line":292,"column":44}},"106":{"start":{"line":298,"column":19},"end":{"line":298,"column":53}},"107":{"start":{"line":298,"column":28},"end":{"line":298,"column":53}},"108":{"start":{"line":300,"column":18},"end":{"line":303,"column":3}},"109":{"start":{"line":305,"column":2},"end":{"line":307,"column":3}},"110":{"start":{"line":306,"column":4},"end":{"line":306,"column":45}},"111":{"start":{"line":308,"column":2},"end":{"line":308,"column":41}},"112":{"start":{"line":313,"column":19},"end":{"line":313,"column":53}},"113":{"start":{"line":313,"column":28},"end":{"line":313,"column":53}},"114":{"start":{"line":314,"column":22},"end":{"line":314,"column":52}},"115":{"start":{"line":316,"column":18},"end":{"line":322,"column":3}},"116":{"start":{"line":324,"column":2},"end":{"line":343,"column":3}},"117":{"start":{"line":325,"column":4},"end":{"line":327,"column":5}},"118":{"start":{"line":326,"column":6},"end":{"line":326,"column":81}},"119":{"start":{"line":328,"column":4},"end":{"line":328,"column":43}},"120":{"start":{"line":330,"column":4},"end":{"line":338,"column":5}},"121":{"start":{"line":331,"column":6},"end":{"line":337,"column":8}},"122":{"start":{"line":339,"column":18},"end":{"line":339,"column":46}},"123":{"start":{"line":340,"column":4},"end":{"line":340,"column":34}},"124":{"start":{"line":341,"column":30},"end":{"line":341,"column":77}},"125":{"start":{"line":342,"column":4},"end":{"line":342,"column":53}},"126":{"start":{"line":347,"column":19},"end":{"line":347,"column":53}},"127":{"start":{"line":347,"column":28},"end":{"line":347,"column":53}},"128":{"start":{"line":348,"column":22},"end":{"line":348,"column":52}},"129":{"start":{"line":350,"column":18},"end":{"line":354,"column":3}},"130":{"start":{"line":356,"column":26},"end":{"line":356,"column":63}},"131":{"start":{"line":357,"column":30},"end":{"line":357,"column":82}},"132":{"start":{"line":359,"column":2},"end":{"line":391,"column":3}},"133":{"start":{"line":360,"column":4},"end":{"line":362,"column":5}},"134":{"start":{"line":361,"column":6},"end":{"line":361,"column":45}},"135":{"start":{"line":363,"column":4},"end":{"line":363,"column":41}},"136":{"start":{"line":364,"column":4},"end":{"line":366,"column":5}},"137":{"start":{"line":365,"column":6},"end":{"line":365,"column":41}},"138":{"start":{"line":368,"column":4},"end":{"line":373,"column":5}},"139":{"start":{"line":369,"column":6},"end":{"line":369,"column":45}},"140":{"start":{"line":370,"column":6},"end":{"line":370,"column":54}},"141":{"start":{"line":371,"column":6},"end":{"line":371,"column":46}},"142":{"start":{"line":372,"column":6},"end":{"line":372,"column":48}},"143":{"start":{"line":374,"column":18},"end":{"line":374,"column":46}},"144":{"start":{"line":375,"column":22},"end":{"line":375,"column":51}},"145":{"start":{"line":376,"column":30},"end":{"line":376,"column":77}},"146":{"start":{"line":377,"column":4},"end":{"line":377,"column":52}},"147":{"start":{"line":379,"column":4},"end":{"line":383,"column":5}},"148":{"start":{"line":380,"column":6},"end":{"line":380,"column":45}},"149":{"start":{"line":381,"column":6},"end":{"line":381,"column":45}},"150":{"start":{"line":382,"column":6},"end":{"line":382,"column":45}},"151":{"start":{"line":384,"column":4},"end":{"line":384,"column":18}},"152":{"start":{"line":385,"column":4},"end":{"line":387,"column":5}},"153":{"start":{"line":386,"column":6},"end":{"line":386,"column":43}},"154":{"start":{"line":388,"column":4},"end":{"line":390,"column":5}},"155":{"start":{"line":389,"column":6},"end":{"line":389,"column":41}},"156":{"start":{"line":400,"column":2},"end":{"line":400,"column":21}}},"fnMap":{"0":{"name":"createTouch","decl":{"start":{"line":24,"column":9},"end":{"line":24,"column":20}},"loc":{"start":{"line":24,"column":38},"end":{"line":51,"column":1}},"line":24},"1":{"name":"createTouchEventPayload","decl":{"start":{"line":56,"column":9},"end":{"line":56,"column":32}},"loc":{"start":{"line":56,"column":57},"end":{"line":77,"column":1}},"line":56},"2":{"name":"getPointerType","decl":{"start":{"line":79,"column":9},"end":{"line":79,"column":23}},"loc":{"start":{"line":79,"column":33},"end":{"line":85,"column":1}},"line":79},"3":{"name":"contextmenu","decl":{"start":{"line":108,"column":16},"end":{"line":108,"column":27}},"loc":{"start":{"line":108,"column":52},"end":{"line":173,"column":1}},"line":108},"4":{"name":"(anonymous_4)","decl":{"start":{"line":109,"column":19},"end":{"line":109,"column":20}},"loc":{"start":{"line":109,"column":28},"end":{"line":109,"column":53}},"line":109},"5":{"name":"focus","decl":{"start":{"line":175,"column":16},"end":{"line":175,"column":21}},"loc":{"start":{"line":175,"column":51},"end":{"line":188,"column":1}},"line":175},"6":{"name":"(anonymous_6)","decl":{"start":{"line":176,"column":19},"end":{"line":176,"column":20}},"loc":{"start":{"line":176,"column":28},"end":{"line":176,"column":53}},"line":176},"7":{"name":"pointercancel","decl":{"start":{"line":190,"column":16},"end":{"line":190,"column":29}},"loc":{"start":{"line":190,"column":54},"end":{"line":211,"column":1}},"line":190},"8":{"name":"(anonymous_8)","decl":{"start":{"line":191,"column":24},"end":{"line":191,"column":25}},"loc":{"start":{"line":191,"column":33},"end":{"line":191,"column":58}},"line":191},"9":{"name":"pointerdown","decl":{"start":{"line":213,"column":16},"end":{"line":213,"column":27}},"loc":{"start":{"line":213,"column":52},"end":{"line":251,"column":1}},"line":213},"10":{"name":"(anonymous_10)","decl":{"start":{"line":214,"column":19},"end":{"line":214,"column":20}},"loc":{"start":{"line":214,"column":28},"end":{"line":214,"column":53}},"line":214},"11":{"name":"pointerover","decl":{"start":{"line":253,"column":16},"end":{"line":253,"column":27}},"loc":{"start":{"line":253,"column":52},"end":{"line":270,"column":1}},"line":253},"12":{"name":"(anonymous_12)","decl":{"start":{"line":254,"column":19},"end":{"line":254,"column":20}},"loc":{"start":{"line":254,"column":28},"end":{"line":254,"column":53}},"line":254},"13":{"name":"pointerout","decl":{"start":{"line":272,"column":16},"end":{"line":272,"column":26}},"loc":{"start":{"line":272,"column":51},"end":{"line":294,"column":1}},"line":272},"14":{"name":"(anonymous_14)","decl":{"start":{"line":273,"column":19},"end":{"line":273,"column":20}},"loc":{"start":{"line":273,"column":28},"end":{"line":273,"column":53}},"line":273},"15":{"name":"pointerhover","decl":{"start":{"line":297,"column":16},"end":{"line":297,"column":28}},"loc":{"start":{"line":297,"column":53},"end":{"line":309,"column":1}},"line":297},"16":{"name":"(anonymous_16)","decl":{"start":{"line":298,"column":19},"end":{"line":298,"column":20}},"loc":{"start":{"line":298,"column":28},"end":{"line":298,"column":53}},"line":298},"17":{"name":"pointermove","decl":{"start":{"line":312,"column":16},"end":{"line":312,"column":27}},"loc":{"start":{"line":312,"column":52},"end":{"line":344,"column":1}},"line":312},"18":{"name":"(anonymous_18)","decl":{"start":{"line":313,"column":19},"end":{"line":313,"column":20}},"loc":{"start":{"line":313,"column":28},"end":{"line":313,"column":53}},"line":313},"19":{"name":"pointerup","decl":{"start":{"line":346,"column":16},"end":{"line":346,"column":25}},"loc":{"start":{"line":346,"column":50},"end":{"line":392,"column":1}},"line":346},"20":{"name":"(anonymous_20)","decl":{"start":{"line":347,"column":19},"end":{"line":347,"column":20}},"loc":{"start":{"line":347,"column":28},"end":{"line":347,"column":53}},"line":347},"21":{"name":"clearPointers","decl":{"start":{"line":399,"column":16},"end":{"line":399,"column":29}},"loc":{"start":{"line":399,"column":32},"end":{"line":401,"column":1}},"line":399}},"branchMap":{"0":{"loc":{"start":{"line":26,"column":4},"end":{"line":26,"column":31}},"type":"default-arg","locations":[{"start":{"line":26,"column":13},"end":{"line":26,"column":31}}],"line":26},"1":{"loc":{"start":{"line":30,"column":4},"end":{"line":30,"column":16}},"type":"default-arg","locations":[{"start":{"line":30,"column":15},"end":{"line":30,"column":16}}],"line":30},"2":{"loc":{"start":{"line":31,"column":4},"end":{"line":31,"column":13}},"type":"default-arg","locations":[{"start":{"line":31,"column":12},"end":{"line":31,"column":13}}],"line":31},"3":{"loc":{"start":{"line":32,"column":4},"end":{"line":32,"column":30}},"type":"default-arg","locations":[{"start":{"line":32,"column":12},"end":{"line":32,"column":30}}],"line":32},"4":{"loc":{"start":{"line":33,"column":4},"end":{"line":33,"column":9}},"type":"default-arg","locations":[{"start":{"line":33,"column":8},"end":{"line":33,"column":9}}],"line":33},"5":{"loc":{"start":{"line":34,"column":4},"end":{"line":34,"column":9}},"type":"default-arg","locations":[{"start":{"line":34,"column":8},"end":{"line":34,"column":9}}],"line":34},"6":{"loc":{"start":{"line":42,"column":11},"end":{"line":42,"column":21}},"type":"binary-expr","locations":[{"start":{"line":42,"column":11},"end":{"line":42,"column":16}},{"start":{"line":42,"column":20},"end":{"line":42,"column":21}}],"line":42},"7":{"loc":{"start":{"line":43,"column":11},"end":{"line":43,"column":21}},"type":"binary-expr","locations":[{"start":{"line":43,"column":11},"end":{"line":43,"column":16}},{"start":{"line":43,"column":20},"end":{"line":43,"column":21}}],"line":43},"8":{"loc":{"start":{"line":58,"column":4},"end":{"line":58,"column":18}},"type":"default-arg","locations":[{"start":{"line":58,"column":13},"end":{"line":58,"column":18}}],"line":58},"9":{"loc":{"start":{"line":59,"column":4},"end":{"line":59,"column":19}},"type":"default-arg","locations":[{"start":{"line":59,"column":14},"end":{"line":59,"column":19}}],"line":59},"10":{"loc":{"start":{"line":60,"column":4},"end":{"line":60,"column":19}},"type":"default-arg","locations":[{"start":{"line":60,"column":14},"end":{"line":60,"column":19}}],"line":60},"11":{"loc":{"start":{"line":62,"column":4},"end":{"line":62,"column":20}},"type":"default-arg","locations":[{"start":{"line":62,"column":15},"end":{"line":62,"column":20}}],"line":62},"12":{"loc":{"start":{"line":81,"column":2},"end":{"line":83,"column":3}},"type":"if","locations":[{"start":{"line":81,"column":2},"end":{"line":83,"column":3}},{"start":{"line":81,"column":2},"end":{"line":83,"column":3}}],"line":81},"13":{"loc":{"start":{"line":81,"column":6},"end":{"line":81,"column":52}},"type":"binary-expr","locations":[{"start":{"line":81,"column":6},"end":{"line":81,"column":21}},{"start":{"line":81,"column":25},"end":{"line":81,"column":52}}],"line":81},"14":{"loc":{"start":{"line":129,"column":2},"end":{"line":172,"column":3}},"type":"if","locations":[{"start":{"line":129,"column":2},"end":{"line":172,"column":3}},{"start":{"line":129,"column":2},"end":{"line":172,"column":3}}],"line":129},"15":{"loc":{"start":{"line":130,"column":4},"end":{"line":132,"column":5}},"type":"if","locations":[{"start":{"line":130,"column":4},"end":{"line":132,"column":5}},{"start":{"line":130,"column":4},"end":{"line":132,"column":5}}],"line":130},"16":{"loc":{"start":{"line":153,"column":9},"end":{"line":172,"column":3}},"type":"if","locations":[{"start":{"line":153,"column":9},"end":{"line":172,"column":3}},{"start":{"line":153,"column":9},"end":{"line":172,"column":3}}],"line":153},"17":{"loc":{"start":{"line":154,"column":4},"end":{"line":171,"column":5}},"type":"if","locations":[{"start":{"line":154,"column":4},"end":{"line":171,"column":5}},{"start":{"line":154,"column":4},"end":{"line":171,"column":5}}],"line":154},"18":{"loc":{"start":{"line":156,"column":6},"end":{"line":158,"column":7}},"type":"if","locations":[{"start":{"line":156,"column":6},"end":{"line":158,"column":7}},{"start":{"line":156,"column":6},"end":{"line":158,"column":7}}],"line":156},"19":{"loc":{"start":{"line":160,"column":6},"end":{"line":162,"column":7}},"type":"if","locations":[{"start":{"line":160,"column":6},"end":{"line":162,"column":7}},{"start":{"line":160,"column":6},"end":{"line":162,"column":7}}],"line":160},"20":{"loc":{"start":{"line":166,"column":6},"end":{"line":168,"column":7}},"type":"if","locations":[{"start":{"line":166,"column":6},"end":{"line":168,"column":7}},{"start":{"line":166,"column":6},"end":{"line":168,"column":7}}],"line":166},"21":{"loc":{"start":{"line":175,"column":30},"end":{"line":175,"column":49}},"type":"default-arg","locations":[{"start":{"line":175,"column":47},"end":{"line":175,"column":49}}],"line":175},"22":{"loc":{"start":{"line":180,"column":2},"end":{"line":182,"column":3}},"type":"if","locations":[{"start":{"line":180,"column":2},"end":{"line":182,"column":3}},{"start":{"line":180,"column":2},"end":{"line":182,"column":3}}],"line":180},"23":{"loc":{"start":{"line":184,"column":2},"end":{"line":186,"column":3}},"type":"if","locations":[{"start":{"line":184,"column":2},"end":{"line":186,"column":3}},{"start":{"line":184,"column":2},"end":{"line":186,"column":3}}],"line":184},"24":{"loc":{"start":{"line":200,"column":2},"end":{"line":202,"column":3}},"type":"if","locations":[{"start":{"line":200,"column":2},"end":{"line":202,"column":3}},{"start":{"line":200,"column":2},"end":{"line":202,"column":3}}],"line":200},"25":{"loc":{"start":{"line":203,"column":2},"end":{"line":210,"column":3}},"type":"if","locations":[{"start":{"line":203,"column":2},"end":{"line":210,"column":3}},{"start":{"line":203,"column":2},"end":{"line":210,"column":3}}],"line":203},"26":{"loc":{"start":{"line":225,"column":2},"end":{"line":250,"column":3}},"type":"if","locations":[{"start":{"line":225,"column":2},"end":{"line":250,"column":3}},{"start":{"line":225,"column":2},"end":{"line":250,"column":3}}],"line":225},"27":{"loc":{"start":{"line":226,"column":4},"end":{"line":229,"column":5}},"type":"if","locations":[{"start":{"line":226,"column":4},"end":{"line":229,"column":5}},{"start":{"line":226,"column":4},"end":{"line":229,"column":5}}],"line":226},"28":{"loc":{"start":{"line":232,"column":4},"end":{"line":234,"column":5}},"type":"if","locations":[{"start":{"line":232,"column":4},"end":{"line":234,"column":5}},{"start":{"line":232,"column":4},"end":{"line":234,"column":5}}],"line":232},"29":{"loc":{"start":{"line":238,"column":4},"end":{"line":242,"column":5}},"type":"if","locations":[{"start":{"line":238,"column":4},"end":{"line":242,"column":5}},{"start":{"line":238,"column":4},"end":{"line":242,"column":5}}],"line":238},"30":{"loc":{"start":{"line":247,"column":4},"end":{"line":249,"column":5}},"type":"if","locations":[{"start":{"line":247,"column":4},"end":{"line":249,"column":5}},{"start":{"line":247,"column":4},"end":{"line":249,"column":5}}],"line":247},"31":{"loc":{"start":{"line":261,"column":2},"end":{"line":266,"column":3}},"type":"if","locations":[{"start":{"line":261,"column":2},"end":{"line":266,"column":3}},{"start":{"line":261,"column":2},"end":{"line":266,"column":3}}],"line":261},"32":{"loc":{"start":{"line":282,"column":2},"end":{"line":288,"column":3}},"type":"if","locations":[{"start":{"line":282,"column":2},"end":{"line":288,"column":3}},{"start":{"line":282,"column":2},"end":{"line":288,"column":3}}],"line":282},"33":{"loc":{"start":{"line":285,"column":4},"end":{"line":287,"column":5}},"type":"if","locations":[{"start":{"line":285,"column":4},"end":{"line":287,"column":5}},{"start":{"line":285,"column":4},"end":{"line":287,"column":5}}],"line":285},"34":{"loc":{"start":{"line":290,"column":2},"end":{"line":293,"column":3}},"type":"if","locations":[{"start":{"line":290,"column":2},"end":{"line":293,"column":3}},{"start":{"line":290,"column":2},"end":{"line":293,"column":3}}],"line":290},"35":{"loc":{"start":{"line":305,"column":2},"end":{"line":307,"column":3}},"type":"if","locations":[{"start":{"line":305,"column":2},"end":{"line":307,"column":3}},{"start":{"line":305,"column":2},"end":{"line":307,"column":3}}],"line":305},"36":{"loc":{"start":{"line":324,"column":2},"end":{"line":343,"column":3}},"type":"if","locations":[{"start":{"line":324,"column":2},"end":{"line":343,"column":3}},{"start":{"line":324,"column":2},"end":{"line":343,"column":3}}],"line":324},"37":{"loc":{"start":{"line":325,"column":4},"end":{"line":327,"column":5}},"type":"if","locations":[{"start":{"line":325,"column":4},"end":{"line":327,"column":5}},{"start":{"line":325,"column":4},"end":{"line":327,"column":5}}],"line":325},"38":{"loc":{"start":{"line":330,"column":4},"end":{"line":338,"column":5}},"type":"if","locations":[{"start":{"line":330,"column":4},"end":{"line":338,"column":5}},{"start":{"line":330,"column":4},"end":{"line":338,"column":5}}],"line":330},"39":{"loc":{"start":{"line":357,"column":30},"end":{"line":357,"column":82}},"type":"binary-expr","locations":[{"start":{"line":357,"column":30},"end":{"line":357,"column":54}},{"start":{"line":357,"column":58},"end":{"line":357,"column":82}}],"line":357},"40":{"loc":{"start":{"line":359,"column":2},"end":{"line":391,"column":3}},"type":"if","locations":[{"start":{"line":359,"column":2},"end":{"line":391,"column":3}},{"start":{"line":359,"column":2},"end":{"line":391,"column":3}}],"line":359},"41":{"loc":{"start":{"line":360,"column":4},"end":{"line":362,"column":5}},"type":"if","locations":[{"start":{"line":360,"column":4},"end":{"line":362,"column":5}},{"start":{"line":360,"column":4},"end":{"line":362,"column":5}}],"line":360},"42":{"loc":{"start":{"line":364,"column":4},"end":{"line":366,"column":5}},"type":"if","locations":[{"start":{"line":364,"column":4},"end":{"line":366,"column":5}},{"start":{"line":364,"column":4},"end":{"line":366,"column":5}}],"line":364},"43":{"loc":{"start":{"line":364,"column":8},"end":{"line":364,"column":47}},"type":"binary-expr","locations":[{"start":{"line":364,"column":8},"end":{"line":364,"column":23}},{"start":{"line":364,"column":27},"end":{"line":364,"column":47}}],"line":364},"44":{"loc":{"start":{"line":368,"column":4},"end":{"line":373,"column":5}},"type":"if","locations":[{"start":{"line":368,"column":4},"end":{"line":373,"column":5}},{"start":{"line":368,"column":4},"end":{"line":373,"column":5}}],"line":368},"45":{"loc":{"start":{"line":379,"column":4},"end":{"line":383,"column":5}},"type":"if","locations":[{"start":{"line":379,"column":4},"end":{"line":383,"column":5}},{"start":{"line":379,"column":4},"end":{"line":383,"column":5}}],"line":379},"46":{"loc":{"start":{"line":385,"column":4},"end":{"line":387,"column":5}},"type":"if","locations":[{"start":{"line":385,"column":4},"end":{"line":387,"column":5}},{"start":{"line":385,"column":4},"end":{"line":387,"column":5}}],"line":385},"47":{"loc":{"start":{"line":388,"column":4},"end":{"line":390,"column":5}},"type":"if","locations":[{"start":{"line":388,"column":4},"end":{"line":390,"column":5}},{"start":{"line":388,"column":4},"end":{"line":390,"column":5}}],"line":388},"48":{"loc":{"start":{"line":388,"column":8},"end":{"line":388,"column":47}},"type":"binary-expr","locations":[{"start":{"line":388,"column":8},"end":{"line":388,"column":23}},{"start":{"line":388,"column":27},"end":{"line":388,"column":47}}],"line":388}},"s":{"0":121,"1":121,"2":121,"3":121,"4":208,"5":208,"6":200,"7":208,"8":3,"9":8,"10":3,"11":3,"12":3,"13":3,"14":3,"15":2,"16":0,"17":2,"18":2,"19":2,"20":2,"21":2,"22":2,"23":2,"24":1,"25":1,"26":0,"27":0,"28":0,"29":0,"30":0,"31":0,"32":1,"33":1,"34":1,"35":0,"36":1,"37":1,"38":101,"39":202,"40":101,"41":101,"42":101,"43":101,"44":8,"45":101,"46":101,"47":8,"48":101,"49":2,"50":2,"51":2,"52":2,"53":2,"54":0,"55":2,"56":1,"57":1,"58":1,"59":1,"60":1,"61":106,"62":234,"63":106,"64":106,"65":106,"66":45,"67":2,"68":2,"69":45,"70":45,"71":45,"72":2,"73":45,"74":45,"75":61,"76":8,"77":8,"78":8,"79":61,"80":61,"81":61,"82":61,"83":61,"84":8,"85":25,"86":111,"87":25,"88":25,"89":12,"90":12,"91":12,"92":25,"93":25,"94":25,"95":17,"96":47,"97":17,"98":17,"99":17,"100":8,"101":8,"102":7,"103":17,"104":17,"105":15,"106":8,"107":12,"108":8,"109":8,"110":4,"111":8,"112":36,"113":40,"114":36,"115":36,"116":36,"117":15,"118":2,"119":15,"120":21,"121":2,"122":21,"123":21,"124":21,"125":21,"126":61,"127":198,"128":61,"129":61,"130":61,"131":61,"132":61,"133":25,"134":2,"135":25,"136":25,"137":3,"138":36,"139":8,"140":8,"141":8,"142":8,"143":36,"144":36,"145":36,"146":36,"147":36,"148":25,"149":25,"150":25,"151":36,"152":36,"153":25,"154":36,"155":0,"156":121},"f":{"0":121,"1":121,"2":208,"3":3,"4":8,"5":101,"6":202,"7":2,"8":2,"9":106,"10":234,"11":25,"12":111,"13":17,"14":47,"15":8,"16":12,"17":36,"18":40,"19":61,"20":198,"21":121},"b":{"0":[121],"1":[121],"2":[121],"3":[121],"4":[121],"5":[121],"6":[121,121],"7":[121,121],"8":[121],"9":[121],"10":[121],"11":[121],"12":[200,8],"13":[208,207],"14":[2,1],"15":[0,2],"16":[1,0],"17":[0,1],"18":[0,0],"19":[0,0],"20":[0,1],"21":[93],"22":[8,93],"23":[8,93],"24":[0,2],"25":[1,1],"26":[45,61],"27":[2,43],"28":[2,43],"29":[8,53],"30":[8,53],"31":[12,13],"32":[8,9],"33":[7,1],"34":[15,2],"35":[4,4],"36":[15,21],"37":[2,13],"38":[2,19],"39":[61,0],"40":[25,36],"41":[2,23],"42":[3,22],"43":[25,3],"44":[8,28],"45":[25,11],"46":[25,11],"47":[0,36],"48":[36,0]},"_coverageSchema":"1a1c01bbd47fc00a2c39e90264f33305004495a9","hash":"d8396c99f1dee2a9805b79bb7f8b35bae711256e"}
,"/Users/necolas/OpenSource/github/necolas/react-native-web/packages/dom-event-testing-library/src/domEvents.js": {"path":"/Users/necolas/OpenSource/github/necolas/react-native-web/packages/dom-event-testing-library/src/domEvents.js","statementMap":{"0":{"start":{"line":31,"column":2},"end":{"line":33,"column":3}},"1":{"start":{"line":32,"column":4},"end":{"line":32,"column":32}},"2":{"start":{"line":34,"column":2},"end":{"line":36,"column":3}},"3":{"start":{"line":35,"column":4},"end":{"line":35,"column":33}},"4":{"start":{"line":37,"column":2},"end":{"line":39,"column":3}},"5":{"start":{"line":38,"column":4},"end":{"line":38,"column":33}},"6":{"start":{"line":40,"column":2},"end":{"line":42,"column":3}},"7":{"start":{"line":41,"column":4},"end":{"line":41,"column":34}},"8":{"start":{"line":61,"column":24},"end":{"line":61,"column":62}},"9":{"start":{"line":63,"column":23},"end":{"line":74,"column":3}},"10":{"start":{"line":67,"column":6},"end":{"line":67,"column":59}},"11":{"start":{"line":76,"column":2},"end":{"line":78,"column":3}},"12":{"start":{"line":77,"column":4},"end":{"line":77,"column":31}},"13":{"start":{"line":80,"column":2},"end":{"line":80,"column":41}},"14":{"start":{"line":112,"column":24},"end":{"line":112,"column":62}},"15":{"start":{"line":114,"column":2},"end":{"line":138,"column":5}},"16":{"start":{"line":123,"column":6},"end":{"line":123,"column":59}},"17":{"start":{"line":179,"column":24},"end":{"line":179,"column":62}},"18":{"start":{"line":180,"column":18},"end":{"line":180,"column":41}},"19":{"start":{"line":182,"column":2},"end":{"line":217,"column":5}},"20":{"start":{"line":191,"column":6},"end":{"line":191,"column":59}},"21":{"start":{"line":225,"column":2},"end":{"line":231,"column":5}},"22":{"start":{"line":239,"column":2},"end":{"line":239,"column":48}},"23":{"start":{"line":243,"column":2},"end":{"line":246,"column":5}},"24":{"start":{"line":250,"column":2},"end":{"line":253,"column":5}},"25":{"start":{"line":257,"column":2},"end":{"line":260,"column":5}},"26":{"start":{"line":264,"column":2},"end":{"line":264,"column":30}},"27":{"start":{"line":268,"column":2},"end":{"line":268,"column":49}},"28":{"start":{"line":272,"column":2},"end":{"line":272,"column":51}},"29":{"start":{"line":276,"column":2},"end":{"line":276,"column":52}},"30":{"start":{"line":280,"column":2},"end":{"line":280,"column":58}},"31":{"start":{"line":284,"column":2},"end":{"line":284,"column":49}},"32":{"start":{"line":288,"column":2},"end":{"line":288,"column":47}},"33":{"start":{"line":292,"column":2},"end":{"line":292,"column":38}},"34":{"start":{"line":296,"column":2},"end":{"line":296,"column":59}},"35":{"start":{"line":302,"column":4},"end":{"line":302,"column":95}},"36":{"start":{"line":304,"column":4},"end":{"line":304,"column":99}},"37":{"start":{"line":306,"column":2},"end":{"line":310,"column":5}},"38":{"start":{"line":314,"column":2},"end":{"line":314,"column":49}},"39":{"start":{"line":318,"column":2},"end":{"line":318,"column":49}},"40":{"start":{"line":322,"column":2},"end":{"line":327,"column":5}},"41":{"start":{"line":331,"column":2},"end":{"line":331,"column":47}},"42":{"start":{"line":335,"column":2},"end":{"line":335,"column":48}},"43":{"start":{"line":339,"column":2},"end":{"line":343,"column":5}},"44":{"start":{"line":346,"column":2},"end":{"line":359,"column":5}},"45":{"start":{"line":363,"column":18},"end":{"line":363,"column":68}},"46":{"start":{"line":364,"column":2},"end":{"line":369,"column":5}},"47":{"start":{"line":373,"column":2},"end":{"line":373,"column":53}},"48":{"start":{"line":377,"column":2},"end":{"line":377,"column":53}},"49":{"start":{"line":381,"column":2},"end":{"line":385,"column":5}},"50":{"start":{"line":389,"column":2},"end":{"line":389,"column":51}},"51":{"start":{"line":393,"column":2},"end":{"line":393,"column":52}},"52":{"start":{"line":397,"column":2},"end":{"line":402,"column":5}},"53":{"start":{"line":406,"column":2},"end":{"line":406,"column":51}},"54":{"start":{"line":410,"column":2},"end":{"line":410,"column":31}},"55":{"start":{"line":414,"column":2},"end":{"line":414,"column":40}},"56":{"start":{"line":418,"column":2},"end":{"line":418,"column":50}},"57":{"start":{"line":422,"column":2},"end":{"line":422,"column":47}},"58":{"start":{"line":426,"column":2},"end":{"line":426,"column":48}},"59":{"start":{"line":430,"column":2},"end":{"line":430,"column":49}},"60":{"start":{"line":434,"column":2},"end":{"line":448,"column":5}}},"fnMap":{"0":{"name":"emptyFunction","decl":{"start":{"line":28,"column":9},"end":{"line":28,"column":22}},"loc":{"start":{"line":28,"column":25},"end":{"line":28,"column":27}},"line":28},"1":{"name":"createGetModifierState","decl":{"start":{"line":30,"column":9},"end":{"line":30,"column":31}},"loc":{"start":{"line":30,"column":46},"end":{"line":43,"column":1}},"line":30},"2":{"name":"createKeyboardEvent","decl":{"start":{"line":49,"column":9},"end":{"line":49,"column":28}},"loc":{"start":{"line":60,"column":2},"end":{"line":81,"column":1}},"line":60},"3":{"name":"(anonymous_3)","decl":{"start":{"line":66,"column":4},"end":{"line":66,"column":5}},"loc":{"start":{"line":66,"column":29},"end":{"line":68,"column":5}},"line":66},"4":{"name":"createMouseEvent","decl":{"start":{"line":87,"column":9},"end":{"line":87,"column":25}},"loc":{"start":{"line":111,"column":2},"end":{"line":139,"column":1}},"line":111},"5":{"name":"(anonymous_5)","decl":{"start":{"line":122,"column":4},"end":{"line":122,"column":5}},"loc":{"start":{"line":122,"column":29},"end":{"line":124,"column":5}},"line":122},"6":{"name":"createPointerEvent","decl":{"start":{"line":145,"column":9},"end":{"line":145,"column":27}},"loc":{"start":{"line":178,"column":2},"end":{"line":218,"column":1}},"line":178},"7":{"name":"(anonymous_7)","decl":{"start":{"line":190,"column":4},"end":{"line":190,"column":5}},"loc":{"start":{"line":190,"column":29},"end":{"line":192,"column":5}},"line":190},"8":{"name":"createTouchEvent","decl":{"start":{"line":224,"column":9},"end":{"line":224,"column":25}},"loc":{"start":{"line":224,"column":41},"end":{"line":232,"column":1}},"line":224},"9":{"name":"blur","decl":{"start":{"line":238,"column":16},"end":{"line":238,"column":20}},"loc":{"start":{"line":238,"column":45},"end":{"line":240,"column":1}},"line":238},"10":{"name":"click","decl":{"start":{"line":242,"column":16},"end":{"line":242,"column":21}},"loc":{"start":{"line":242,"column":31},"end":{"line":247,"column":1}},"line":242},"11":{"name":"contextmenu","decl":{"start":{"line":249,"column":16},"end":{"line":249,"column":27}},"loc":{"start":{"line":249,"column":37},"end":{"line":254,"column":1}},"line":249},"12":{"name":"dragstart","decl":{"start":{"line":256,"column":16},"end":{"line":256,"column":25}},"loc":{"start":{"line":256,"column":35},"end":{"line":261,"column":1}},"line":256},"13":{"name":"error","decl":{"start":{"line":263,"column":16},"end":{"line":263,"column":21}},"loc":{"start":{"line":263,"column":24},"end":{"line":265,"column":1}},"line":263},"14":{"name":"focus","decl":{"start":{"line":267,"column":16},"end":{"line":267,"column":21}},"loc":{"start":{"line":267,"column":46},"end":{"line":269,"column":1}},"line":267},"15":{"name":"focusin","decl":{"start":{"line":271,"column":16},"end":{"line":271,"column":23}},"loc":{"start":{"line":271,"column":48},"end":{"line":273,"column":1}},"line":271},"16":{"name":"focusout","decl":{"start":{"line":275,"column":16},"end":{"line":275,"column":24}},"loc":{"start":{"line":275,"column":49},"end":{"line":277,"column":1}},"line":275},"17":{"name":"gotpointercapture","decl":{"start":{"line":279,"column":16},"end":{"line":279,"column":33}},"loc":{"start":{"line":279,"column":43},"end":{"line":281,"column":1}},"line":279},"18":{"name":"keydown","decl":{"start":{"line":283,"column":16},"end":{"line":283,"column":23}},"loc":{"start":{"line":283,"column":33},"end":{"line":285,"column":1}},"line":283},"19":{"name":"keyup","decl":{"start":{"line":287,"column":16},"end":{"line":287,"column":21}},"loc":{"start":{"line":287,"column":31},"end":{"line":289,"column":1}},"line":287},"20":{"name":"load","decl":{"start":{"line":291,"column":16},"end":{"line":291,"column":20}},"loc":{"start":{"line":291,"column":30},"end":{"line":293,"column":1}},"line":291},"21":{"name":"lostpointercapture","decl":{"start":{"line":295,"column":16},"end":{"line":295,"column":34}},"loc":{"start":{"line":295,"column":44},"end":{"line":297,"column":1}},"line":295},"22":{"name":"mousedown","decl":{"start":{"line":299,"column":16},"end":{"line":299,"column":25}},"loc":{"start":{"line":299,"column":35},"end":{"line":311,"column":1}},"line":299},"23":{"name":"mouseenter","decl":{"start":{"line":313,"column":16},"end":{"line":313,"column":26}},"loc":{"start":{"line":313,"column":36},"end":{"line":315,"column":1}},"line":313},"24":{"name":"mouseleave","decl":{"start":{"line":317,"column":16},"end":{"line":317,"column":26}},"loc":{"start":{"line":317,"column":36},"end":{"line":319,"column":1}},"line":317},"25":{"name":"mousemove","decl":{"start":{"line":321,"column":16},"end":{"line":321,"column":25}},"loc":{"start":{"line":321,"column":35},"end":{"line":328,"column":1}},"line":321},"26":{"name":"mouseout","decl":{"start":{"line":330,"column":16},"end":{"line":330,"column":24}},"loc":{"start":{"line":330,"column":34},"end":{"line":332,"column":1}},"line":330},"27":{"name":"mouseover","decl":{"start":{"line":334,"column":16},"end":{"line":334,"column":25}},"loc":{"start":{"line":334,"column":35},"end":{"line":336,"column":1}},"line":334},"28":{"name":"mouseup","decl":{"start":{"line":338,"column":16},"end":{"line":338,"column":23}},"loc":{"start":{"line":338,"column":33},"end":{"line":344,"column":1}},"line":338},"29":{"name":"pointercancel","decl":{"start":{"line":345,"column":16},"end":{"line":345,"column":29}},"loc":{"start":{"line":345,"column":39},"end":{"line":360,"column":1}},"line":345},"30":{"name":"pointerdown","decl":{"start":{"line":362,"column":16},"end":{"line":362,"column":27}},"loc":{"start":{"line":362,"column":37},"end":{"line":370,"column":1}},"line":362},"31":{"name":"pointerenter","decl":{"start":{"line":372,"column":16},"end":{"line":372,"column":28}},"loc":{"start":{"line":372,"column":38},"end":{"line":374,"column":1}},"line":372},"32":{"name":"pointerleave","decl":{"start":{"line":376,"column":16},"end":{"line":376,"column":28}},"loc":{"start":{"line":376,"column":38},"end":{"line":378,"column":1}},"line":376},"33":{"name":"pointermove","decl":{"start":{"line":380,"column":16},"end":{"line":380,"column":27}},"loc":{"start":{"line":380,"column":37},"end":{"line":386,"column":1}},"line":380},"34":{"name":"pointerout","decl":{"start":{"line":388,"column":16},"end":{"line":388,"column":26}},"loc":{"start":{"line":388,"column":36},"end":{"line":390,"column":1}},"line":388},"35":{"name":"pointerover","decl":{"start":{"line":392,"column":16},"end":{"line":392,"column":27}},"loc":{"start":{"line":392,"column":37},"end":{"line":394,"column":1}},"line":392},"36":{"name":"pointerup","decl":{"start":{"line":396,"column":16},"end":{"line":396,"column":25}},"loc":{"start":{"line":396,"column":35},"end":{"line":403,"column":1}},"line":396},"37":{"name":"scroll","decl":{"start":{"line":405,"column":16},"end":{"line":405,"column":22}},"loc":{"start":{"line":405,"column":25},"end":{"line":407,"column":1}},"line":405},"38":{"name":"select","decl":{"start":{"line":409,"column":16},"end":{"line":409,"column":22}},"loc":{"start":{"line":409,"column":25},"end":{"line":411,"column":1}},"line":409},"39":{"name":"selectionchange","decl":{"start":{"line":413,"column":16},"end":{"line":413,"column":31}},"loc":{"start":{"line":413,"column":34},"end":{"line":415,"column":1}},"line":413},"40":{"name":"touchcancel","decl":{"start":{"line":417,"column":16},"end":{"line":417,"column":27}},"loc":{"start":{"line":417,"column":37},"end":{"line":419,"column":1}},"line":417},"41":{"name":"touchend","decl":{"start":{"line":421,"column":16},"end":{"line":421,"column":24}},"loc":{"start":{"line":421,"column":34},"end":{"line":423,"column":1}},"line":421},"42":{"name":"touchmove","decl":{"start":{"line":425,"column":16},"end":{"line":425,"column":25}},"loc":{"start":{"line":425,"column":35},"end":{"line":427,"column":1}},"line":425},"43":{"name":"touchstart","decl":{"start":{"line":429,"column":16},"end":{"line":429,"column":26}},"loc":{"start":{"line":429,"column":36},"end":{"line":431,"column":1}},"line":429},"44":{"name":"virtualclick","decl":{"start":{"line":433,"column":16},"end":{"line":433,"column":28}},"loc":{"start":{"line":433,"column":38},"end":{"line":449,"column":1}},"line":433}},"branchMap":{"0":{"loc":{"start":{"line":31,"column":2},"end":{"line":33,"column":3}},"type":"if","locations":[{"start":{"line":31,"column":2},"end":{"line":33,"column":3}},{"start":{"line":31,"column":2},"end":{"line":33,"column":3}}],"line":31},"1":{"loc":{"start":{"line":32,"column":11},"end":{"line":32,"column":31}},"type":"binary-expr","locations":[{"start":{"line":32,"column":11},"end":{"line":32,"column":22}},{"start":{"line":32,"column":26},"end":{"line":32,"column":31}}],"line":32},"2":{"loc":{"start":{"line":34,"column":2},"end":{"line":36,"column":3}},"type":"if","locations":[{"start":{"line":34,"column":2},"end":{"line":36,"column":3}},{"start":{"line":34,"column":2},"end":{"line":36,"column":3}}],"line":34},"3":{"loc":{"start":{"line":35,"column":11},"end":{"line":35,"column":32}},"type":"binary-expr","locations":[{"start":{"line":35,"column":11},"end":{"line":35,"column":23}},{"start":{"line":35,"column":27},"end":{"line":35,"column":32}}],"line":35},"4":{"loc":{"start":{"line":37,"column":2},"end":{"line":39,"column":3}},"type":"if","locations":[{"start":{"line":37,"column":2},"end":{"line":39,"column":3}},{"start":{"line":37,"column":2},"end":{"line":39,"column":3}}],"line":37},"5":{"loc":{"start":{"line":38,"column":11},"end":{"line":38,"column":32}},"type":"binary-expr","locations":[{"start":{"line":38,"column":11},"end":{"line":38,"column":23}},{"start":{"line":38,"column":27},"end":{"line":38,"column":32}}],"line":38},"6":{"loc":{"start":{"line":40,"column":2},"end":{"line":42,"column":3}},"type":"if","locations":[{"start":{"line":40,"column":2},"end":{"line":42,"column":3}},{"start":{"line":40,"column":2},"end":{"line":42,"column":3}}],"line":40},"7":{"loc":{"start":{"line":41,"column":11},"end":{"line":41,"column":33}},"type":"binary-expr","locations":[{"start":{"line":41,"column":11},"end":{"line":41,"column":24}},{"start":{"line":41,"column":28},"end":{"line":41,"column":33}}],"line":41},"8":{"loc":{"start":{"line":51,"column":2},"end":{"line":59,"column":8}},"type":"default-arg","locations":[{"start":{"line":59,"column":6},"end":{"line":59,"column":8}}],"line":51},"9":{"loc":{"start":{"line":52,"column":4},"end":{"line":52,"column":18}},"type":"default-arg","locations":[{"start":{"line":52,"column":13},"end":{"line":52,"column":18}}],"line":52},"10":{"loc":{"start":{"line":53,"column":4},"end":{"line":53,"column":19}},"type":"default-arg","locations":[{"start":{"line":53,"column":14},"end":{"line":53,"column":19}}],"line":53},"11":{"loc":{"start":{"line":54,"column":4},"end":{"line":54,"column":23}},"type":"default-arg","locations":[{"start":{"line":54,"column":18},"end":{"line":54,"column":23}}],"line":54},"12":{"loc":{"start":{"line":55,"column":4},"end":{"line":55,"column":12}},"type":"default-arg","locations":[{"start":{"line":55,"column":10},"end":{"line":55,"column":12}}],"line":55},"13":{"loc":{"start":{"line":56,"column":4},"end":{"line":56,"column":19}},"type":"default-arg","locations":[{"start":{"line":56,"column":14},"end":{"line":56,"column":19}}],"line":56},"14":{"loc":{"start":{"line":57,"column":4},"end":{"line":57,"column":34}},"type":"default-arg","locations":[{"start":{"line":57,"column":21},"end":{"line":57,"column":34}}],"line":57},"15":{"loc":{"start":{"line":58,"column":4},"end":{"line":58,"column":20}},"type":"default-arg","locations":[{"start":{"line":58,"column":15},"end":{"line":58,"column":20}}],"line":58},"16":{"loc":{"start":{"line":76,"column":2},"end":{"line":78,"column":3}},"type":"if","locations":[{"start":{"line":76,"column":2},"end":{"line":78,"column":3}},{"start":{"line":76,"column":2},"end":{"line":78,"column":3}}],"line":76},"17":{"loc":{"start":{"line":89,"column":2},"end":{"line":110,"column":8}},"type":"default-arg","locations":[{"start":{"line":110,"column":6},"end":{"line":110,"column":8}}],"line":89},"18":{"loc":{"start":{"line":90,"column":4},"end":{"line":90,"column":18}},"type":"default-arg","locations":[{"start":{"line":90,"column":13},"end":{"line":90,"column":18}}],"line":90},"19":{"loc":{"start":{"line":91,"column":4},"end":{"line":91,"column":28}},"type":"default-arg","locations":[{"start":{"line":91,"column":13},"end":{"line":91,"column":28}}],"line":91},"20":{"loc":{"start":{"line":92,"column":4},"end":{"line":92,"column":30}},"type":"default-arg","locations":[{"start":{"line":92,"column":14},"end":{"line":92,"column":30}}],"line":92},"21":{"loc":{"start":{"line":93,"column":4},"end":{"line":93,"column":19}},"type":"default-arg","locations":[{"start":{"line":93,"column":14},"end":{"line":93,"column":19}}],"line":93},"22":{"loc":{"start":{"line":94,"column":4},"end":{"line":94,"column":14}},"type":"default-arg","locations":[{"start":{"line":94,"column":13},"end":{"line":94,"column":14}}],"line":94},"23":{"loc":{"start":{"line":95,"column":4},"end":{"line":95,"column":19}},"type":"default-arg","locations":[{"start":{"line":95,"column":14},"end":{"line":95,"column":19}}],"line":95},"24":{"loc":{"start":{"line":96,"column":4},"end":{"line":96,"column":17}},"type":"default-arg","locations":[{"start":{"line":96,"column":16},"end":{"line":96,"column":17}}],"line":96},"25":{"loc":{"start":{"line":97,"column":4},"end":{"line":97,"column":17}},"type":"default-arg","locations":[{"start":{"line":97,"column":16},"end":{"line":97,"column":17}}],"line":97},"26":{"loc":{"start":{"line":98,"column":4},"end":{"line":98,"column":15}},"type":"default-arg","locations":[{"start":{"line":98,"column":14},"end":{"line":98,"column":15}}],"line":98},"27":{"loc":{"start":{"line":99,"column":4},"end":{"line":99,"column":15}},"type":"default-arg","locations":[{"start":{"line":99,"column":14},"end":{"line":99,"column":15}}],"line":99},"28":{"loc":{"start":{"line":102,"column":4},"end":{"line":102,"column":34}},"type":"default-arg","locations":[{"start":{"line":102,"column":21},"end":{"line":102,"column":34}}],"line":102},"29":{"loc":{"start":{"line":106,"column":4},"end":{"line":106,"column":20}},"type":"default-arg","locations":[{"start":{"line":106,"column":15},"end":{"line":106,"column":20}}],"line":106},"30":{"loc":{"start":{"line":108,"column":4},"end":{"line":108,"column":9}},"type":"default-arg","locations":[{"start":{"line":108,"column":8},"end":{"line":108,"column":9}}],"line":108},"31":{"loc":{"start":{"line":109,"column":4},"end":{"line":109,"column":9}},"type":"default-arg","locations":[{"start":{"line":109,"column":8},"end":{"line":109,"column":9}}],"line":109},"32":{"loc":{"start":{"line":130,"column":11},"end":{"line":130,"column":21}},"type":"binary-expr","locations":[{"start":{"line":130,"column":11},"end":{"line":130,"column":16}},{"start":{"line":130,"column":20},"end":{"line":130,"column":21}}],"line":130},"33":{"loc":{"start":{"line":131,"column":11},"end":{"line":131,"column":21}},"type":"binary-expr","locations":[{"start":{"line":131,"column":11},"end":{"line":131,"column":16}},{"start":{"line":131,"column":20},"end":{"line":131,"column":21}}],"line":131},"34":{"loc":{"start":{"line":134,"column":13},"end":{"line":134,"column":40}},"type":"cond-expr","locations":[{"start":{"line":134,"column":29},"end":{"line":134,"column":36}},{"start":{"line":134,"column":39},"end":{"line":134,"column":40}}],"line":134},"35":{"loc":{"start":{"line":135,"column":13},"end":{"line":135,"column":67}},"type":"cond-expr","locations":[{"start":{"line":135,"column":29},"end":{"line":135,"column":36}},{"start":{"line":135,"column":39},"end":{"line":135,"column":67}}],"line":135},"36":{"loc":{"start":{"line":147,"column":2},"end":{"line":177,"column":8}},"type":"default-arg","locations":[{"start":{"line":177,"column":6},"end":{"line":177,"column":8}}],"line":147},"37":{"loc":{"start":{"line":148,"column":4},"end":{"line":148,"column":18}},"type":"default-arg","locations":[{"start":{"line":148,"column":13},"end":{"line":148,"column":18}}],"line":148},"38":{"loc":{"start":{"line":149,"column":4},"end":{"line":149,"column":28}},"type":"default-arg","locations":[{"start":{"line":149,"column":13},"end":{"line":149,"column":28}}],"line":149},"39":{"loc":{"start":{"line":150,"column":4},"end":{"line":150,"column":30}},"type":"default-arg","locations":[{"start":{"line":150,"column":14},"end":{"line":150,"column":30}}],"line":150},"40":{"loc":{"start":{"line":151,"column":4},"end":{"line":151,"column":19}},"type":"default-arg","locations":[{"start":{"line":151,"column":14},"end":{"line":151,"column":19}}],"line":151},"41":{"loc":{"start":{"line":152,"column":4},"end":{"line":152,"column":14}},"type":"default-arg","locations":[{"start":{"line":152,"column":13},"end":{"line":152,"column":14}}],"line":152},"42":{"loc":{"start":{"line":154,"column":4},"end":{"line":154,"column":19}},"type":"default-arg","locations":[{"start":{"line":154,"column":14},"end":{"line":154,"column":19}}],"line":154},"43":{"loc":{"start":{"line":155,"column":4},"end":{"line":155,"column":17}},"type":"default-arg","locations":[{"start":{"line":155,"column":16},"end":{"line":155,"column":17}}],"line":155},"44":{"loc":{"start":{"line":156,"column":4},"end":{"line":156,"column":17}},"type":"default-arg","locations":[{"start":{"line":156,"column":16},"end":{"line":156,"column":17}}],"line":156},"45":{"loc":{"start":{"line":157,"column":4},"end":{"line":157,"column":15}},"type":"default-arg","locations":[{"start":{"line":157,"column":14},"end":{"line":157,"column":15}}],"line":157},"46":{"loc":{"start":{"line":158,"column":4},"end":{"line":158,"column":15}},"type":"default-arg","locations":[{"start":{"line":158,"column":14},"end":{"line":158,"column":15}}],"line":158},"47":{"loc":{"start":{"line":162,"column":4},"end":{"line":162,"column":16}},"type":"default-arg","locations":[{"start":{"line":162,"column":15},"end":{"line":162,"column":16}}],"line":162},"48":{"loc":{"start":{"line":163,"column":4},"end":{"line":163,"column":34}},"type":"default-arg","locations":[{"start":{"line":163,"column":21},"end":{"line":163,"column":34}}],"line":163},"49":{"loc":{"start":{"line":164,"column":4},"end":{"line":164,"column":25}},"type":"default-arg","locations":[{"start":{"line":164,"column":18},"end":{"line":164,"column":25}}],"line":164},"50":{"loc":{"start":{"line":168,"column":4},"end":{"line":168,"column":20}},"type":"default-arg","locations":[{"start":{"line":168,"column":15},"end":{"line":168,"column":20}}],"line":168},"51":{"loc":{"start":{"line":169,"column":4},"end":{"line":169,"column":26}},"type":"default-arg","locations":[{"start":{"line":169,"column":25},"end":{"line":169,"column":26}}],"line":169},"52":{"loc":{"start":{"line":170,"column":4},"end":{"line":170,"column":13}},"type":"default-arg","locations":[{"start":{"line":170,"column":12},"end":{"line":170,"column":13}}],"line":170},"53":{"loc":{"start":{"line":171,"column":4},"end":{"line":171,"column":13}},"type":"default-arg","locations":[{"start":{"line":171,"column":12},"end":{"line":171,"column":13}}],"line":171},"54":{"loc":{"start":{"line":173,"column":4},"end":{"line":173,"column":13}},"type":"default-arg","locations":[{"start":{"line":173,"column":12},"end":{"line":173,"column":13}}],"line":173},"55":{"loc":{"start":{"line":175,"column":4},"end":{"line":175,"column":9}},"type":"default-arg","locations":[{"start":{"line":175,"column":8},"end":{"line":175,"column":9}}],"line":175},"56":{"loc":{"start":{"line":176,"column":4},"end":{"line":176,"column":9}},"type":"default-arg","locations":[{"start":{"line":176,"column":8},"end":{"line":176,"column":9}}],"line":176},"57":{"loc":{"start":{"line":193,"column":12},"end":{"line":193,"column":70}},"type":"cond-expr","locations":[{"start":{"line":193,"column":22},"end":{"line":193,"column":23}},{"start":{"line":193,"column":26},"end":{"line":193,"column":70}}],"line":193},"58":{"loc":{"start":{"line":193,"column":26},"end":{"line":193,"column":70}},"type":"cond-expr","locations":[{"start":{"line":193,"column":43},"end":{"line":193,"column":49}},{"start":{"line":193,"column":52},"end":{"line":193,"column":70}}],"line":193},"59":{"loc":{"start":{"line":199,"column":11},"end":{"line":199,"column":21}},"type":"binary-expr","locations":[{"start":{"line":199,"column":11},"end":{"line":199,"column":16}},{"start":{"line":199,"column":20},"end":{"line":199,"column":21}}],"line":199},"60":{"loc":{"start":{"line":200,"column":11},"end":{"line":200,"column":21}},"type":"binary-expr","locations":[{"start":{"line":200,"column":11},"end":{"line":200,"column":16}},{"start":{"line":200,"column":20},"end":{"line":200,"column":21}}],"line":200},"61":{"loc":{"start":{"line":207,"column":13},"end":{"line":207,"column":40}},"type":"cond-expr","locations":[{"start":{"line":207,"column":29},"end":{"line":207,"column":36}},{"start":{"line":207,"column":39},"end":{"line":207,"column":40}}],"line":207},"62":{"loc":{"start":{"line":208,"column":13},"end":{"line":208,"column":67}},"type":"cond-expr","locations":[{"start":{"line":208,"column":29},"end":{"line":208,"column":36}},{"start":{"line":208,"column":39},"end":{"line":208,"column":67}}],"line":208},"63":{"loc":{"start":{"line":216,"column":11},"end":{"line":216,"column":67}},"type":"cond-expr","locations":[{"start":{"line":216,"column":21},"end":{"line":216,"column":22}},{"start":{"line":216,"column":25},"end":{"line":216,"column":67}}],"line":216},"64":{"loc":{"start":{"line":216,"column":25},"end":{"line":216,"column":67}},"type":"cond-expr","locations":[{"start":{"line":216,"column":41},"end":{"line":216,"column":46}},{"start":{"line":216,"column":49},"end":{"line":216,"column":67}}],"line":216},"65":{"loc":{"start":{"line":238,"column":21},"end":{"line":238,"column":43}},"type":"default-arg","locations":[{"start":{"line":238,"column":41},"end":{"line":238,"column":43}}],"line":238},"66":{"loc":{"start":{"line":267,"column":22},"end":{"line":267,"column":44}},"type":"default-arg","locations":[{"start":{"line":267,"column":42},"end":{"line":267,"column":44}}],"line":267},"67":{"loc":{"start":{"line":271,"column":24},"end":{"line":271,"column":46}},"type":"default-arg","locations":[{"start":{"line":271,"column":44},"end":{"line":271,"column":46}}],"line":271},"68":{"loc":{"start":{"line":275,"column":25},"end":{"line":275,"column":47}},"type":"default-arg","locations":[{"start":{"line":275,"column":45},"end":{"line":275,"column":47}}],"line":275},"69":{"loc":{"start":{"line":302,"column":4},"end":{"line":302,"column":95}},"type":"cond-expr","locations":[{"start":{"line":302,"column":60},"end":{"line":302,"column":74}},{"start":{"line":302,"column":77},"end":{"line":302,"column":95}}],"line":302},"70":{"loc":{"start":{"line":302,"column":4},"end":{"line":302,"column":57}},"type":"binary-expr","locations":[{"start":{"line":302,"column":4},"end":{"line":302,"column":19}},{"start":{"line":302,"column":23},"end":{"line":302,"column":57}}],"line":302},"71":{"loc":{"start":{"line":304,"column":4},"end":{"line":304,"column":99}},"type":"cond-expr","locations":[{"start":{"line":304,"column":62},"end":{"line":304,"column":77}},{"start":{"line":304,"column":80},"end":{"line":304,"column":99}}],"line":304},"72":{"loc":{"start":{"line":304,"column":4},"end":{"line":304,"column":59}},"type":"binary-expr","locations":[{"start":{"line":304,"column":4},"end":{"line":304,"column":19}},{"start":{"line":304,"column":23},"end":{"line":304,"column":59}}],"line":304},"73":{"loc":{"start":{"line":363,"column":18},"end":{"line":363,"column":68}},"type":"binary-expr","locations":[{"start":{"line":363,"column":18},"end":{"line":363,"column":33}},{"start":{"line":363,"column":37},"end":{"line":363,"column":68}}],"line":363},"74":{"loc":{"start":{"line":367,"column":14},"end":{"line":367,"column":31}},"type":"cond-expr","locations":[{"start":{"line":367,"column":24},"end":{"line":367,"column":25}},{"start":{"line":367,"column":28},"end":{"line":367,"column":31}}],"line":367}},"s":{"0":0,"1":0,"2":0,"3":0,"4":0,"5":0,"6":0,"7":0,"8":19,"9":19,"10"
[...]
nd":{"line":25,"column":22}},"1":{"start":{"line":26,"column":16},"end":{"line":26,"column":17}},"2":{"start":{"line":29,"column":14},"end":{"line":29,"column":42}},"3":{"start":{"line":30,"column":2},"end":{"line":32,"column":3}},"4":{"start":{"line":31,"column":4},"end":{"line":31,"column":36}},"5":{"start":{"line":33,"column":2},"end":{"line":33,"column":21}},"6":{"start":{"line":37,"column":13},"end":{"line":37,"column":41}},"7":{"start":{"line":37,"column":29},"end":{"line":37,"column":40}},"8":{"start":{"line":38,"column":24},"end":{"line":38,"column":43}},"9":{"start":{"line":43,"column":2},"end":{"line":48,"column":11}},"10":{"start":{"line":44,"column":4},"end":{"line":44,"column":38}},"11":{"start":{"line":45,"column":4},"end":{"line":47,"column":6}},"12":{"start":{"line":46,"column":6},"end":{"line":46,"column":37}},"13":{"start":{"line":51,"column":2},"end":{"line":82,"column":28}},"14":{"start":{"line":61,"column":8},"end":{"line":61,"column":14}},"15":{"start":{"line":64,"column":6},"end":{"line":71,"column":46}},"16":{"start":{"line":73,"column":17},"end":{"line":73,"column":32}},"17":{"start":{"line":75,"column":4},"end":{"line":81,"column":5}},"18":{"start":{"line":76,"column":6},"end":{"line":76,"column":48}},"19":{"start":{"line":77,"column":6},"end":{"line":77,"column":35}},"20":{"start":{"line":78,"column":11},"end":{"line":81,"column":5}},"21":{"start":{"line":79,"column":6},"end":{"line":79,"column":37}},"22":{"start":{"line":80,"column":6},"end":{"line":80,"column":36}},"23":{"start":{"line":84,"column":2},"end":{"line":84,"column":95}},"24":{"start":{"line":85,"column":2},"end":{"line":85,"column":30}}},"fnMap":{"0":{"name":"useStable","decl":{"start":{"line":28,"column":9},"end":{"line":28,"column":18}},"loc":{"start":{"line":28,"column":51},"end":{"line":34,"column":1}},"line":28},"1":{"name":"useResponderEvents","decl":{"start":{"line":36,"column":24},"end":{"line":36,"column":42}},"loc":{"start":{"line":36,"column":96},"end":{"line":86,"column":1}},"line":36},"2":{"name":"(anonymous_2)","decl":{"start":{"line":37,"column":23},"end":{"line":37,"column":24}},"loc":{"start":{"line":37,"column":29},"end":{"line":37,"column":40}},"line":37},"3":{"name":"(anonymous_3)","decl":{"start":{"line":43,"column":18},"end":{"line":43,"column":19}},"loc":{"start":{"line":43,"column":24},"end":{"line":48,"column":3}},"line":43},"4":{"name":"(anonymous_4)","decl":{"start":{"line":45,"column":11},"end":{"line":45,"column":12}},"loc":{"start":{"line":45,"column":17},"end":{"line":47,"column":5}},"line":45},"5":{"name":"(anonymous_5)","decl":{"start":{"line":51,"column":18},"end":{"line":51,"column":19}},"loc":{"start":{"line":51,"column":24},"end":{"line":82,"column":3}},"line":51}},"branchMap":{"0":{"loc":{"start":{"line":30,"column":2},"end":{"line":32,"column":3}},"type":"if","locations":[{"start":{"line":30,"column":2},"end":{"line":32,"column":3}},{"start":{"line":30,"column":2},"end":{"line":32,"column":3}}],"line":30},"1":{"loc":{"start":{"line":36,"column":57},"end":{"line":36,"column":94}},"type":"default-arg","locations":[{"start":{"line":36,"column":83},"end":{"line":36,"column":94}}],"line":36},"2":{"loc":{"start":{"line":64,"column":6},"end":{"line":71,"column":46}},"type":"binary-expr","locations":[{"start":{"line":64,"column":6},"end":{"line":64,"column":38}},{"start":{"line":65,"column":6},"end":{"line":65,"column":45}},{"start":{"line":66,"column":6},"end":{"line":66,"column":40}},{"start":{"line":67,"column":6},"end":{"line":67,"column":47}},{"start":{"line":68,"column":6},"end":{"line":68,"column":49}},{"start":{"line":69,"column":6},"end":{"line":69,"column":56}},{"start":{"line":70,"column":6},"end":{"line":70,"column":39}},{"start":{"line":71,"column":6},"end":{"line":71,"column":46}}],"line":64},"3":{"loc":{"start":{"line":75,"column":4},"end":{"line":81,"column":5}},"type":"if","locations":[{"start":{"line":75,"column":4},"end":{"line":81,"column":5}},{"start":{"line":75,"column":4},"end":{"line":81,"column":5}}],"line":75},"4":{"loc":{"start":{"line":78,"column":11},"end":{"line":81,"column":5}},"type":"if","locations":[{"start":{"line":78,"column":11},"end":{"line":81,"column":5}},{"start":{"line":78,"column":11},"end":{"line":81,"column":5}}],"line":78}},"s":{"0":17,"1":17,"2":740,"3":740,"4":575,"5":740,"6":740,"7":575,"8":740,"9":740,"10":573,"11":573,"12":570,"13":740,"14":738,"15":738,"16":738,"17":738,"18":180,"19":180,"20":558,"21":0,"22":0,"23":740,"24":740},"f":{"0":740,"1":740,"2":575,"3":573,"4":570,"5":738},"b":{"0":[575,165],"1":[0],"2":[738,703,685,672,664,664,664,577],"3":[180,558],"4":[0,558]},"_coverageSchema":"1a1c01bbd47fc00a2c39e90264f33305004495a9","hash":"2805239447b68475aea7cb19a71b3da652395907"}
,"/Users/necolas/OpenSource/github/necolas/react-native-web/packages/react-native-web/src/modules/useResponderEvents/utils.js": {"path":"/Users/necolas/OpenSource/github/necolas/react-native-web/packages/react-native-web/src/modules/useResponderEvents/utils.js","statementMap":{"0":{"start":{"line":12,"column":16},"end":{"line":12,"column":36}},"1":{"start":{"line":18,"column":2},"end":{"line":27,"column":3}},"2":{"start":{"line":19,"column":19},"end":{"line":19,"column":51}},"3":{"start":{"line":20,"column":4},"end":{"line":20,"column":40}},"4":{"start":{"line":23,"column":6},"end":{"line":25,"column":47}},"5":{"start":{"line":26,"column":4},"end":{"line":26,"column":16}},"6":{"start":{"line":31,"column":15},"end":{"line":31,"column":17}},"7":{"start":{"line":32,"column":2},"end":{"line":35,"column":3}},"8":{"start":{"line":33,"column":4},"end":{"line":33,"column":22}},"9":{"start":{"line":34,"column":4},"end":{"line":34,"column":31}},"10":{"start":{"line":36,"column":2},"end":{"line":36,"column":14}},"11":{"start":{"line":43,"column":2},"end":{"line":45,"column":3}},"12":{"start":{"line":44,"column":4},"end":{"line":44,"column":25}},"13":{"start":{"line":46,"column":2},"end":{"line":46,"column":14}},"14":{"start":{"line":53,"column":2},"end":{"line":55,"column":3}},"15":{"start":{"line":54,"column":4},"end":{"line":54,"column":23}},"16":{"start":{"line":64,"column":17},"end":{"line":64,"column":19}},"17":{"start":{"line":65,"column":19},"end":{"line":65,"column":21}},"18":{"start":{"line":66,"column":20},"end":{"line":66,"column":42}},"19":{"start":{"line":67,"column":2},"end":{"line":74,"column":3}},"20":{"start":{"line":67,"column":15},"end":{"line":67,"column":16}},"21":{"start":{"line":68,"column":17},"end":{"line":68,"column":29}},"22":{"start":{"line":69,"column":15},"end":{"line":69,"column":35}},"23":{"start":{"line":70,"column":4},"end":{"line":73,"column":5}},"24":{"start":{"line":71,"column":6},"end":{"line":71,"column":22}},"25":{"start":{"line":72,"column":6},"end":{"line":72,"column":26}},"26":{"start":{"line":75,"column":2},"end":{"line":75,"column":30}},"27":{"start":{"line":82,"column":20},"end":{"line":82,"column":32}},"28":{"start":{"line":83,"column":20},"end":{"line":83,"column":32}},"29":{"start":{"line":84,"column":2},"end":{"line":93,"column":3}},"30":{"start":{"line":92,"column":4},"end":{"line":92,"column":16}},"31":{"start":{"line":95,"column":14},"end":{"line":95,"column":22}},"32":{"start":{"line":96,"column":15},"end":{"line":96,"column":16}},"33":{"start":{"line":97,"column":14},"end":{"line":97,"column":22}},"34":{"start":{"line":98,"column":15},"end":{"line":98,"column":16}},"35":{"start":{"line":101,"column":2},"end":{"line":105,"column":3}},"36":{"start":{"line":102,"column":4},"end":{"line":102,"column":39}},"37":{"start":{"line":103,"column":4},"end":{"line":103,"column":26}},"38":{"start":{"line":104,"column":4},"end":{"line":104,"column":30}},"39":{"start":{"line":108,"column":2},"end":{"line":112,"column":3}},"40":{"start":{"line":109,"column":4},"end":{"line":109,"column":39}},"41":{"start":{"line":110,"column":4},"end":{"line":110,"column":26}},"42":{"start":{"line":111,"column":4},"end":{"line":111,"column":30}},"43":{"start":{"line":115,"column":14},"end":{"line":115,"column":25}},"44":{"start":{"line":116,"column":2},"end":{"line":122,"column":3}},"45":{"start":{"line":117,"column":4},"end":{"line":119,"column":5}},"46":{"start":{"line":118,"column":6},"end":{"line":118,"column":19}},"47":{"start":{"line":120,"column":4},"end":{"line":120,"column":28}},"48":{"start":{"line":121,"column":4},"end":{"line":121,"column":28}},"49":{"start":{"line":123,"column":2},"end":{"line":123,"column":14}},"50":{"start":{"line":131,"column":2},"end":{"line":133,"column":3}},"51":{"start":{"line":132,"column":4},"end":{"line":132,"column":17}},"52":{"start":{"line":134,"column":2},"end":{"line":141,"column":3}},"53":{"start":{"line":134,"column":15},"end":{"line":134,"column":16}},"54":{"start":{"line":135,"column":17},"end":{"line":135,"column":34}},"55":{"start":{"line":136,"column":4},"end":{"line":140,"column":5}},"56":{"start":{"line":137,"column":6},"end":{"line":139,"column":7}},"57":{"start":{"line":138,"column":8},"end":{"line":138,"column":20}},"58":{"start":{"line":142,"column":2},"end":{"line":142,"column":15}},"59":{"start":{"line":150,"column":2},"end":{"line":152,"column":3}},"60":{"start":{"line":151,"column":4},"end":{"line":151,"column":30}},"61":{"start":{"line":153,"column":2},"end":{"line":153,"column":36}},"62":{"start":{"line":160,"column":53},"end":{"line":160,"column":61}},"63":{"start":{"line":161,"column":18},"end":{"line":161,"column":63}},"64":{"start":{"line":162,"column":29},"end":{"line":162,"column":84}},"65":{"start":{"line":163,"column":29},"end":{"line":163,"column":66}},"66":{"start":{"line":164,"column":22},"end":{"line":164,"column":59}},"67":{"start":{"line":166,"column":2},"end":{"line":168,"column":3}},"68":{"start":{"line":167,"column":4},"end":{"line":167,"column":16}},"69":{"start":{"line":169,"column":2},"end":{"line":169,"column":15}}},"fnMap":{"0":{"name":"getEventPath","decl":{"start":{"line":14,"column":9},"end":{"line":14,"column":21}},"loc":{"start":{"line":14,"column":49},"end":{"line":28,"column":1}},"line":14},"1":{"name":"composedPathFallback","decl":{"start":{"line":30,"column":9},"end":{"line":30,"column":29}},"loc":{"start":{"line":30,"column":55},"end":{"line":37,"column":1}},"line":30},"2":{"name":"getResponderId","decl":{"start":{"line":42,"column":9},"end":{"line":42,"column":23}},"loc":{"start":{"line":42,"column":44},"end":{"line":47,"column":1}},"line":42},"3":{"name":"setResponderId","decl":{"start":{"line":52,"column":16},"end":{"line":52,"column":30}},"loc":{"start":{"line":52,"column":54},"end":{"line":56,"column":1}},"line":52},"4":{"name":"getResponderPaths","decl":{"start":{"line":61,"column":16},"end":{"line":61,"column":33}},"loc":{"start":{"line":63,"column":53},"end":{"line":76,"column":1}},"line":63},"5":{"name":"getLowestCommonAncestor","decl":{"start":{"line":81,"column":16},"end":{"line":81,"column":39}},"loc":{"start":{"line":81,"column":83},"end":{"line":124,"column":1}},"line":81},"6":{"name":"hasTargetTouches","decl":{"start":{"line":130,"column":16},"end":{"line":130,"column":32}},"loc":{"start":{"line":130,"column":69},"end":{"line":143,"column":1}},"line":130},"7":{"name":"hasValidSelection","decl":{"start":{"line":149,"column":16},"end":{"line":149,"column":33}},"loc":{"start":{"line":149,"column":58},"end":{"line":154,"column":1}},"line":149},"8":{"name":"isPrimaryPointerDown","decl":{"start":{"line":159,"column":16},"end":{"line":159,"column":36}},"loc":{"start":{"line":159,"column":61},"end":{"line":170,"column":1}},"line":159}},"branchMap":{"0":{"loc":{"start":{"line":18,"column":2},"end":{"line":27,"column":3}},"type":"if","locations":[{"start":{"line":18,"column":2},"end":{"line":27,"column":3}},{"start":{"line":18,"column":2},"end":{"line":27,"column":3}}],"line":18},"1":{"loc":{"start":{"line":23,"column":6},"end":{"line":25,"column":47}},"type":"cond-expr","locations":[{"start":{"line":24,"column":10},"end":{"line":24,"column":33}},{"start":{"line":25,"column":10},"end":{"line":25,"column":47}}],"line":23},"2":{"loc":{"start":{"line":32,"column":9},"end":{"line":32,"column":51}},"type":"binary-expr","locations":[{"start":{"line":32,"column":9},"end":{"line":32,"column":23}},{"start":{"line":32,"column":27},"end":{"line":32,"column":51}}],"line":32},"3":{"loc":{"start":{"line":43,"column":2},"end":{"line":45,"column":3}},"type":"if","locations":[{"start":{"line":43,"column":2},"end":{"line":45,"column":3}},{"start":{"line":43,"column":2},"end":{"line":45,"column":3}}],"line":43},"4":{"loc":{"start":{"line":53,"column":2},"end":{"line":55,"column":3}},"type":"if","locations":[{"start":{"line":53,"column":2},"end":{"line":55,"column":3}},{"start":{"line":53,"column":2},"end":{"line":55,"column":3}}],"line":53},"5":{"loc":{"start":{"line":70,"column":4},"end":{"line":73,"column":5}},"type":"if","locations":[{"start":{"line":70,"column":4},"end":{"line":73,"column":5}},{"start":{"line":70,"column":4},"end":{"line":73,"column":5}}],"line":70},"6":{"loc":{"start":{"line":84,"column":2},"end":{"line":93,"column":3}},"type":"if","locations":[{"start":{"line":84,"column":2},"end":{"line":93,"column":3}},{"start":{"line":84,"column":2},"end":{"line":93,"column":3}}],"line":84},"7":{"loc":{"start":{"line":86,"column":4},"end":{"line":90,"column":53}},"type":"binary-expr","locations":[{"start":{"line":86,"column":4},"end":{"line":86,"column":21}},{"start":{"line":87,"column":4},"end":{"line":87,"column":21}},{"start":{"line":90,"column":4},"end":{"line":90,"column":53}}],"line":86},"8":{"loc":{"start":{"line":101,"column":2},"end":{"line":105,"column":3}},"type":"if","locations":[{"start":{"line":101,"column":2},"end":{"line":105,"column":3}},{"start":{"line":101,"column":2},"end":{"line":105,"column":3}}],"line":101},"9":{"loc":{"start":{"line":108,"column":2},"end":{"line":112,"column":3}},"type":"if","locations":[{"start":{"line":108,"column":2},"end":{"line":112,"column":3}},{"start":{"line":108,"column":2},"end":{"line":112,"column":3}}],"line":108},"10":{"loc":{"start":{"line":117,"column":4},"end":{"line":119,"column":5}},"type":"if","locations":[{"start":{"line":117,"column":4},"end":{"line":119,"column":5}},{"start":{"line":117,"column":4},"end":{"line":119,"column":5}}],"line":117},"11":{"loc":{"start":{"line":131,"column":2},"end":{"line":133,"column":3}},"type":"if","locations":[{"start":{"line":131,"column":2},"end":{"line":133,"column":3}},{"start":{"line":131,"column":2},"end":{"line":133,"column":3}}],"line":131},"12":{"loc":{"start":{"line":131,"column":6},"end":{"line":131,"column":38}},"type":"binary-expr","locations":[{"start":{"line":131,"column":6},"end":{"line":131,"column":14}},{"start":{"line":131,"column":18},"end":{"line":131,"column":38}}],"line":131},"13":{"loc":{"start":{"line":136,"column":4},"end":{"line":140,"column":5}},"type":"if","locations":[{"start":{"line":136,"column":4},"end":{"line":140,"column":5}},{"start":{"line":136,"column":4},"end":{"line":140,"column":5}}],"line":136},"14":{"loc":{"start":{"line":137,"column":6},"end":{"line":139,"column":7}},"type":"if","locations":[{"start":{"line":137,"column":6},"end":{"line":139,"column":7}},{"start":{"line":137,"column":6},"end":{"line":139,"column":7}}],"line":137},"15":{"loc":{"start":{"line":150,"column":2},"end":{"line":152,"column":3}},"type":"if","locations":[{"start":{"line":150,"column":2},"end":{"line":152,"column":3}},{"start":{"line":150,"column":2},"end":{"line":152,"column":3}}],"line":150},"16":{"loc":{"start":{"line":161,"column":18},"end":{"line":161,"column":63}},"type":"binary-expr","locations":[{"start":{"line":161,"column":18},"end":{"line":161,"column":39}},{"start":{"line":161,"column":43},"end":{"line":161,"column":63}}],"line":161},"17":{"loc":{"start":{"line":162,"column":29},"end":{"line":162,"column":84}},"type":"binary-expr","locations":[{"start":{"line":162,"column":29},"end":{"line":162,"column":49}},{"start":{"line":162,"column":54},"end":{"line":162,"column":66}},{"start":{"line":162,"column":70},"end":{"line":162,"column":83}}],"line":162},"18":{"loc":{"start":{"line":163,"column":29},"end":{"line":163,"column":66}},"type":"binary-expr","locations":[{"start":{"line":163,"column":29},"end":{"line":163,"column":49}},{"start":{"line":163,"column":53},"end":{"line":163,"column":66}}],"line":163},"19":{"loc":{"start":{"line":164,"column":22},"end":{"line":164,"column":59}},"type":"binary-expr","locations":[{"start":{"line":164,"column":22},"end":{"line":164,"column":38}},{"start":{"line":164,"column":42},"end":{"line":164,"column":59}}],"line":164},"20":{"loc":{"start":{"line":166,"column":2},"end":{"line":168,"column":3}},"type":"if","locations":[{"start":{"line":166,"column":2},"end":{"line":168,"column":3}},{"start":{"line":166,"column":2},"end":{"line":168,"column":3}}],"line":166},"21":{"loc":{"start":{"line":166,"column":6},"end":{"line":166,"column":91}},"type":"binary-expr","locations":[{"start":{"line":166,"column":6},"end":{"line":166,"column":13}},{"start":{"line":166,"column":18},"end":{"line":166,"column":36}},{"start":{"line":166,"column":40},"end":{"line":166,"column":51}},{"start":{"line":166,"column":57},"end":{"line":166,"column":75}},{"start":{"line":166,"column":79},"end":{"line":166,"column":90}}],"line":166}},"s":{"0":17,"1":250,"2":3,"3":3,"4":247,"5":247,"6":3,"7":3,"8":8,"9":8,"10":3,"11":1660,"12":1660,"13":0,"14":180,"15":180,"16":250,"17":250,"18":250,"19":250,"20":250,"21":1660,"22":1660,"23":1660,"24":367,"25":367,"26":250,"27":32,"28":32,"29":32,"30":5,"31":27,"32":27,"33":27,"34":27,"35":27,"36":4,"37":4,"38":4,"39":27,"40":3,"41":3,"42":3,"43":27,"44":27,"45":31,"46":27,"47":4,"48":4,"49":0,"50":41,"51":37,"52":4,"53":4,"54":4,"55":4,"56":4,"57":3,"58":1,"59":5,"60":3,"61":2,"62":93,"63":93,"64":93,"65":93,"66":93,"67":93,"68":84,"69":9},"f":{"0":250,"1":3,"2":1660,"3":180,"4":250,"5":32,"6":41,"7":5,"8":93},"b":{"0":[3,247],"1":[247,0],"2":[11,11],"3":[1660,0],"4":[180,0],"5":[367,1293],"6":[5,27],"7":[32,32,28],"8":[4,23],"9":[3,24],"10":[27,4],"11":[37,4],"12":[41,21],"13":[4,0],"14":[3,1],"15":[3,2],"16":[93,44],"17":[93,44,7],"18":[93,0],"19":[93,92],"20":[84,9],"21":[93,44,37,9,0]},"_coverageSchema":"1a1c01bbd47fc00a2c39e90264f33305004495a9","hash":"efa4abbeeac21b855813930cacb5d51d306cb3fe"}
,"/Users/necolas/OpenSource/github/necolas/react-native-web/packages/react-native-web/src/modules/useStable/index.js": {"path":"/Users/necolas/OpenSource/github/necolas/react-native-web/packages/react-native-web/src/modules/useStable/index.js","statementMap":{"0":{"start":{"line":13,"column":2},"end":{"line":13,"column":93}},"1":{"start":{"line":16,"column":14},"end":{"line":16,"column":41}},"2":{"start":{"line":17,"column":2},"end":{"line":19,"column":3}},"3":{"start":{"line":18,"column":4},"end":{"line":18,"column":36}},"4":{"start":{"line":21,"column":2},"end":{"line":21,"column":21}}},"fnMap":{"0":{"name":"useStable","decl":{"start":{"line":15,"column":24},"end":{"line":15,"column":33}},"loc":{"start":{"line":15,"column":66},"end":{"line":22,"column":1}},"line":15}},"branchMap":{"0":{"loc":{"start":{"line":13,"column":2},"end":{"line":13,"column":93}},"type":"cond-expr","locations":[{"start":{"line":13,"column":65},"end":{"line":13,"column":73}},{"start":{"line":13,"column":76},"end":{"line":13,"column":93}}],"line":13},"1":{"loc":{"start":{"line":13,"column":2},"end":{"line":13,"column":62}},"type":"binary-expr","locations":[{"start":{"line":13,"column":2},"end":{"line":13,"column":30}},{"start":{"line":13,"column":34},"end":{"line":13,"column":62}}],"line":13},"2":{"loc":{"start":{"line":17,"column":2},"end":{"line":19,"column":3}},"type":"if","locations":[{"start":{"line":17,"column":2},"end":{"line":19,"column":3}},{"start":{"line":17,"column":2},"end":{"line":19,"column":3}}],"line":17}},"s":{"0":20,"1":1181,"2":1181,"3":929,"4":1181},"f":{"0":1181},"b":{"0":[20,0],"1":[20,20],"2":[929,252]},"_coverageSchema":"1a1c01bbd47fc00a2c39e90264f33305004495a9","hash":"60e1a094170deb8a711e0eb25398d209bb9ba400"}
}
