{"/Users/nicolas/Localbox/Code/github.com/necolas/react-native-web/packages/babel-plugin-react-native-web/src/index.js": {"path":"/Users/nicolas/Localbox/Code/github.com/necolas/react-native-web/packages/babel-plugin-react-native-web/src/index.js","statementMap":{"0":{"start":{"line":1,"column":24},"end":{"line":2,"column":72}},"1":{"start":{"line":2,"column":2},"end":{"line":2,"column":72}},"2":{"start":{"line":4,"column":29},"end":{"line":18,"column":1}},"3":{"start":{"line":5,"column":27},"end":{"line":5,"column":31}},"4":{"start":{"line":6,"column":2},"end":{"line":8,"column":3}},"5":{"start":{"line":7,"column":4},"end":{"line":7,"column":17}},"6":{"start":{"line":9,"column":23},"end":{"line":9,"column":38}},"7":{"start":{"line":10,"column":2},"end":{"line":17,"column":4}},"8":{"start":{"line":20,"column":28},"end":{"line":23,"column":19}},"9":{"start":{"line":21,"column":2},"end":{"line":23,"column":19}},"10":{"start":{"line":25,"column":0},"end":{"line":126,"column":2}},"11":{"start":{"line":26,"column":2},"end":{"line":125,"column":4}},"12":{"start":{"line":30,"column":31},"end":{"line":30,"column":40}},"13":{"start":{"line":31,"column":8},"end":{"line":53,"column":9}},"14":{"start":{"line":32,"column":26},"end":{"line":50,"column":28}},"15":{"start":{"line":34,"column":14},"end":{"line":44,"column":15}},"16":{"start":{"line":35,"column":35},"end":{"line":35,"column":58}},"17":{"start":{"line":36,"column":37},"end":{"line":36,"column":64}},"18":{"start":{"line":38,"column":16},"end":{"line":43,"column":17}},"19":{"start":{"line":39,"column":18},"end":{"line":42,"column":20}},"20":{"start":{"line":45,"column":14},"end":{"line":48,"column":16}},"21":{"start":{"line":52,"column":10},"end":{"line":52,"column":44}},"22":{"start":{"line":56,"column":31},"end":{"line":56,"column":40}},"23":{"start":{"line":57,"column":8},"end":{"line":82,"column":9}},"24":{"start":{"line":58,"column":26},"end":{"line":79,"column":28}},"25":{"start":{"line":60,"column":14},"end":{"line":72,"column":15}},"26":{"start":{"line":61,"column":35},"end":{"line":61,"column":58}},"27":{"start":{"line":62,"column":34},"end":{"line":62,"column":54}},"28":{"start":{"line":63,"column":37},"end":{"line":63,"column":63}},"29":{"start":{"line":65,"column":16},"end":{"line":71,"column":17}},"30":{"start":{"line":66,"column":18},"end":{"line":70,"column":20}},"31":{"start":{"line":73,"column":14},"end":{"line":77,"column":16}},"32":{"start":{"line":81,"column":10},"end":{"line":81,"column":44}},"33":{"start":{"line":85,"column":8},"end":{"line":122,"column":9}},"34":{"start":{"line":86,"column":25},"end":{"line":86,"column":50}},"35":{"start":{"line":87,"column":10},"end":{"line":121,"column":11}},"36":{"start":{"line":88,"column":28},"end":{"line":103,"column":30}},"37":{"start":{"line":90,"column":37},"end":{"line":90,"column":73}},"38":{"start":{"line":91,"column":16},"end":{"line":101,"column":17}},"39":{"start":{"line":92,"column":18},"end":{"line":100,"column":21}},"40":{"start":{"line":105,"column":12},"end":{"line":105,"column":46}},"41":{"start":{"line":106,"column":17},"end":{"line":121,"column":11}},"42":{"start":{"line":107,"column":25},"end":{"line":107,"column":32}},"43":{"start":{"line":108,"column":32},"end":{"line":118,"column":14}},"44":{"start":{"line":120,"column":12},"end":{"line":120,"column":42}}},"fnMap":{"0":{"name":"(anonymous_0)","decl":{"start":{"line":1,"column":24},"end":{"line":1,"column":25}},"loc":{"start":{"line":2,"column":2},"end":{"line":2,"column":72}},"line":2},"1":{"name":"(anonymous_1)","decl":{"start":{"line":4,"column":29},"end":{"line":4,"column":30}},"loc":{"start":{"line":4,"column":42},"end":{"line":18,"column":1}},"line":4},"2":{"name":"(anonymous_2)","decl":{"start":{"line":20,"column":28},"end":{"line":20,"column":29}},"loc":{"start":{"line":21,"column":2},"end":{"line":23,"column":19}},"line":21},"3":{"name":"(anonymous_3)","decl":{"start":{"line":25,"column":17},"end":{"line":25,"column":18}},"loc":{"start":{"line":25,"column":40},"end":{"line":126,"column":1}},"line":25},"4":{"name":"(anonymous_4)","decl":{"start":{"line":33,"column":17},"end":{"line":33,"column":18}},"loc":{"start":{"line":33,"column":30},"end":{"line":49,"column":13}},"line":33},"5":{"name":"(anonymous_5)","decl":{"start":{"line":59,"column":17},"end":{"line":59,"column":18}},"loc":{"start":{"line":59,"column":30},"end":{"line":78,"column":13}},"line":59},"6":{"name":"(anonymous_6)","decl":{"start":{"line":89,"column":19},"end":{"line":89,"column":20}},"loc":{"start":{"line":89,"column":33},"end":{"line":102,"column":15}},"line":89}},"branchMap":{"0":{"loc":{"start":{"line":2,"column":2},"end":{"line":2,"column":72}},"type":"cond-expr","locations":[{"start":{"line":2,"column":15},"end":{"line":2,"column":60}},{"start":{"line":2,"column":63},"end":{"line":2,"column":72}}],"line":2},"1":{"loc":{"start":{"line":6,"column":2},"end":{"line":8,"column":3}},"type":"if","locations":[{"start":{"line":6,"column":2},"end":{"line":8,"column":3}},{"start":{"line":6,"column":2},"end":{"line":8,"column":3}}],"line":6},"2":{"loc":{"start":{"line":11,"column":4},"end":{"line":16,"column":98}},"type":"binary-expr","locations":[{"start":{"line":11,"column":5},"end":{"line":11,"column":26}},{"start":{"line":11,"column":30},"end":{"line":11,"column":48}},{"start":{"line":12,"column":4},"end":{"line":12,"column":28}},{"start":{"line":13,"column":4},"end":{"line":13,"column":31}},{"start":{"line":14,"column":4},"end":{"line":14,"column":34}},{"start":{"line":15,"column":4},"end":{"line":15,"column":31}},{"start":{"line":16,"column":5},"end":{"line":16,"column":47}},{"start":{"line":16,"column":51},"end":{"line":16,"column":97}}],"line":11},"3":{"loc":{"start":{"line":21,"column":2},"end":{"line":23,"column":19}},"type":"binary-expr","locations":[{"start":{"line":21,"column":2},"end":{"line":21,"column":8}},{"start":{"line":22,"column":3},"end":{"line":22,"column":34}},{"start":{"line":22,"column":38},"end":{"line":22,"column":73}},{"start":{"line":23,"column":2},"end":{"line":23,"column":19}}],"line":21},"4":{"loc":{"start":{"line":31,"column":8},"end":{"line":53,"column":9}},"type":"if","locations":[{"start":{"line":31,"column":8},"end":{"line":53,"column":9}},{"start":{"line":31,"column":8},"end":{"line":53,"column":9}}],"line":31},"5":{"loc":{"start":{"line":34,"column":14},"end":{"line":44,"column":15}},"type":"if","locations":[{"start":{"line":34,"column":14},"end":{"line":44,"column":15}},{"start":{"line":34,"column":14},"end":{"line":44,"column":15}}],"line":34},"6":{"loc":{"start":{"line":38,"column":16},"end":{"line":43,"column":17}},"type":"if","locations":[{"start":{"line":38,"column":16},"end":{"line":43,"column":17}},{"start":{"line":38,"column":16},"end":{"line":43,"column":17}}],"line":38},"7":{"loc":{"start":{"line":57,"column":8},"end":{"line":82,"column":9}},"type":"if","locations":[{"start":{"line":57,"column":8},"end":{"line":82,"column":9}},{"start":{"line":57,"column":8},"end":{"line":82,"column":9}}],"line":57},"8":{"loc":{"start":{"line":60,"column":14},"end":{"line":72,"column":15}},"type":"if","locations":[{"start":{"line":60,"column":14},"end":{"line":72,"column":15}},{"start":{"line":60,"column":14},"end":{"line":72,"column":15}}],"line":60},"9":{"loc":{"start":{"line":65,"column":16},"end":{"line":71,"column":17}},"type":"if","locations":[{"start":{"line":65,"column":16},"end":{"line":71,"column":17}},{"start":{"line":65,"column":16},"end":{"line":71,"column":17}}],"line":65},"10":{"loc":{"start":{"line":85,"column":8},"end":{"line":122,"column":9}},"type":"if","locations":[{"start":{"line":85,"column":8},"end":{"line":122,"column":9}},{"start":{"line":85,"column":8},"end":{"line":122,"column":9}}],"line":85},"11":{"loc":{"start":{"line":87,"column":10},"end":{"line":121,"column":11}},"type":"if","locations":[{"start":{"line":87,"column":10},"end":{"line":121,"column":11}},{"start":{"line":87,"column":10},"end":{"line":121,"column":11}}],"line":87},"12":{"loc":{"start":{"line":91,"column":16},"end":{"line":101,"column":17}},"type":"if","locations":[{"start":{"line":91,"column":16},"end":{"line":101,"column":17}},{"start":{"line":91,"column":16},"end":{"line":101,"column":17}}],"line":91},"13":{"loc":{"start":{"line":106,"column":17},"end":{"line":121,"column":11}},"type":"if","locations":[{"start":{"line":106,"column":17},"end":{"line":121,"column":11}},{"start":{"line":106,"column":17},"end":{"line":121,"column":11}}],"line":106}},"s":{"0":1,"1":29,"2":1,"3":17,"4":17,"5":0,"6":17,"7":17,"8":1,"9":34,"10":1,"11":2,"12":20,"13":20,"14":7,"15":13,"16":10,"17":10,"18":10,"19":10,"20":3,"21":7,"22":14,"23":14,"24":4,"25":10,"26":10,"27":10,"28":10,"29":10,"30":10,"31":0,"32":4,"33":17,"34":6,"35":6,"36":4,"37":9,"38":9,"39":9,"40":4,"41":2,"42":2,"43":2,"44":2},"f":{"0":29,"1":17,"2":34,"3":2,"4":13,"5":10,"6":9},"b":{"0":[29,0],"1":[0,17],"2":[17,13,17,6,6,6,6,3],"3":[34,34,28,11],"4":[7,13],"5":[10,3],"6":[10,0],"7":[4,10],"8":[10,0],"9":[10,0],"10":[6,11],"11":[4,2],"12":[9,0],"13":[2,0]},"_coverageSchema":"332fd63041d2c1bcb487cc26dd0d5f7d97098a6c","hash":"4f0d95f76b4ee70339d461e4f6c53cb6867ec06f"}
,"/Users/nicolas/Localbox/Code/github.com/necolas/react-native-web/packages/react-native-web/jest/createSerializer.js": {"path":"/Users/nicolas/Localbox/Code/github.com/necolas/react-native-web/packages/react-native-web/jest/createSerializer.js","statementMap":{"0":{"start":{"line":1,"column":14},"end":{"line":1,"column":30}},"1":{"start":{"line":5,"column":4},"end":{"line":40,"column":5}},"2":{"start":{"line":7,"column":24},"end":{"line":13,"column":12}},"3":{"start":{"line":8,"column":22},"end":{"line":8,"column":38}},"4":{"start":{"line":9,"column":8},"end":{"line":11,"column":9}},"5":{"start":{"line":10,"column":10},"end":{"line":10,"column":47}},"6":{"start":{"line":12,"column":8},"end":{"line":12,"column":19}},"7":{"start":{"line":16,"column":6},"end":{"line":23,"column":7}},"8":{"start":{"line":17,"column":22},"end":{"line":17,"column":58}},"9":{"start":{"line":18,"column":8},"end":{"line":22,"column":9}},"10":{"start":{"line":19,"column":10},"end":{"line":19,"column":34}},"11":{"start":{"line":21,"column":10},"end":{"line":21,"column":33}},"12":{"start":{"line":25,"column":19},"end":{"line":25,"column":36}},"13":{"start":{"line":28,"column":23},"end":{"line":28,"column":59}},"14":{"start":{"line":29,"column":6},"end":{"line":37,"column":7}},"15":{"start":{"line":30,"column":8},"end":{"line":36,"column":9}},"16":{"start":{"line":31,"column":10},"end":{"line":33,"column":13}},"17":{"start":{"line":32,"column":12},"end":{"line":32,"column":48}},"18":{"start":{"line":35,"column":10},"end":{"line":35,"column":49}},"19":{"start":{"line":39,"column":6},"end":{"line":39,"column":64}},"20":{"start":{"line":42,"column":4},"end":{"line":42,"column":16}},"21":{"start":{"line":46,"column":4},"end":{"line":46,"column":71}},"22":{"start":{"line":50,"column":4},"end":{"line":50,"column":48}},"23":{"start":{"line":53,"column":2},"end":{"line":53,"column":25}},"24":{"start":{"line":56,"column":0},"end":{"line":56,"column":34}}},"fnMap":{"0":{"name":"createSerializer","decl":{"start":{"line":3,"column":9},"end":{"line":3,"column":25}},"loc":{"start":{"line":3,"column":38},"end":{"line":54,"column":1}},"line":3},"1":{"name":"flattenNodeStyles","decl":{"start":{"line":4,"column":11},"end":{"line":4,"column":28}},"loc":{"start":{"line":4,"column":35},"end":{"line":43,"column":3}},"line":4},"2":{"name":"(anonymous_2)","decl":{"start":{"line":7,"column":55},"end":{"line":7,"column":56}},"loc":{"start":{"line":7,"column":70},"end":{"line":13,"column":7}},"line":7},"3":{"name":"(anonymous_3)","decl":{"start":{"line":31,"column":27},"end":{"line":31,"column":28}},"loc":{"start":{"line":31,"column":36},"end":{"line":33,"column":11}},"line":31},"4":{"name":"test","decl":{"start":{"line":45,"column":11},"end":{"line":45,"column":15}},"loc":{"start":{"line":45,"column":23},"end":{"line":47,"column":3}},"line":45},"5":{"name":"print","decl":{"start":{"line":49,"column":11},"end":{"line":49,"column":16}},"loc":{"start":{"line":49,"column":36},"end":{"line":51,"column":3}},"line":49}},"branchMap":{"0":{"loc":{"start":{"line":5,"column":4},"end":{"line":40,"column":5}},"type":"if","locations":[{"start":{"line":5,"column":4},"end":{"line":40,"column":5}},{"start":{"line":5,"column":4},"end":{"line":40,"column":5}}],"line":5},"1":{"loc":{"start":{"line":5,"column":8},"end":{"line":5,"column":26}},"type":"binary-expr","locations":[{"start":{"line":5,"column":8},"end":{"line":5,"column":12}},{"start":{"line":5,"column":16},"end":{"line":5,"column":26}}],"line":5},"2":{"loc":{"start":{"line":9,"column":8},"end":{"line":11,"column":9}},"type":"if","locations":[{"start":{"line":9,"column":8},"end":{"line":11,"column":9}},{"start":{"line":9,"column":8},"end":{"line":11,"column":9}}],"line":9},"3":{"loc":{"start":{"line":16,"column":6},"end":{"line":23,"column":7}},"type":"if","locations":[{"start":{"line":16,"column":6},"end":{"line":23,"column":7}},{"start":{"line":16,"column":6},"end":{"line":23,"column":7}}],"line":16},"4":{"loc":{"start":{"line":18,"column":8},"end":{"line":22,"column":9}},"type":"if","locations":[{"start":{"line":18,"column":8},"end":{"line":22,"column":9}},{"start":{"line":18,"column":8},"end":{"line":22,"column":9}}],"line":18},"5":{"loc":{"start":{"line":28,"column":23},"end":{"line":28,"column":59}},"type":"binary-expr","locations":[{"start":{"line":28,"column":23},"end":{"line":28,"column":36}},{"start":{"line":28,"column":40},"end":{"line":28,"column":59}}],"line":28},"6":{"loc":{"start":{"line":29,"column":6},"end":{"line":37,"column":7}},"type":"if","locations":[{"start":{"line":29,"column":6},"end":{"line":37,"column":7}},{"start":{"line":29,"column":6},"end":{"line":37,"column":7}}],"line":29},"7":{"loc":{"start":{"line":30,"column":8},"end":{"line":36,"column":9}},"type":"if","locations":[{"start":{"line":30,"column":8},"end":{"line":36,"column":9}},{"start":{"line":30,"column":8},"end":{"line":36,"column":9}}],"line":30},"8":{"loc":{"start":{"line":46,"column":11},"end":{"line":46,"column":70}},"type":"binary-expr","locations":[{"start":{"line":46,"column":11},"end":{"line":46,"column":18}},{"start":{"line":46,"column":22},"end":{"line":46,"column":70}}],"line":46}},"s":{"0":43,"1":109,"2":95,"3":202,"4":202,"5":1,"6":202,"7":95,"8":37,"9":37,"10":37,"11":0,"12":95,"13":95,"14":95,"15":66,"16":65,"17":77,"18":1,"19":95,"20":14,"21":1459,"22":30,"23":43,"24":43},"f":{"0":43,"1":109,"2":202,"3":77,"4":1459,"5":30},"b":{"0":[95,14],"1":[109,109],"2":[1,201],"3":[37,58],"4":[37,0],"5":[95,31],"6":[66,29],"7":[65,1],"8":[1459,1381]},"_coverageSchema":"332fd63041d2c1bcb487cc26dd0d5f7d97098a6c","hash":"c490026b1567fb6c6c724b70bff04a203331ebb9"}
,"/Users/nicolas/Localbox/Code/github.com/necolas/react-native-web/packages/react-native-web/src/index.js": {"path":"/Users/nicolas/Localbox/Code/github.com/necolas/react-native-web/packages/react-native-web/src/index.js","statementMap":{"0":{"start":{"line":132,"column":20},"end":{"line":196,"column":1}}},"fnMap":{},"branchMap":{},"s":{"0":43},"f":{},"b":{},"_coverageSchema":"332fd63041d2c1bcb487cc26dd0d5f7d97098a6c","hash":"2435cb166dd4465548ca059ef1f24cd1ba399525"}
,"/Users/nicolas/Localbox/Code/github.com/necolas/react-native-web/packages/react-native-web/src/exports/ART/index.js": {"path":"/Users/nicolas/Localbox/Code/github.com/necolas/react-native-web/packages/react-native-web/src/exports/ART/index.js","statementMap":{},"fnMap":{},"branchMap":{},"s":{},"f":{},"b":{},"_coverageSchema":"332fd63041d2c1bcb487cc26dd0d5f7d97098a6c","hash":"1c204bc825fbbb0b133df6082e58215d1df7fab0"}
,"/Users/nicolas/Localbox/Code/github.com/necolas/react-native-web/packages/react-native-web/src/exports/ActivityIndicator/index.js": {"path":"/Users/nicolas/Localbox/Code/github.com/necolas/react-native-web/packages/react-native-web/src/exports/ActivityIndicator/index.js","statementMap":{"0":{"start":{"line":19,"column":24},"end":{"line":21,"column":1}},"1":{"start":{"line":20,"column":2},"end":{"line":20,"column":77}},"2":{"start":{"line":42,"column":74},"end":{"line":42,"column":84}},"3":{"start":{"line":45,"column":6},"end":{"line":55,"column":12}},"4":{"start":{"line":58,"column":4},"end":{"line":76,"column":6}},"5":{"start":{"line":80,"column":15},"end":{"line":102,"column":2}},"6":{"start":{"line":104,"column":23},"end":{"line":113,"column":2}}},"fnMap":{"0":{"name":"(anonymous_0)","decl":{"start":{"line":19,"column":24},"end":{"line":19,"column":25}},"loc":{"start":{"line":20,"column":2},"end":{"line":20,"column":77}},"line":20},"1":{"name":"(anonymous_1)","decl":{"start":{"line":41,"column":2},"end":{"line":41,"column":3}},"loc":{"start":{"line":41,"column":11},"end":{"line":77,"column":3}},"line":41}},"branchMap":{"0":{"loc":{"start":{"line":69,"column":12},"end":{"line":69,"column":91}},"type":"cond-expr","locations":[{"start":{"line":69,"column":39},"end":{"line":69,"column":68}},{"start":{"line":69,"column":71},"end":{"line":69,"column":91}}],"line":69},"1":{"loc":{"start":{"line":71,"column":12},"end":{"line":71,"column":47}},"type":"binary-expr","locations":[{"start":{"line":71,"column":12},"end":{"line":71,"column":22}},{"start":{"line":71,"column":26},"end":{"line":71,"column":47}}],"line":71},"2":{"loc":{"start":{"line":72,"column":12},"end":{"line":72,"column":69}},"type":"binary-expr","locations":[{"start":{"line":72,"column":12},"end":{"line":72,"column":22}},{"start":{"line":72,"column":26},"end":{"line":72,"column":42}},{"start":{"line":72,"column":46},"end":{"line":72,"column":69}}],"line":72}},"s":{"0":43,"1":14,"2":7,"3":7,"4":7,"5":43,"6":43},"f":{"0":14,"1":7},"b":{"0":[1,6],"1":[7,3],"2":[7,3,2]},"_coverageSchema":"332fd63041d2c1bcb487cc26dd0d5f7d97098a6c","hash":"d2235a2ec475196ac465380abe2c5d2e772fc317"}
,"/Users/nicolas/Localbox/Code/github.com/necolas/react-native-web/packages/react-native-web/src/exports/Animated/index.js": {"path":"/Users/nicolas/Localbox/Code/github.com/necolas/react-native-web/packages/react-native-web/src/exports/Animated/index.js","statementMap":{"0":{"start":{"line":17,"column":17},"end":{"line":23,"column":1}}},"fnMap":{},"branchMap":{},"s":{"0":43},"f":{},"b":{},"_coverageSchema":"332fd63041d2c1bcb487cc26dd0d5f7d97098a6c","hash":"9998f2faba29f59dd437e3ded1aea8d308c0974a"}
,"/Users/nicolas/Localbox/Code/github.com/necolas/react-native-web/packages/react-native-web/src/exports/AppRegistry/AppContainer.js": {"path":"/Users/nicolas/Localbox/Code/github.com/necolas/react-native-web/packages/react-native-web/src/exports/AppRegistry/AppContainer.js","statementMap":{"0":{"start":{"line":43,"column":4},"end":{"line":45,"column":6}},"1":{"start":{"line":49,"column":4},"end":{"line":58,"column":6}},"2":{"start":{"line":62,"column":15},"end":{"line":69,"column":2}}},"fnMap":{"0":{"name":"(anonymous_0)","decl":{"start":{"line":42,"column":2},"end":{"line":42,"column":3}},"loc":{"start":{"line":42,"column":29},"end":{"line":46,"column":3}},"line":42},"1":{"name":"(anonymous_1)","decl":{"start":{"line":48,"column":2},"end":{"line":48,"column":3}},"loc":{"start":{"line":48,"column":11},"end":{"line":59,"column":3}},"line":48}},"branchMap":{},"s":{"0":3,"1":3,"2":43},"f":{"0":3,"1":3},"b":{},"_coverageSchema":"332fd63041d2c1bcb487cc26dd0d5f7d97098a6c","hash":"81dbd72ec093a9570648a3b7dce371464133563b"}
,"/Users/nicolas/Localbox/Code/github.com/necolas/react-native-web/packages/react-native-web/src/exports/AppRegistry/index.js": {"path":"/Users/nicolas/Localbox/Code/github.com/necolas/react-native-web/packages/react-native-web/src/exports/AppRegistry/index.js","statementMap":{"0":{"start":{"line":17,"column":20},"end":{"line":17,"column":22}},"1":{"start":{"line":18,"column":18},"end":{"line":18,"column":20}},"2":{"start":{"line":34,"column":4},"end":{"line":34,"column":34}},"3":{"start":{"line":38,"column":4},"end":{"line":42,"column":6}},"4":{"start":{"line":44,"column":4},"end":{"line":44,"column":59}},"5":{"start":{"line":48,"column":4},"end":{"line":53,"column":6}},"6":{"start":{"line":50,"column":8},"end":{"line":50,"column":56}},"7":{"start":{"line":52,"column":8},"end":{"line":52,"column":68}},"8":{"start":{"line":54,"column":4},"end":{"line":54,"column":18}},"9":{"start":{"line":58,"column":4},"end":{"line":65,"column":7}},"10":{"start":{"line":59,"column":6},"end":{"line":64,"column":7}},"11":{"start":{"line":60,"column":8},"end":{"line":60,"column":50}},"12":{"start":{"line":62,"column":8},"end":{"line":62,"column":64}},"13":{"start":{"line":63,"column":8},"end":{"line":63,"column":57}},"14":{"start":{"line":70,"column":4},"end":{"line":70,"column":32}},"15":{"start":{"line":71,"column":4},"end":{"line":71,"column":18}},"16":{"start":{"line":75,"column":26},"end":{"line":75,"column":63}},"17":{"start":{"line":76,"column":19},"end":{"line":76,"column":39}},"18":{"start":{"line":77,"column":4},"end":{"line":77,"column":45}},"19":{"start":{"line":79,"column":4},"end":{"line":83,"column":6}},"20":{"start":{"line":85,"column":4},"end":{"line":89,"column":6}},"21":{"start":{"line":91,"column":4},"end":{"line":91,"column":41}},"22":{"start":{"line":95,"column":4},"end":{"line":95,"column":36}}},"fnMap":{"0":{"name":"(anonymous_0)","decl":{"start":{"line":33,"column":2},"end":{"line":33,"column":3}},"loc":{"start":{"line":33,"column":37},"end":{"line":35,"column":3}},"line":33},"1":{"name":"(anonymous_1)","decl":{"start":{"line":37,"column":2},"end":{"line":37,"column":3}},"loc":{"start":{"line":37,"column":72},"end":{"line":45,"column":3}},"line":37},"2":{"name":"(anonymous_2)","decl":{"start":{"line":47,"column":2},"end":{"line":47,"column":3}},"loc":{"start":{"line":47,"column":88},"end":{"line":55,"column":3}},"line":47},"3":{"name":"(anonymous_3)","decl":{"start":{"line":49,"column":22},"end":{"line":49,"column":23}},"loc":{"start":{"line":50,"column":8},"end":{"line":50,"column":56}},"line":50},"4":{"name":"(anonymous_4)","decl":{"start":{"line":51,"column":11},"end":{"line":51,"column":12}},"loc":{"start":{"line":52,"column":8},"end":{"line":52,"column":68}},"line":52},"5":{"name":"(anonymous_5)","decl":{"start":{"line":57,"column":2},"end":{"line":57,"column":3}},"loc":{"start":{"line":57,"column":50},"end":{"line":66,"column":3}},"line":57},"6":{"name":"(anonymous_6)","decl":{"start":{"line":58,"column":19},"end":{"line":58,"column":20}},"loc":{"start":{"line":58,"column":51},"end":{"line":65,"column":5}},"line":58},"7":{"name":"(anonymous_7)","decl":{"start":{"line":69,"column":2},"end":{"line":69,"column":3}},"loc":{"start":{"line":69,"column":65},"end":{"line":72,"column":3}},"line":69},"8":{"name":"(anonymous_8)","decl":{"start":{"line":74,"column":2},"end":{"line":74,"column":3}},"loc":{"start":{"line":74,"column":70},"end":{"line":92,"column":3}},"line":74},"9":{"name":"(anonymous_9)","decl":{"start":{"line":94,"column":2},"end":{"line":94,"column":3}},"loc":{"start":{"line":94,"column":63},"end":{"line":96,"column":3}},"line":94}},"branchMap":{"0":{"loc":{"start":{"line":39,"column":6},"end":{"line":39,"column":59}},"type":"binary-expr","locations":[{"start":{"line":39,"column":6},"end":{"line":39,"column":23}},{"start":{"line":39,"column":27},"end":{"line":39,"column":59}}],"line":39},"1":{"loc":{"start":{"line":49,"column":23},"end":{"line":49,"column":53}},"type":"default-arg","locations":[{"start":{"line":49,"column":42},"end":{"line":49,"column":53}}],"line":49},"2":{"loc":{"start":{"line":51,"column":14},"end":{"line":51,"column":40}},"type":"default-arg","locations":[{"start":{"line":51,"column":29},"end":{"line":51,"column":40}}],"line":51},"3":{"loc":{"start":{"line":59,"column":6},"end":{"line":64,"column":7}},"type":"if","locations":[{"start":{"line":59,"column":6},"end":{"line":64,"column":7}},{"start":{"line":59,"column":6},"end":{"line":64,"column":7}}],"line":59},"4":{"loc":{"start":{"line":81,"column":42},"end":{"line":81,"column":70}},"type":"cond-expr","locations":[{"start":{"line":81,"column":58},"end":{"line":81,"column":62}},{"start":{"line":81,"column":65},"end":{"line":81,"column":70}}],"line":81},"5":{"loc":{"start":{"line":82,"column":41},"end":{"line":82,"column":69}},"type":"cond-expr","locations":[{"start":{"line":82,"column":57},"end":{"line":82,"column":62}},{"start":{"line":82,"column":65},"end":{"line":82,"column":69}}],"line":82},"6":{"loc":{"start":{"line":86,"column":6},"end":{"line":86,"column":48}},"type":"binary-expr","locations":[{"start":{"line":86,"column":6},"end":{"line":86,"column":23}},{"start":{"line":86,"column":27},"end":{"line":86,"column":48}}],"line":86}},"s":{"0":43,"1":43,"2":0,"3":0,"4":0,"5":0,"6":0,"7":0,"8":0,"9":0,"10":0,"11":0,"12":0,"13":0,"14":0,"15":0,"16":0,"17":0,"18":0,"19":0,"20":0,"21":0,"22":0},"f":{"0":0,"1":0,"2":0,"3":0,"4":0,"5":0,"6":0,"7":0,"8":0,"9":0},"b":{"0":[0,0],"1":[0],"2":[0],"3":[0,0],"4":[0,0],"5":[0,0],"6":[0,0]},"_coverageSchema":"332fd63041d2c1bcb487cc26dd0d5f7d97098a6c","hash":"00a25820a9aa3e73c455502172cc4cf093e95fd2"}
,"/Users/nicolas/Localbox/Code/github.com/necolas/react-native-web/packages/react-native-web/src/exports/AppRegistry/renderApplication.js": {"path":"/Users/nicolas/Localbox/Code/github.com/necolas/react-native-web/packages/react-native-web/src/exports/AppRegistry/renderApplication.js","statementMap":{"0":{"start":{"line":18,"column":17},"end":{"line":18,"column":73}},"1":{"start":{"line":25,"column":2},"end":{"line":25,"column":78}},"2":{"start":{"line":27,"column":2},"end":{"line":32,"column":4}},"3":{"start":{"line":37,"column":4},"end":{"line":39,"column":19}},"4":{"start":{"line":42,"column":26},"end":{"line":45,"column":3}},"5":{"start":{"line":43,"column":18},"end":{"line":43,"column":47}},"6":{"start":{"line":44,"column":4},"end":{"line":44,"column":91}},"7":{"start":{"line":46,"column":2},"end":{"line":46,"column":38}}},"fnMap":{"0":{"name":"renderApplication","decl":{"start":{"line":20,"column":24},"end":{"line":20,"column":41}},"loc":{"start":{"line":24,"column":2},"end":{"line":33,"column":1}},"line":24},"1":{"name":"getApplication","decl":{"start":{"line":35,"column":16},"end":{"line":35,"column":30}},"loc":{"start":{"line":35,"column":99},"end":{"line":47,"column":1}},"line":35},"2":{"name":"(anonymous_2)","decl":{"start":{"line":42,"column":26},"end":{"line":42,"column":27}},"loc":{"start":{"line":42,"column":32},"end":{"line":45,"column":3}},"line":42}},"branchMap":{"0":{"loc":{"start":{"line":18,"column":17},"end":{"line":18,"column":73}},"type":"cond-expr","locations":[{"start":{"line":18,"column":57},"end":{"line":18,"column":63}},{"start":{"line":18,"column":66},"end":{"line":18,"column":73}}],"line":18}},"s":{"0":43,"1":0,"2":0,"3":4,"4":4,"5":4,"6":4,"7":4},"f":{"0":0,"1":4,"2":4},"b":{"0":[43,0]},"_coverageSchema":"332fd63041d2c1bcb487cc26dd0d5f7d97098a6c","hash":"984e64a1e2eb10039e04c346d781b57ab7c77458"}
,"/Users/nicolas/Localbox/Code/github.com/necolas/react-native-web/packages/react-native-web/src/exports/AppState/index.js": {"path":"/Users/nicolas/Localbox/Code/github.com/necolas/react-native-web/packages/react-native-web/src/exports/AppState/index.js","statementMap":{"0":{"start":{"line":18,"column":2},"end":{"line":18,"column":92}},"1":{"start":{"line":20,"column":20},"end":{"line":20,"column":30}},"2":{"start":{"line":21,"column":32},"end":{"line":21,"column":90}},"3":{"start":{"line":22,"column":34},"end":{"line":22,"column":90}},"4":{"start":{"line":24,"column":18},"end":{"line":27,"column":1}},"5":{"start":{"line":29,"column":18},"end":{"line":29,"column":20}},"6":{"start":{"line":35,"column":4},"end":{"line":37,"column":5}},"7":{"start":{"line":36,"column":6},"end":{"line":36,"column":30}},"8":{"start":{"line":39,"column":4},"end":{"line":46,"column":5}},"9":{"start":{"line":43,"column":8},"end":{"line":43,"column":36}},"10":{"start":{"line":45,"column":8},"end":{"line":45,"column":32}},"11":{"start":{"line":50,"column":4},"end":{"line":59,"column":5}},"12":{"start":{"line":51,"column":6},"end":{"line":55,"column":8}},"13":{"start":{"line":56,"column":23},"end":{"line":56,"column":59}},"14":{"start":{"line":56,"column":29},"end":{"line":56,"column":59}},"15":{"start":{"line":57,"column":6},"end":{"line":57,"column":42}},"16":{"start":{"line":58,"column":6},"end":{"line":58,"column":74}},"17":{"start":{"line":63,"column":4},"end":{"line":77,"column":5}},"18":{"start":{"line":64,"column":6},"end":{"line":68,"column":8}},"19":{"start":{"line":69,"column":28},"end":{"line":69,"column":77}},"20":{"start":{"line":69,"column":57},"end":{"line":69,"column":76}},"21":{"start":{"line":70,"column":6},"end":{"line":73,"column":8}},"22":{"start":{"line":74,"column":23},"end":{"line":74,"column":50}},"23":{"start":{"line":75,"column":6},"end":{"line":75,"column":77}},"24":{"start":{"line":76,"column":6},"end":{"line":76,"column":41}}},"fnMap":{"0":{"name":"(anonymous_0)","decl":{"start":{"line":34,"column":2},"end":{"line":34,"column":3}},"loc":{"start":{"line":34,"column":28},"end":{"line":47,"column":3}},"line":34},"1":{"name":"(anonymous_1)","decl":{"start":{"line":49,"column":2},"end":{"line":49,"column":3}},"loc":{"start":{"line":49,"column":59},"end":{"line":60,"column":3}},"line":49},"2":{"name":"(anonymous_2)","decl":{"start":{"line":56,"column":23},"end":{"line":56,"column":24}},"loc":{"start":{"line":56,"column":29},"end":{"line":56,"column":59}},"line":56},"3":{"name":"(anonymous_3)","decl":{"start":{"line":62,"column":2},"end":{"line":62,"column":3}},"loc":{"start":{"line":62,"column":62},"end":{"line":78,"column":3}},"line":62},"4":{"name":"(anonymous_4)","decl":{"start":{"line":69,"column":49},"end":{"line":69,"column":50}},"loc":{"start":{"line":69,"column":57},"end":{"line":69,"column":76}},"line":69}},"branchMap":{"0":{"loc":{"start":{"line":18,"column":2},"end":{"line":18,"column":92}},"type":"binary-expr","locations":[{"start":{"line":18,"column":2},"end":{"line":18,"column":11}},{"start":{"line":18,"column":15},"end":{"line":18,"column":49}},{"start":{"line":18,"column":53},"end":{"line":18,"column":92}}],"line":18},"1":{"loc":{"start":{"line":21,"column":32},"end":{"line":21,"column":90}},"type":"cond-expr","locations":[{"start":{"line":21,"column":45},"end":{"line":21,"column":69}},{"start":{"line":21,"column":72},"end":{"line":21,"column":90}}],"line":21},"2":{"loc":{"start":{"line":22,"column":34},"end":{"line":22,"column":90}},"type":"cond-expr","locations":[{"start":{"line":22,"column":47},"end":{"line":22,"column":70}},{"start":{"line":22,"column":73},"end":{"line":22,"column":90}}],"line":22},"3":{"loc":{"start":{"line":32,"column":23},"end":{"line":32,"column":71}},"type":"binary-expr","locations":[{"start":{"line":32,"column":23},"end":{"line":32,"column":32}},{"start":{"line":32,"column":36},"end":{"line":32,"column":71}}],"line":32},"4":{"loc":{"start":{"line":35,"column":4},"end":{"line":37,"column":5}},"type":"if","locations":[{"start":{"line":35,"column":4},"end":{"line":37,"column":5}},{"start":{"line":35,"column":4},"end":{"line":37,"column":5}}],"line":35},"5":{"loc":{"start":{"line":39,"column":4},"end":{"line":46,"column":5}},"type":"switch","locations":[{"start":{"line":40,"column":6},"end":{"line":40,"column":20}},{"start":{"line":41,"column":6},"end":{"line":41,"column":23}},{"start":{"line":42,"column":6},"end":{"line":43,"column":36}},{"start":{"line":44,"column":6},"end":{"line":45,"column":32}}],"line":39},"6":{"loc":{"start":{"line":50,"column":4},"end":{"line":59,"column":5}},"type":"if","locations":[{"start":{"line":50,"column":4},"end":{"line":59,"column":5}},{"start":{"line":50,"column":4},"end":{"line":59,"column":5}}],"line":50},"7":{"loc":{"start":{"line":63,"column":4},"end":{"line":77,"column":5}},"type":"if","locations":[{"start":{"line":63,"column":4},"end":{"line":77,"column":5}},{"start":{"line":63,"column":4},"end":{"line":77,"column":5}}],"line":63}},"s":{"0":43,"1":43,"2":43,"3":43,"4":43,"5":43,"6":0,"7":0,"8":0,"9":0,"10":0,"11":3,"12":3,"13":2,"14":0,"15":2,"16":2,"17":6,"18":6,"19":5,"20":2,"21":5,"22":2,"23":2,"24":2},"f":{"0":0,"1":3,"2":0,"3":6,"4":2},"b":{"0":[43,43,43],"1":[0,43],"2":[0,43],"3":[43,43],"4":[0,0],"5":[0,0,0,0],"6":[3,0],"7":[6,0]},"_coverageSchema":"332fd63041d2c1bcb487cc26dd0d5f7d97098a6c","hash":"57ebd219e8ea7d7bdb948013ab2362365adc33ee"}
,"/Users/nicolas/Localbox/Code/github.com/necolas/react-native-web/packages/react-native-web/src/exports/AsyncStorage/index.js": {"path":"/Users/nicolas/Localbox/Code/github.com/necolas/react-native-web/packages/react-native-web/src/exports/AsyncStorage/index.js","statementMap":{"0":{"start":{"line":14,"column":30},"end":{"line":20,"column":1}},"1":{"start":{"line":15,"column":19},"end":{"line":15,"column":51}},"2":{"start":{"line":16,"column":20},"end":{"line":16,"column":40}},"3":{"start":{"line":17,"column":20},"end":{"line":17,"column":37}},"4":{"start":{"line":18,"column":20},"end":{"line":18,"column":67}},"5":{"start":{"line":19,"column":2},"end":{"line":19,"column":46}},"6":{"start":{"line":22,"column":22},"end":{"line":37,"column":1}},"7":{"start":{"line":23,"column":2},"end":{"line":36,"column":5}},"8":{"start":{"line":24,"column":4},"end":{"line":35,"column":5}},"9":{"start":{"line":25,"column":20},"end":{"line":25,"column":30}},"10":{"start":{"line":26,"column":6},"end":{"line":28,"column":7}},"11":{"start":{"line":27,"column":8},"end":{"line":27,"column":30}},"12":{"start":{"line":29,"column":6},"end":{"line":29,"column":21}},"13":{"start":{"line":31,"column":6},"end":{"line":33,"column":7}},"14":{"start":{"line":32,"column":8},"end":{"line":32,"column":22}},"15":{"start":{"line":34,"column":6},"end":{"line":34,"column":18}},"16":{"start":{"line":39,"column":25},"end":{"line":51,"column":1}},"17":{"start":{"line":40,"column":2},"end":{"line":50,"column":4}},"18":{"start":{"line":42,"column":20},"end":{"line":42,"column":64}},"19":{"start":{"line":43,"column":6},"end":{"line":43,"column":40}},"20":{"start":{"line":44,"column":6},"end":{"line":44,"column":36}},"21":{"start":{"line":47,"column":6},"end":{"line":47,"column":35}},"22":{"start":{"line":48,"column":6},"end":{"line":48,"column":36}},"23":{"start":{"line":58,"column":4},"end":{"line":60,"column":17}},"24":{"start":{"line":59,"column":6},"end":{"line":59,"column":34}},"25":{"start":{"line":72,"column":4},"end":{"line":80,"column":17}},"26":{"start":{"line":73,"column":27},"end":{"line":73,"column":53}},"27":{"start":{"line":74,"column":19},"end":{"line":74,"column":21}},"28":{"start":{"line":75,"column":6},"end":{"line":78,"column":7}},"29":{"start":{"line":76,"column":20},"end":{"line":76,"column":46}},"30":{"start":{"line":77,"column":8},"end":{"line":77,"column":23}},"31":{"start":{"line":79,"column":6},"end":{"line":79,"column":18}},"32":{"start":{"line":87,"column":4},"end":{"line":89,"column":17}},"33":{"start":{"line":88,"column":6},"end":{"line":88,"column":46}},"34":{"start":{"line":99,"column":21},"end":{"line":99,"column":63}},"35":{"start":{"line":99,"column":37},"end":{"line":99,"column":62}},"36":{"start":{"line":100,"column":26},"end":{"line":100,"column":78}},"37":{"start":{"line":100,"column":36},"end":{"line":100,"column":78}},"38":{"start":{"line":100,"column":61},"end":{"line":100,"column":77}},"39":{"start":{"line":101,"column":4},"end":{"line":101,"column":63}},"40":{"start":{"line":108,"column":4},"end":{"line":110,"column":17}},"41":{"start":{"line":109,"column":6},"end":{"line":109,"column":46}},"42":{"start":{"line":118,"column":21},"end":{"line":118,"column":86}},"43":{"start":{"line":118,"column":47},"end":{"line":118,"column":85}},"44":{"start":{"line":119,"column":4},"end":{"line":119,"column":48}},"45":{"start":{"line":126,"column":4},"end":{"line":128,"column":17}},"46":{"start":{"line":127,"column":6},"end":{"line":127,"column":40}},"47":{"start":{"line":138,"column":21},"end":{"line":138,"column":88}},"48":{"start":{"line":138,"column":47},"end":{"line":138,"column":87}},"49":{"start":{"line":139,"column":4},"end":{"line":139,"column":48}},"50":{"start":{"line":146,"column":4},"end":{"line":148,"column":17}},"51":{"start":{"line":147,"column":6},"end":{"line":147,"column":49}},"52":{"start":{"line":155,"column":21},"end":{"line":155,"column":66}},"53":{"start":{"line":155,"column":37},"end":{"line":155,"column":65}},"54":{"start":{"line":156,"column":4},"end":{"line":156,"column":48}}},"fnMap":{"0":{"name":"(anonymous_0)","decl":{"start":{"line":14,"column":30},"end":{"line":14,"column":31}},"loc":{"start":{"line":14,"column":46},"end":{"line":20,"column":1}},"line":14},"1":{"name":"(anonymous_1)","decl":{"start":{"line":22,"column":22},"end":{"line":22,"column":23}},"loc":{"start":{"line":22,"column":58},"end":{"line":37,"column":1}},"line":22},"2":{"name":"(anonymous_2)","decl":{"start":{"line":23,"column":21},"end":{"line":23,"column":22}},"loc":{"start":{"line":23,"column":42},"end":{"line":36,"column":3}},"line":23},"3":{"name":"(anonymous_3)","decl":{"start":{"line":39,"column":25},"end":{"line":39,"column":26}},"loc":{"start":{"line":39,"column":76},"end":{"line":51,"column":1}},"line":39},"4":{"name":"(anonymous_4)","decl":{"start":{"line":41,"column":4},"end":{"line":41,"column":5}},"loc":{"start":{"line":41,"column":14},"end":{"line":45,"column":5}},"line":41},"5":{"name":"(anonymous_5)","decl":{"start":{"line":46,"column":4},"end":{"line":46,"column":5}},"loc":{"start":{"line":46,"column":14},"end":{"line":49,"column":5}},"line":46},"6":{"name":"(anonymous_6)","decl":{"start":{"line":57,"column":2},"end":{"line":57,"column":3}},"loc":{"start":{"line":57,"column":48},"end":{"line":61,"column":3}},"line":57},"7":{"name":"(anonymous_7)","decl":{"start":{"line":58,"column":25},"end":{"line":58,"column":26}},"loc":{"start":{"line":58,"column":31},"end":{"line":60,"column":5}},"line":58},"8":{"name":"(anonymous_8)","decl":{"start":{"line":66,"column":2},"end":{"line":66,"column":3}},"loc":{"start":{"line":66,"column":28},"end":{"line":66,"column":30}},"line":66},"9":{"name":"(anonymous_9)","decl":{"start":{"line":71,"column":2},"end":{"line":71,"column":3}},"loc":{"start":{"line":71,"column":53},"end":{"line":81,"column":3}},"line":71},"10":{"name":"(anonymous_10)","decl":{"start":{"line":72,"column":25},"end":{"line":72,"column":26}},"loc":{"start":{"line":72,"column":31},"end":{"line":80,"column":5}},"line":72},"11":{"name":"(anonymous_11)","decl":{"start":{"line":86,"column":2},"end":{"line":86,"column":3}},"loc":{"start":{"line":86,"column":63},"end":{"line":90,"column":3}},"line":86},"12":{"name":"(anonymous_12)","decl":{"start":{"line":87,"column":25},"end":{"line":87,"column":26}},"loc":{"start":{"line":87,"column":31},"end":{"line":89,"column":5}},"line":87},"13":{"name":"(anonymous_13)","decl":{"start":{"line":98,"column":2},"end":{"line":98,"column":3}},"loc":{"start":{"line":98,"column":72},"end":{"line":102,"column":3}},"line":98},"14":{"name":"(anonymous_14)","decl":{"start":{"line":99,"column":30},"end":{"line":99,"column":31}},"loc":{"start":{"line":99,"column":37},"end":{"line":99,"column":62}},"line":99},"15":{"name":"(anonymous_15)","decl":{"start":{"line":100,"column":26},"end":{"line":100,"column":27}},"loc":{"start":{"line":100,"column":36},"end":{"line":100,"column":78}},"line":100},"16":{"name":"(anonymous_16)","decl":{"start":{"line":100,"column":47},"end":{"line":100,"column":48}},"loc":{"start":{"line":100,"column":61},"end":{"line":100,"column":77}},"line":100},"17":{"name":"(anonymous_17)","decl":{"start":{"line":107,"column":2},"end":{"line":107,"column":3}},"loc":{"start":{"line":107,"column":78},"end":{"line":111,"column":3}},"line":107},"18":{"name":"(anonymous_18)","decl":{"start":{"line":108,"column":25},"end":{"line":108,"column":26}},"loc":{"start":{"line":108,"column":31},"end":{"line":110,"column":5}},"line":108},"19":{"name":"(anonymous_19)","decl":{"start":{"line":117,"column":2},"end":{"line":117,"column":3}},"loc":{"start":{"line":117,"column":88},"end":{"line":120,"column":3}},"line":117},"20":{"name":"(anonymous_20)","decl":{"start":{"line":118,"column":39},"end":{"line":118,"column":40}},"loc":{"start":{"line":118,"column":47},"end":{"line":118,"column":85}},"line":118},"21":{"name":"(anonymous_21)","decl":{"start":{"line":125,"column":2},"end":{"line":125,"column":3}},"loc":{"start":{"line":125,"column":80},"end":{"line":129,"column":3}},"line":125},"22":{"name":"(anonymous_22)","decl":{"start":{"line":126,"column":25},"end":{"line":126,"column":26}},"loc":{"start":{"line":126,"column":31},"end":{"line":128,"column":5}},"line":126},"23":{"name":"(anonymous_23)","decl":{"start":{"line":137,"column":2},"end":{"line":137,"column":3}},"loc":{"start":{"line":137,"column":90},"end":{"line":140,"column":3}},"line":137},"24":{"name":"(anonymous_24)","decl":{"start":{"line":138,"column":39},"end":{"line":138,"column":40}},"loc":{"start":{"line":138,"column":47},"end":{"line":138,"column":87}},"line":138},"25":{"name":"(anonymous_25)","decl":{"start":{"line":145,"column":2},"end":{"line":145,"column":3}},"loc":{"start":{"line":145,"column":66},"end":{"line":149,"column":3}},"line":145},"26":{"name":"(anonymous_26)","decl":{"start":{"line":146,"column":25},"end":{"line":146,"column":26}},"loc":{"start":{"line":146,"column":31},"end":{"line":148,"column":5}},"line":146},"27":{"name":"(anonymous_27)","decl":{"start":{"line":154,"column":2},"end":{"line":154,"column":3}},"loc":{"start":{"line":154,"column":75},"end":{"line":157,"column":3}},"line":154},"28":{"name":"(anonymous_28)","decl":{"start":{"line":155,"column":30},"end":{"line":155,"column":31}},"loc":{"start":{"line":155,"column":37},"end":{"line":155,"column":65}},"line":155}},"branchMap":{"0":{"loc":{"start":{"line":26,"column":6},"end":{"line":28,"column":7}},"type":"if","locations":[{"start":{"line":26,"column":6},"end":{"line":28,"column":7}},{"start":{"line":26,"column":6},"end":{"line":28,"column":7}}],"line":26},"1":{"loc":{"start":{"line":31,"column":6},"end":{"line":33,"column":7}},"type":"if","locations":[{"start":{"line":31,"column":6},"end":{"line":33,"column":7}},{"start":{"line":31,"column":6},"end":{"line":33,"column":7}}],"line":31},"2":{"loc":{"start":{"line":42,"column":20},"end":{"line":42,"column":64}},"type":"cond-expr","locations":[{"start":{"line":42,"column":36},"end":{"line":42,"column":57}},{"start":{"line":42,"column":60},"end":{"line":42,"column":64}}],"line":42},"3":{"loc":{"start":{"line":43,"column":6},"end":{"line":43,"column":39}},"type":"binary-expr","locations":[{"start":{"line":43,"column":6},"end":{"line":43,"column":14}},{"start":{"line":43,"column":18},"end":{"line":43,"column":39}}],"line":43},"4":{"loc":{"start":{"line":47,"column":6},"end":{"line":47,"column":34}},"type":"binary-expr","locations":[{"start":{"line":47,"column":6},"end":{"line":47,"column":14}},{"start":{"line":47,"column":18},"end":{"line":47,"column":34}}],"line":47}},"s":{"0":43,"1":6,"2":6,"3":6,"4":6,"5":6,"6":43,"7":28,"8":28,"9":28,"10":28,"11":6,"12":28,"13":0,"14":0,"15":0,"16":43,"17":8,"18":8,"19":8,"20":8,"21":0,"22":0,"23":2,"24":2,"25":2,"26":2,"27":2,"28":2,"29":4,"30":4,"31":2,"32":6,"33":6,"34":2,"35":4,"36":2,"37":2,"38":4,"39":2,"40":6,"41":6,"42":2,"43":4,"44":2,"45":6,"46":6,"47":2,"48":4,"49":2,"50":6,"51":6,"52":2,"53":4,"54":2},"f":{"0":6,"1":28,"2":28,"3":8,"4":8,"5":0,"6":2,"7":2,"8":0,"9":2,"10":2,"11":6,"12":6,"13":2,"14":4,"15":2,"16":4,"17":6,"18":6,"19":2,"20":4,"21":6,"22":6,"23":2,"24":4,"25":6,"26":6,"27":2,"28":4},"b":{"0":[6,22],"1":[0,0],"2":[2,6],"3":[8,4],"4":[0,0]},"_coverageSchema":"332fd63041d2c1bcb487cc26dd0d5f7d97098a6c","hash":"f18a894b6fb960d63768fe584ac28cfdea37f6dd"}
,"/Users/nicolas/Localbox/Code/github.com/necolas/react-native-web/packages/react-native-web/src/exports/BackHandler/index.js": {"path":"/Users/nicolas/Localbox/Code/github.com/necolas/react-native-web/packages/react-native-web/src/exports/BackHandler/index.js","statementMap":{"0":{"start":{"line":14,"column":20},"end":{"line":22,"column":1}},"1":{"start":{"line":17,"column":4},"end":{"line":19,"column":6}}},"fnMap":{"0":{"name":"emptyFunction","decl":{"start":{"line":12,"column":9},"end":{"line":12,"column":22}},"loc":{"start":{"line":12,"column":25},"end":{"line":12,"column":27}},"line":12}},"branchMap":{},"s":{"0":43,"1":0},"f":{"0":0},"b":{},"_coverageSchema":"332fd63041d2c1bcb487cc26dd0d5f7d97098a6c","hash":"d8bb655f4cb3e64f424a561ab1aedb9fe21af313"}
,"/Users/nicolas/Localbox/Code/github.com/necolas/react-native-web/packages/react-native-web/src/exports/Button/index.js": {"path":"/Users/nicolas/Localbox/Code/github.com/necolas/react-native-web/packages/react-native-web/src/exports/Button/index.js","statementMap":{"0":{"start":{"line":29,"column":76},"end":{"line":29,"column":86}},"1":{"start":{"line":31,"column":4},"end":{"line":46,"column":6}},"2":{"start":{"line":50,"column":15},"end":{"line":68,"column":2}}},"fnMap":{"0":{"name":"(anonymous_0)","decl":{"start":{"line":28,"column":2},"end":{"line":28,"column":3}},"loc":{"start":{"line":28,"column":11},"end":{"line":47,"column":3}},"line":28}},"branchMap":{"0":{"loc":{"start":{"line":39,"column":10},"end":{"line":39,"column":45}},"type":"binary-expr","locations":[{"start":{"line":39,"column":10},"end":{"line":39,"column":15}},{"start":{"line":39,"column":19},"end":{"line":39,"column":45}}],"line":39},"1":{"loc":{"start":{"line":40,"column":10},"end":{"line":40,"column":43}},"type":"binary-expr","locations":[{"start":{"line":40,"column":10},"end":{"line":40,"column":18}},{"start":{"line":40,"column":22},"end":{"line":40,"column":43}}],"line":40},"2":{"loc":{"start":{"line":44,"column":35},"end":{"line":44,"column":66}},"type":"binary-expr","locations":[{"start":{"line":44,"column":35},"end":{"line":44,"column":43}},{"start":{"line":44,"column":47},"end":{"line":44,"column":66}}],"line":44}},"s":{"0":3,"1":3,"2":43},"f":{"0":3},"b":{"0":[3,1],"1":[3,0],"2":[3,0]},"_coverageSchema":"332fd63041d2c1bcb487cc26dd0d5f7d97098a6c","hash":"cdb84b93a6f0d839771aae437a6a24d76e752dc1"}
,"/Users/nicolas/Localbox/Code/github.com/necolas/react-native-web/packages/react-native-web/src/exports/CheckBox/index.js": {"path":"/Users/nicolas/Localbox/Code/github.com/necolas/react-native-web/packages/react-native-web/src/exports/CheckBox/index.js","statementMap":{"0":{"start":{"line":50,"column":4},"end":{"line":50,"column":42}},"1":{"start":{"line":54,"column":4},"end":{"line":54,"column":43}},"2":{"start":{"line":68,"column":8},"end":{"line":68,"column":18}},"3":{"start":{"line":71,"column":6},"end":{"line":80,"column":8}},"4":{"start":{"line":83,"column":26},"end":{"line":90,"column":6}},"5":{"start":{"line":92,"column":4},"end":{"line":97,"column":6}},"6":{"start":{"line":101,"column":40},"end":{"line":101,"column":50}},"7":{"start":{"line":102,"column":18},"end":{"line":102,"column":50}},"8":{"start":{"line":103,"column":4},"end":{"line":103,"column":36}},"9":{"start":{"line":104,"column":4},"end":{"line":104,"column":32}},"10":{"start":{"line":105,"column":4},"end":{"line":105,"column":42}},"11":{"start":{"line":109,"column":4},"end":{"line":109,"column":36}},"12":{"start":{"line":113,"column":15},"end":{"line":159,"column":2}}},"fnMap":{"0":{"name":"(anonymous_0)","decl":{"start":{"line":49,"column":2},"end":{"line":49,"column":3}},"loc":{"start":{"line":49,"column":9},"end":{"line":51,"column":3}},"line":49},"1":{"name":"(anonymous_1)","decl":{"start":{"line":53,"column":2},"end":{"line":53,"column":3}},"loc":{"start":{"line":53,"column":10},"end":{"line":55,"column":3}},"line":53},"2":{"name":"(anonymous_2)","decl":{"start":{"line":57,"column":2},"end":{"line":57,"column":3}},"loc":{"start":{"line":57,"column":11},"end":{"line":98,"column":3}},"line":57},"3":{"name":"(anonymous_3)","decl":{"start":{"line":100,"column":18},"end":{"line":100,"column":19}},"loc":{"start":{"line":100,"column":37},"end":{"line":106,"column":3}},"line":100},"4":{"name":"(anonymous_4)","decl":{"start":{"line":108,"column":20},"end":{"line":108,"column":21}},"loc":{"start":{"line":108,"column":31},"end":{"line":110,"column":3}},"line":108}},"branchMap":{"0":{"loc":{"start":{"line":74,"column":10},"end":{"line":74,"column":44}},"type":"binary-expr","locations":[{"start":{"line":74,"column":10},"end":{"line":74,"column":15}},{"start":{"line":74,"column":19},"end":{"line":74,"column":44}}],"line":74},"1":{"loc":{"start":{"line":76,"column":10},"end":{"line":76,"column":74}},"type":"binary-expr","locations":[{"start":{"line":76,"column":10},"end":{"line":76,"column":15}},{"start":{"line":76,"column":19},"end":{"line":76,"column":24}},{"start":{"line":76,"column":28},"end":{"line":76,"column":74}}],"line":76},"2":{"loc":{"start":{"line":77,"column":10},"end":{"line":77,"column":48}},"type":"binary-expr","locations":[{"start":{"line":77,"column":10},"end":{"line":77,"column":18}},{"start":{"line":77,"column":22},"end":{"line":77,"column":48}}],"line":77},"3":{"loc":{"start":{"line":78,"column":10},"end":{"line":78,"column":67}},"type":"binary-expr","locations":[{"start":{"line":78,"column":10},"end":{"line":78,"column":15}},{"start":{"line":78,"column":19},"end":{"line":78,"column":27}},{"start":{"line":78,"column":31},"end":{"line":78,"column":67}}],"line":78},"4":{"loc":{"start":{"line":93,"column":51},"end":{"line":93,"column":83}},"type":"binary-expr","locations":[{"start":{"line":93,"column":51},"end":{"line":93,"column":59}},{"start":{"line":93,"column":63},"end":{"line":93,"column":83}}],"line":93},"5":{"loc":{"start":{"line":104,"column":4},"end":{"line":104,"column":31}},"type":"binary-expr","locations":[{"start":{"line":104,"column":4},"end":{"line":104,"column":12}},{"start":{"line":104,"column":16},"end":{"line":104,"column":31}}],"line":104},"6":{"loc":{"start":{"line":105,"column":4},"end":{"line":105,"column":41}},"type":"binary-expr","locations":[{"start":{"line":105,"column":4},"end":{"line":105,"column":17}},{"start":{"line":105,"column":21},"end":{"line":105,"column":41}}],"line":105}},"s":{"0":0,"1":0,"2":7,"3":7,"4":7,"5":7,"6":3,"7":3,"8":3,"9":3,"10":3,"11":0,"12":43},"f":{"0":0,"1":0,"2":7,"3":3,"4":0},"b":{"0":[7,2],"1":[7,2,0],"2":[7,1],"3":[7,2,0],"4":[7,1],"5":[3,1],"6":[3,2]},"_coverageSchema":"332fd63041d2c1bcb487cc26dd0d5f7d97098a6c","hash":"c79b4eb3b7abdb4a431fadaa11e9898ed7e4c2a6"}
,"/Users/nicolas/Localbox/Code/github.com/necolas/react-native-web/packages/react-native-web/src/exports/Clipboard/index.js": {"path":"/Users/nicolas/Localbox/Code/github.com/necolas/react-native-web/packages/react-native-web/src/exports/Clipboard/index.js","statementMap":{"0":{"start":{"line":14,"column":4},"end":{"line":16,"column":6}},"1":{"start":{"line":20,"column":4},"end":{"line":20,"column":31}},"2":{"start":{"line":24,"column":18},"end":{"line":24,"column":23}},"3":{"start":{"line":25,"column":17},"end":{"line":25,"column":30}},"4":{"start":{"line":27,"column":4},"end":{"line":51,"column":5}},"5":{"start":{"line":29,"column":19},"end":{"line":29,"column":49}},"6":{"start":{"line":30,"column":6},"end":{"line":30,"column":30}},"7":{"start":{"line":31,"column":6},"end":{"line":31,"column":39}},"8":{"start":{"line":32,"column":6},"end":{"line":32,"column":31}},"9":{"start":{"line":33,"column":6},"end":{"line":33,"column":29}},"10":{"start":{"line":36,"column":24},"end":{"line":36,"column":45}},"11":{"start":{"line":37,"column":6},"end":{"line":37,"column":34}},"12":{"start":{"line":38,"column":20},"end":{"line":38,"column":42}},"13":{"start":{"line":39,"column":6},"end":{"line":39,"column":37}},"14":{"start":{"line":40,"column":6},"end":{"line":40,"column":32}},"15":{"start":{"line":43,"column":6},"end":{"line":46,"column":20}},"16":{"start":{"line":44,"column":8},"end":{"line":44,"column":37}},"17":{"start":{"line":45,"column":8},"end":{"line":45,"column":23}},"18":{"start":{"line":49,"column":6},"end":{"line":49,"column":34}},"19":{"start":{"line":50,"column":6},"end":{"line":50,"column":29}},"20":{"start":{"line":53,"column":4},"end":{"line":53,"column":19}}},"fnMap":{"0":{"name":"(anonymous_0)","decl":{"start":{"line":13,"column":2},"end":{"line":13,"column":3}},"loc":{"start":{"line":13,"column":23},"end":{"line":17,"column":3}},"line":13},"1":{"name":"(anonymous_1)","decl":{"start":{"line":19,"column":2},"end":{"line":19,"column":3}},"loc":{"start":{"line":19,"column":38},"end":{"line":21,"column":3}},"line":19},"2":{"name":"(anonymous_2)","decl":{"start":{"line":23,"column":2},"end":{"line":23,"column":3}},"loc":{"start":{"line":23,"column":33},"end":{"line":54,"column":3}},"line":23}},"branchMap":{"0":{"loc":{"start":{"line":15,"column":6},"end":{"line":15,"column":100}},"type":"binary-expr","locations":[{"start":{"line":15,"column":6},"end":{"line":15,"column":58}},{"start":{"line":15,"column":62},"end":{"line":15,"column":100}}],"line":15},"1":{"loc":{"start":{"line":27,"column":4},"end":{"line":51,"column":5}},"type":"if","locations":[{"start":{"line":27,"column":4},"end":{"line":51,"column":5}},{"start":{"line":27,"column":4},"end":{"line":51,"column":5}}],"line":27}},"s":{"0":0,"1":0,"2":0,"3":0,"4":0,"5":0,"6":0,"7":0,"8":0,"9":0,"10":0,"11":0,"12":0,"13":0,"14":0,"15":0,"16":0,"17":0,"18":0,"19":0,"20":0},"f":{"0":0,"1":0,"2":0},"b":{"0":[0,0],"1":[0,0]},"_coverageSchema":"332fd63041d2c1bcb487cc26dd0d5f7d97098a6c","hash":"f256cb3a2806e9b5bc2f1ed2f5bde77e5aab6eee"}
,"/Users/nicolas/Localbox/Code/github.com/necolas/react-native-web/packages/react-native-web/src/exports/ColorPropType/index.js": {"path":"/Users/nicolas/Localbox/Code/github.com/necolas/react-native-web/packages/react-native-web/src/exports/ColorPropType/index.js","statementMap":{"0":{"start":{"line":11,"column":19},"end":{"line":12,"column":80}},"1":{"start":{"line":12,"column":2},"end":{"line":12,"column":80}},"2":{"start":{"line":14,"column":22},"end":{"line":70,"column":1}},"3":{"start":{"line":15,"column":25},"end":{"line":15,"column":55}},"4":{"start":{"line":16,"column":16},"end":{"line":16,"column":31}},"5":{"start":{"line":17,"column":2},"end":{"line":30,"column":3}},"6":{"start":{"line":18,"column":4},"end":{"line":28,"column":5}},"7":{"start":{"line":19,"column":6},"end":{"line":27,"column":8}},"8":{"start":{"line":29,"column":4},"end":{"line":29,"column":11}},"9":{"start":{"line":32,"column":2},"end":{"line":37,"column":3}},"10":{"start":{"line":36,"column":4},"end":{"line":36,"column":11}},"11":{"start":{"line":39,"column":2},"end":{"line":42,"column":3}},"12":{"start":{"line":41,"column":4},"end":{"line":41,"column":11}},"13":{"start":{"line":44,"column":2},"end":{"line":69,"column":3}},"14":{"start":{"line":45,"column":4},"end":{"line":68,"column":6}},"15":{"start":{"line":74,"column":0},"end":{"line":79,"column":1}},"16":{"start":{"line":75,"column":2},"end":{"line":75,"column":67}},"17":{"start":{"line":76,"column":2},"end":{"line":76,"column":77}},"18":{"start":{"line":78,"column":2},"end":{"line":78,"column":32}}},"fnMap":{"0":{"name":"(anonymous_0)","decl":{"start":{"line":11,"column":19},"end":{"line":11,"column":20}},"loc":{"start":{"line":12,"column":2},"end":{"line":12,"column":80}},"line":12},"1":{"name":"(anonymous_1)","decl":{"start":{"line":14,"column":22},"end":{"line":14,"column":23}},"loc":{"start":{"line":14,"column":99},"end":{"line":70,"column":1}},"line":14},"2":{"name":"(anonymous_2)","decl":{"start":{"line":78,"column":18},"end":{"line":78,"column":19}},"loc":{"start":{"line":78,"column":29},"end":{"line":78,"column":31}},"line":78}},"branchMap":{"0":{"loc":{"start":{"line":12,"column":2},"end":{"line":12,"column":80}},"type":"binary-expr","locations":[{"start":{"line":12,"column":2},"end":{"line":12,"column":26}},{"start":{"line":12,"column":30},"end":{"line":12,"column":49}},{"start":{"line":12,"column":53},"end":{"line":12,"column":80}}],"line":12},"1":{"loc":{"start":{"line":17,"column":2},"end":{"line":30,"column":3}},"type":"if","locations":[{"start":{"line":17,"column":2},"end":{"line":30,"column":3}},{"start":{"line":17,"column":2},"end":{"line":30,"column":3}}],"line":17},"2":{"loc":{"start":{"line":17,"column":6},"end":{"line":17,"column":43}},"type":"binary-expr","locations":[{"start":{"line":17,"column":6},"end":{"line":17,"column":25}},{"start":{"line":17,"column":29},"end":{"line":17,"column":43}}],"line":17},"3":{"loc":{"start":{"line":18,"column":4},"end":{"line":28,"column":5}},"type":"if","locations":[{"start":{"line":18,"column":4},"end":{"line":28,"column":5}},{"start":{"line":18,"column":4},"end":{"line":28,"column":5}}],"line":18},"4":{"loc":{"start":{"line":23,"column":11},"end":{"line":23,"column":35}},"type":"binary-expr","locations":[{"start":{"line":23,"column":11},"end":{"line":23,"column":23}},{"start":{"line":23,"column":27},"end":{"line":23,"column":35}}],"line":23},"5":{"loc":{"start":{"line":32,"column":2},"end":{"line":37,"column":3}},"type":"if","locations":[{"start":{"line":32,"column":2},"end":{"line":37,"column":3}},{"start":{"line":32,"column":2},"end":{"line":37,"column":3}}],"line":32},"6":{"loc":{"start":{"line":39,"column":2},"end":{"line":42,"column":3}},"type":"if","locations":[{"start":{"line":39,"column":2},"end":{"line":42,"column":3}},{"start":{"line":39,"column":2},"end":{"line":42,"column":3}}],"line":39},"7":{"loc":{"start":{"line":39,"column":6},"end":{"line":39,"column":52}},"type":"binary-expr","locations":[{"start":{"line":39,"column":6},"end":{"line":39,"column":31}},{"start":{"line":39,"column":35},"end":{"line":39,"column":52}}],"line":39},"8":{"loc":{"start":{"line":44,"column":2},"end":{"line":69,"column":3}},"type":"if","locations":[{"start":{"line":44,"column":2},"end":{"line":69,"column":3}},{"start":{"line":44,"column":2},"end":{"line":69,"column":3}}],"line":44},"9":{"loc":{"start":{"line":49,"column":9},"end":{"line":49,"column":33}},"type":"binary-expr","locations":[{"start":{"line":49,"column":9},"end":{"line":49,"column":21}},{"start":{"line":49,"column":25},"end":{"line":49,"column":33}}],"line":49},"10":{"loc":{"start":{"line":74,"column":0},"end":{"line":79,"column":1}},"type":"if","locations":[{"start":{"line":74,"column":0},"end":{"line":79,"column":1}},{"start":{"line":74,"column":0},"end":{"line":79,"column":1}}],"line":74}},"s":{"0":43,"1":1109,"2":43,"3":3802,"4":3802,"5":3802,"6":2693,"7":0,"8":2693,"9":1109,"10":0,"11":1109,"12":172,"13":937,"14":0,"15":43,"16":43,"17":43,"18":0},"f":{"0":1109,"1":3802,"2":0},"b":{"0":[1109,1109,937],"1":[2693,1109],"2":[3802,1109],"3":[0,2693],"4":[0,0],"5":[0,1109],"6":[172,937],"7":[1109,1109],"8":[0,937],"9":[0,0],"10":[43,0]},"_coverageSchema":"332fd63041d2c1bcb487cc26dd0d5f7d97098a6c","hash":"27c3ad35b9f8bb9bfcad54b9e0625d34e1bca1de"}
,"/Users/nicolas/Localbox/Code/github.com/necolas/react-native-web/packages/react-native-web/src/exports/Dimensions/index.js": {"path":"/Users/nicolas/Localbox/Code/github.com/necolas/react-native-web/packages/react-native-web/src/exports/Dimensions/index.js","statementMap":{"0":{"start":{"line":16,"column":12},"end":{"line":26,"column":5}},"1":{"start":{"line":28,"column":19},"end":{"line":28,"column":21}},"2":{"start":{"line":29,"column":18},"end":{"line":29,"column":20}},"3":{"start":{"line":33,"column":4},"end":{"line":33,"column":78}},"4":{"start":{"line":34,"column":4},"end":{"line":34,"column":33}},"5":{"start":{"line":38,"column":4},"end":{"line":45,"column":5}},"6":{"start":{"line":39,"column":6},"end":{"line":44,"column":7}},"7":{"start":{"line":40,"column":8},"end":{"line":40,"column":68}},"8":{"start":{"line":42,"column":8},"end":{"line":42,"column":53}},"9":{"start":{"line":43,"column":8},"end":{"line":43,"column":53}},"10":{"start":{"line":49,"column":4},"end":{"line":54,"column":6}},"11":{"start":{"line":56,"column":4},"end":{"line":61,"column":6}},"12":{"start":{"line":63,"column":4},"end":{"line":65,"column":5}},"13":{"start":{"line":64,"column":6},"end":{"line":64,"column":66}},"14":{"start":{"line":64,"column":45},"end":{"line":64,"column":64}},"15":{"start":{"line":69,"column":4},"end":{"line":69,"column":44}},"16":{"start":{"line":70,"column":4},"end":{"line":70,"column":34}},"17":{"start":{"line":74,"column":4},"end":{"line":76,"column":5}},"18":{"start":{"line":75,"column":6},"end":{"line":75,"column":81}},"19":{"start":{"line":75,"column":59},"end":{"line":75,"column":79}},"20":{"start":{"line":80,"column":0},"end":{"line":80,"column":21}},"21":{"start":{"line":82,"column":0},"end":{"line":84,"column":1}},"22":{"start":{"line":83,"column":2},"end":{"line":83,"column":77}}},"fnMap":{"0":{"name":"(anonymous_0)","decl":{"start":{"line":32,"column":2},"end":{"line":32,"column":3}},"loc":{"start":{"line":32,"column":40},"end":{"line":35,"column":3}},"line":32},"1":{"name":"(anonymous_1)","decl":{"start":{"line":37,"column":2},"end":{"line":37,"column":3}},"loc":{"start":{"line":37,"column":63},"end":{"line":46,"column":3}},"line":37},"2":{"name":"(anonymous_2)","decl":{"start":{"line":48,"column":2},"end":{"line":48,"column":3}},"loc":{"start":{"line":48,"column":19},"end":{"line":66,"column":3}},"line":48},"3":{"name":"(anonymous_3)","decl":{"start":{"line":64,"column":34},"end":{"line":64,"column":35}},"loc":{"start":{"line":64,"column":45},"end":{"line":64,"column":64}},"line":64},"4":{"name":"(anonymous_4)","decl":{"start":{"line":68,"column":2},"end":{"line":68,"column":3}},"loc":{"start":{"line":68,"column":65},"end":{"line":71,"column":3}},"line":68},"5":{"name":"(anonymous_5)","decl":{"start":{"line":73,"column":2},"end":{"line":73,"column":3}},"loc":{"start":{"line":73,"column":68},"end":{"line":77,"column":3}},"line":73},"6":{"name":"(anonymous_6)","decl":{"start":{"line":75,"column":47},"end":{"line":75,"column":48}},"loc":{"start":{"line":75,"column":59},"end":{"line":75,"column":79}},"line":75}},"branchMap":{"0":{"loc":{"start":{"line":16,"column":12},"end":{"line":26,"column":5}},"type":"cond-expr","locations":[{"start":{"line":17,"column":4},"end":{"line":17,"column":10}},{"start":{"line":18,"column":4},"end":{"line":26,"column":5}}],"line":16},"1":{"loc":{"start":{"line":38,"column":4},"end":{"line":45,"column":5}},"type":"if","locations":[{"start":{"line":38,"column":4},"end":{"line":45,"column":5}},{"start":{"line":38,"column":4},"end":{"line":45,"column":5}}],"line":38},"2":{"loc":{"start":{"line":39,"column":6},"end":{"line":44,"column":7}},"type":"if","locations":[{"start":{"line":39,"column":6},"end":{"line":44,"column":7}},{"start":{"line":39,"column":6},"end":{"line":44,"column":7}}],"line":39},"3":{"loc":{"start":{"line":52,"column":13},"end":{"line":52,"column":38}},"type":"binary-expr","locations":[{"start":{"line":52,"column":13},"end":{"line":52,"column":33}},{"start":{"line":52,"column":37},"end":{"line":52,"column":38}}],"line":52},"4":{"loc":{"start":{"line":59,"column":13},"end":{"line":59,"column":38}},"type":"binary-expr","locations":[{"start":{"line":59,"column":13},"end":{"line":59,"column":33}},{"start":{"line":59,"column":37},"end":{"line":59,"column":38}}],"line":59},"5":{"loc":{"start":{"line":63,"column":4},"end":{"line":65,"column":5}},"type":"if","locations":[{"start":{"line":63,"column":4},"end":{"line":65,"column":5}},{"start":{"line":63,"column":4},"end":{"line":65,"column":5}}],"line":63},"6":{"loc":{"start":{"line":69,"column":22},"end":{"line":69,"column":43}},"type":"binary-expr","locations":[{"start":{"line":69,"column":22},"end":{"line":69,"column":37}},{"start":{"line":69,"column":41},"end":{"line":69,"column":43}}],"line":69},"7":{"loc":{"start":{"line":74,"column":4},"end":{"line":76,"column":5}},"type":"if","locations":[{"start":{"line":74,"column":4},"end":{"line":76,"column":5}},{"start":{"line":74,"column":4},"end":{"line":76,"column":5}}],"line":74},"8":{"loc":{"start":{"line":82,"column":0},"end":{"line":84,"column":1}},"type":"if","locations":[{"start":{"line":82,"column":0},"end":{"line":84,"column":1}},{"start":{"line":82,"column":0},"end":{"line":84,"column":1}}],"line":82}},"s":{"0":43,"1":43,"2":43,"3":4,"4":4,"5":1,"6":1,"7":1,"8":0,"9":0,"10":45,"11":45,"12":45,"13":2,"14":2,"15":1,"16":1,"17":1,"18":1,"19":1,"20":43,"21":43,"22":43},"f":{"0":4,"1":1,"2":45,"3":2,"4":1,"5":1,"6":1},"b":{"0":[43,0],"1":[1,0],"2":[1,0],"3":[45,45],"4":[45,45],"5":[2,43],"6":[1,1],"7":[1,0],"8":[43,0]},"_coverageSchema":"332fd63041d2c1bcb487cc26dd0d5f7d97098a6c","hash":"ac071e9bbdc8f79bf78702f8dfb8fd375b63a9bc"}
,"/Users/nicolas/Localbox/Code/github.com/necolas/react-native-web/packages/react-native-web/src/exports/Easing/index.js": {"path":"/Users/nicolas/Localbox/Code/github.com/necolas/react-native-web/packages/react-native-web/src/exports/Easing/index.js","statementMap":{},"fnMap":{},"branchMap":{},"s":{},"f":{},"b":{},"_coverageSchema":"332fd63041d2c1bcb487cc26dd0d5f7d97098a6c","hash":"2db41d4bc3a54b66d86990cbe88db2b537eabb7d"}
,"/Users/nicolas/Localbox/Code/github.com/necolas/react-native-web/packages/react-native-web/src/exports/EdgeInsetsPropType/index.js": {"path":"/Users/nicolas/Localbox/Code/github.com/necolas/react-native-web/packages/react-native-web/src/exports/EdgeInsetsPropType/index.js","statementMap":{"0":{"start":{"line":21,"column":27},"end":{"line":26,"column":2}}},"fnMap":{},"branchMap":{},"s":{"0":43},"f":{},"b":{},"_coverageSchema":"332fd63041d2c1bcb487cc26dd0d5f7d97098a6c","hash":"4d3b8085db30c8acb489f8ab12781fdf410c13ad"}
,"/Users/nicolas/Localbox/Code/github.com/necolas/react-native-web/packages/react-native-web/src/exports/FlatList/index.js": {"path":"/Users/nicolas/Localbox/Code/github.com/necolas/react-native-web/packages/react-native-web/src/exports/FlatList/index.js","statementMap":{},"fnMap":{},"branchMap":{},"s":{},"f":{},"b":{},"_coverageSchema":"332fd63041d2c1bcb487cc26dd0d5f7d97098a6c","hash":"420e8cfb8bfbb259503f4fd021797ab68ac3f912"}
,"/Users/nicolas/Localbox/Code/github.com/necolas/react-native-web/packages/react-native-web/src/exports/I18nManager/index.js": {"path":"/Users/nicolas/Localbox/Code/github.com/necolas/react-native-web/packages/react-native-web/src/exports/I18nManager/index.js","statementMap":{"0":{"start":{"line":23,"column":30},"end":{"line":23,"column":34}},"1":{"start":{"line":24,"column":29},"end":{"line":24,"column":34}},"2":{"start":{"line":25,"column":19},"end":{"line":25,"column":23}},"3":{"start":{"line":26,"column":18},"end":{"line":26,"column":23}},"4":{"start":{"line":28,"column":14},"end":{"line":33,"column":1}},"5":{"start":{"line":29,"column":2},"end":{"line":31,"column":3}},"6":{"start":{"line":30,"column":4},"end":{"line":30,"column":16}},"7":{"start":{"line":32,"column":2},"end":{"line":32,"column":48}},"8":{"start":{"line":35,"column":26},"end":{"line":41,"column":1}},"9":{"start":{"line":36,"column":2},"end":{"line":40,"column":3}},"10":{"start":{"line":37,"column":4},"end":{"line":39,"column":5}},"11":{"start":{"line":38,"column":6},"end":{"line":38,"column":76}},"12":{"start":{"line":43,"column":39},"end":{"line":65,"column":1}},"13":{"start":{"line":45,"column":4},"end":{"line":45,"column":24}},"14":{"start":{"line":46,"column":4},"end":{"line":46,"column":24}},"15":{"start":{"line":49,"column":4},"end":{"line":49,"column":23}},"16":{"start":{"line":50,"column":4},"end":{"line":50,"column":24}},"17":{"start":{"line":53,"column":4},"end":{"line":53,"column":34}},"18":{"start":{"line":54,"column":4},"end":{"line":54,"column":24}},"19":{"start":{"line":57,"column":4},"end":{"line":57,"column":35}},"20":{"start":{"line":60,"column":4},"end":{"line":60,"column":35}},"21":{"start":{"line":63,"column":4},"end":{"line":63,"column":19}}},"fnMap":{"0":{"name":"(anonymous_0)","decl":{"start":{"line":28,"column":14},"end":{"line":28,"column":15}},"loc":{"start":{"line":28,"column":20},"end":{"line":33,"column":1}},"line":28},"1":{"name":"(anonymous_1)","decl":{"start":{"line":35,"column":26},"end":{"line":35,"column":27}},"loc":{"start":{"line":35,"column":32},"end":{"line":41,"column":1}},"line":35}},"branchMap":{"0":{"loc":{"start":{"line":29,"column":2},"end":{"line":31,"column":3}},"type":"if","locations":[{"start":{"line":29,"column":2},"end":{"line":31,"column":3}},{"start":{"line":29,"column":2},"end":{"line":31,"column":3}}],"line":29},"1":{"loc":{"start":{"line":32,"column":9},"end":{"line":32,"column":47}},"type":"binary-expr","locations":[{"start":{"line":32,"column":9},"end":{"line":32,"column":21}},{"start":{"line":32,"column":25},"end":{"line":32,"column":47}}],"line":32},"2":{"loc":{"start":{"line":36,"column":2},"end":{"line":40,"column":3}},"type":"if","locations":[{"start":{"line":36,"column":2},"end":{"line":40,"column":3}},{"start":{"line":36,"column":2},"end":{"line":40,"column":3}}],"line":36},"3":{"loc":{"start":{"line":37,"column":4},"end":{"line":39,"column":5}},"type":"if","locations":[{"start":{"line":37,"column":4},"end":{"line":39,"column":5}},{"start":{"line":37,"column":4},"end":{"line":39,"column":5}}],"line":37},"4":{"loc":{"start":{"line":37,"column":8},"end":{"line":37,"column":73}},"type":"binary-expr","locations":[{"start":{"line":37,"column":8},"end":{"line":37,"column":32}},{"start":{"line":37,"column":36},"end":{"line":37,"column":73}}],"line":37},"5":{"loc":{"start":{"line":38,"column":51},"end":{"line":38,"column":74}},"type":"cond-expr","locations":[{"start":{"line":38,"column":61},"end":{"line":38,"column":66}},{"start":{"line":38,"column":69},"end":{"line":38,"column":74}}],"line":38}},"s":{"0":43,"1":43,"2":43,"3":43,"4":43,"5":627,"6":52,"7":575,"8":43,"9":60,"10":60,"11":60,"12":43,"13":13,"14":13,"15":34,"16":34,"17":13,"18":13,"19":18,"20":563,"21":567},"f":{"0":627,"1":60},"b":{"0":[52,575],"1":[575,563],"2":[60,0],"3":[60,0],"4":[60,60],"5":[27,33]},"_coverageSchema":"332fd63041d2c1bcb487cc26dd0d5f7d97098a6c","hash":"38ccb9eb0bada21d77351974f3f2e1a3f120dc11"}
,"/Users/nicolas/Localbox/Code/github.com/necolas/react-native-web/packages/react-native-web/src/exports/Image/ImageResizeMode.js": {"path":"/Users/nicolas/Localbox/Code/github.com/necolas/react-native-web/packages/react-native-web/src/exports/Image/ImageResizeMode.js","statementMap":{"0":{"start":{"line":5,"column":24},"end":{"line":12,"column":1}}},"fnMap":{},"branchMap":{},"s":{"0":43},"f":{},"b":{},"_coverageSchema":"332fd63041d2c1bcb487cc26dd0d5f7d97098a6c","hash":"8328f5b669b43bbcc7551ba4f2ee67cf6ef783a3"}
,"/Users/nicolas/Localbox/Code/github.com/necolas/react-native-web/packages/react-native-web/src/exports/Image/ImageStylePropTypes.js": {"path":"/Users/nicolas/Localbox/Code/github.com/necolas/react-native-web/packages/react-native-web/src/exports/Image/ImageStylePropTypes.js","statementMap":{"0":{"start":{"line":13,"column":28},"end":{"line":30,"column":1}}},"fnMap":{},"branchMap":{},"s":{"0":43},"f":{},"b":{},"_coverageSchema":"332fd63041d2c1bcb487cc26dd0d5f7d97098a6c","hash":"b1fae353d22c8d9ac1b90af674877ee262fb420c"}
,"/Users/nicolas/Localbox/Code/github.com/necolas/react-native-web/packages/react-native-web/src/exports/Image/ImageUriCache.js": {"path":"/Users/nicolas/Localbox/Code/github.com/necolas/react-native-web/packages/react-native-web/src/exports/Image/ImageUriCache.js","statementMap":{"0":{"start":{"line":5,"column":23},"end":{"line":5,"column":31}},"1":{"start":{"line":12,"column":20},"end":{"line":12,"column":42}},"2":{"start":{"line":13,"column":22},"end":{"line":13,"column":46}},"3":{"start":{"line":14,"column":4},"end":{"line":14,"column":46}},"4":{"start":{"line":18,"column":20},"end":{"line":18,"column":42}},"5":{"start":{"line":19,"column":30},"end":{"line":19,"column":40}},"6":{"start":{"line":20,"column":4},"end":{"line":28,"column":5}},"7":{"start":{"line":21,"column":6},"end":{"line":21,"column":57}},"8":{"start":{"line":22,"column":6},"end":{"line":22,"column":33}},"9":{"start":{"line":24,"column":6},"end":{"line":27,"column":8}},"10":{"start":{"line":32,"column":20},"end":{"line":32,"column":42}},"11":{"start":{"line":33,"column":4},"end":{"line":35,"column":5}},"12":{"start":{"line":34,"column":6},"end":{"line":34,"column":33}},"13":{"start":{"line":37,"column":4},"end":{"line":37,"column":37}},"14":{"start":{"line":41,"column":20},"end":{"line":41,"column":42}},"15":{"start":{"line":42,"column":22},"end":{"line":42,"column":42}},"16":{"start":{"line":44,"column":4},"end":{"line":63,"column":5}},"17":{"start":{"line":48,"column":6},"end":{"line":58,"column":9}},"18":{"start":{"line":49,"column":22},"end":{"line":49,"column":34}},"19":{"start":{"line":50,"column":8},"end":{"line":57,"column":9}},"20":{"start":{"line":55,"column":10},"end":{"line":55,"column":37}},"21":{"start":{"line":56,"column":10},"end":{"line":56,"column":41}},"22":{"start":{"line":60,"column":6},"end":{"line":62,"column":7}},"23":{"start":{"line":61,"column":8},"end":{"line":61,"column":45}}},"fnMap":{"0":{"name":"(anonymous_0)","decl":{"start":{"line":11,"column":2},"end":{"line":11,"column":3}},"loc":{"start":{"line":11,"column":26},"end":{"line":15,"column":3}},"line":11},"1":{"name":"(anonymous_1)","decl":{"start":{"line":17,"column":2},"end":{"line":17,"column":3}},"loc":{"start":{"line":17,"column":26},"end":{"line":29,"column":3}},"line":17},"2":{"name":"(anonymous_2)","decl":{"start":{"line":31,"column":2},"end":{"line":31,"column":3}},"loc":{"start":{"line":31,"column":29},"end":{"line":38,"column":3}},"line":31},"3":{"name":"(anonymous_3)","decl":{"start":{"line":40,"column":2},"end":{"line":40,"column":3}},"loc":{"start":{"line":40,"column":28},"end":{"line":64,"column":3}},"line":40},"4":{"name":"(anonymous_4)","decl":{"start":{"line":48,"column":24},"end":{"line":48,"column":25}},"loc":{"start":{"line":48,"column":31},"end":{"line":58,"column":7}},"line":48}},"branchMap":{"0":{"loc":{"start":{"line":14,"column":11},"end":{"line":14,"column":45}},"type":"binary-expr","locations":[{"start":{"line":14,"column":11},"end":{"line":14,"column":20}},{"start":{"line":14,"column":24},"end":{"line":14,"column":45}}],"line":14},"1":{"loc":{"start":{"line":20,"column":4},"end":{"line":28,"column":5}},"type":"if","locations":[{"start":{"line":20,"column":4},"end":{"line":28,"column":5}},{"start":{"line":20,"column":4},"end":{"line":28,"column":5}}],"line":20},"2":{"loc":{"start":{"line":33,"column":4},"end":{"line":35,"column":5}},"type":"if","locations":[{"start":{"line":33,"column":4},"end":{"line":35,"column":5}},{"start":{"line":33,"column":4},"end":{"line":35,"column":5}}],"line":33},"3":{"loc":{"start":{"line":44,"column":4},"end":{"line":63,"column":5}},"type":"if","locations":[{"start":{"line":44,"column":4},"end":{"line":63,"column":5}},{"start":{"line":44,"column":4},"end":{"line":63,"column":5}}],"line":44},"4":{"loc":{"start":{"line":50,"column":8},"end":{"line":57,"column":9}},"type":"if","locations":[{"start":{"line":50,"column":8},"end":{"line":57,"column":9}},{"start":{"line":50,"column":8},"end":{"line":57,"column":9}}],"line":50},"5":{"loc":{"start":{"line":51,"column":10},"end":{"line":53,"column":30}},"type":"binary-expr","locations":[{"start":{"line":51,"column":11},"end":{"line":51,"column":34}},{"start":{"line":52,"column":12},"end":{"line":52,"column":78}},{"start":{"line":53,"column":10},"end":{"line":53,"column":30}}],"line":51},"6":{"loc":{"start":{"line":60,"column":6},"end":{"line":62,"column":7}},"type":"if","locations":[{"start":{"line":60,"column":6},"end":{"line":62,"column":7}},{"start":{"line":60,"column":6},"end":{"line":62,"column":7}}],"line":60}},"s":{"0":43,"1":26,"2":26,"3":26,"4":12,"5":12,"6":12,"7":7,"8":7,"9":5,"10":6,"11":6,"12":5,"13":6,"14":6,"15":6,"16":6,"17":0,"18":0,"19":0,"20":0,"21":0,"22":0,"23":0},"f":{"0":26,"1":12,"2":6,"3":6,"4":0},"b":{"0":[26,26],"1":[7,5],"2":[5,1],"3":[0,6],"4":[0,0],"5":[0,0,0],"6":[0,0]},"_coverageSchema":"332fd63041d2c1bcb487cc26dd0d5f7d97098a6c","hash":"41327a675f565c85607ded3cf8273d086d01ccc4"}
,"/Users/nicolas/Localbox/Code/github.com/necolas/react-native-web/packages/react-native-web/src/exports/Image/index.js": {"path":"/Users/nicolas/Localbox/Code/github.com/necolas/react-native-web/packages/react-native-web/src/exports/Image/index.js","statementMap":{"0":{"start":{"line":27,"column":20},"end":{"line":27,"column":22}},"1":{"start":{"line":29,"column":23},"end":{"line":29,"column":32}},"2":{"start":{"line":30,"column":22},"end":{"line":30,"column":30}},"3":{"start":{"line":31,"column":23},"end":{"line":31,"column":32}},"4":{"start":{"line":32,"column":23},"end":{"line":32,"column":32}},"5":{"start":{"line":33,"column":20},"end":{"line":33,"column":26}},"6":{"start":{"line":35,"column":28},"end":{"line":43,"column":2}},"7":{"start":{"line":45,"column":22},"end":{"line":47,"column":1}},"8":{"start":{"line":46,"column":2},"end":{"line":46,"column":82}},"9":{"start":{"line":49,"column":31},"end":{"line":57,"column":1}},"10":{"start":{"line":50,"column":2},"end":{"line":56,"column":3}},"11":{"start":{"line":51,"column":30},"end":{"line":51,"column":50}},"12":{"start":{"line":52,"column":4},"end":{"line":52,"column":29}},"13":{"start":{"line":53,"column":9},"end":{"line":56,"column":3}},"14":{"start":{"line":54,"column":30},"end":{"line":54,"column":36}},"15":{"start":{"line":55,"column":4},"end":{"line":55,"column":29}},"16":{"start":{"line":59,"column":26},"end":{"line":59,"column":61}},"17":{"start":{"line":60,"column":27},"end":{"line":83,"column":1}},"18":{"start":{"line":62,"column":2},"end":{"line":72,"column":3}},"19":{"start":{"line":64,"column":18},"end":{"line":64,"column":38}},"20":{"start":{"line":65,"column":18},"end":{"line":65,"column":33}},"21":{"start":{"line":66,"column":24},"end":{"line":66,"column":55}},"22":{"start":{"line":67,"column":4},"end":{"line":67,"column":95}},"23":{"start":{"line":68,"column":9},"end":{"line":72,"column":3}},"24":{"start":{"line":69,"column":4},"end":{"line":69,"column":21}},"25":{"start":{"line":71,"column":4},"end":{"line":71,"column":23}},"26":{"start":{"line":74,"column":16},"end":{"line":74,"column":44}},"27":{"start":{"line":76,"column":2},"end":{"line":80,"column":3}},"28":{"start":{"line":77,"column":28},"end":{"line":77,"column":33}},"29":{"start":{"line":78,"column":23},"end":{"line":78,"column":46}},"30":{"start":{"line":79,"column":4},"end":{"line":79,"column":36}},"31":{"start":{"line":82,"column":2},"end":{"line":82,"column":13}},"32":{"start":{"line":89,"column":24},"end":{"line":90,"column":70}},"33":{"start":{"line":90,"column":2},"end":{"line":90,"column":70}},"34":{"start":{"line":124,"column":4},"end":{"line":124,"column":47}},"35":{"start":{"line":128,"column":4},"end":{"line":128,"column":37}},"36":{"start":{"line":139,"column":4},"end":{"line":139,"column":26}},"37":{"start":{"line":141,"column":16},"end":{"line":141,"column":48}},"38":{"start":{"line":142,"column":32},"end":{"line":142,"column":54}},"39":{"start":{"line":143,"column":4},"end":{"line":143,"column":41}},"40":{"start":{"line":144,"column":4},"end":{"line":144,"column":63}},"41":{"start":{"line":145,"column":4},"end":{"line":145,"column":50}},"42":{"start":{"line":149,"column":4},"end":{"line":149,"column":27}},"43":{"start":{"line":150,"column":4},"end":{"line":155,"column":5}},"44":{"start":{"line":151,"column":6},"end":{"line":151,"column":32}},"45":{"start":{"line":152,"column":11},"end":{"line":155,"column":5}},"46":{"start":{"line":153,"column":25},"end":{"line":153,"column":35}},"47":{"start":{"line":154,"column":6},"end":{"line":154,"column":25}},"48":{"start":{"line":159,"column":4},"end":{"line":161,"column":5}},"49":{"start":{"line":160,"column":6},"end":{"line":160,"column":32}},"50":{"start":{"line":165,"column":16},"end":{"line":165,"column":53}},"51":{"start":{"line":166,"column":20},"end":{"line":166,"column":56}},"52":{"start":{"line":167,"column":4},"end":{"line":172,"column":5}},"53":{"start":{"line":168,"column":6},"end":{"line":168,"column":32}},"54":{"start":{"line":169,"column":33},"end":{"line":169,"column":59}},"55":{"start":{"line":170,"column":6},"end":{"line":170,"column":55}},"56":{"start":{"line":171,"column":6},"end":{"line":171,"column":73}},"57":{"start":{"line":176,"column":4},"end":{"line":176,"column":64}},"58":{"start":{"line":177,"column":4},"end
[...]
,"/Users/nicolas/Localbox/Code/github.com/necolas/react-native-web/packages/react-native-web/src/modules/multiplyStyleLengthValue/index.js": {"path":"/Users/nicolas/Localbox/Code/github.com/necolas/react-native-web/packages/react-native-web/src/modules/multiplyStyleLengthValue/index.js","statementMap":{"0":{"start":{"line":10,"column":20},"end":{"line":10,"column":65}},"1":{"start":{"line":12,"column":16},"end":{"line":12,"column":48}},"2":{"start":{"line":12,"column":23},"end":{"line":12,"column":48}},"3":{"start":{"line":14,"column":18},"end":{"line":16,"column":1}},"4":{"start":{"line":15,"column":2},"end":{"line":15,"column":46}},"5":{"start":{"line":18,"column":33},"end":{"line":26,"column":1}},"6":{"start":{"line":19,"column":2},"end":{"line":25,"column":3}},"7":{"start":{"line":20,"column":19},"end":{"line":20,"column":47}},"8":{"start":{"line":21,"column":17},"end":{"line":21,"column":31}},"9":{"start":{"line":22,"column":4},"end":{"line":22,"column":30}},"10":{"start":{"line":23,"column":9},"end":{"line":25,"column":3}},"11":{"start":{"line":24,"column":4},"end":{"line":24,"column":28}}},"fnMap":{"0":{"name":"(anonymous_0)","decl":{"start":{"line":12,"column":16},"end":{"line":12,"column":17}},"loc":{"start":{"line":12,"column":23},"end":{"line":12,"column":48}},"line":12},"1":{"name":"(anonymous_1)","decl":{"start":{"line":14,"column":18},"end":{"line":14,"column":19}},"loc":{"start":{"line":14,"column":23},"end":{"line":16,"column":1}},"line":14},"2":{"name":"(anonymous_2)","decl":{"start":{"line":18,"column":33},"end":{"line":18,"column":34}},"loc":{"start":{"line":18,"column":71},"end":{"line":26,"column":1}},"line":18}},"branchMap":{"0":{"loc":{"start":{"line":15,"column":9},"end":{"line":15,"column":45}},"type":"binary-expr","locations":[{"start":{"line":15,"column":9},"end":{"line":15,"column":30}},{"start":{"line":15,"column":34},"end":{"line":15,"column":45}}],"line":15},"1":{"loc":{"start":{"line":19,"column":2},"end":{"line":25,"column":3}},"type":"if","locations":[{"start":{"line":19,"column":2},"end":{"line":25,"column":3}},{"start":{"line":19,"column":2},"end":{"line":25,"column":3}}],"line":19},"2":{"loc":{"start":{"line":23,"column":9},"end":{"line":25,"column":3}},"type":"if","locations":[{"start":{"line":23,"column":9},"end":{"line":25,"column":3}},{"start":{"line":23,"column":9},"end":{"line":25,"column":3}}],"line":23}},"s":{"0":43,"1":43,"2":6,"3":43,"4":17,"5":43,"6":23,"7":6,"8":6,"9":6,"10":17,"11":17},"f":{"0":6,"1":17,"2":23},"b":{"0":[17,17],"1":[6,17],"2":[17,0]},"_coverageSchema":"332fd63041d2c1bcb487cc26dd0d5f7d97098a6c","hash":"2698845c211f360f604f21be4b09626a41ceada3"}
,"/Users/nicolas/Localbox/Code/github.com/necolas/react-native-web/packages/react-native-web/src/modules/normalizeNativeEvent/index.js": {"path":"/Users/nicolas/Localbox/Code/github.com/necolas/react-native-web/packages/react-native-web/src/modules/normalizeNativeEvent/index.js","statementMap":{"0":{"start":{"line":10,"column":19},"end":{"line":10,"column":21}},"1":{"start":{"line":11,"column":22},"end":{"line":11,"column":30}},"2":{"start":{"line":14,"column":25},"end":{"line":54,"column":1}},"3":{"start":{"line":15,"column":2},"end":{"line":17,"column":3}},"4":{"start":{"line":16,"column":4},"end":{"line":16,"column":22}},"5":{"start":{"line":19,"column":2},"end":{"line":53,"column":5}},"6":{"start":{"line":20,"column":23},"end":{"line":20,"column":87}},"7":{"start":{"line":23,"column":17},"end":{"line":23,"column":29}},"8":{"start":{"line":24,"column":4},"end":{"line":31,"column":5}},"9":{"start":{"line":25,"column":24},"end":{"line":25,"column":43}},"10":{"start":{"line":26,"column":6},"end":{"line":30,"column":7}},"11":{"start":{"line":27,"column":21},"end":{"line":27,"column":49}},"12":{"start":{"line":28,"column":8},"end":{"line":28,"column":44}},"13":{"start":{"line":29,"column":8},"end":{"line":29,"column":43}},"14":{"start":{"line":33,"column":4},"end":{"line":52,"column":6}},"15":{"start":{"line":57,"column":25},"end":{"line":57,"column":69}},"16":{"start":{"line":58,"column":18},"end":{"line":58,"column":55}},"17":{"start":{"line":61,"column":4},"end":{"line":63,"column":21}},"18":{"start":{"line":65,"column":4},"end":{"line":67,"column":21}},"19":{"start":{"line":69,"column":4},"end":{"line":71,"column":21}},"20":{"start":{"line":73,"column":16},"end":{"line":94,"column":3}},"21":{"start":{"line":96,"column":2},"end":{"line":102,"column":3}},"22":{"start":{"line":97,"column":4},"end":{"line":97,"column":52}},"23":{"start":{"line":98,"column":4},"end":{"line":98,"column":42}},"24":{"start":{"line":99,"column":4},"end":{"line":99,"column":42}},"25":{"start":{"line":100,"column":4},"end":{"line":100,"column":50}},"26":{"start":{"line":101,"column":4},"end":{"line":101,"column":50}},"27":{"start":{"line":104,"column":2},"end":{"line":104,"column":15}},"28":{"start":{"line":108,"column":18},"end":{"line":124,"column":3}},"29":{"start":{"line":127,"column":4},"end":{"line":129,"column":21}},"30":{"start":{"line":131,"column":4},"end":{"line":133,"column":21}},"31":{"start":{"line":135,"column":4},"end":{"line":137,"column":21}},"32":{"start":{"line":139,"column":2},"end":{"line":158,"column":4}},"33":{"start":{"line":163,"column":2},"end":{"line":165,"column":3}},"34":{"start":{"line":164,"column":4},"end":{"line":164,"column":23}},"35":{"start":{"line":166,"column":20},"end":{"line":166,"column":42}},"36":{"start":{"line":167,"column":16},"end":{"line":167,"column":47}},"37":{"start":{"line":168,"column":2},"end":{"line":172,"column":3}},"38":{"start":{"line":169,"column":4},"end":{"line":169,"column":44}},"39":{"start":{"line":171,"column":4},"end":{"line":171,"column":44}}},"fnMap":{"0":{"name":"(anonymous_0)","decl":{"start":{"line":11,"column":22},"end":{"line":11,"column":23}},"loc":{"start":{"line":11,"column":28},"end":{"line":11,"column":30}},"line":11},"1":{"name":"(anonymous_1)","decl":{"start":{"line":14,"column":25},"end":{"line":14,"column":26}},"loc":{"start":{"line":14,"column":36},"end":{"line":54,"column":1}},"line":14},"2":{"name":"(anonymous_2)","decl":{"start":{"line":19,"column":49},"end":{"line":19,"column":50}},"loc":{"start":{"line":19,"column":58},"end":{"line":53,"column":3}},"line":19},"3":{"name":"normalizeTouchEvent","decl":{"start":{"line":56,"column":9},"end":{"line":56,"column":28}},"loc":{"start":{"line":56,"column":42},"end":{"line":105,"column":1}},"line":56},"4":{"name":"normalizeMouseEvent","decl":{"start":{"line":107,"column":9},"end":{"line":107,"column":28}},"loc":{"start":{"line":107,"column":42},"end":{"line":159,"column":1}},"line":107},"5":{"name":"normalizeNativeEvent","decl":{"start":{"line":162,"column":9},"end":{"line":162,"column":29}},"loc":{"start":{"line":162,"column":51},"end":{"line":173,"column":1}},"line":162}},"branchMap":{"0":{"loc":{"start":{"line":15,"column":2},"end":{"line":17,"column":3}},"type":"if","locations":[{"start":{"line":15,"column":2},"end":{"line":17,"column":3}},{"start":{"line":15,"column":2},"end":{"line":17,"column":3}}],"line":15},"1":{"loc":{"start":{"line":20,"column":23},"end":{"line":20,"column":87}},"type":"cond-expr","locations":[{"start":{"line":20,"column":47},"end":{"line":20,"column":68}},{"start":{"line":20,"column":71},"end":{"line":20,"column":87}}],"line":20},"2":{"loc":{"start":{"line":24,"column":4},"end":{"line":31,"column":5}},"type":"if","locations":[{"start":{"line":24,"column":4},"end":{"line":31,"column":5}},{"start":{"line":24,"column":4},"end":{"line":31,"column":5}}],"line":24},"3":{"loc":{"start":{"line":26,"column":6},"end":{"line":30,"column":7}},"type":"if","locations":[{"start":{"line":26,"column":6},"end":{"line":30,"column":7}},{"start":{"line":26,"column":6},"end":{"line":30,"column":7}}],"line":26},"4":{"loc":{"start":{"line":26,"column":10},"end":{"line":26,"column":71}},"type":"binary-expr","locations":[{"start":{"line":26,"column":10},"end":{"line":26,"column":19}},{"start":{"line":26,"column":23},"end":{"line":26,"column":71}}],"line":26},"5":{"loc":{"start":{"line":61,"column":4},"end":{"line":63,"column":21}},"type":"cond-expr","locations":[{"start":{"line":62,"column":8},"end":{"line":62,"column":52}},{"start":{"line":63,"column":8},"end":{"line":63,"column":21}}],"line":61},"6":{"loc":{"start":{"line":65,"column":4},"end":{"line":67,"column":21}},"type":"cond-expr","locations":[{"start":{"line":66,"column":8},"end":{"line":66,"column":62}},{"start":{"line":67,"column":8},"end":{"line":67,"column":21}}],"line":65},"7":{"loc":{"start":{"line":69,"column":4},"end":{"line":71,"column":21}},"type":"cond-expr","locations":[{"start":{"line":70,"column":8},"end":{"line":70,"column":53}},{"start":{"line":71,"column":8},"end":{"line":71,"column":21}}],"line":69},"8":{"loc":{"start":{"line":96,"column":2},"end":{"line":102,"column":3}},"type":"if","locations":[{"start":{"line":96,"column":2},"end":{"line":102,"column":3}},{"start":{"line":96,"column":2},"end":{"line":102,"column":3}}],"line":96},"9":{"loc":{"start":{"line":127,"column":4},"end":{"line":129,"column":21}},"type":"cond-expr","locations":[{"start":{"line":128,"column":8},"end":{"line":128,"column":52}},{"start":{"line":129,"column":8},"end":{"line":129,"column":21}}],"line":127},"10":{"loc":{"start":{"line":131,"column":4},"end":{"line":133,"column":21}},"type":"cond-expr","locations":[{"start":{"line":132,"column":8},"end":{"line":132,"column":62}},{"start":{"line":133,"column":8},"end":{"line":133,"column":21}}],"line":131},"11":{"loc":{"start":{"line":135,"column":4},"end":{"line":137,"column":21}},"type":"cond-expr","locations":[{"start":{"line":136,"column":8},"end":{"line":136,"column":53}},{"start":{"line":137,"column":8},"end":{"line":137,"column":21}}],"line":135},"12":{"loc":{"start":{"line":155,"column":13},"end":{"line":155,"column":66}},"type":"cond-expr","locations":[{"start":{"line":155,"column":46},"end":{"line":155,"column":56}},{"start":{"line":155,"column":59},"end":{"line":155,"column":66}}],"line":155},"13":{"loc":{"start":{"line":163,"column":2},"end":{"line":165,"column":3}},"type":"if","locations":[{"start":{"line":163,"column":2},"end":{"line":165,"column":3}},{"start":{"line":163,"column":2},"end":{"line":165,"column":3}}],"line":163},"14":{"loc":{"start":{"line":163,"column":6},"end":{"line":163,"column":45}},"type":"binary-expr","locations":[{"start":{"line":163,"column":6},"end":{"line":163,"column":18}},{"start":{"line":163,"column":22},"end":{"line":163,"column":45}}],"line":163},"15":{"loc":{"start":{"line":166,"column":20},"end":{"line":166,"column":42}},"type":"binary-expr","locations":[{"start":{"line":166,"column":20},"end":{"line":166,"column":36}},{"start":{"line":166,"column":40},"end":{"line":166,"column":42}}],"line":166},"16":{"loc":{"start":{"line":168,"column":2},"end":{"line":172,"column":3}},"type":"if","locations":[{"start":{"line":168,"column":2},"end":{"line":172,"column":3}},{"start":{"line":168,"column":2},"end":{"line":172,"column":3}}],"line":168}},"s":{"0":43,"1":43,"2":43,"3":20,"4":19,"5":1,"6":1,"7":1,"8":1,"9":0,"10":0,"11":0,"12":0,"13":0,"14":1,"15":10,"16":10,"17":10,"18":10,"19":10,"20":10,"21":10,"22":1,"23":1,"24":1,"25":1,"26":1,"27":10,"28":2,"29":2,"30":2,"31":2,"32":2,"33":12,"34":0,"35":12,"36":12,"37":12,"38":2,"39":10},"f":{"0":0,"1":20,"2":1,"3":10,"4":2,"5":12},"b":{"0":[19,1],"1":[0,1],"2":[0,1],"3":[0,0],"4":[0,0],"5":[5,5],"6":[5,5],"7":[5,5],"8":[1,9],"9":[0,2],"10":[0,2],"11":[0,2],"12":[2,0],"13":[0,12],"14":[12,12],"15":[12,3],"16":[2,10]},"_coverageSchema":"332fd63041d2c1bcb487cc26dd0d5f7d97098a6c","hash":"297694a66befff279cd8d5ea605578e4f65bd700"}
,"/Users/nicolas/Localbox/Code/github.com/necolas/react-native-web/packages/react-native-web/src/modules/prefixStyles/index.js": {"path":"/Users/nicolas/Localbox/Code/github.com/necolas/react-native-web/packages/react-native-web/src/modules/prefixStyles/index.js","statementMap":{"0":{"start":{"line":13,"column":18},"end":{"line":13,"column":44}},"1":{"start":{"line":17,"column":34},"end":{"line":30,"column":1}},"2":{"start":{"line":18,"column":25},"end":{"line":18,"column":41}},"3":{"start":{"line":22,"column":2},"end":{"line":27,"column":5}},"4":{"start":{"line":23,"column":18},"end":{"line":23,"column":38}},"5":{"start":{"line":24,"column":4},"end":{"line":26,"column":5}},"6":{"start":{"line":25,"column":6},"end":{"line":25,"column":53}},"7":{"start":{"line":29,"column":2},"end":{"line":29,"column":24}}},"fnMap":{"0":{"name":"(anonymous_0)","decl":{"start":{"line":17,"column":34},"end":{"line":17,"column":35}},"loc":{"start":{"line":17,"column":53},"end":{"line":30,"column":1}},"line":17},"1":{"name":"(anonymous_1)","decl":{"start":{"line":22,"column":38},"end":{"line":22,"column":39}},"loc":{"start":{"line":22,"column":46},"end":{"line":27,"column":3}},"line":22}},"branchMap":{"0":{"loc":{"start":{"line":24,"column":4},"end":{"line":26,"column":5}},"type":"if","locations":[{"start":{"line":24,"column":4},"end":{"line":26,"column":5}},{"start":{"line":24,"column":4},"end":{"line":26,"column":5}}],"line":24}},"s":{"0":43,"1":43,"2":26,"3":26,"4":146,"5":146,"6":1,"7":26},"f":{"0":26,"1":146},"b":{"0":[1,145]},"_coverageSchema":"332fd63041d2c1bcb487cc26dd0d5f7d97098a6c","hash":"e680aecbb96847aa81dc4ab7c25339550c9bcde9"}
,"/Users/nicolas/Localbox/Code/github.com/necolas/react-native-web/packages/react-native-web/src/modules/prefixStyles/static.js": {"path":"/Users/nicolas/Localbox/Code/github.com/necolas/react-native-web/packages/react-native-web/src/modules/prefixStyles/static.js","statementMap":{"0":{"start":{"line":12,"column":10},"end":{"line":12,"column":20}},"1":{"start":{"line":13,"column":10},"end":{"line":13,"column":17}},"2":{"start":{"line":14,"column":11},"end":{"line":14,"column":17}},"3":{"start":{"line":15,"column":11},"end":{"line":15,"column":28}},"4":{"start":{"line":16,"column":12},"end":{"line":16,"column":28}},"5":{"start":{"line":17,"column":13},"end":{"line":17,"column":36}}},"fnMap":{},"branchMap":{},"s":{"0":43,"1":43,"2":43,"3":43,"4":43,"5":43},"f":{},"b":{},"_coverageSchema":"332fd63041d2c1bcb487cc26dd0d5f7d97098a6c","hash":"514b6db39a59266e2dacd5df5e7994e5877c49c6"}
,"/Users/nicolas/Localbox/Code/github.com/necolas/react-native-web/packages/react-native-web/src/modules/requestIdleCallback/index.js": {"path":"/Users/nicolas/Localbox/Code/github.com/necolas/react-native-web/packages/react-native-web/src/modules/requestIdleCallback/index.js","statementMap":{"0":{"start":{"line":12,"column":29},"end":{"line":22,"column":1}},"1":{"start":{"line":13,"column":2},"end":{"line":21,"column":8}},"2":{"start":{"line":14,"column":18},"end":{"line":14,"column":28}},"3":{"start":{"line":15,"column":4},"end":{"line":20,"column":7}},"4":{"start":{"line":18,"column":8},"end":{"line":18,"column":54}},"5":{"start":{"line":25,"column":28},"end":{"line":27,"column":1}},"6":{"start":{"line":26,"column":2},"end":{"line":26,"column":19}},"7":{"start":{"line":29,"column":20},"end":{"line":29,"column":82}},"8":{"start":{"line":31,"column":28},"end":{"line":31,"column":91}},"9":{"start":{"line":32,"column":27},"end":{"line":32,"column":88}}},"fnMap":{"0":{"name":"(anonymous_0)","decl":{"start":{"line":12,"column":29},"end":{"line":12,"column":30}},"loc":{"start":{"line":12,"column":69},"end":{"line":22,"column":1}},"line":12},"1":{"name":"(anonymous_1)","decl":{"start":{"line":13,"column":20},"end":{"line":13,"column":21}},"loc":{"start":{"line":13,"column":26},"end":{"line":21,"column":3}},"line":13},"2":{"name":"(anonymous_2)","decl":{"start":{"line":25,"column":28},"end":{"line":25,"column":29}},"loc":{"start":{"line":25,"column":41},"end":{"line":27,"column":1}},"line":25}},"branchMap":{"0":{"loc":{"start":{"line":29,"column":20},"end":{"line":29,"column":82}},"type":"binary-expr","locations":[{"start":{"line":29,"column":20},"end":{"line":29,"column":29}},{"start":{"line":29,"column":33},"end":{"line":29,"column":82}}],"line":29},"1":{"loc":{"start":{"line":31,"column":28},"end":{"line":31,"column":91}},"type":"cond-expr","locations":[{"start":{"line":31,"column":42},"end":{"line":31,"column":68}},{"start":{"line":31,"column":71},"end":{"line":31,"column":91}}],"line":31},"2":{"loc":{"start":{"line":32,"column":27},"end":{"line":32,"column":88}},"type":"cond-expr","locations":[{"start":{"line":32,"column":41},"end":{"line":32,"column":66}},{"start":{"line":32,"column":69},"end":{"line":32,"column":88}}],"line":32}},"s":{"0":43,"1":4,"2":4,"3":4,"4":0,"5":43,"6":0,"7":43,"8":43,"9":43},"f":{"0":4,"1":4,"2":0},"b":{"0":[43,43],"1":[0,43],"2":[0,43]},"_coverageSchema":"332fd63041d2c1bcb487cc26dd0d5f7d97098a6c","hash":"7a12996eb13f186345897d775c20d347a0ce785f"}
,"/Users/nicolas/Localbox/Code/github.com/necolas/react-native-web/packages/react-native-web/src/modules/unitlessNumbers/index.js": {"path":"/Users/nicolas/Localbox/Code/github.com/necolas/react-native-web/packages/react-native-web/src/modules/unitlessNumbers/index.js","statementMap":{"0":{"start":{"line":5,"column":24},"end":{"line":47,"column":1}},"1":{"start":{"line":53,"column":17},"end":{"line":53,"column":45}},"2":{"start":{"line":54,"column":18},"end":{"line":56,"column":1}},"3":{"start":{"line":55,"column":2},"end":{"line":55,"column":65}},"4":{"start":{"line":57,"column":0},"end":{"line":61,"column":3}},"5":{"start":{"line":58,"column":2},"end":{"line":60,"column":5}},"6":{"start":{"line":59,"column":4},"end":{"line":59,"column":69}}},"fnMap":{"0":{"name":"(anonymous_0)","decl":{"start":{"line":54,"column":18},"end":{"line":54,"column":19}},"loc":{"start":{"line":54,"column":51},"end":{"line":56,"column":1}},"line":54},"1":{"name":"(anonymous_1)","decl":{"start":{"line":57,"column":37},"end":{"line":57,"column":38}},"loc":{"start":{"line":57,"column":45},"end":{"line":61,"column":1}},"line":57},"2":{"name":"(anonymous_2)","decl":{"start":{"line":58,"column":19},"end":{"line":58,"column":20}},"loc":{"start":{"line":58,"column":29},"end":{"line":60,"column":3}},"line":58}},"branchMap":{},"s":{"0":43,"1":43,"2":43,"3":6536,"4":43,"5":1634,"6":6536},"f":{"0":6536,"1":1634,"2":6536},"b":{},"_coverageSchema":"332fd63041d2c1bcb487cc26dd0d5f7d97098a6c","hash":"9a35be1e1d51efdffee1d109766d923af14567e2"}
,"/Users/nicolas/Localbox/Code/github.com/necolas/react-native-web/scripts/jest/setupFramework.js": {"path":"/Users/nicolas/Localbox/Code/github.com/necolas/react-native-web/scripts/jest/setupFramework.js","statementMap":{"0":{"start":{"line":8,"column":19},"end":{"line":8,"column":47}},"1":{"start":{"line":10,"column":0},"end":{"line":10,"column":45}},"2":{"start":{"line":11,"column":0},"end":{"line":11,"column":41}}},"fnMap":{},"branchMap":{},"s":{"0":43,"1":43,"2":43},"f":{},"b":{},"_coverageSchema":"332fd63041d2c1bcb487cc26dd0d5f7d97098a6c","hash":"6d2316744a8f0c1a323310e13629f41b0ef0c025"}
}
