TN:
SF:/Users/nicolas/Localbox/Code/github.com/necolas/react-native-web/packages/babel-plugin-react-native-web/src/index.js
FN:1,(anonymous_0)
FN:4,(anonymous_1)
FN:20,(anonymous_2)
FN:25,(anonymous_3)
FN:33,(anonymous_4)
FN:59,(anonymous_5)
FN:89,(anonymous_6)
FNF:7
FNH:7
FNDA:29,(anonymous_0)
FNDA:17,(anonymous_1)
FNDA:34,(anonymous_2)
FNDA:2,(anonymous_3)
FNDA:13,(anonymous_4)
FNDA:10,(anonymous_5)
FNDA:9,(anonymous_6)
DA:1,1
DA:2,29
DA:4,1
DA:5,17
DA:6,17
DA:7,0
DA:9,17
DA:10,17
DA:20,1
DA:21,34
DA:25,1
DA:26,2
DA:30,20
DA:31,20
DA:32,7
DA:34,13
DA:35,10
DA:36,10
DA:38,10
DA:39,10
DA:45,3
DA:52,7
DA:56,14
DA:57,14
DA:58,4
DA:60,10
DA:61,10
DA:62,10
DA:63,10
DA:65,10
DA:66,10
DA:73,0
DA:81,4
DA:85,17
DA:86,6
DA:87,6
DA:88,4
DA:90,9
DA:91,9
DA:92,9
DA:105,4
DA:106,2
DA:107,2
DA:108,2
DA:120,2
LF:45
LH:43
BRDA:2,0,0,29
BRDA:2,0,1,0
BRDA:6,1,0,0
BRDA:6,1,1,17
BRDA:11,2,0,17
BRDA:11,2,1,13
BRDA:11,2,2,17
BRDA:11,2,3,6
BRDA:11,2,4,6
BRDA:11,2,5,6
BRDA:11,2,6,6
BRDA:11,2,7,3
BRDA:21,3,0,34
BRDA:21,3,1,34
BRDA:21,3,2,28
BRDA:21,3,3,11
BRDA:31,4,0,7
BRDA:31,4,1,13
BRDA:34,5,0,10
BRDA:34,5,1,3
BRDA:38,6,0,10
BRDA:38,6,1,0
BRDA:57,7,0,4
BRDA:57,7,1,10
BRDA:60,8,0,10
BRDA:60,8,1,0
BRDA:65,9,0,10
BRDA:65,9,1,0
BRDA:85,10,0,6
BRDA:85,10,1,11
BRDA:87,11,0,4
BRDA:87,11,1,2
BRDA:91,12,0,9
BRDA:91,12,1,0
BRDA:106,13,0,2
BRDA:106,13,1,0
BRF:36
BRH:29
end_of_record
TN:
SF:/Users/nicolas/Localbox/Code/github.com/necolas/react-native-web/packages/react-native-web/jest/createSerializer.js
FN:3,createSerializer
FN:4,flattenNodeStyles
FN:7,(anonymous_2)
FN:31,(anonymous_3)
FN:45,test
FN:49,print
FNF:6
FNH:6
FNDA:43,createSerializer
FNDA:109,flattenNodeStyles
FNDA:202,(anonymous_2)
FNDA:77,(anonymous_3)
FNDA:1459,test
FNDA:30,print
DA:1,43
DA:5,109
DA:7,95
DA:8,202
DA:9,202
DA:10,1
DA:12,202
DA:16,95
DA:17,37
DA:18,37
DA:19,37
DA:21,0
DA:25,95
DA:28,95
DA:29,95
DA:30,66
DA:31,65
DA:32,77
DA:35,1
DA:39,95
DA:42,14
DA:46,1459
DA:50,30
DA:53,43
DA:56,43
LF:25
LH:24
BRDA:5,0,0,95
BRDA:5,0,1,14
BRDA:5,1,0,109
BRDA:5,1,1,109
BRDA:9,2,0,1
BRDA:9,2,1,201
BRDA:16,3,0,37
BRDA:16,3,1,58
BRDA:18,4,0,37
BRDA:18,4,1,0
BRDA:28,5,0,95
BRDA:28,5,1,31
BRDA:29,6,0,66
BRDA:29,6,1,29
BRDA:30,7,0,65
BRDA:30,7,1,1
BRDA:46,8,0,1459
BRDA:46,8,1,1381
BRF:18
BRH:17
end_of_record
TN:
SF:/Users/nicolas/Localbox/Code/github.com/necolas/react-native-web/packages/react-native-web/src/index.js
FNF:0
FNH:0
DA:132,43
LF:1
LH:1
BRF:0
BRH:0
end_of_record
TN:
SF:/Users/nicolas/Localbox/Code/github.com/necolas/react-native-web/packages/react-native-web/src/exports/ART/index.js
FNF:0
FNH:0
LF:0
LH:0
BRF:0
BRH:0
end_of_record
TN:
SF:/Users/nicolas/Localbox/Code/github.com/necolas/react-native-web/packages/react-native-web/src/exports/ActivityIndicator/index.js
FN:19,(anonymous_0)
FN:41,(anonymous_1)
FNF:2
FNH:2
FNDA:14,(anonymous_0)
FNDA:7,(anonymous_1)
DA:19,43
DA:20,14
DA:42,7
DA:45,7
DA:58,7
DA:80,43
DA:104,43
LF:7
LH:7
BRDA:69,0,0,1
BRDA:69,0,1,6
BRDA:71,1,0,7
BRDA:71,1,1,3
BRDA:72,2,0,7
BRDA:72,2,1,3
BRDA:72,2,2,2
BRF:7
BRH:7
end_of_record
TN:
SF:/Users/nicolas/Localbox/Code/github.com/necolas/react-native-web/packages/react-native-web/src/exports/Animated/index.js
FNF:0
FNH:0
DA:17,43
LF:1
LH:1
BRF:0
BRH:0
end_of_record
TN:
SF:/Users/nicolas/Localbox/Code/github.com/necolas/react-native-web/packages/react-native-web/src/exports/AppRegistry/AppContainer.js
FN:42,(anonymous_0)
FN:48,(anonymous_1)
FNF:2
FNH:2
FNDA:3,(anonymous_0)
FNDA:3,(anonymous_1)
DA:43,3
DA:49,3
DA:62,43
LF:3
LH:3
BRF:0
BRH:0
end_of_record
TN:
SF:/Users/nicolas/Localbox/Code/github.com/necolas/react-native-web/packages/react-native-web/src/exports/AppRegistry/index.js
FN:33,(anonymous_0)
FN:37,(anonymous_1)
FN:47,(anonymous_2)
FN:49,(anonymous_3)
FN:51,(anonymous_4)
FN:57,(anonymous_5)
FN:58,(anonymous_6)
FN:69,(anonymous_7)
FN:74,(anonymous_8)
FN:94,(anonymous_9)
FNF:10
FNH:0
FNDA:0,(anonymous_0)
FNDA:0,(anonymous_1)
FNDA:0,(anonymous_2)
FNDA:0,(anonymous_3)
FNDA:0,(anonymous_4)
FNDA:0,(anonymous_5)
FNDA:0,(anonymous_6)
FNDA:0,(anonymous_7)
FNDA:0,(anonymous_8)
FNDA:0,(anonymous_9)
DA:17,43
DA:18,43
DA:34,0
DA:38,0
DA:44,0
DA:48,0
DA:50,0
DA:52,0
DA:54,0
DA:58,0
DA:59,0
DA:60,0
DA:62,0
DA:63,0
DA:70,0
DA:71,0
DA:75,0
DA:76,0
DA:77,0
DA:79,0
DA:85,0
DA:91,0
DA:95,0
LF:23
LH:2
BRDA:39,0,0,0
BRDA:39,0,1,0
BRDA:49,1,0,0
BRDA:51,2,0,0
BRDA:59,3,0,0
BRDA:59,3,1,0
BRDA:81,4,0,0
BRDA:81,4,1,0
BRDA:82,5,0,0
BRDA:82,5,1,0
BRDA:86,6,0,0
BRDA:86,6,1,0
BRF:12
BRH:0
end_of_record
TN:
SF:/Users/nicolas/Localbox/Code/github.com/necolas/react-native-web/packages/react-native-web/src/exports/AppRegistry/renderApplication.js
FN:20,renderApplication
FN:35,getApplication
FN:42,(anonymous_2)
FNF:3
FNH:2
FNDA:0,renderApplication
FNDA:4,getApplication
FNDA:4,(anonymous_2)
DA:18,43
DA:25,0
DA:27,0
DA:37,4
DA:42,4
DA:43,4
DA:44,4
DA:46,4
LF:8
LH:6
BRDA:18,0,0,43
BRDA:18,0,1,0
BRF:2
BRH:1
end_of_record
TN:
SF:/Users/nicolas/Localbox/Code/github.com/necolas/react-native-web/packages/react-native-web/src/exports/AppState/index.js
FN:34,(anonymous_0)
FN:49,(anonymous_1)
FN:56,(anonymous_2)
FN:62,(anonymous_3)
FN:69,(anonymous_4)
FNF:5
FNH:3
FNDA:0,(anonymous_0)
FNDA:3,(anonymous_1)
FNDA:0,(anonymous_2)
FNDA:6,(anonymous_3)
FNDA:2,(anonymous_4)
DA:18,43
DA:20,43
DA:21,43
DA:22,43
DA:24,43
DA:29,43
DA:35,0
DA:36,0
DA:39,0
DA:43,0
DA:45,0
DA:50,3
DA:51,3
DA:56,2
DA:57,2
DA:58,2
DA:63,6
DA:64,6
DA:69,5
DA:70,5
DA:74,2
DA:75,2
DA:76,2
LF:23
LH:18
BRDA:18,0,0,43
BRDA:18,0,1,43
BRDA:18,0,2,43
BRDA:21,1,0,0
BRDA:21,1,1,43
BRDA:22,2,0,0
BRDA:22,2,1,43
BRDA:32,3,0,43
BRDA:32,3,1,43
BRDA:35,4,0,0
BRDA:35,4,1,0
BRDA:39,5,0,0
BRDA:39,5,1,0
BRDA:39,5,2,0
BRDA:39,5,3,0
BRDA:50,6,0,3
BRDA:50,6,1,0
BRDA:63,7,0,6
BRDA:63,7,1,0
BRF:19
BRH:9
end_of_record
TN:
SF:/Users/nicolas/Localbox/Code/github.com/necolas/react-native-web/packages/react-native-web/src/exports/AsyncStorage/index.js
FN:14,(anonymous_0)
FN:22,(anonymous_1)
FN:23,(anonymous_2)
FN:39,(anonymous_3)
FN:41,(anonymous_4)
FN:46,(anonymous_5)
FN:57,(anonymous_6)
FN:58,(anonymous_7)
FN:66,(anonymous_8)
FN:71,(anonymous_9)
FN:72,(anonymous_10)
FN:86,(anonymous_11)
FN:87,(anonymous_12)
FN:98,(anonymous_13)
FN:99,(anonymous_14)
FN:100,(anonymous_15)
FN:100,(anonymous_16)
FN:107,(anonymous_17)
FN:108,(anonymous_18)
FN:117,(anonymous_19)
FN:118,(anonymous_20)
FN:125,(anonymous_21)
FN:126,(anonymous_22)
FN:137,(anonymous_23)
FN:138,(anonymous_24)
FN:145,(anonymous_25)
FN:146,(anonymous_26)
FN:154,(anonymous_27)
FN:155,(anonymous_28)
FNF:29
FNH:27
FNDA:6,(anonymous_0)
FNDA:28,(anonymous_1)
FNDA:28,(anonymous_2)
FNDA:8,(anonymous_3)
FNDA:8,(anonymous_4)
FNDA:0,(anonymous_5)
FNDA:2,(anonymous_6)
FNDA:2,(anonymous_7)
FNDA:0,(anonymous_8)
FNDA:2,(anonymous_9)
FNDA:2,(anonymous_10)
FNDA:6,(anonymous_11)
FNDA:6,(anonymous_12)
FNDA:2,(anonymous_13)
FNDA:4,(anonymous_14)
FNDA:2,(anonymous_15)
FNDA:4,(anonymous_16)
FNDA:6,(anonymous_17)
FNDA:6,(anonymous_18)
FNDA:2,(anonymous_19)
FNDA:4,(anonymous_20)
FNDA:6,(anonymous_21)
FNDA:6,(anonymous_22)
FNDA:2,(anonymous_23)
FNDA:4,(anonymous_24)
FNDA:6,(anonymous_25)
FNDA:6,(anonymous_26)
FNDA:2,(anonymous_27)
FNDA:4,(anonymous_28)
DA:14,43
DA:15,6
DA:16,6
DA:17,6
DA:18,6
DA:19,6
DA:22,43
DA:23,28
DA:24,28
DA:25,28
DA:26,28
DA:27,6
DA:29,28
DA:31,0
DA:32,0
DA:34,0
DA:39,43
DA:40,8
DA:42,8
DA:43,8
DA:44,8
DA:47,0
DA:48,0
DA:58,2
DA:59,2
DA:72,2
DA:73,2
DA:74,2
DA:75,2
DA:76,4
DA:77,4
DA:79,2
DA:87,6
DA:88,6
DA:99,4
DA:100,4
DA:101,2
DA:108,6
DA:109,6
DA:118,4
DA:119,2
DA:126,6
DA:127,6
DA:138,4
DA:139,2
DA:146,6
DA:147,6
DA:155,4
DA:156,2
LF:49
LH:44
BRDA:26,0,0,6
BRDA:26,0,1,22
BRDA:31,1,0,0
BRDA:31,1,1,0
BRDA:42,2,0,2
BRDA:42,2,1,6
BRDA:43,3,0,8
BRDA:43,3,1,4
BRDA:47,4,0,0
BRDA:47,4,1,0
BRF:10
BRH:6
end_of_record
TN:
SF:/Users/nicolas/Localbox/Code/github.com/necolas/react-native-web/packages/react-native-web/src/exports/BackHandler/index.js
FN:12,emptyFunction
FNF:1
FNH:0
FNDA:0,emptyFunction
DA:14,43
DA:17,0
LF:2
LH:1
BRF:0
BRH:0
end_of_record
TN:
SF:/Users/nicolas/Localbox/Code/github.com/necolas/react-native-web/packages/react-native-web/src/exports/Button/index.js
FN:28,(anonymous_0)
FNF:1
FNH:1
FNDA:3,(anonymous_0)
DA:29,3
DA:31,3
DA:50,43
LF:3
LH:3
BRDA:39,0,0,3
BRDA:39,0,1,1
BRDA:40,1,0,3
BRDA:40,1,1,0
BRDA:44,2,0,3
BRDA:44,2,1,0
BRF:6
BRH:4
end_of_record
TN:
SF:/Users/nicolas/Localbox/Code/github.com/necolas/react-native-web/packages/react-native-web/src/exports/CheckBox/index.js
FN:49,(anonymous_0)
FN:53,(anonymous_1)
FN:57,(anonymous_2)
FN:100,(anonymous_3)
FN:108,(anonymous_4)
FNF:5
FNH:2
FNDA:0,(anonymous_0)
FNDA:0,(anonymous_1)
FNDA:7,(anonymous_2)
FNDA:3,(anonymous_3)
FNDA:0,(anonymous_4)
DA:50,0
DA:54,0
DA:68,7
DA:71,7
DA:83,7
DA:92,7
DA:101,3
DA:102,3
DA:103,3
DA:104,3
DA:105,3
DA:109,0
DA:113,43
LF:13
LH:10
BRDA:74,0,0,7
BRDA:74,0,1,2
BRDA:76,1,0,7
BRDA:76,1,1,2
BRDA:76,1,2,0
BRDA:77,2,0,7
BRDA:77,2,1,1
BRDA:78,3,0,7
BRDA:78,3,1,2
BRDA:78,3,2,0
BRDA:93,4,0,7
BRDA:93,4,1,1
BRDA:104,5,0,3
BRDA:104,5,1,1
BRDA:105,6,0,3
BRDA:105,6,1,2
BRF:16
BRH:14
end_of_record
TN:
SF:/Users/nicolas/Localbox/Code/github.com/necolas/react-native-web/packages/react-native-web/src/exports/Clipboard/index.js
FN:13,(anonymous_0)
FN:19,(anonymous_1)
FN:23,(anonymous_2)
FNF:3
FNH:0
FNDA:0,(anonymous_0)
FNDA:0,(anonymous_1)
FNDA:0,(anonymous_2)
DA:14,0
DA:20,0
DA:24,0
DA:25,0
DA:27,0
DA:29,0
DA:30,0
DA:31,0
DA:32,0
DA:33,0
DA:36,0
DA:37,0
DA:38,0
DA:39,0
DA:40,0
DA:43,0
DA:44,0
DA:45,0
DA:49,0
DA:50,0
DA:53,0
LF:21
LH:0
BRDA:15,0,0,0
BRDA:15,0,1,0
BRDA:27,1,0,0
BRDA:27,1,1,0
BRF:4
BRH:0
end_of_record
TN:
SF:/Users/nicolas/Localbox/Code/github.com/necolas/react-native-web/packages/react-native-web/src/exports/ColorPropType/index.js
FN:11,(anonymous_0)
FN:14,(anonymous_1)
FN:78,(anonymous_2)
FNF:3
FNH:2
FNDA:1109,(anonymous_0)
FNDA:3802,(anonymous_1)
FNDA:0,(anonymous_2)
DA:11,43
DA:12,1109
DA:14,43
DA:15,3802
DA:16,3802
DA:17,3802
DA:18,2693
DA:19,0
DA:29,2693
DA:32,1109
DA:36,0
DA:39,1109
DA:41,172
DA:44,937
DA:45,0
DA:74,43
DA:75,43
DA:76,43
DA:78,0
LF:19
LH:15
BRDA:12,0,0,1109
BRDA:12,0,1,1109
BRDA:12,0,2,937
BRDA:17,1,0,2693
BRDA:17,1,1,1109
BRDA:17,2,0,3802
BRDA:17,2,1,1109
BRDA:18,3,0,0
BRDA:18,3,1,2693
BRDA:23,4,0,0
BRDA:23,4,1,0
BRDA:32,5,0,0
BRDA:32,5,1,1109
BRDA:39,6,0,172
BRDA:39,6,1,937
BRDA:39,7,0,1109
BRDA:39,7,1,1109
BRDA:44,8,0,0
BRDA:44,8,1,937
BRDA:49,9,0,0
BRDA:49,9,1,0
BRDA:74,10,0,43
BRDA:74,10,1,0
BRF:23
BRH:15
end_of_record
TN:
SF:/Users/nicolas/Localbox/Code/github.com/necolas/react-native-web/packages/react-native-web/src/exports/Dimensions/index.js
FN:32,(anonymous_0)
FN:37,(anonymous_1)
FN:48,(anonymous_2)
FN:64,(anonymous_3)
FN:68,(anonymous_4)
FN:73,(anonymous_5)
FN:75,(anonymous_6)
FNF:7
FNH:7
FNDA:4,(anonymous_0)
FNDA:1,(anonymous_1)
FNDA:45,(anonymous_2)
FNDA:2,(anonymous_3)
FNDA:1,(anonymous_4)
FNDA:1,(anonymous_5)
FNDA:1,(anonymous_6)
DA:16,43
DA:28,43
DA:29,43
DA:33,4
DA:34,4
DA:38,1
DA:39,1
DA:40,1
DA:42,0
DA:43,0
DA:49,45
DA:56,45
DA:63,45
DA:64,2
DA:69,1
DA:70,1
DA:74,1
DA:75,1
DA:80,43
DA:82,43
DA:83,43
LF:21
LH:19
BRDA:16,0,0,43
BRDA:16,0,1,0
BRDA:38,1,0,1
BRDA:38,1,1,0
BRDA:39,2,0,1
BRDA:39,2,1,0
BRDA:52,3,0,45
BRDA:52,3,1,45
BRDA:59,4,0,45
BRDA:59,4,1,45
BRDA:63,5,0,2
BRDA:63,5,1,43
BRDA:69,6,0,1
BRDA:69,6,1,1
BRDA:74,7,0,1
BRDA:74,7,1,0
BRDA:82,8,0,43
BRDA:82,8,1,0
BRF:18
BRH:13
end_of_record
TN:
SF:/Users/nicolas/Localbox/Code/github.com/necolas/react-native-web/packages/react-native-web/src/exports/Easing/index.js
FNF:0
FNH:0
LF:0
LH:0
BRF:0
BRH:0
end_of_record
TN:
SF:/Users/nicolas/Localbox/Code/github.com/necolas/react-native-web/packages/react-native-web/src/exports/EdgeInsetsPropType/index.js
FNF:0
FNH:0
DA:21,43
LF:1
LH:1
BRF:0
BRH:0
end_of_record
TN:
SF:/Users/nicolas/Localbox/Code/github.com/necolas/react-native-web/packages/react-native-web/src/exports/FlatList/index.js
FNF:0
FNH:0
LF:0
LH:0
BRF:0
BRH:0
end_of_record
TN:
SF:/Users/nicolas/Localbox/Code/github.com/necolas/react-native-web/packages/react-native-web/src/exports/I18nManager/index.js
FN:28,(anonymous_0)
FN:35,(anonymous_1)
FNF:2
FNH:2
FNDA:627,(anonymous_0)
FNDA:60,(anonymous_1)
DA:23,43
DA:24,43
DA:25,43
DA:26,43
DA:28,43
DA:29,627
DA:30,52
DA:32,575
DA:35,43
DA:36,60
DA:37,60
DA:38,60
DA:43,43
DA:45,13
DA:46,13
DA:49,34
DA:50,34
DA:53,13
DA:54,13
DA:57,18
DA:60,563
DA:63,567
LF:22
LH:22
BRDA:29,0,0,52
BRDA:29,0,1,575
BRDA:32,1,0,575
BRDA:32,1,1,563
BRDA:36,2,0,60
BRDA:36,2,1,0
BRDA:37,3,0,60
BRDA:37,3,1,0
BRDA:37,4,0,60
BRDA:37,4,1,60
BRDA:38,5,0,27
BRDA:38,5,1,33
BRF:12
BRH:10
end_of_record
TN:
SF:/Users/nicolas/Localbox/Code/github.com/necolas/react-native-web/packages/react-native-web/src/exports/Image/ImageResizeMode.js
FNF:0
FNH:0
DA:5,43
LF:1
LH:1
BRF:0
BRH:0
end_of_record
TN:
SF:/Users/nicolas/Localbox/Code/github.com/necolas/react-native-web/packages/react-native-web/src/exports/Image/ImageStylePropTypes.js
FNF:0
FNH:0
DA:13,43
LF:1
LH:1
BRF:0
BRH:0
end_of_record
TN:
SF:/Users/nicolas/Localbox/Code/github.com/necolas/react-native-web/packages/react-native-web/src/exports/Image/ImageUriCache.js
FN:11,(anonymous_0)
FN:17,(anonymous_1)
FN:31,(anonymous_2)
FN:40,(anonymous_3)
FN:48,(anonymous_4)
FNF:5
FNH:4
FNDA:26,(anonymous_0)
FNDA:12,(anonymous_1)
FNDA:6,(anonymous_2)
FNDA:6,(anonymous_3)
FNDA:0,(anonymous_4)
DA:5,43
DA:12,26
DA:13,26
DA:14,26
DA:18,12
DA:19,12
DA:20,12
DA:21,7
DA:22,7
DA:24,5
DA:32,6
DA:33,6
DA:34,5
DA:37,6
DA:41,6
DA:42,6
DA:44,6
DA:48,0
DA:49,0
DA:50,0
DA:55,0
DA:56,0
DA:60,0
DA:61,0
LF:24
LH:17
BRDA:14,0,0,26
BRDA:14,0,1,26
BRDA:20,1,0,7
BRDA:20,1,1,5
BRDA:33,2,0,5
BRDA:33,2,1,1
BRDA:44,3,0,0
BRDA:44,3,1,6
BRDA:50,4,0,0
BRDA:50,4,1,0
BRDA:51,5,0,0
BRDA:51,5,1,0
BRDA:51,5,2,0
BRDA:60,6,0,0
BRDA:60,6,1,0
BRF:15
BRH:7
end_of_record
TN:
SF:/Users/nicolas/Localbox/Code/github.com/necolas/react-native-web/packages/react-native-web/src/exports/Image/index.js
FN:45,(anonymous_0)
FN:49,(anonymous_1)
FN:60,(anonymous_2)
FN:89,(anonymous_3)
FN:123,(anonymous_4)
FN:127,(anonymous_5)
FN:138,(anonymous_6)
FN:148,(anonymous_7)
FN:158,(anonymous_8)
FN:164,(anonymous_9)
FN:175,(anonymous_10)
FN:181,(anonymous_11)
FN:259,(anonymous_12)
FN:263,(anonymous_13)
FN:272,(anonymous_14)
FN:284,(anonymous_15)
FN:297,(anonymous_16)
FN:308,(anonymous_17)
FN:315,(anonymous_18)
FN:323,(anonymous_19)
FN:330,(anonymous_20)
FNF:21
FNH:17
FNDA:26,(anonymous_0)
FNDA:32,(anonymous_1)
FNDA:73,(anonymous_2)
FNDA:4,(anonymous_3)
FNDA:0,(anonymous_4)
FNDA:0,(anonymous_5)
FNDA:23,(anonymous_6)
FNDA:23,(anonymous_7)
FNDA:7,(anonymous_8)
FNDA:5,(anonymous_9)
FNDA:0,(anonymous_10)
FNDA:32,(anonymous_11)
FNDA:4,(anonymous_12)
FNDA:4,(anonymous_13)
FNDA:4,(anonymous_14)
FNDA:0,(anonymous_15)
FNDA:4,(anonymous_16)
FNDA:4,(anonymous_17)
FNDA:4,(anonymous_18)
FNDA:11,(anonymous_19)
FNDA:5,(anonymous_20)
DA:27,43
DA:29,43
DA:30,43
DA:31,43
DA:32,43
DA:33,43
DA:35,43
DA:45,43
DA:46,26
DA:49,43
DA:50,32
DA:51,0
DA:52,0
DA:53,32
DA:54,10
DA:55,10
DA:59,43
DA:60,43
DA:62,73
DA:64,0
DA:65,0
DA:66,0
DA:67,0
DA:68,73
DA:69,19
DA:71,54
DA:74,73
DA:76,73
DA:77,0
DA:78,0
DA:79,0
DA:82,73
DA:89,43
DA:90,4
DA:124,0
DA:128,0
DA:139,23
DA:141,23
DA:142,23
DA:143,23
DA:144,23
DA:145,23
DA:149,23
DA:150,23
DA:151,2
DA:152,21
DA:153,4
DA:154,4
DA:159,7
DA:160,2
DA:165,5
DA:166,5
DA:167,5
DA:168,3
DA:169,3
DA:170,3
DA:171,3
DA:176,0
DA:177,0
DA:178,0
DA:182,32
DA:202,32
DA:204,32
DA:205,32
DA:206,32
DA:207,32
DA:208,32
DA:210,32
DA:219,32
DA:220,32
DA:221,32
DA:224,32
DA:233,32
DA:234,32
DA:235,0
DA:238,32
DA:239,0
DA:245,32
DA:260,4
DA:261,4
DA:262,4
DA:264,4
DA:265,4
DA:266,4
DA:273,4
DA:274,0
DA:275,0
DA:278,4
DA:279,0
DA:280,0
DA:285,0
DA:286,0
DA:287,0
DA:288,0
DA:294,0
DA:298,4
DA:299,4
DA:300,4
DA:301,4
DA:302,4
DA:303,2
DA:305,4
DA:309,4
DA:310,4
DA:311,0
DA:316,4
DA:317,4
DA:318,4
DA:319,0
DA:324,11
DA:326,11
DA:328,11
DA:329,5
DA:330,5
DA:336,43
DA:356,43
LF:116
LH:89
BRDA:46,0,0,5
BRDA:46,0,1,21
BRDA:46,1,0,4
BRDA:46,1,1,17
BRDA:50,2,0,0
BRDA:50,2,1,32
BRDA:53,3,0,10
BRDA:53,3,1,22
BRDA:62,4,0,0
BRDA:62,4,1,73
BRDA:66,5,0,0
BRDA:66,5,1,0
BRDA:67,6,0,0
BRDA:67,6,1,0
BRDA:68,7,0,19
BRDA:68,7,1,54
BRDA:68,8,0,73
BRDA:68,8,1,38
BRDA:71,9,0,54
BRDA:71,9,1,35
BRDA:76,10,0,0
BRDA:76,10,1,73
BRDA:90,11,0,0
BRDA:90,11,1,4
BRDA:90,12,0,4
BRDA:90,12,1,2
BRDA:145,13,0,23
BRDA:145,13,1,4
BRDA:150,14,0,2
BRDA:150,14,1,21
BRDA:152,15,0,4
BRDA:152,15,1,17
BRDA:154,16,0,4
BRDA:154,16,1,3
BRDA:159,17,0,2
BRDA:159,17,1,5
BRDA:167,18,0,3
BRDA:167,18,1,2
BRDA:170,19,0,3
BRDA:170,19,1,1
BRDA:204,20,0,10
BRDA:204,20,1,22
BRDA:205,21,0,10
BRDA:205,21,1,22
BRDA:206,22,0,17
BRDA:206,22,1,15
BRDA:208,23,0,32
BRDA:208,23,1,27
BRDA:208,23,2,26
BRDA:215,24,0,32
BRDA:215,24,1,0
BRDA:216,25,0,32
BRDA:216,25,1,17
BRDA:224,26,0,17
BRDA:224,26,1,15
BRDA:226,27,0,17
BRDA:226,27,1,16
BRDA:233,28,0,32
BRDA:233,28,1,0
BRDA:234,29,0,0
BRDA:234,29,1,32
BRDA:238,30,0,0
BRDA:238,30,1,32
BRDA:273,31,0,0
BRDA:273,31,1,4
BRDA:278,32,0,0
BRDA:278,32,1,4
BRDA:287,33,0,0
BRDA:287,33,1,0
BRDA:302,34,0,2
BRDA:302,34,1,2
BRDA:310,35,0,0
BRDA:310,35,1,4
BRDA:318,36,0,0
BRDA:318,36,1,4
BRDA:326,37,0,11
BRDA:326,37,1,6
BRDA:328,38,0,5
BRDA:328,38,1,6
BRDA:329,39,0,5
BRDA:329,39,1,0
BRF:81
BRH:62
end_of_record
TN:
SF:/Users/nicolas/Localbox/Code/github.com/necolas/react-native-web/packages/react-native-web/src/exports/ImageBackground/index.js
FN:32,(anonymous_0)
FN:43,(anonymous_1)
FN:47,(anonymous_2)
FNF:3
FNH:1
FNDA:0,(anonymous_0)
FNDA:0,(anonymous_1)
FNDA:3,(anonymous_2)
DA:16,43
DA:34,0
DA:35,0
DA:36,0
DA:37,0
DA:44,0
DA:48,3
DA:50,3
LF:8
LH:3
BRDA:35,0,0,0
BRDA:35,0,1,0
BRF:2
BRH:0
end_of_record
TN:
SF:/Users/nicolas/Localbox/Code/github.com/necolas/react-native-web/packages/react-native-web/src/exports/InteractionManager/index.js
FN:42,(anonymous_0)
FNF:1
FNH:0
FNDA:0,(anonymous_0)
DA:14,43
DA:24,0
DA:25,0
DA:32,0
DA:39,0
LF:5
LH:1
BRF:0
BRH:0
end_of_record
TN:
SF:/Users/nicolas/Localbox/Code/github.com/necolas/react-native-web/packages/react-native-web/src/exports/Keyboard/index.js
FN:16,(anonymous_0)
FNF:1
FNH:0
FNDA:0,(anonymous_0)
DA:14,43
DA:16,0
DA:19,0
LF:3
LH:1
BRF:0
BRH:0
end_of_record
TN:
SF:/Users/nicolas/Localbox/Code/github.com/necolas/react-native-web/packages/react-native-web/src/exports/KeyboardAvoidingView/index.js
FN:31,(anonymous_0)
FN:40,(anonymous_1)
FN:42,(anonymous_2)
FN:46,(anonymous_3)
FNF:4
FNH:0
FNDA:0,(anonymous_0)
FNDA:0,(anonymous_1)
FNDA:0,(anonymous_2)
FNDA:0,(anonymous_3)
DA:32,0
DA:33,0
DA:34,0
DA:36,0
DA:37,0
DA:43,0
DA:54,0
DA:56,0
LF:8
LH:0
BRDA:33,0,0,0
BRDA:33,0,1,0
BRDA:33,1,0,0
BRDA:33,1,1,0
BRF:4
BRH:0
end_of_record
TN:
SF:/Users/nicolas/Localbox/Code/github.com/necolas/react-native-web/packages/react-native-web/src/exports/Linking/index.js
FN:45,(anonymous_0)
FNF:1
FNH:0
FNDA:0,(anonymous_0)
DA:14,43
DA:16,43
DA:20,0
DA:23,0
DA:26,0
DA:27,0
DA:28,0
DA:30,0
DA:45,43
DA:46,0
DA:47,0
DA:48,0
DA:49,0
DA:50,0
DA:51,0
DA:53,0
DA:54,0
DA:55,0
DA:56,0
DA:57,0
DA:58,0
DA:62,0
DA:64,0
LF:23
LH:3
BRDA:14,0,0,43
BRDA:14,0,1,0
BRDA:48,1,0,0
BRDA:48,1,1,0
BRDA:53,2,0,0
BRDA:53,2,1,0
BRDA:55,3,0,0
BRDA:55,3,1,0
BRDA:57,4,0,0
BRDA:57,4,1,0
BRF:10
BRH:1
end_of_record
TN:
SF:/Users/nicolas/Localbox/Code/github.com/necolas/react-native-web/packages/react-native-web/src/exports/ListView/ListViewDataSource.js
FN:35,defaultGetRowData
FN:39,defaultGetSectionHeaderData
FN:112,(anonymous_2)
FN:149,(anonymous_3)
FN:155,(anonymous_4)
FN:171,(anonymous_5)
FN:196,(anonymous_6)
FN:207,(anonymous_7)
FN:211,(anonymous_8)
FN:218,(anonymous_9)
FN:230,(anonymous_10)
FN:244,(anonymous_11)
FN:260,(anonymous_12)
FN:275,(anonymous_13)
FN:286,(anonymous_14)
FN:295,(anonymous_15)
FN:323,(anonymous_16)
FN:372,countRows
FN:381,keyedDictionaryFromArray
FNF:19
FNH:0
FNDA:0,defaultGetRowData
FNDA:0,defaultGetSectionHeaderData
FNDA:0,(anonymous_2)
FNDA:0,(anonymous_3)
FNDA:0,(anonymous_4)
FNDA:0,(anonymous_5)
FNDA:0,(anonymous_6)
FNDA:0,(anonymous_7)
FNDA:0,(anonymous_8)
FNDA:0,(anonymous_9)
FNDA:0,(anonymous_10)
FNDA:0,(anonymous_11)
FNDA:0,(anonymous_12)
FNDA:0,(anonymous_13)
FNDA:0,(anonymous_14)
FNDA:0,(anonymous_15)
FNDA:0,(anonymous_16)
FNDA:0,countRows
FNDA:0,keyedDictionaryFromArray
DA:36,0
DA:40,0
DA:113,0
DA:117,0
DA:118,0
DA:119,0
DA:120,0
DA:122,0
DA:123,0
DA:124,0
DA:125,0
DA:129,0
DA:130,0
DA:153,0
DA:154,0
DA:155,0
DA:157,0
DA:176,0
DA:180,0
DA:186,0
DA:187,0
DA:188,0
DA:190,0
DA:192,0
DA:193,0
DA:195,0
DA:196,0
DA:197,0
DA:200,0
DA:202,0
DA:204,0
DA:208,0
DA:212,0
DA:219,0
DA:220,0
DA:224,0
DA:231,0
DA:232,0
DA:233,0
DA:237,0
DA:245,0
DA:246,0
DA:247,0
DA:248,0
DA:250,0
DA:253,0
DA:261,0
DA:262,0
DA:263,0
DA:264,0
DA:266,0
DA:269,0
DA:276,0
DA:277,0
DA:278,0
DA:280,0
DA:287,0
DA:288,0
DA:289,0
DA:296,0
DA:297,0
DA:299,0
DA:300,0
DA:301,0
DA:329,0
DA:330,0
DA:331,0
DA:332,0
DA:333,0
DA:334,0
DA:338,0
DA:339,0
DA:342,0
DA:343,0
DA:345,0
DA:346,0
DA:347,0
DA:348,0
DA:353,0
DA:355,0
DA:356,0
DA:357,0
DA:359,0
DA:366,0
DA:373,0
DA:374,0
DA:375,0
DA:376,0
DA:378,0
DA:382,0
DA:383,0
DA:385,0
DA:386,0
DA:387,0
DA:388,0
DA:389,0
DA:391,0
LF:97
LH:0
BRDA:114,0,0,0
BRDA:114,0,1,0
BRDA:118,1,0,0
BRDA:118,1,1,0
BRDA:120,2,0,0
BRDA:120,2,1,0
BRDA:153,3,0,0
BRDA:153,3,1,0
BRDA:154,4,0,0
BRDA:154,4,1,0
BRDA:187,5,0,0
BRDA:187,5,1,0
BRDA:192,6,0,0
BRDA:192,6,1,0
BRDA:234,7,0,0
BRDA:234,7,1,0
BRDA:247,8,0,0
BRDA:247,8,1,0
BRDA:263,9,0,0
BRDA:263,9,1,0
BRDA:296,10,0,0
BRDA:296,10,1,0
BRDA:347,11,0,0
BRDA:347,11,1,0
BRDA:347,12,0,0
BRDA:347,12,1,0
BRDA:360,13,0,0
BRDA:360,13,1,0
BRDA:360,13,2,0
BRDA:382,14,0,0
BRDA:382,14,1,0
BRF:31
BRH:0
end_of_record
TN:
SF:/Users/nicolas/Localbox/Code/github.com/necolas/react-native-web/packages/react-native-web/src/exports/ListView/ListViewPropTypes.js
FNF:0
FNH:0
LF:0
LH:0
BRF:0
BRH:0
end_of_record
TN:
SF:/Users/nicolas/Localbox/Code/github.com/necolas/react-native-web/packages/react-native-web/src/exports/ListView/index.js
FN:22,(anonymous_0)
FN:32,(anonymous_1)
FN:38,(anonymous_2)
FN:42,(anonymous_3)
FN:55,(anonymous_4)
FN:58,(anonymous_5)
FN:63,(anonymous_6)
FN:69,(anonymous_7)
FN:80,(anonymous_8)
FN:85,(anonymous_9)
FN:86,(anonymous_10)
FN:91,(anonymous_11)
FN:95,(anonymous_12)
FN:99,(anonymous_13)
FN:103,(anonymous_14)
FN:107,(anonymous_15)
FN:108,(anonymous_16)
FN:111,(anonymous_17)
FN:112,(anonymous_18)
FN:115,(anonymous_19)
FN:245,(anonymous_20)
FN:254,(anonymous_21)
FN:265,(anonymous_22)
FN:270,(anonymous_23)
FN:343,(anonymous_24)
FN:353,(anonymous_25)
FN:359,(anonymous_26)
FN:376,(anonymous_27)
FN:395,(anonymous_28)
FN:397,(anonymous_29)
FN:409,(anonymous_30)
FN:416,(anonymous_31)
FN:439,(anonymous_32)
FNF:33
FNH:0
FNDA:0,(anonymous_0)
FNDA:0,(anonymous_1)
FNDA:0,(anonymous_2)
FNDA:0,(anonymous_3)
FNDA:0,(anonymous_4)
FNDA:0,(anonymous_5)
FNDA:0,(anonymous_6)
FNDA:0,(anonymous_7)
FNDA:0,(anonymous_8)
FNDA:0,(anonymous_9)
FNDA:0,(anonymous_10)
FNDA:0,(anonymous_11)
FNDA:0,(anonymous_12)
FNDA:0,(anonymous_13)
FNDA:0,(anonymous_14)
FNDA:0,(anonymous_15)
FNDA:0,(anonymous_16)
FNDA:0,(anonymous_17)
FNDA:0,(anonymous_18)
FNDA:0,(anonymous_19)
FNDA:0,(anonymous_20)
FNDA:0,(anonymous_21)
FNDA:0,(anonymous_22)
FNDA:0,(anonymous_23)
FNDA:0,(anonymous_24)
FNDA:0,(anonymous_25)
FNDA:0,(anonymous_26)
FNDA:0,(anonymous_27)
FNDA:0,(anonymous_28)
FNDA:0,(anonymous_29)
FNDA:0,(anonymous_30)
FNDA:0,(anonymous_31)
FNDA:0,(anonymous_32)
DA:10,43
DA:11,43
DA:12,43
DA:13,43
DA:14,43
DA:22,0
DA:33,0
DA:34,0
DA:38,0
DA:39,0
DA:44,0
DA:49,0
DA:50,0
DA:51,0
DA:52,0
DA:58,0
DA:59,0
DA:64,0
DA:68,0
DA:70,0
DA:71,0
DA:80,0
DA:86,0
DA:87,0
DA:92,0
DA:96,0
DA:100,0
DA:104,0
DA:108,0
DA:112,0
DA:116,0
DA:141,0
DA:143,0
DA:144,0
DA:145,0
DA:147,0
DA:148,0
DA:149,0
DA:151,0
DA:152,0
DA:153,0
DA:154,0
DA:155,0
DA:156,0
DA:157,0
DA:162,0
DA:164,0
DA:165,0
DA:176,0
DA:178,0
DA:180,0
DA:190,0
DA:193,0
DA:194,0
DA:195,0
DA:197,0
DA:199,0
DA:205,0
DA:206,0
DA:208,0
DA:213,0
DA:216,0
DA:217,0
DA:218,0
DA:219,0
DA:222,0
DA:223,0
DA:226,0
DA:227,0
DA:230,0
DA:232,0
DA:246,0
DA:247,0
DA:248,0
DA:251,0
DA:255,0
DA:256,0
DA:257,0
DA:258,0
DA:259,0
DA:260,0
DA:262,0
DA:266,0
DA:267,0
DA:269,0
DA:270,0
DA:271,0
DA:274,0
DA:275,0
DA:276,0
DA:277,0
DA:278,0
DA:280,0
DA:281,0
DA:282,0
DA:283,0
DA:284,0
DA:285,0
DA:286,0
DA:287,0
DA:289,0
DA:290,0
DA:291,0
DA:293,0
DA:294,0
DA:295,0
DA:297,0
DA:298,0
DA:299,0
DA:300,0
DA:301,0
DA:305,0
DA:307,0
DA:308,0
DA:310,0
DA:311,0
DA:312,0
DA:313,0
DA:314,0
DA:316,0
DA:317,0
DA:318,0
DA:319,0
DA:320,0
DA:321,0
DA:323,0
DA:325,0
DA:326,0
DA:327,0
DA:328,0
DA:329,0
DA:331,0
DA:334,0
DA:335,0
DA:336,0
DA:337,0
DA:340,0
DA:344,0
DA:345,0
DA:346,0
DA:347,0
DA:348,0
DA:350,0
DA:354,0
DA:360,0
DA:369,0
DA:370,0
DA:371,0
DA:373,0
DA:377,0
DA:385,0
DA:386,0
DA:389,0
DA:390,0
DA:391,0
DA:396,0
DA:398,0
DA:404,0
DA:405,0
DA:410,0
DA:411,0
DA:417,0
DA:418,0
DA:420,0
DA:422,0
DA:423,0
DA:424,0
DA:425,0
DA:428,0
DA:433,0
DA:436,0
DA:440,0
LF:172
LH:5
BRDA:64,0,0,0
BRDA:64,0,1,0
BRDA:65,1,0,0
BRDA:65,1,1,0
BRDA:74,2,0,0
BRDA:74,2,1,0
BRDA:92,3,0,0
BRDA:92,3,1,0
BRDA:96,4,0,0
BRDA:96,4,1,0
BRDA:100,5,0,0
BRDA:100,5,1,0
BRDA:147,6,0,0
BRDA:147,6,1,0
BRDA:148,7,0,0
BRDA:148,7,1,0
BRDA:149,8,0,0
BRDA:149,8,1,0
BRDA:154,9,0,0
BRDA:154,9,1,0
BRDA:155,10,0,0
BRDA:155,10,1,0
BRDA:176,11,0,0
BRDA:176,11,1,0
BRDA:178,12,0,0
BRDA:178,12,1,0
BRDA:197,13,0,0
BRDA:197,13,1,0
BRDA:208,14,0,0
BRDA:208,14,1,0
BRDA:209,15,0,0
BRDA:209,15,1,0
BRDA:209,15,2,0
BRDA:213,16,0,0
BRDA:213,16,1,0
BRDA:213,16,2,0
BRDA:217,17,0,0
BRDA:217,17,1,0
BRDA:222,18,0,0
BRDA:222,18,1,0
BRDA:226,19,0,0
BRDA:226,19,1,0
BRDA:247,20,0,0
BRDA:247,20,1,0
BRDA:247,21,0,0
BRDA:247,21,1,0
BRDA:256,22,0,0
BRDA:256,22,1,0
BRDA:257,23,0,0
BRDA:257,23,1,0
BRDA:262,24,0,0
BRDA:262,24,1,0
BRDA:266,25,0,0
BRDA:266,25,1,0
BRDA:269,26,0,0
BRDA:269,26,1,0
BRDA:280,27,0,0
BRDA:280,27,1,0
BRDA:281,28,0,0
BRDA:281,28,1,0
BRDA:286,29,0,0
BRDA:286,29,1,0
BRDA:290,30,0,0
BRDA:290,30,1,0
BRDA:294,31,0,0
BRDA:294,31,1,0
BRDA:301,32,0,0
BRDA:301,32,1,0
BRDA:302,33,0,0
BRDA:302,33,1,0
BRDA:302,33,2,0
BRDA:307,34,0,0
BRDA:307,34,1,0
BRDA:311,35,0,0
BRDA:311,35,1,0
BRDA:312,36,0,0
BRDA:312,36,1,0
BRDA:313,37,0,0
BRDA:313,37,1,0
BRDA:313,38,0,0
BRDA:313,38,1,0
BRDA:313,38,2,0
BRDA:316,39,0,0
BRDA:316,39,1,0
BRDA:316,40,0,0
BRDA:316,40,1,0
BRDA:317,41,0,0
BRDA:317,41,1,0
BRDA:320,42,0,0
BRDA:320,42,1,0
BRDA:325,43,0,0
BRDA:325,43,1,0
BRDA:328,44,0,0
BRDA:328,44,1,0
BRDA:334,45,0,0
BRDA:334,45,1,0
BRDA:336,46,0,0
BRDA:336,46,1,0
BRDA:340,47,0,0
BRDA:340,47,1,0
BRDA:344,48,0,0
BRDA:344,48,1,0
BRDA:345,49,0,0
BRDA:345,49,1,0
BRDA:350,50,0,0
BRDA:350,50,1,0
BRDA:360,51,0,0
BRDA:360,51,1,0
BRDA:361,52,0,0
BRDA:361,52,1,0
BRDA:361,52,2,0
BRDA:361,52,3,0
BRDA:365,53,0,0
BRDA:365,53,1,0
BRDA:377,54,0,0
BRDA:377,54,1,0
BRDA:378,55,0,0
BRDA:378,55,1,0
BRDA:378,55,2,0
BRDA:381,56,0,0
BRDA:381,56,1,0
BRDA:390,57,0,0
BRDA:390,57,1,0
BRDA:400,58,0,0
BRDA:400,58,1,0
BRDA:419,59,0,0
BRDA:419,59,1,0
BRDA:421,60,0,0
BRDA:421,60,1,0
BRDA:422,61,0,0
BRDA:422,61,1,0
BRDA:424,62,0,0
BRDA:424,62,1,0
BRDA:428,63,0,0
BRDA:428,63,1,0
BRDA:429,64,0,0
BRDA:429,64,1,0
BRDA:436,65,0,0
BRDA:436,65,1,0
BRF:139
BRH:0
end_of_record
TN:
SF:/Users/nicolas/Localbox/Code/github.com/necolas/react-native-web/packages/react-native-web/src/exports/Modal/index.js
FNF:0
FNH:0
LF:0
LH:0
BRF:0
BRH:0
end_of_record
TN:
SF:/Users/nicolas/Localbox/Code/github.com/necolas/react-native-web/packages/react-native-web/src/exports/NativeModules/index.js
FNF:0
FNH:0
DA:2,43
DA:3,43
LF:2
LH:2
BRF:0
BRH:0
end_of_record
TN:
SF:/Users/nicolas/Localbox/Code/github.com/necolas/react-native-web/packages/react-native-web/src/exports/NetInfo/index.js
FN:24,(anonymous_0)
FN:66,(anonymous_1)
FN:70,(anonymous_2)
FN:74,(anonymous_3)
FN:88,(anonymous_4)
FN:97,(anonymous_5)
FN:107,(anonymous_6)
FN:123,(anonymous_7)
FN:124,(anonymous_8)
FN:131,(anonymous_9)
FN:145,(anonymous_10)
FN:164,(anonymous_11)
FNF:12
FNH:3
FNDA:1,(anonymous_0)
FNDA:0,(anonymous_1)
FNDA:0,(anonymous_2)
FNDA:0,(anonymous_3)
FNDA:0,(anonymous_4)
FNDA:0,(anonymous_5)
FNDA:1,(anonymous_6)
FNDA:0,(anonymous_7)
FNDA:0,(anonymous_8)
FNDA:0,(anonymous_9)
FNDA:1,(anonymous_10)
FNDA:0,(anonymous_11)
DA:17,43
DA:24,43
DA:25,1
DA:29,1
DA:30,1
DA:32,0
DA:33,0
DA:34,0
DA:35,0
DA:38,0
DA:42,43
DA:46,43
DA:48,43
DA:49,43
DA:55,43
DA:57,1
DA:58,0
DA:59,0
DA:61,0
DA:62,0
DA:65,0
DA:70,0
DA:71,0
DA:72,0
DA:73,0
DA:74,0
DA:79,2
DA:84,1
DA:85,0
DA:88,1
DA:89,1
DA:90,0
DA:91,0
DA:92,0
DA:96,0
DA:97,0
DA:98,0
DA:99,0
DA:101,0
DA:107,1
DA:108,1
DA:114,2
DA:119,1
DA:120,0
DA:123,1
DA:124,1
DA:125,1
DA:127,1
DA:128,1
DA:130,1
DA:131,0
DA:136,5
DA:141,4
DA:142,0
DA:145,4
DA:146,4
DA:150,1
DA:152,1
DA:153,1
DA:155,1
DA:159,0
DA:160,0
DA:164,0
DA:165,0
DA:166,0
DA:168,0
LF:66
LH:33
BRDA:17,0,0,43
BRDA:17,0,1,43
BRDA:17,0,2,43
BRDA:17,0,3,43
BRDA:29,1,0,1
BRDA:29,1,1,0
BRDA:34,2,0,0
BRDA:34,2,1,0
BRDA:34,3,0,0
BRDA:34,3,1,0
BRDA:58,4,0,0
BRDA:58,4,1,0
BRDA:61,5,0,0
BRDA:61,5,1,0
BRDA:84,6,0,0
BRDA:84,6,1,1
BRDA:119,7,0,0
BRDA:119,7,1,1
BRDA:141,8,0,0
BRDA:141,8,1,4
BRF:20
BRH:8
end_of_record
TN:
SF:/Users/nicolas/Localbox/Code/github.com/necolas/react-native-web/packages/react-native-web/src/exports/PanResponder/index.js
FNF:0
FNH:0
LF:0
LH:0
BRF:0
BRH:0
end_of_record
TN:
SF:/Users/nicolas/Localbox/Code/github.com/necolas/react-native-web/packages/react-native-web/src/exports/Picker/PickerItem.js
FN:21,(anonymous_0)
FNF:1
FNH:1
FNDA:1,(anonymous_0)
DA:22,1
DA:23,1
LF:2
LH:2
BRF:0
BRH:0
end_of_record
TN:
SF:/Users/nicolas/Localbox/Code/github.com/necolas/react-native-web/packages/react-native-web/src/exports/Picker/PickerItemPropType.js
FN:14,(anonymous_0)
FN:17,(anonymous_1)
FNF:2
FNH:2
FNDA:10,(anonymous_0)
FNDA:10,(anonymous_1)
DA:14,43
DA:15,10
DA:16,10
DA:17,10
DA:18,10
DA:19,0
DA:22,10
LF:7
LH:6
BRDA:18,0,0,0
BRDA:18,0,1,10
BRF:2
BRH:1
end_of_record
TN:
SF:/Users/nicolas/Localbox/Code/github.com/necolas/react-native-web/packages/react-native-web/src/exports/Picker/PickerStylePropTypes.js
FNF:0
FNH:0
DA:14,43
LF:1
LH:1
BRF:0
BRH:0
end_of_record
TN:
SF:/Users/nicolas/Localbox/Code/github.com/necolas/react-native-web/packages/react-native-web/src/exports/Picker/index.js
FN:50,(anonymous_0)
FN:74,(anonymous_1)
FNF:2
FNH:2
FNDA:5,(anonymous_0)
FNDA:1,(anonymous_1)
DA:23,43
DA:62,5
DA:64,5
DA:75,1
DA:76,1
DA:77,1
DA:78,1
DA:83,43
LF:8
LH:8
BRDA:66,0,0,1
BRDA:66,0,1,4
BRDA:77,1,0,1
BRDA:77,1,1,0
BRF:4
BRH:3
end_of_record
TN:
SF:/Users/nicolas/Localbox/Code/github.com/necolas/react-native-web/packages/react-native-web/src/exports/PixelRatio/index.js
FN:21,(anonymous_0)
FN:28,(anonymous_1)
FN:36,(anonymous_2)
FN:46,(anonymous_3)
FNF:4
FNH:0
FNDA:0,(anonymous_0)
FNDA:0,(anonymous_1)
FNDA:0,(anonymous_2)
FNDA:0,(anonymous_3)
DA:22,0
DA:29,0
DA:37,0
DA:47,0
DA:48,0
LF:5
LH:0
BRDA:29,0,0,0
BRDA:29,0,1,0
BRF:2
BRH:0
end_of_record
TN:
SF:/Users/nicolas/Localbox/Code/github.com/necolas/react-native-web/packages/react-native-web/src/exports/Platform/index.js
FN:14,(anonymous_0)
FNF:1
FNH:0
FNDA:0,(anonymous_0)
DA:12,43
DA:14,0
LF:2
LH:1
BRDA:14,0,0,0
BRDA:14,0,1,0
BRF:2
BRH:0
end_of_record
TN:
SF:/Users/nicolas/Localbox/Code/github.com/necolas/react-native-web/packages/react-native-web/src/exports/PointPropType/index.js
FNF:0
FNH:0
DA:14,43
LF:1
LH:1
BRF:0
BRH:0
end_of_record
TN:
SF:/Users/nicolas/Localbox/Code/github.com/necolas/react-native-web/packages/react-native-web/src/exports/ProgressBar/index.js
FN:39,(anonymous_0)
FN:43,(anonymous_1)
FN:47,(anonymous_2)
FN:69,(anonymous_3)
FN:73,(anonymous_4)
FNF:5
FNH:3
FNDA:2,(anonymous_0)
FNDA:0,(anonymous_1)
FNDA:2,(anonymous_2)
FNDA:0,(anonymous_3)
FNDA:2,(anonymous_4)
DA:40,2
DA:44,0
DA:48,2
DA:50,2
DA:52,2
DA:70,0
DA:74,2
DA:75,2
DA:76,2
DA:77,2
DA:78,0
DA:85,43
LF:12
LH:9
BRDA:58,0,0,1
BRDA:58,0,1,1
BRDA:63,1,0,2
BRDA:63,1,1,1
BRDA:75,2,0,1
BRDA:75,2,1,1
BRDA:76,3,0,1
BRDA:76,3,1,1
BRDA:77,4,0,0
BRDA:77,4,1,2
BRF:10
BRH:9
end_of_record
TN:
SF:/Users/nicolas/Localbox/Code/github.com/necolas/react-native-web/packages/react-native-web/src/exports/RefreshControl/index.js
FN:33,(anonymous_0)
FNF:1
FNH:0
FNDA:0,(anonymous_0)
DA:48,0
DA:50,0
LF:2
LH:0
BRF:0
BRH:0
end_of_record
TN:
SF:/Users/nicolas/Localbox/Code/github.com/necolas/react-native-web/packages/react-native-web/src/exports/SafeAreaView/index.js
FNF:0
FNH:0
LF:0
LH:0
BRF:0
BRH:0
end_of_record
TN:
SF:/Users/nicolas/Localbox/Code/github.com/necolas/react-native-web/packages/react-native-web/src/exports/ScrollView/ScrollViewBase.js
FN:17,(anonymous_0)
FN:77,(anonymous_1)
FN:83,(anonymous_2)
FN:137,(anonymous_3)
FN:138,(anonymous_4)
FN:150,(anonymous_5)
FN:167,(anonymous_6)
FN:172,(anonymous_7)
FN:180,(anonymous_8)
FN:188,(anonymous_9)
FN:192,(anonymous_10)
FNF:11
FNH:4
FNDA:0,(anonymous_0)
FNDA:1,(anonymous_1)
FNDA:1,(anonymous_2)
FNDA:2,(anonymous_3)
FNDA:0,(anonymous_4)
FNDA:0,(anonymous_5)
FNDA:0,(anonymous_6)
FNDA:0,(anonymous_7)
FNDA:0,(anonymous_8)
FNDA:1,(anonymous_9)
FNDA:0,(anonymous_10)
DA:17,43
DA:21,0
DA:24,0
DA:29,0
DA:32,0
DA:37,0
DA:40,0
DA:78,1
DA:79,1
DA:123,1
DA:125,1
DA:138,2
DA:139,0
DA:140,0
DA:141,0
DA:145,0
DA:151,0
DA:152,0
DA:153,0
DA:155,0
DA:156,0
DA:158,0
DA:159,0
DA:163,0
DA:168,0
DA:169,0
DA:173,0
DA:174,0
DA:175,0
DA:176,0
DA:181,0
DA:182,0
DA:183,0
DA:184,0
DA:189,1
DA:193,0
DA:194,0
DA:201,43
LF:38
LH:8
BRDA:78,0,0,1
BRDA:78,0,1,0
BRDA:132,1,0,1
BRDA:132,1,1,0
BRDA:139,2,0,0
BRDA:139,2,1,0
BRDA:140,3,0,0
BRDA:140,3,1,0
BRDA:156,4,0,0
BRDA:156,4,1,0
BRDA:158,5,0,0
BRDA:158,5,1,0
BRDA:175,6,0,0
BRDA:175,6,1,0
BRDA:183,7,0,0
BRDA:183,7,1,0
BRDA:194,8,0,0
BRDA:194,8,1,0
BRF:18
BRH:2
end_of_record
TN:
SF:/Users/nicolas/Localbox/Code/github.com/necolas/react-native-web/packages/react-native-web/src/exports/ScrollView/index.js
FN:147,(anonymous_0)
FNF:1
FNH:0
FNDA:0,(anonymous_0)
DA:24,43
DA:27,43
DA:45,1
DA:49,1
DA:50,1
DA:61,0
DA:65,0
DA:69,0
DA:87,0
DA:88,0
DA:92,0
DA:95,0
DA:112,0
DA:113,0
DA:114,0
DA:115,0
DA:116,0
DA:117,0
DA:118,0
DA:125,0
DA:126,0
DA:142,1
DA:144,1
DA:145,0
DA:146,0
DA:147,0
DA:149,0
DA:156,1
DA:157,1
DA:158,0
DA:164,1
DA:173,1
DA:194,1
DA:196,1
DA:198,1
DA:199,0
DA:208,1
DA:216,0
DA:217,0
DA:221,0
DA:222,0
DA:223,0
DA:233,0
DA:234,0
DA:237,0
DA:241,1
DA:245,1
DA:249,43
LF:48
LH:18
BRDA:49,0,0,1
BRDA:49,0,1,0
BRDA:87,1,0,0
BRDA:87,1,1,0
BRDA:92,2,0,0
BRDA:92,2,1,0
BRDA:96,3,0,0
BRDA:96,3,1,0
BRDA:97,4,0,0
BRDA:97,4,1,0
BRDA:112,5,0,0
BRDA:112,5,1,0
BRDA:116,6,0,0
BRDA:116,6,1,0
BRDA:117,7,0,0
BRDA:117,7,1,0
BRDA:124,8,0,0
BRDA:124,9,0,0
BRDA:144,10,0,0
BRDA:144,10,1,1
BRDA:144,11,0,1
BRDA:144,11,1,1
BRDA:147,12,0,0
BRDA:147,12,1,0
BRDA:157,13,0,0
BRDA:157,13,1,1
BRDA:169,14,0,1
BRDA:169,14,1,0
BRDA:175,15,0,1
BRDA:175,15,1,0
BRDA:198,16,0,0
BRDA:198,16,1,1
BRDA:221,17,0,0
BRDA:221,17,1,0
BRDA:222,18,0,0
BRDA:222,18,1,0
BRDA:222,19,0,0
BRDA:222,19,1,0
BRDA:233,20,0,0
BRDA:233,20,1,0
BRF:40
BRH:8
end_of_record
TN:
SF:/Users/nicolas/Localbox/Code/github.com/necolas/react-native-web/packages/react-native-web/src/exports/SectionList/index.js
FNF:0
FNH:0
LF:0
LH:0
BRF:0
BRH:0
end_of_record
TN:
SF:/Users/nicolas/Localbox/Code/github.com/necolas/react-native-web/packages/react-native-web/src/exports/Slider/index.js
FNF:0
FNH:0
LF:0
LH:0
BRF:0
BRH:0
end_of_record
TN:
SF:/Users/nicolas/Localbox/Code/github.com/necolas/react-native-web/packages/react-native-web/src/exports/StatusBar/index.js
FN:14,(anonymous_0)
FN:15,(anonymous_1)
FN:16,(anonymous_2)
FN:17,(anonymous_3)
FN:18,(anonymous_4)
FN:19,(anonymous_5)
FNF:6
FNH:0
FNDA:0,(anonymous_0)
FNDA:0,(anonymous_1)
FNDA:0,(anonymous_2)
FNDA:0,(anonymous_3)
FNDA:0,(anonymous_4)
FNDA:0,(anonymous_5)
DA:20,0
LF:1
LH:0
BRF:0
BRH:0
end_of_record
TN:
SF:/Users/nicolas/Localbox/Code/github.com/necolas/react-native-web/packages/react-native-web/src/exports/StyleSheet/ReactNativeStyleResolver.js
FN:27,(anonymous_0)
FN:33,(anonymous_1)
FN:37,(anonymous_2)
FN:46,(anonymous_3)
FN:52,(anonymous_4)
FN:65,(anonymous_5)
FN:106,(anonymous_6)
FN:111,(anonymous_7)
FN:136,(anonymous_8)
FN:151,(anonymous_9)
FN:156,(anonymous_10)
FN:199,(anonymous_11)
FN:216,(anonymous_12)
FN:221,(anonymous_13)
FN:227,(anonymous_14)
FN:227,(anonymous_15)
FN:229,(anonymous_16)
FNF:17
FNH:17
FNDA:59,(anonymous_0)
FNDA:55,(anonymous_1)
FNDA:4,(anonymous_2)
FNDA:239,(anonymous_3)
FNDA:467,(anonymous_4)
FNDA:188,(anonymous_5)
FNDA:7,(anonymous_6)
FNDA:2,(anonymous_7)
FNDA:3,(anonymous_8)
FNDA:113,(anonymous_9)
FNDA:2351,(anonymous_10)
FNDA:188,(anonymous_11)
FNDA:115,(anonymous_12)
FNDA:120,(anonymous_13)
FNDA:10,(anonymous_14)
FNDA:5,(anonymous_15)
FNDA:7,(anonymous_16)
DA:24,43
DA:28,59
DA:29,59
DA:30,59
DA:34,55
DA:39,4
DA:40,4
DA:41,4
DA:43,4
DA:47,239
DA:48,239
DA:49,239
DA:50,60
DA:51,60
DA:52,60
DA:53,467
DA:54,467
DA:55,467
DA:58,60
DA:66,188
DA:67,0
DA:71,188
DA:72,0
DA:73,0
DA:74,0
DA:78,188
DA:79,1
DA:85,187
DA:86,187
DA:87,187
DA:88,322
DA:89,322
DA:90,83
DA:92,239
DA:95,187
DA:96,187
DA:107,7
DA:110,7
DA:112,2
DA:113,2
DA:114,0
DA:116,2
DA:118,2
DA:124,7
DA:131,7
DA:135,7
DA:136,7
DA:137,3
DA:138,3
DA:139,2
DA:143,7
DA:145,7
DA:152,113
DA:153,113
DA:155,113
DA:157,2351
DA:158,2351
DA:159,2351
DA:160,2351
DA:161,2206
DA:166,145
DA:171,1
DA:172,1
DA:173,1
DA:176,144
DA:177,25
DA:180,144
DA:184,2351
DA:189,113
DA:190,113
DA:191,25
DA:193,113
DA:200,188
DA:201,115
DA:202,115
DA:203,115
DA:205,40
DA:207,115
DA:209,73
DA:216,43
DA:217,115
DA:218,115
DA:221,120
DA:226,43
DA:227,43
DA:229,43
DA:230,7
DA:231,7
DA:232,7
DA:235,7
DA:236,10
DA:237,10
DA:240,10
DA:243,7
LF:94
LH:89
BRDA:40,0,0,4
BRDA:40,0,1,0
BRDA:48,1,0,7
BRDA:48,1,1,232
BRDA:48,2,0,4
BRDA:48,2,1,3
BRDA:49,3,0,60
BRDA:49,3,1,179
BRDA:54,4,0,467
BRDA:54,4,1,0
BRDA:66,5,0,0
BRDA:66,5,1,188
BRDA:71,6,0,0
BRDA:71,6,1,188
BRDA:78,7,0,1
BRDA:78,7,1,187
BRDA:89,8,0,83
BRDA:89,8,1,239
BRDA:95,9,0,115
BRDA:95,9,1,72
BRDA:113,10,0,0
BRDA:113,10,1,2
BRDA:138,11,0,2
BRDA:138,11,1,1
BRDA:158,12,0,2351
BRDA:158,12,1,0
BRDA:160,13,0,2206
BRDA:160,13,1,145
BRDA:166,14,0,1
BRDA:166,14,1,144
BRDA:167,15,0,145
BRDA:167,15,1,144
BRDA:167,15,2,144
BRDA:172,16,0,1
BRDA:172,16,1,0
BRDA:176,17,0,25
BRDA:176,17,1,119
BRDA:190,18,0,25
BRDA:190,18,1,88
BRDA:200,19,0,115
BRDA:200,19,1,73
BRDA:202,20,0,2
BRDA:202,20,1,113
BRDA:202,21,0,1
BRDA:202,21,1,1
BRDA:203,22,0,40
BRDA:203,22,1,75
BRDA:237,23,0,10
BRDA:237,23,1,0
BRF:49
BRH:41
end_of_record
TN:
SF:/Users/nicolas/Localbox/Code/github.com/necolas/react-native-web/packages/react-native-web/src/exports/StyleSheet/StyleSheet.js
FN:36,(anonymous_0)
FNF:1
FNH:1
FNDA:3016,(anonymous_0)
DA:15,43
DA:22,43
DA:24,43
DA:28,93
DA:29,34
DA:31,59
DA:35,949
DA:36,949
DA:37,3016
DA:38,3016
DA:39,3016
DA:41,3016
DA:42,3016
DA:44,949
LF:14
LH:14
BRDA:28,0,0,34
BRDA:28,0,1,59
BRDA:28,1,0,93
BRDA:28,1,1,47
BRDA:31,2,0,59
BRDA:31,2,1,46
BRDA:37,3,0,3016
BRDA:37,3,1,0
BRDA:41,4,0,3016
BRDA:41,4,1,3016
BRF:10
BRH:9
end_of_record
TN:
SF:/Users/nicolas/Localbox/Code/github.com/necolas/react-native-web/packages/react-native-web/src/exports/StyleSheet/StyleSheetManager.js
FN:18,(anonymous_0)
FN:23,(anonymous_1)
FN:31,(anonymous_2)
FN:33,(anonymous_3)
FN:38,(anonymous_4)
FN:44,(anonymous_5)
FN:49,(anonymous_6)
FN:58,(anonymous_7)
FN:65,(anonymous_8)
FN:72,(anonymous_9)
FN:76,(anonymous_10)
FNF:11
FNH:10
FNDA:443,(anonymous_0)
FNDA:3740,(anonymous_1)
FNDA:63,(anonymous_2)
FNDA:63,(anonymous_3)
FNDA:2825,(anonymous_4)
FNDA:6,(anonymous_5)
FNDA:5,(anonymous_6)
FNDA:472,(anonymous_7)
FNDA:448,(anonymous_8)
FNDA:0,(anonymous_9)
FNDA:443,(anonymous_10)
DA:15,43
DA:16,43
DA:18,43
DA:19,443
DA:20,443
DA:23,3740
DA:32,63
DA:33,63
DA:34,63
DA:39,2825
DA:40,2825
DA:41,2825
DA:45,6
DA:46,6
DA:50,5
DA:52,5
DA:59,472
DA:60,472
DA:61,472
DA:62,443
DA:63,443
DA:64,443
DA:65,443
DA:66,448
DA:69,472
DA:77,443
DA:78,443
DA:79,406
DA:81,443
DA:82,443
LF:30
LH:30
BRDA:20,0,0,443
BRDA:20,0,1,0
BRDA:23,1,0,0
BRDA:23,1,1,3740
BRDA:41,2,0,2825
BRDA:41,2,1,2280
BRDA:41,2,2,2236
BRDA:46,3,0,6
BRDA:46,3,1,2
BRDA:61,4,0,443
BRDA:61,4,1,29
BRDA:78,5,0,406
BRDA:78,5,1,37
BRF:13
BRH:11
end_of_record
TN:
SF:/Users/nicolas/Localbox/Code/github.com/necolas/react-native-web/packages/react-native-web/src/exports/StyleSheet/StyleSheetValidation.js
FN:26,(anonymous_0)
FN:61,(anonymous_1)
FN:69,(anonymous_2)
FN:76,(anonymous_3)
FNF:4
FNH:3
FNDA:9126,(anonymous_0)
FNDA:3016,(anonymous_1)
FNDA:215,(anonymous_2)
FNDA:0,(anonymous_3)
DA:23,43
DA:27,9126
DA:28,9126
DA:30,9126
DA:31,9126
DA:33,9126
DA:34,0
DA:36,0
DA:38,0
DA:39,9126
DA:40,0
DA:46,9126
DA:54,9126
DA:55,0
DA:62,3016
DA:63,3016
DA:64,9126
DA:70,215
DA:71,25542
DA:76,43
DA:77,0
DA:88,43
DA:90,43
DA:91,43
DA:92,43
DA:93,43
DA:95,43
LF:27
LH:21
BRDA:27,0,0,9126
BRDA:27,0,1,0
BRDA:31,1,0,0
BRDA:31,1,1,9126
BRDA:33,2,0,0
BRDA:33,2,1,9126
BRDA:39,3,0,0
BRDA:39,3,1,9126
BRDA:39,4,0,9126
BRDA:39,4,1,6327
BRDA:54,5,0,0
BRDA:54,5,1,9126
BRDA:62,6,0,3016
BRDA:62,6,1,0
BRDA:81,7,0,0
BRDA:81,7,1,0
BRDA:84,8,0,0
BRDA:84,8,1,0
BRF:18
BRH:8
end_of_record
TN:
SF:/Users/nicolas/Localbox/Code/github.com/necolas/react-native-web/packages/react-native-web/src/exports/StyleSheet/WebStyleSheet.js
FN:17,(anonymous_0)
FN:39,(anonymous_1)
FN:43,(anonymous_2)
FN:47,(anonymous_3)
FNF:4
FNH:4
FNDA:63,(anonymous_0)
FNDA:510,(anonymous_1)
FNDA:5,(anonymous_2)
FNDA:510,(anonymous_3)
DA:21,63
DA:22,59
DA:23,59
DA:24,43
DA:25,43
DA:26,43
DA:27,43
DA:31,59
DA:33,59
DA:34,59
DA:40,510
DA:44,5
DA:49,510
DA:50,510
DA:54,510
DA:55,393
DA:56,393
LF:17
LH:17
BRDA:21,0,0,59
BRDA:21,0,1,4
BRDA:23,1,0,43
BRDA:23,1,1,16
BRDA:25,2,0,43
BRDA:25,2,1,0
BRDA:31,3,0,59
BRDA:31,3,1,0
BRDA:49,4,0,510
BRDA:49,4,1,0
BRDA:54,5,0,393
BRDA:54,5,1,117
BRDA:54,6,0,510
BRDA:54,6,1,510
BRDA:55,7,0,393
BRDA:55,7,1,393
BRF:16
BRH:13
end_of_record
TN:
SF:/Users/nicolas/Localbox/Code/github.com/necolas/react-native-web/packages/react-native-web/src/exports/StyleSheet/createAtomicRules.js
FN:4,(anonymous_0)
FN:53,(anonymous_1)
FN:58,(anonymous_2)
FNF:3
FNH:3
FNDA:447,(anonymous_0)
FNDA:2,(anonymous_1)
FNDA:4,(anonymous_2)
DA:4,43
DA:5,447
DA:9,447
DA:12,6
DA:13,6
DA:14,2
DA:15,2
DA:16,2
DA:17,2
DA:19,4
DA:20,4
DA:21,4
DA:22,4
DA:23,4
DA:26,6
DA:27,6
DA:28,6
DA:32,1
DA:33,1
DA:41,1
DA:45,1
DA:47,0
DA:48,0
DA:50,1
DA:53,1
DA:54,2
DA:55,0
DA:57,2
DA:58,2
DA:59,4
DA:61,2
DA:66,1
DA:67,1
DA:70,1
DA:74,439
DA:75,439
DA:79,447
LF:37
LH:34
BRDA:9,0,0,6
BRDA:9,0,1,1
BRDA:9,0,2,1
BRDA:9,0,3,439
BRDA:13,1,0,2
BRDA:13,1,1,4
BRDA:13,2,0,6
BRDA:13,2,1,6
BRDA:15,3,0,2
BRDA:15,3,1,0
BRDA:19,4,0,4
BRDA:19,4,1,0
BRDA:19,5,0,4
BRDA:19,5,1,4
BRDA:21,6,0,4
BRDA:21,6,1,0
BRDA:45,7,0,0
BRDA:45,7,1,1
BRDA:54,8,0,0
BRDA:54,8,1,2
BRF:20
BRH:15
end_of_record
TN:
SF:/Users/nicolas/Localbox/Code/github.com/necolas/react-native-web/packages/react-native-web/src/exports/StyleSheet/createKeyframesRules.js
FN:6,(anonymous_0)
FN:8,(anonymous_1)
FN:15,(anonymous_2)
FN:20,(anonymous_3)
FN:22,(anonymous_4)
FN:29,(anonymous_5)
FN:31,(anonymous_6)
FNF:7
FNH:7
FNDA:2,(anonymous_0)
FNDA:2,(anonymous_1)
FNDA:10,(anonymous_2)
FNDA:4,(anonymous_3)
FNDA:10,(anonymous_4)
FNDA:2,(anonymous_5)
FNDA:4,(anonymous_6)
DA:6,43
DA:8,43
DA:9,2
DA:10,2
DA:13,43
DA:15,43
DA:16,10
DA:17,10
DA:20,43
DA:21,4
DA:23,10
DA:24,10
DA:25,10
DA:29,43
DA:30,2
DA:31,2
DA:32,4
DA:34,2
LF:18
LH:18
BRDA:10,0,0,2
BRDA:10,0,1,0
BRF:2
BRH:1
end_of_record
TN:
SF:/Users/nicolas/Localbox/Code/github.com/necolas/react-native-web/packages/react-native-web/src/exports/StyleSheet/createReactDOMStyle.js
FN:69,(anonymous_0)
FN:70,(anonymous_1)
FN:87,(anonymous_2)
FN:106,(anonymous_3)
FN:124,(anonymous_4)
FN:131,(anonymous_5)
FN:136,(anonymous_6)
FN:150,(anonymous_7)
FN:154,(anonymous_8)
FN:290,(anonymous_9)
FN:307,(anonymous_10)
FNF:11
FNH:11
FNDA:211,(anonymous_0)
FNDA:3393,(anonymous_1)
FNDA:6,(anonymous_2)
FNDA:1,(anonymous_3)
FNDA:7,(anonymous_4)
FNDA:1,(anonymous_5)
FNDA:6,(anonymous_6)
FNDA:211,(anonymous_7)
FNDA:1531,(anonymous_8)
FNDA:1780,(anonymous_9)
FNDA:211,(anonymous_10)
DA:24,43
DA:25,43
DA:47,43
DA:57,43
DA:65,43
DA:67,43
DA:69,43
DA:70,211
DA:71,3393
DA:72,1745
DA:74,1648
DA:75,1648
DA:77,0
DA:80,43
DA:87,43
DA:88,6
DA:89,6
DA:90,6
DA:91,6
DA:92,6
DA:94,6
DA:95,4
DA:96,4
DA:97,2
DA:98,0
DA:106,43
DA:107,1
DA:108,1
DA:109,1
DA:110,1
DA:111,1
DA:113,1
DA:114,1
DA:124,43
DA:125,7
DA:126,7
DA:127,7
DA:131,43
DA:132,1
DA:133,1
DA:136,43
DA:137,6
DA:138,6
DA:139,4
DA:140,2
DA:141,1
DA:143,6
DA:150,43
DA:151,211
DA:152,211
DA:154,211
DA:155,1531
DA:159,1531
DA:160,113
DA:164,1531
DA:165,186
DA:169,1531
DA:170,6
DA:173,1525
DA:180,1
DA:184,55
DA:187,55
DA:188,32
DA:189,30
DA:191,32
DA:192,30
DA:195,55
DA:213,17
DA:214,15
DA:215,15
DA:216,15
DA:217,2
DA:218,1
DA:219,1
DA:220,1
DA:221,1
DA:222,1
DA:223,1
DA:224,1
DA:226,17
DA:232,6
DA:233,6
DA:234,6
DA:236,6
DA:240,16
DA:241,10
DA:242,6
DA:243,1
DA:245,5
DA:247,16
DA:251,3
DA:252,3
DA:259,11
DA:260,6
DA:262,11
DA:263,11
DA:267,3
DA:268,3
DA:274,3
DA:275,1
DA:277,3
DA:278,3
DA:283,6
DA:284,6
DA:288,1404
DA:289,1404
DA:290,456
DA:293,1780
DA:294,1776
DA:298,948
DA:303,1525
DA:307,43
DA:308,211
DA:309,0
DA:311,211
DA:312,211
DA:313,211
DA:314,211
DA:315,211
LF:119
LH:116
BRDA:71,0,0,1745
BRDA:71,0,1,1648
BRDA:74,1,0,1648
BRDA:74,1,1,0
BRDA:88,2,0,6
BRDA:88,2,1,3
BRDA:91,3,0,6
BRDA:91,3,1,4
BRDA:94,4,0,4
BRDA:94,4,1,2
BRDA:96,5,0,1
BRDA:96,5,1,3
BRDA:97,6,0,0
BRDA:97,6,1,2
BRDA:107,7,0,1
BRDA:107,7,1,0
BRDA:110,8,0,1
BRDA:110,8,1,0
BRDA:113,9,0,1
BRDA:113,9,1,0
BRDA:138,10,0,4
BRDA:138,10,1,2
BRDA:140,11,0,1
BRDA:140,11,1,1
BRDA:159,12,0,113
BRDA:159,12,1,1418
BRDA:160,13,0,2
BRDA:160,13,1,111
BRDA:164,14,0,186
BRDA:164,14,1,1345
BRDA:169,15,0,6
BRDA:169,15,1,1525
BRDA:173,16,0,0
BRDA:173,16,1,0
BRDA:173,16,2,0
BRDA:173,16,3,1
BRDA:173,16,4,1
BRDA:173,16,5,55
BRDA:173,16,6,17
BRDA:173,16,7,0
BRDA:173,16,8,3
BRDA:173,16,9,6
BRDA:173,16,10,16
BRDA:173,16,11,3
BRDA:173,16,12,4
BRDA:173,16,13,7
BRDA:173,16,14,9
BRDA:173,16,15,11
BRDA:173,16,16,3
BRDA:173,16,17,1
BRDA:173,16,18,2
BRDA:173,16,19,3
BRDA:173,16,20,5
BRDA:173,16,21,6
BRDA:173,16,22,1404
BRDA:187,17,0,32
BRDA:187,17,1,23
BRDA:187,18,0,55
BRDA:187,18,1,45
BRDA:188,19,0,30
BRDA:188,19,1,2
BRDA:191,20,0,30
BRDA:191,20,1,2
BRDA:213,21,0,15
BRDA:213,21,1,2
BRDA:217,22,0,1
BRDA:217,22,1,1
BRDA:221,23,0,1
BRDA:221,23,1,0
BRDA:232,24,0,6
BRDA:232,24,1,0
BRDA:234,25,0,2
BRDA:234,25,1,4
BRDA:240,26,0,10
BRDA:240,26,1,6
BRDA:242,27,0,1
BRDA:242,27,1,5
BRDA:259,28,0,6
BRDA:259,28,1,5
BRDA:267,29,0,3
BRDA:267,29,1,0
BRDA:274,30,0,1
BRDA:274,30,1,2
BRDA:289,31,0,456
BRDA:289,31,1,948
BRDA:293,32,0,1776
BRDA:293,32,1,4
BRDA:308,33,0,0
BRDA:308,33,1,211
BRF:89
BRH:76
end_of_record
TN:
SF:/Users/nicolas/Localbox/Code/github.com/necolas/react-native-web/packages/react-native-web/src/exports/StyleSheet/createRuleBlock.js
FN:15,(anonymous_0)
FN:19,(anonymous_1)
FN:30,(anonymous_2)
FNF:3
FNH:3
FNDA:600,(anonymous_0)
FNDA:40,(anonymous_1)
FNDA:464,(anonymous_2)
DA:15,43
DA:16,600
DA:17,600
DA:18,600
DA:19,40
DA:21,592
DA:30,43
DA:31,464
LF:8
LH:8
BRDA:18,0,0,8
BRDA:18,0,1,592
BRF:2
BRH:2
end_of_record
TN:
SF:/Users/nicolas/Localbox/Code/github.com/necolas/react-native-web/packages/react-native-web/src/exports/StyleSheet/flattenStyle.js
FN:18,getStyle
FN:25,flattenStyle
FNF:2
FNH:2
FNDA:809,getStyle
FNDA:1274,flattenStyle
DA:19,809
DA:20,418
DA:22,391
DA:26,1274
DA:27,203
DA:30,1071
DA:31,1071
DA:34,1071
DA:36,809
DA:39,262
DA:40,262
DA:41,756
DA:42,756
DA:43,553
DA:44,2054
DA:45,2054
DA:49,262
LF:17
LH:17
BRDA:19,0,0,418
BRDA:19,0,1,391
BRDA:26,1,0,203
BRDA:26,1,1,1071
BRDA:30,2,0,1071
BRDA:30,2,1,0
BRDA:34,3,0,809
BRDA:34,3,1,262
BRDA:42,4,0,553
BRDA:42,4,1,203
BRF:10
BRH:9
end_of_record
TN:
SF:/Users/nicolas/Localbox/Code/github.com/necolas/react-native-web/packages/react-native-web/src/exports/StyleSheet/getHairlineWidth.js
FN:8,(anonymous_0)
FNF:1
FNH:1
FNDA:43,(anonymous_0)
DA:8,43
DA:9,43
DA:10,43
DA:11,0
DA:12,0
DA:13,0
DA:14,0
DA:15,0
DA:16,0
DA:17,0
DA:19,0
DA:22,43
LF:12
LH:4
BRDA:10,0,0,0
BRDA:10,0,1,43
BRDA:10,1,0,43
BRDA:10,1,1,43
BRDA:10,1,2,0
BRDA:12,2,0,0
BRDA:12,2,1,0
BRDA:16,3,0,0
BRDA:16,3,1,0
BRF:9
BRH:3
end_of_record
TN:
SF:/Users/nicolas/Localbox/Code/github.com/necolas/react-native-web/packages/react-native-web/src/exports/StyleSheet/i18nStyle.js
FN:79,(anonymous_0)
FN:81,(anonymous_1)
FNF:2
FNH:2
FNDA:2,(anonymous_0)
FNDA:205,(anonymous_1)
DA:13,43
DA:15,43
DA:16,43
DA:17,43
DA:18,43
DA:19,43
DA:20,43
DA:21,43
DA:22,43
DA:23,43
DA:24,43
DA:25,43
DA:26,43
DA:27,43
DA:28,43
DA:29,43
DA:30,43
DA:33,43
DA:53,43
DA:72,43
DA:79,43
DA:81,43
DA:82,205
DA:83,205
DA:84,205
DA:85,205
DA:87,205
DA:88,1515
DA:89,0
DA:91,1515
DA:92,1515
DA:93,1515
DA:96,1515
DA:98,22
DA:99,22
DA:100,1493
DA:101,17
DA:105,1515
DA:106,22
DA:107,3
DA:108,19
DA:109,3
DA:110,16
DA:111,4
DA:112,3
DA:113,1
DA:114,1
DA:119,1515
DA:120,2
DA:121,2
DA:122,1513
DA:123,1504
DA:126,1515
DA:127,22
DA:131,205
LF:55
LH:54
BRDA:83,0,0,205
BRDA:83,0,1,0
BRDA:88,1,0,0
BRDA:88,1,1,1515
BRDA:96,2,0,22
BRDA:96,2,1,1493
BRDA:99,3,0,15
BRDA:99,3,1,7
BRDA:100,4,0,17
BRDA:100,4,1,1476
BRDA:100,5,0,1493
BRDA:100,5,1,45
BRDA:100,5,2,24
BRDA:105,6,0,22
BRDA:105,6,1,1493
BRDA:106,7,0,3
BRDA:106,7,1,19
BRDA:107,8,0,2
BRDA:107,8,1,1
BRDA:108,9,0,3
BRDA:108,9,1,16
BRDA:109,10,0,2
BRDA:109,10,1,1
BRDA:110,11,0,4
BRDA:110,11,1,12
BRDA:110,12,0,16
BRDA:110,12,1,9
BRDA:111,13,0,3
BRDA:111,13,1,1
BRDA:113,14,0,1
BRDA:113,14,1,0
BRDA:119,15,0,2
BRDA:119,15,1,1513
BRDA:119,16,0,1515
BRDA:119,16,1,60
BRDA:122,17,0,1504
BRDA:122,17,1,9
BRDA:126,18,0,22
BRDA:126,18,1,1493
BRF:39
BRH:36
end_of_record
TN:
SF:/Users/nicolas/Localbox/Code/github.com/necolas/react-native-web/packages/react-native-web/src/exports/StyleSheet/index.js
FNF:0
FNH:0
DA:5,43
DA:8,43
DA:9,43
DA:10,43
DA:11,0
LF:5
LH:4
BRDA:8,0,0,43
BRDA:8,0,1,0
BRDA:10,1,0,0
BRDA:10,1,1,43
BRDA:10,2,0,43
BRDA:10,2,1,43
BRF:6
BRH:4
end_of_record
TN:
SF:/Users/nicolas/Localbox/Code/github.com/necolas/react-native-web/packages/react-native-web/src/exports/StyleSheet/initialRules.js
FN:11,(anonymous_0)
FNF:1
FNH:1
FNDA:43,(anonymous_0)
DA:11,43
DA:13,43
DA:24,43
LF:3
LH:3
BRF:0
BRH:0
end_of_record
TN:
SF:/Users/nicolas/Localbox/Code/github.com/necolas/react-native-web/packages/react-native-web/src/exports/StyleSheet/normalizeValue.js
FN:12,(anonymous_0)
FNF:1
FNH:1
FNDA:2164,(anonymous_0)
DA:12,43
DA:13,2164
DA:14,531
DA:16,2164
LF:4
LH:4
BRDA:13,0,0,531
BRDA:13,0,1,1633
BRDA:13,1,0,2164
BRDA:13,1,1,1990
BRF:4
BRH:4
end_of_record
TN:
SF:/Users/nicolas/Localbox/Code/github.com/necolas/react-native-web/packages/react-native-web/src/exports/StyleSheet/styleResolver.js
FNF:0
FNH:0
DA:11,43
LF:1
LH:1
BRF:0
BRH:0
end_of_record
TN:
SF:/Users/nicolas/Localbox/Code/github.com/necolas/react-native-web/packages/react-native-web/src/exports/Switch/index.js
FN:61,(anonymous_0)
FN:65,(anonymous_1)
FN:69,(anonymous_2)
FN:147,(anonymous_3)
FN:152,(anonymous_4)
FN:160,(anonymous_5)
FN:164,(anonymous_6)
FNF:7
FNH:2
FNDA:0,(anonymous_0)
FNDA:0,(anonymous_1)
FNDA:6,(anonymous_2)
FNDA:2,(anonymous_3)
FNDA:0,(anonymous_4)
FNDA:0,(anonymous_5)
FNDA:0,(anonymous_6)
DA:22,43
DA:23,43
DA:24,43
DA:62,0
DA:66,0
DA:85,6
DA:87,6
DA:88,6
DA:89,6
DA:90,6
DA:91,6
DA:92,6
DA:93,6
DA:94,6
DA:95,6
DA:97,6
DA:99,6
DA:108,6
DA:118,6
DA:129,6
DA:148,2
DA:149,2
DA:153,0
DA:154,0
DA:155,0
DA:156,0
DA:161,0
DA:165,0
DA:169,43
LF:29
LH:21
BRDA:88,0,0,6
BRDA:88,0,1,6
BRDA:90,1,0,0
BRDA:90,1,1,6
BRDA:92,2,0,2
BRDA:92,2,1,4
BRDA:92,3,0,2
BRDA:92,3,1,2
BRDA:92,4,0,4
BRDA:92,4,1,4
BRDA:93,5,0,2
BRDA:93,5,1,4
BRDA:93,6,0,4
BRDA:93,6,1,4
BRDA:97,7,0,6
BRDA:97,7,1,1
BRDA:105,8,0,6
BRDA:105,8,1,1
BRDA:115,9,0,6
BRDA:115,9,1,1
BRDA:136,10,0,6
BRDA:136,10,1,2
BRDA:138,11,0,2
BRDA:138,11,1,4
BRDA:149,12,0,2
BRDA:149,12,1,2
BRDA:154,13,0,0
BRDA:154,13,1,0
BRDA:155,14,0,0
BRDA:155,14,1,0
BRF:30
BRH:25
end_of_record
TN:
SF:/Users/nicolas/Localbox/Code/github.com/necolas/react-native-web/packages/react-native-web/src/exports/Text/TextPropTypes.js
FNF:0
FNH:0
DA:16,43
LF:1
LH:1
BRF:0
BRH:0
end_of_record
TN:
SF:/Users/nicolas/Localbox/Code/github.com/necolas/react-native-web/packages/react-native-web/src/exports/Text/TextStylePropTypes.js
FNF:0
FNH:0
DA:15,43
DA:17,43
DA:18,43
DA:28,43
DA:30,43
LF:5
LH:5
BRF:0
BRH:0
end_of_record
TN:
SF:/Users/nicolas/Localbox/Code/github.com/necolas/react-native-web/packages/react-native-web/src/exports/Text/index.js
FN:33,(anonymous_0)
FN:37,(anonymous_1)
FN:84,(anonymous_2)
FN:85,(anonymous_3)
FNF:4
FNH:3
FNDA:13,(anonymous_0)
FNDA:20,(anonymous_1)
FNDA:1,(anonymous_2)
FNDA:0,(anonymous_3)
DA:34,13
DA:58,20
DA:60,20
DA:62,20
DA:63,1
DA:64,1
DA:65,1
DA:69,20
DA:70,20
DA:79,20
DA:81,20
DA:85,1
DA:86,0
DA:87,0
DA:93,43
LF:15
LH:13
BRDA:62,0,0,1
BRDA:62,0,1,19
BRDA:69,1,0,1
BRDA:69,1,1,19
BRDA:72,2,0,20
BRDA:72,2,1,1
BRDA:74,3,0,20
BRDA:74,3,1,1
BRDA:75,4,0,20
BRDA:75,4,1,0
BRDA:76,5,0,20
BRDA:76,5,1,1
BRDA:79,6,0,1
BRDA:79,6,1,19
BRDA:86,7,0,0
BRDA:86,7,1,0
BRDA:87,8,0,0
BRDA:87,8,1,0
BRF:18
BRH:13
end_of_record
TN:
SF:/Users/nicolas/Localbox/Code/github.com/necolas/react-native-web/packages/react-native-web/src/exports/TextInput/TextInputStylePropTypes.js
FNF:0
FNH:0
DA:13,43
LF:1
LH:1
BRF:0
BRH:0
end_of_record
TN:
SF:/Users/nicolas/Localbox/Code/github.com/necolas/react-native-web/packages/react-native-web/src/exports/TextInput/index.js
FN:32,(anonymous_0)
FN:32,(anonymous_1)
FN:43,(anonymous_2)
FN:56,(anonymous_3)
FN:62,(anonymous_4)
FN:154,(anonymous_5)
FN:158,(anonymous_6)
FN:162,(anonymous_7)
FN:166,(anonymous_8)
FN:170,(anonymous_9)
FN:264,(anonymous_10)
FN:272,(anonymous_11)
FN:283,(anonymous_12)
FN:298,(anonymous_13)
FN:316,(anonymous_14)
FN:384,(anonymous_15)
FN:401,(anonymous_16)
FNF:17
FNH:13
FNDA:176,(anonymous_0)
FNDA:5,(anonymous_1)
FNDA:45,(anonymous_2)
FNDA:44,(anonymous_3)
FNDA:0,(anonymous_4)
FNDA:0,(anonymous_5)
FNDA:0,(anonymous_6)
FNDA:44,(anonymous_7)
FNDA:0,(anonymous_8)
FNDA:44,(anonymous_9)
FNDA:1,(anonymous_10)
FNDA:2,(anonymous_11)
FNDA:1,(anonymous_12)
FNDA:3,(anonymous_13)
FNDA:12,(anonymous_14)
FNDA:1,(anonymous_15)
FNDA:20,(anonymous_16)
DA:26,43
DA:27,43
DA:32,176
DA:33,5
DA:34,5
DA:35,5
DA:43,43
DA:44,45
DA:45,2
DA:46,2
DA:47,2
DA:49,43
DA:56,43
DA:57,44
DA:58,44
DA:59,1
DA:61,1
DA:62,0
DA:64,1
DA:155,0
DA:159,0
DA:163,44
DA:167,0
DA:208,44
DA:212,44
DA:214,1
DA:215,1
DA:218,1
DA:219,1
DA:221,1
DA:222,1
DA:225,0
DA:226,0
DA:228,1
DA:229,1
DA:231,40
DA:234,44
DA:235,2
DA:238,44
DA:240,44
DA:255,44
DA:256,6
DA:258,38
DA:261,44
DA:265,1
DA:266,1
DA:267,1
DA:268,1
DA:273,2
DA:274,2
DA:275,2
DA:276,1
DA:278,2
DA:279,1
DA:284,1
DA:285,1
DA:286,1
DA:287,1
DA:288,1
DA:290,1
DA:291,0
DA:293,1
DA:294,0
DA:300,3
DA:303,3
DA:312,3
DA:317,12
DA:318,12
DA:319,12
DA:321,12
DA:323,8
DA:325,1
DA:326,1
DA:328,1
DA:329,1
DA:331,2
DA:332,2
DA:334,2
DA:335,2
DA:337,1
DA:338,1
DA:340,0
DA:341,0
DA:343,0
DA:344,0
DA:346,0
DA:347,0
DA:350,1
DA:351,0
DA:353,1
DA:360,8
DA:361,8
DA:369,8
DA:373,12
DA:374,5
DA:375,2
DA:376,2
DA:378,5
DA:379,4
DA:385,1
DA:386,1
DA:387,1
DA:388,1
DA:389,1
DA:390,1
DA:391,1
DA:395,1
DA:402,20
DA:406,43
LF:109
LH:94
BRDA:26,0,0,43
BRDA:26,0,1,43
BRDA:26,1,0,43
BRDA:26,1,1,43
BRDA:33,2,0,5
BRDA:33,2,1,0
BRDA:44,3,0,2
BRDA:44,3,1,43
BRDA:44,4,0,45
BRDA:44,4,1,21
BRDA:47,5,0,2
BRDA:47,5,1,0
BRDA:58,6,0,1
BRDA:58,6,1,43
BRDA:61,7,0,0
BRDA:61,7,1,1
BRDA:62,8,0,0
BRDA:62,8,1,0
BRDA:64,9,0,1
BRDA:64,9,1,0
BRDA:212,10,0,1
BRDA:212,10,1,0
BRDA:212,10,2,1
BRDA:212,10,3,1
BRDA:212,10,4,0
BRDA:212,10,5,0
BRDA:212,10,6,1
BRDA:212,10,7,40
BRDA:234,11,0,2
BRDA:234,11,1,42
BRDA:238,12,0,6
BRDA:238,12,1,38
BRDA:241,13,0,43
BRDA:241,13,1,1
BRDA:251,14,0,1
BRDA:251,14,1,43
BRDA:255,15,0,6
BRDA:255,15,1,38
BRDA:267,16,0,1
BRDA:267,16,1,0
BRDA:275,17,0,1
BRDA:275,17,1,1
BRDA:278,18,0,1
BRDA:278,18,1,1
BRDA:287,19,0,1
BRDA:287,19,1,0
BRDA:290,20,0,0
BRDA:290,20,1,1
BRDA:293,21,0,0
BRDA:293,21,1,1
BRDA:294,22,0,0
BRDA:294,22,1,0
BRDA:303,23,0,3
BRDA:303,23,1,0
BRDA:304,24,0,3
BRDA:304,24,1,2
BRDA:304,24,2,1
BRDA:304,24,3,1
BRDA:304,24,4,0
BRDA:304,24,5,0
BRDA:304,24,6,0
BRDA:304,24,7,0
BRDA:319,25,0,10
BRDA:319,25,1,2
BRDA:321,26,0,8
BRDA:321,26,1,4
BRDA:323,27,0,1
BRDA:323,27,1,1
BRDA:323,27,2,2
BRDA:323,27,3,2
BRDA:323,27,4,1
BRDA:323,27,5,0
BRDA:323,27,6,0
BRDA:323,27,7,0
BRDA:323,27,8,1
BRDA:350,28,0,0
BRDA:350,28,1,1
BRDA:360,29,0,8
BRDA:360,29,1,0
BRDA:373,30,0,5
BRDA:373,30,1,7
BRDA:373,31,0,12
BRDA:373,31,1,12
BRDA:373,31,2,6
BRDA:374,32,0,2
BRDA:374,32,1,3
BRDA:374,33,0,5
BRDA:374,33,1,4
BRDA:374,33,2,4
BRDA:378,34,0,4
BRDA:378,34,1,1
BRDA:385,35,0,1
BRDA:386,36,0,1
BRDA:386,36,1,0
BRDA:389,37,0,1
BRDA:389,37,1,0
BRF:96
BRH:69
end_of_record
TN:
SF:/Users/nicolas/Localbox/Code/github.com/necolas/react-native-web/packages/react-native-web/src/exports/TextPropTypes/index.js
FNF:0
FNH:0
LF:0
LH:0
BRF:0
BRH:0
end_of_record
TN:
SF:/Users/nicolas/Localbox/Code/github.com/necolas/react-native-web/packages/react-native-web/src/exports/Touchable/BoundingDimensions.js
FN:17,BoundingDimensions
FN:22,(anonymous_1)
FN:27,(anonymous_2)
FNF:3
FNH:0
FNDA:0,BoundingDimensions
FNDA:0,(anonymous_1)
FNDA:0,(anonymous_2)
DA:12,43
DA:18,0
DA:19,0
DA:22,43
DA:23,0
DA:24,0
DA:27,43
DA:28,0
DA:31,43
LF:9
LH:4
BRF:0
BRH:0
end_of_record
TN:
SF:/Users/nicolas/Localbox/Code/github.com/necolas/react-native-web/packages/react-native-web/src/exports/Touchable/Position.js
FN:14,Position
FN:19,(anonymous_1)
FNF:2
FNH:0
FNDA:0,Position
FNDA:0,(anonymous_1)
DA:12,43
DA:15,0
DA:16,0
DA:19,43
DA:20,0
DA:21,0
DA:24,43
LF:7
LH:3
BRF:0
BRH:0
end_of_record
TN:
SF:/Users/nicolas/Localbox/Code/github.com/necolas/react-native-web/packages/react-native-web/src/exports/Touchable/ensurePositiveDelayProps.js
FN:13,(anonymous_0)
FNF:1
FNH:1
FNDA:2,(anonymous_0)
DA:13,43
DA:14,2
LF:2
LH:2
BRDA:15,0,0,2
BRDA:15,0,1,2
BRDA:15,0,2,2
BRF:3
BRH:3
end_of_record
TN:
SF:/Users/nicolas/Localbox/Code/github.com/necolas/react-native-web/packages/react-native-web/src/exports/Touchable/index.js
FN:319,(anonymous_0)
FN:322,(anonymous_1)
FN:340,(anonymous_2)
FN:356,(anonymous_3)
FN:366,(anonymous_4)
FN:373,(anonymous_5)
FN:380,(anonymous_6)
FN:387,(anonymous_7)
FN:425,(anonymous_8)
FN:439,(anonymous_9)
FN:446,(anonymous_10)
FN:593,(anonymous_11)
FN:602,(anonymous_12)
FN:624,(anonymous_13)
FN:629,(anonymous_14)
FN:657,(anonymous_15)
FN:692,(anonymous_16)
FN:697,(anonymous_17)
FN:703,(anonymous_18)
FN:712,(anonymous_19)
FN:729,(anonymous_20)
FN:781,(anonymous_21)
FN:786,(anonymous_22)
FN:789,(anonymous_23)
FN:800,(anonymous_24)
FN:842,(anonymous_25)
FNF:26
FNH:3
FNDA:2,(anonymous_0)
FNDA:0,(anonymous_1)
FNDA:0,(anonymous_2)
FNDA:2,(anonymous_3)
FNDA:0,(anonymous_4)
FNDA:0,(anonymous_5)
FNDA:0,(anonymous_6)
FNDA:0,(anonymous_7)
FNDA:0,(anonymous_8)
FNDA:0,(anonymous_9)
FNDA:0,(anonymous_10)
FNDA:0,(anonymous_11)
FNDA:0,(anonymous_12)
FNDA:0,(anonymous_13)
FNDA:0,(anonymous_14)
FNDA:0,(anonymous_15)
FNDA:0,(anonymous_16)
FNDA:0,(anonymous_17)
FNDA:0,(anonymous_18)
FNDA:0,(anonymous_19)
FNDA:0,(anonymous_20)
FNDA:0,(anonymous_21)
FNDA:0,(anonymous_22)
FNDA:0,(anonymous_23)
FNDA:0,(anonymous_24)
FNDA:2,(anonymous_25)
DA:114,43
DA:128,43
DA:137,43
DA:143,43
DA:150,43
DA:163,43
DA:241,43
DA:243,43
DA:245,43
DA:247,43
DA:249,43
DA:317,43
DA:320,2
DA:321,2
DA:322,2
DA:323,0
DA:324,0
DA:328,0
DA:330,0
DA:333,2
DA:341,0
DA:342,0
DA:344,0
DA:345,0
DA:346,0
DA:357,2
DA:367,0
DA:374,0
DA:381,0
DA:388,0
DA:392,0
DA:393,0
DA:394,0
DA:396,0
DA:397,0
DA:398,0
DA:400,0
DA:403,0
DA:404,0
DA:405,0
DA:407,0
DA:408,0
DA:412,0
DA:415,0
DA:416,0
DA:426,0
DA:431,0
DA:432,0
DA:440,0
DA:449,0
DA:450,0
DA:454,0
DA:455,0
DA:458,0
DA:459,0
DA:460,0
DA:469,0
DA:470,0
DA:471,0
DA:472,0
DA:474,0
DA:476,0
DA:477,0
DA:478,0
DA:479,0
DA:480,0
DA:483,0
DA:484,0
DA:485,0
DA:487,0
DA:488,0
DA:494,0
DA:495,0
DA:500,0
DA:504,0
DA:505,0
DA:506,0
DA:507,0
DA:509,0
DA:512,0
DA:513,0
DA:594,0
DA:595,0
DA:596,0
DA:599,0
DA:611,0
DA:612,0
DA:614,0
DA:616,0
DA:619,0
DA:621,0
DA:625,0
DA:626,0
DA:630,0
DA:631,0
DA:632,0
DA:636,0
DA:645,0
DA:658,0
DA:659,0
DA:660,0
DA:661,0
DA:662,0
DA:664,0
DA:665,0
DA:675,0
DA:676,0
DA:686,0
DA:687,0
DA:688,0
DA:693,0
DA:694,0
DA:698,0
DA:704,0
DA:705,0
DA:706,0
DA:707,0
DA:708,0
DA:709,0
DA:713,0
DA:714,0
DA:715,0
DA:735,0
DA:736,0
DA:739,0
DA:741,0
DA:742,0
DA:745,0
DA:746,0
DA:749,0
DA:750,0
DA:753,0
DA:754,0
DA:755,0
DA:756,0
DA:759,0
DA:760,0
DA:762,0
DA:766,0
DA:767,0
DA:768,0
DA:770,0
DA:771,0
DA:773,0
DA:777,0
DA:778,0
DA:782,0
DA:783,0
DA:787,0
DA:788,0
DA:789,0
DA:790,0
DA:793,0
DA:801,0
DA:802,0
DA:803,0
DA:804,0
DA:805,0
DA:806,0
DA:807,0
DA:811,0
DA:812,0
DA:815,0
DA:816,0
DA:817,0
DA:821,0
DA:822,0
DA:826,0
DA:829,0
DA:830,0
DA:836,43
DA:843,2
DA:844,2
DA:845,2
DA:847,0
DA:848,0
DA:849,0
DA:850,0
DA:852,0
DA:853,0
LF:180
LH:21
BRDA:321,0,0,2
BRDA:321,0,1,0
BRDA:321,1,0,2
BRDA:321,1,1,2
BRDA:323,2,0,0
BRDA:323,2,1,0
BRDA:324,3,0,0
BRDA:324,3,1,0
BRDA:325,4,0,0
BRDA:325,4,1,0
BRDA:341,5,0,0
BRDA:341,5,1,0
BRDA:341,6,0,0
BRDA:341,6,1,0
BRDA:344,7,0,0
BRDA:344,7,1,0
BRDA:345,8,0,0
BRDA:345,8,1,0
BRDA:346,9,0,0
BRDA:346,9,1,0
BRDA:393,10,0,0
BRDA:393,10,1,0
BRDA:400,11,0,0
BRDA:400,11,1,0
BRDA:403,12,0,0
BRDA:403,12,1,0
BRDA:404,13,0,0
BRDA:404,13,1,0
BRDA:412,14,0,0
BRDA:412,14,1,0
BRDA:415,15,0,0
BRDA:415,15,1,0
BRDA:431,16,0,0
BRDA:431,16,1,0
BRDA:431,17,0,0
BRDA:431,17,1,0
BRDA:449,18,0,0
BRDA:449,18,1,0
BRDA:454,19,0,0
BRDA:454,19,1,0
BRDA:460,20,0,0
BRDA:460,20,1,0
BRDA:474,21,0,0
BRDA:474,21,1,0
BRDA:476,22,0,0
BRDA:476,22,1,0
BRDA:484,23,0,0
BRDA:484,23,1,0
BRDA:485,24,0,0
BRDA:485,24,1,0
BRDA:487,25,0,0
BRDA:487,25,1,0
BRDA:494,26,0,0
BRDA:494,26,1,0
BRDA:500,27,0,0
BRDA:500,27,1,0
BRDA:500,27,2,0
BRDA:500,27,3,0
BRDA:504,28,0,0
BRDA:504,28,1,0
BRDA:507,29,0,0
BRDA:507,29,1,0
BRDA:595,30,0,0
BRDA:595,30,1,0
BRDA:611,31,0,0
BRDA:611,31,1,0
BRDA:611,32,0,0
BRDA:611,32,1,0
BRDA:611,32,2,0
BRDA:611,32,3,0
BRDA:611,32,4,0
BRDA:611,32,5,0
BRDA:614,33,0,0
BRDA:614,33,1,0
BRDA:616,34,0,0
BRDA:616,34,1,0
BRDA:632,35,0,0
BRDA:632,35,1,0
BRDA:633,36,0,0
BRDA:633,36,1,0
BRDA:660,37,0,0
BRDA:660,37,1,0
BRDA:661,38,0,0
BRDA:661,38,1,0
BRDA:661,39,0,0
BRDA:661,39,1,0
BRDA:664,40,0,0
BRDA:664,40,1,0
BRDA:675,41,0,0
BRDA:675,41,1,0
BRDA:686,42,0,0
BRDA:686,42,1,0
BRDA:693,43,0,0
BRDA:693,43,1,0
BRDA:699,44,0,0
BRDA:699,44,1,0
BRDA:705,45,0,0
BRDA:705,45,1,0
BRDA:706,46,0,0
BRDA:706,46,1,0
BRDA:707,47,0,0
BRDA:707,47,1,0
BRDA:708,48,0,0
BRDA:708,48,1,0
BRDA:739,49,0,0
BRDA:739,49,1,0
BRDA:741,50,0,0
BRDA:741,50,1,0
BRDA:745,51,0,0
BRDA:745,51,1,0
BRDA:745,52,0,0
BRDA:745,52,1,0
BRDA:749,53,0,0
BRDA:749,53,1,0
BRDA:749,54,0,0
BRDA:749,54,1,0
BRDA:750,55,0,0
BRDA:750,55,1,0
BRDA:753,56,0,0
BRDA:753,56,1,0
BRDA:753,57,0,0
BRDA:753,57,1,0
BRDA:755,58,0,0
BRDA:755,58,1,0
BRDA:755,59,0,0
BRDA:755,59,1,0
BRDA:759,60,0,0
BRDA:759,60,1,0
BRDA:759,61,0,0
BRDA:759,61,1,0
BRDA:762,62,0,0
BRDA:762,62,1,0
BRDA:762,62,2,0
BRDA:766,63,0,0
BRDA:766,63,1,0
BRDA:767,64,0,0
BRDA:767,64,1,0
BRDA:767,65,0,0
BRDA:767,65,1,0
BRDA:768,66,0,0
BRDA:768,66,1,0
BRDA:768,67,0,0
BRDA:768,67,1,0
BRDA:777,68,0,0
BRDA:777,68,1,0
BRDA:783,69,0,0
BRDA:783,69,1,0
BRDA:787,70,0,0
BRDA:787,70,1,0
BRDA:788,71,0,0
BRDA:788,71,1,0
BRDA:788,72,0,0
BRDA:788,72,1,0
BRDA:804,73,0,0
BRDA:804,73,1,0
BRDA:804,74,0,0
BRDA:804,74,1,0
BRDA:805,75,0,0
BRDA:805,75,1,0
BRDA:806,76,0,0
BRDA:806,76,1,0
BRDA:807,77,0,0
BRDA:807,77,1,0
BRDA:808,78,0,0
BRDA:808,78,1,0
BRDA:815,79,0,0
BRDA:815,79,1,0
BRDA:816,80,0,0
BRDA:816,80,1,0
BRDA:817,81,0,0
BRDA:817,81,1,0
BRDA:818,82,0,0
BRDA:818,82,1,0
BRDA:829,83,0,0
BRDA:829,83,1,0
BRDA:829,84,0,0
BRDA:829,84,1,0
BRDA:843,85,0,2
BRDA:843,85,1,0
BRDA:844,86,0,2
BRDA:844,86,1,0
BRDA:848,87,0,0
BRDA:848,87,1,0
BRF:183
BRH:5
end_of_record
TN:
SF:/Users/nicolas/Localbox/Code/github.com/necolas/react-native-web/packages/react-native-web/src/exports/TouchableHighlight/index.js
FN:92,(anonymous_0)
FN:95,(anonymous_1)
FN:111,(anonymous_2)
FN:119,(anonymous_3)
FN:125,(anonymous_4)
FN:129,(anonymous_5)
FN:133,(anonymous_6)
FN:148,(anonymous_7)
FN:155,(anonymous_8)
FN:162,(anonymous_9)
FN:169,(anonymous_10)
FN:173,(anonymous_11)
FN:177,(anonymous_12)
FN:181,(anonymous_13)
FN:185,(anonymous_14)
FN:189,(anonymous_15)
FN:193,(anonymous_16)
FN:203,(anonymous_17)
FN:216,(anonymous_18)
FN:233,(anonymous_19)
FNF:20
FNH:1
FNDA:43,(anonymous_0)
FNDA:0,(anonymous_1)
FNDA:0,(anonymous_2)
FNDA:0,(anonymous_3)
FNDA:0,(anonymous_4)
FNDA:0,(anonymous_5)
FNDA:0,(anonymous_6)
FNDA:0,(anonymous_7)
FNDA:0,(anonymous_8)
FNDA:0,(anonymous_9)
FNDA:0,(anonymous_10)
FNDA:0,(anonymous_11)
FNDA:0,(anonymous_12)
FNDA:0,(anonymous_13)
FNDA:0,(anonymous_14)
FNDA:0,(anonymous_15)
FNDA:0,(anonymous_16)
FNDA:0,(anonymous_17)
FNDA:0,(anonymous_18)
FNDA:0,(anonymous_19)
DA:28,43
DA:33,43
DA:65,43
DA:92,43
DA:96,0
DA:112,0
DA:113,0
DA:120,0
DA:121,0
DA:122,0
DA:126,0
DA:130,0
DA:134,0
DA:135,0
DA:140,0
DA:149,0
DA:150,0
DA:151,0
DA:152,0
DA:156,0
DA:157,0
DA:159,0
DA:163,0
DA:164,0
DA:165,0
DA:166,0
DA:170,0
DA:174,0
DA:178,0
DA:182,0
DA:186,0
DA:190,0
DA:194,0
DA:195,0
DA:198,0
DA:199,0
DA:200,0
DA:204,0
DA:205,0
DA:206,0
DA:207,0
DA:208,0
DA:212,0
DA:217,0
DA:226,0
DA:230,0
DA:250,0
DA:252,0
DA:276,43
DA:279,43
DA:283,43
LF:51
LH:7
BRDA:135,0,0,0
BRDA:135,0,1,0
BRDA:136,1,0,0
BRDA:136,1,1,0
BRDA:136,1,2,0
BRDA:152,2,0,0
BRDA:152,2,1,0
BRDA:156,3,0,0
BRDA:156,3,1,0
BRDA:159,4,0,0
BRDA:159,4,1,0
BRDA:165,5,0,0
BRDA:165,5,1,0
BRDA:166,6,0,0
BRDA:166,6,1,0
BRDA:170,7,0,0
BRDA:170,7,1,0
BRDA:174,8,0,0
BRDA:174,8,1,0
BRDA:194,9,0,0
BRDA:194,9,1,0
BRDA:194,10,0,0
BRDA:194,10,1,0
BRDA:200,11,0,0
BRDA:200,11,1,0
BRDA:206,12,0,0
BRDA:206,12,1,0
BRDA:206,13,0,0
BRDA:206,13,1,0
BRDA:212,14,0,0
BRDA:212,14,1,0
BRDA:218,15,0,0
BRDA:218,15,1,0
BRDA:218,15,2,0
BRDA:218,15,3,0
BRDA:265,16,0,0
BRDA:265,16,1,0
BRF:37
BRH:0
end_of_record
TN:
SF:/Users/nicolas/Localbox/Code/github.com/necolas/react-native-web/packages/react-native-web/src/exports/TouchableNativeFeedback/index.js
FNF:0
FNH:0
LF:0
LH:0
BRF:0
BRH:0
end_of_record
TN:
SF:/Users/nicolas/Localbox/Code/github.com/necolas/react-native-web/packages/react-native-web/src/exports/TouchableOpacity/index.js
FN:66,(anonymous_0)
FN:73,(anonymous_1)
FN:77,(anonymous_2)
FN:81,(anonymous_3)
FN:88,(anonymous_4)
FN:101,(anonymous_5)
FN:110,(anonymous_6)
FN:115,(anonymous_7)
FN:119,(anonymous_8)
FN:123,(anonymous_9)
FN:127,(anonymous_10)
FN:131,(anonymous_11)
FN:135,(anonymous_12)
FN:139,(anonymous_13)
FN:143,(anonymous_14)
FN:147,(anonymous_15)
FN:151,(anonymous_16)
FN:155,(anonymous_17)
FN:160,(anonymous_18)
FNF:19
FNH:4
FNDA:43,(anonymous_0)
FNDA:2,(anonymous_1)
FNDA:2,(anonymous_2)
FNDA:0,(anonymous_3)
FNDA:0,(anonymous_4)
FNDA:0,(anonymous_5)
FNDA:0,(anonymous_6)
FNDA:0,(anonymous_7)
FNDA:0,(anonymous_8)
FNDA:0,(anonymous_9)
FNDA:0,(anonymous_10)
FNDA:0,(anonymous_11)
FNDA:0,(anonymous_12)
FNDA:0,(anonymous_13)
FNDA:0,(anonymous_14)
FNDA:0,(anonymous_15)
FNDA:0,(anonymous_16)
FNDA:0,(anonymous_17)
FNDA:2,(anonymous_18)
DA:22,43
DA:26,43
DA:52,43
DA:67,43
DA:74,2
DA:78,2
DA:82,0
DA:89,0
DA:102,0
DA:103,0
DA:105,0
DA:107,0
DA:111,0
DA:112,0
DA:116,0
DA:120,0
DA:124,0
DA:128,0
DA:132,0
DA:136,0
DA:140,0
DA:144,0
DA:148,0
DA:152,0
DA:156,0
DA:157,0
DA:175,2
DA:177,2
DA:198,43
LF:29
LH:9
BRDA:92,0,0,0
BRDA:92,0,1,0
BRDA:102,1,0,0
BRDA:102,1,1,0
BRDA:107,2,0,0
BRDA:107,2,1,0
BRDA:112,3,0,0
BRDA:112,3,1,0
BRDA:116,4,0,0
BRDA:116,4,1,0
BRDA:120,5,0,0
BRDA:120,5,1,0
BRDA:124,6,0,0
BRDA:124,6,1,0
BRDA:132,7,0,0
BRDA:132,7,1,0
BRDA:136,8,0,0
BRDA:136,8,1,0
BRDA:136,9,0,0
BRDA:136,9,1,0
BRDA:156,10,0,0
BRDA:156,10,1,0
BRDA:157,11,0,0
BRDA:157,11,1,0
BRDA:189,12,0,2
BRDA:189,12,1,2
BRF:26
BRH:2
end_of_record
TN:
SF:/Users/nicolas/Localbox/Code/github.com/necolas/react-native-web/packages/react-native-web/src/exports/TouchableWithoutFeedback/index.js
FN:95,(anonymous_0)
FN:99,(anonymous_1)
FN:103,(anonymous_2)
FN:111,(anonymous_3)
FN:115,(anonymous_4)
FN:119,(anonymous_5)
FN:123,(anonymous_6)
FN:127,(anonymous_7)
FN:131,(anonymous_8)
FN:135,(anonymous_9)
FN:139,(anonymous_10)
FN:143,(anonymous_11)
FN:147,(anonymous_12)
FNF:13
FNH:0
FNDA:0,(anonymous_0)
FNDA:0,(anonymous_1)
FNDA:0,(anonymous_2)
FNDA:0,(anonymous_3)
FNDA:0,(anonymous_4)
FNDA:0,(anonymous_5)
FNDA:0,(anonymous_6)
FNDA:0,(anonymous_7)
FNDA:0,(anonymous_8)
FNDA:0,(anonymous_9)
FNDA:0,(anonymous_10)
FNDA:0,(anonymous_11)
FNDA:0,(anonymous_12)
DA:25,43
DA:36,43
DA:96,0
DA:100,0
DA:104,0
DA:112,0
DA:116,0
DA:120,0
DA:124,0
DA:128,0
DA:132,0
DA:136,0
DA:140,0
DA:144,0
DA:160,0
DA:164,0
DA:165,0
DA:166,0
DA:171,0
DA:177,0
DA:178,0
DA:181,0
DA:184,0
DA:201,43
LF:24
LH:3
BRDA:112,0,0,0
BRDA:112,0,1,0
BRDA:116,1,0,0
BRDA:116,1,1,0
BRDA:120,2,0,0
BRDA:120,2,1,0
BRDA:124,3,0,0
BRDA:124,3,1,0
BRDA:128,4,0,0
BRDA:128,4,1,0
BRDA:136,5,0,0
BRDA:136,5,1,0
BRDA:140,6,0,0
BRDA:140,6,1,0
BRDA:140,7,0,0
BRDA:140,7,1,0
BRDA:144,8,0,0
BRDA:144,8,1,0
BRDA:167,9,0,0
BRDA:167,9,1,0
BRDA:169,10,0,0
BRDA:169,10,1,0
BRDA:169,10,2,0
BRDA:169,10,3,0
BRDA:171,11,0,0
BRDA:171,11,1,0
BRDA:172,12,0,0
BRDA:172,12,1,0
BRDA:172,12,2,0
BRDA:172,12,3,0
BRDA:181,13,0,0
BRDA:181,13,1,0
BRDA:181,14,0,0
BRDA:181,14,1,0
BRDA:181,14,2,0
BRDA:182,15,0,0
BRDA:182,15,1,0
BRDA:183,16,0,0
BRDA:183,16,1,0
BRF:39
BRH:0
end_of_record
TN:
SF:/Users/nicolas/Localbox/Code/github.com/necolas/react-native-web/packages/react-native-web/src/exports/UIManager/index.js
FN:15,(anonymous_0)
FN:33,(anonymous_1)
FN:34,(anonymous_2)
FN:52,(anonymous_3)
FN:54,(anonymous_4)
FN:82,(anonymous_5)
FNF:6
FNH:0
FNDA:0,(anonymous_0)
FNDA:0,(anonymous_1)
FNDA:0,(anonymous_2)
FNDA:0,(anonymous_3)
FNDA:0,(anonymous_4)
FNDA:0,(anonymous_5)
DA:15,43
DA:16,0
DA:17,0
DA:18,0
DA:19,0
DA:20,0
DA:22,0
DA:23,0
DA:24,0
DA:25,0
DA:27,0
DA:30,43
DA:31,43
DA:33,43
DA:34,0
DA:35,0
DA:36,0
DA:38,0
DA:39,0
DA:40,0
DA:41,0
DA:42,0
DA:43,0
DA:47,0
DA:48,0
DA:52,43
DA:53,0
DA:54,0
DA:55,0
DA:56,0
DA:60,0
DA:61,0
DA:64,43
DA:66,4
DA:67,4
DA:72,1
DA:73,1
DA:78,0
DA:82,0
DA:83,0
DA:84,0
DA:85,0
DA:91,0
DA:95,5
DA:96,6
DA:97,0
DA:100,6
DA:101,6
DA:103,1
DA:104,1
DA:108,1
DA:109,1
DA:114,2
DA:115,2
DA:117,2
LF:55
LH:21
BRDA:22,0,0,0
BRDA:22,0,1,0
BRDA:36,1,0,0
BRDA:36,1,1,0
BRDA:36,1,2,0
BRDA:38,2,0,0
BRDA:38,2,1,0
BRDA:38,3,0,0
BRDA:38,3,1,0
BRDA:47,4,0,0
BRDA:47,4,1,0
BRDA:53,5,0,0
BRDA:53,5,1,0
BRDA:83,6,0,0
BRDA:83,6,1,0
BRDA:96,7,0,0
BRDA:96,7,1,6
BRDA:101,8,0,1
BRDA:101,8,1,0
BRDA:101,8,2,1
BRDA:101,8,3,1
BRDA:101,8,4,2
BRDA:101,8,5,2
BRF:23
BRH:6
end_of_record
TN:
SF:/Users/nicolas/Localbox/Code/github.com/necolas/react-native-web/packages/react-native-web/src/exports/Vibration/index.js
FN:14,(anonymous_0)
FNF:1
FNH:0
FNDA:0,(anonymous_0)
DA:14,43
DA:15,0
DA:16,0
DA:17,0
DA:19,0
DA:24,43
DA:26,0
DA:29,0
LF:8
LH:2
BRDA:15,0,0,0
BRDA:15,0,1,0
BRDA:16,1,0,0
BRDA:16,1,1,0
BRDA:16,2,0,0
BRDA:16,2,1,0
BRF:6
BRH:0
end_of_record
TN:
SF:/Users/nicolas/Localbox/Code/github.com/necolas/react-native-web/packages/react-native-web/src/exports/View/ViewPropTypes.js
FNF:0
FNH:0
DA:17,43
DA:80,43
LF:2
LH:2
BRF:0
BRH:0
end_of_record
TN:
SF:/Users/nicolas/Localbox/Code/github.com/necolas/react-native-web/packages/react-native-web/src/exports/View/ViewStylePropTypes.js
FNF:0
FNH:0
DA:19,43
DA:21,43
LF:2
LH:2
BRF:0
BRH:0
end_of_record
TN:
SF:/Users/nicolas/Localbox/Code/github.com/necolas/react-native-web/packages/react-native-web/src/exports/View/index.js
FN:19,(anonymous_0)
FN:39,(anonymous_1)
FN:57,(anonymous_2)
FNF:3
FNH:3
FNDA:2,(anonymous_0)
FNDA:47,(anonymous_1)
FNDA:35,(anonymous_2)
DA:19,43
DA:20,2
DA:21,2
DA:22,5
DA:23,5
DA:24,5
DA:27,2
DA:54,47
DA:56,47
DA:57,47
DA:58,35
DA:65,45
DA:67,45
DA:72,45
DA:73,2
DA:74,2
DA:75,2
DA:78,45
DA:82,43
LF:19
LH:19
BRDA:22,0,0,5
BRDA:22,0,1,0
BRDA:24,1,0,5
BRDA:24,1,1,0
BRDA:56,2,0,47
BRDA:56,2,1,0
BRDA:69,3,0,45
BRDA:69,3,1,0
BRDA:72,4,0,2
BRDA:72,4,1,43
BRF:10
BRH:6
end_of_record
TN:
SF:/Users/nicolas/Localbox/Code/github.com/necolas/react-native-web/packages/react-native-web/src/exports/ViewPropTypes/index.js
FNF:0
FNH:0
LF:0
LH:0
BRF:0
BRH:0
end_of_record
TN:
SF:/Users/nicolas/Localbox/Code/github.com/necolas/react-native-web/packages/react-native-web/src/exports/VirtualizedList/index.js
FNF:0
FNH:0
LF:0
LH:0
BRF:0
BRH:0
end_of_record
TN:
SF:/Users/nicolas/Localbox/Code/github.com/necolas/react-native-web/packages/react-native-web/src/exports/createElement/index.js
FN:45,(anonymous_0)
FN:49,(anonymous_1)
FN:57,(anonymous_2)
FN:68,(anonymous_3)
FN:79,(anonymous_4)
FNF:5
FNH:5
FNDA:154,(anonymous_0)
FNDA:1062,(anonymous_1)
FNDA:3,(anonymous_2)
FNDA:2,(anonymous_3)
FNDA:154,(anonymous_4)
DA:23,43
DA:45,43
DA:46,154
DA:47,154
DA:49,154
DA:50,1062
DA:51,1062
DA:52,1062
DA:53,27
DA:54,2
DA:57,25
DA:58,3
DA:59,3
DA:66,154
DA:67,4
DA:68,4
DA:69,2
DA:70,2
DA:71,2
DA:72,2
DA:79,43
DA:81,154
DA:82,154
DA:83,154
DA:84,154
DA:85,154
LF:26
LH:26
BRDA:51,0,0,1062
BRDA:51,0,1,386
BRDA:52,1,0,27
BRDA:52,1,1,1035
BRDA:53,2,0,2
BRDA:53,2,1,25
BRDA:53,3,0,27
BRDA:53,3,1,16
BRDA:66,4,0,4
BRDA:66,4,1,150
BRDA:66,5,0,154
BRDA:66,5,1,6
BRDA:69,6,0,2
BRDA:69,6,1,0
BRDA:69,7,0,2
BRDA:69,7,1,2
BRDA:69,7,2,1
BRDA:71,8,0,2
BRDA:71,8,1,0
BRDA:82,9,0,154
BRDA:82,9,1,154
BRF:21
BRH:19
end_of_record
TN:
SF:/Users/nicolas/Localbox/Code/github.com/necolas/react-native-web/packages/react-native-web/src/exports/findNodeHandle/index.js
FNF:0
FNH:0
LF:0
LH:0
BRF:0
BRH:0
end_of_record
TN:
SF:/Users/nicolas/Localbox/Code/github.com/necolas/react-native-web/packages/react-native-web/src/exports/processColor/index.js
FN:14,(anonymous_0)
FNF:1
FNH:1
FNDA:207,(anonymous_0)
DA:14,43
DA:15,207
DA:20,197
DA:24,10
DA:25,10
DA:26,0
DA:30,10
DA:31,10
DA:32,10
DA:33,10
LF:10
LH:9
BRDA:14,0,0,205
BRDA:15,1,0,197
BRDA:15,1,1,10
BRDA:16,2,0,207
BRDA:16,2,1,205
BRDA:16,2,2,205
BRDA:16,2,3,203
BRDA:16,2,4,202
BRDA:25,3,0,0
BRDA:25,3,1,10
BRF:10
BRH:9
end_of_record
TN:
SF:/Users/nicolas/Localbox/Code/github.com/necolas/react-native-web/packages/react-native-web/src/exports/render/index.js
FNF:0
FNH:0
LF:0
LH:0
BRF:0
BRH:0
end_of_record
TN:
SF:/Users/nicolas/Localbox/Code/github.com/necolas/react-native-web/packages/react-native-web/src/exports/unmountComponentAtNode/index.js
FNF:0
FNH:0
LF:0
LH:0
BRF:0
BRH:0
end_of_record
TN:
SF:/Users/nicolas/Localbox/Code/github.com/necolas/react-native-web/packages/react-native-web/src/modules/AccessibilityUtil/index.js
FNF:0
FNH:0
DA:15,43
LF:1
LH:1
BRF:0
BRH:0
end_of_record
TN:
SF:/Users/nicolas/Localbox/Code/github.com/necolas/react-native-web/packages/react-native-web/src/modules/AccessibilityUtil/isDisabled.js
FN:10,(anonymous_0)
FNF:1
FNH:1
FNDA:511,(anonymous_0)
DA:10,511
LF:1
LH:1
BRDA:10,0,0,511
BRDA:10,0,1,494
BRF:2
BRH:2
end_of_record
TN:
SF:/Users/nicolas/Localbox/Code/github.com/necolas/react-native-web/packages/react-native-web/src/modules/AccessibilityUtil/propsToAccessibilityComponent.js
FN:29,(anonymous_0)
FNF:1
FNH:1
FNDA:159,(anonymous_0)
DA:12,43
DA:27,43
DA:29,43
DA:30,159
DA:31,159
DA:32,10
DA:33,2
DA:34,2
DA:36,8
LF:9
LH:9
BRDA:29,0,0,2
BRDA:31,1,0,10
BRDA:31,1,1,149
BRDA:32,2,0,2
BRDA:32,2,1,8
BRDA:33,3,0,2
BRDA:33,3,1,1
BRF:7
BRH:7
end_of_record
TN:
SF:/Users/nicolas/Localbox/Code/github.com/necolas/react-native-web/packages/react-native-web/src/modules/AccessibilityUtil/propsToAriaRole.js
FN:31,(anonymous_0)
FNF:1
FNH:1
FNDA:521,(anonymous_0)
DA:10,43
DA:15,43
DA:31,43
DA:36,521
DA:37,46
DA:39,475
DA:40,1
DA:41,1
DA:43,474
DA:44,1
LF:10
LH:10
BRDA:36,0,0,46
BRDA:36,0,1,475
BRDA:39,1,0,1
BRDA:39,1,1,474
BRDA:40,2,0,0
BRDA:40,2,1,1
BRDA:43,3,0,1
BRDA:43,3,1,473
BRF:8
BRH:7
end_of_record
TN:
SF:/Users/nicolas/Localbox/Code/github.com/necolas/react-native-web/packages/react-native-web/src/modules/AccessibilityUtil/propsToTabIndex.js
FN:13,(anonymous_0)
FNF:1
FNH:1
FNDA:191,(anonymous_0)
DA:13,43
DA:14,191
DA:16,191
DA:22,191
DA:23,9
DA:24,5
DA:26,182
DA:27,16
DA:28,9
DA:31,166
DA:32,3
LF:11
LH:11
BRDA:16,0,0,191
BRDA:16,0,1,182
BRDA:16,0,2,178
BRDA:22,1,0,9
BRDA:22,1,1,182
BRDA:23,2,0,5
BRDA:23,2,1,4
BRDA:23,3,0,9
BRDA:23,3,1,8
BRDA:26,4,0,16
BRDA:26,4,1,166
BRDA:27,5,0,9
BRDA:27,5,1,7
BRDA:27,6,0,16
BRDA:27,6,1,15
BRDA:31,7,0,3
BRDA:31,7,1,163
BRDA:31,8,0,166
BRDA:31,8,1,5
BRF:19
BRH:19
end_of_record
TN:
SF:/Users/nicolas/Localbox/Code/github.com/necolas/react-native-web/packages/react-native-web/src/modules/AnimationPropTypes/index.js
FNF:0
FNH:0
DA:12,43
LF:1
LH:1
BRF:0
BRH:0
end_of_record
TN:
SF:/Users/nicolas/Localbox/Code/github.com/necolas/react-native-web/packages/react-native-web/src/modules/AssetRegistry/index.js
FN:25,registerAsset
FN:31,getAssetByID
FNF:2
FNH:0
FNDA:0,registerAsset
FNDA:0,getAssetByID
DA:23,43
DA:28,0
DA:32,0
LF:3
LH:1
BRF:0
BRH:0
end_of_record
TN:
SF:/Users/nicolas/Localbox/Code/github.com/necolas/react-native-web/packages/react-native-web/src/modules/BorderPropTypes/index.js
FNF:0
FNH:0
DA:13,43
DA:14,43
DA:16,43
LF:3
LH:3
BRF:0
BRH:0
end_of_record
TN:
SF:/Users/nicolas/Localbox/Code/github.com/necolas/react-native-web/packages/react-native-web/src/modules/ImageLoader/index.js
FN:26,callback
FN:41,errorCallback
FN:59,(anonymous_2)
FNF:3
FNH:0
FNDA:0,callback
FNDA:0,errorCallback
FNDA:0,(anonymous_2)
DA:10,43
DA:11,43
DA:13,43
DA:15,0
DA:16,0
DA:17,0
DA:18,0
DA:22,0
DA:23,0
DA:24,0
DA:27,0
DA:28,0
DA:29,0
DA:30,0
DA:31,0
DA:32,0
DA:35,0
DA:36,0
DA:37,0
DA:42,0
DA:43,0
DA:45,0
DA:46,0
DA:50,0
DA:51,0
DA:52,0
DA:53,0
DA:54,0
DA:55,0
DA:56,0
DA:59,0
DA:60,0
LF:32
LH:3
BRDA:16,0,0,0
BRDA:16,0,1,0
BRDA:28,1,0,0
BRDA:28,1,1,0
BRDA:30,2,0,0
BRDA:30,2,1,0
BRDA:30,3,0,0
BRDA:30,3,1,0
BRDA:35,4,0,0
BRDA:35,4,1,0
BRDA:42,5,0,0
BRDA:42,5,1,0
BRF:12
BRH:0
end_of_record
TN:
SF:/Users/nicolas/Localbox/Code/github.com/necolas/react-native-web/packages/react-native-web/src/modules/LayoutPropTypes/index.js
FNF:0
FNH:0
DA:11,43
DA:12,43
DA:13,43
DA:15,43
LF:4
LH:4
BRF:0
BRH:0
end_of_record
TN:
SF:/Users/nicolas/Localbox/Code/github.com/necolas/react-native-web/packages/react-native-web/src/modules/NativeEventEmitter/index.js
FN:13,(anonymous_0)
FN:14,(anonymous_1)
FN:15,(anonymous_2)
FN:16,(anonymous_3)
FN:17,(anonymous_4)
FN:18,(anonymous_5)
FN:19,(anonymous_6)
FN:20,(anonymous_7)
FNF:8
FNH:0
FNDA:0,(anonymous_0)
FNDA:0,(anonymous_1)
FNDA:0,(anonymous_2)
FNDA:0,(anonymous_3)
FNDA:0,(anonymous_4)
FNDA:0,(anonymous_5)
FNDA:0,(anonymous_6)
FNDA:0,(anonymous_7)
DA:23,43
LF:1
LH:1
BRF:0
BRH:0
end_of_record
TN:
SF:/Users/nicolas/Localbox/Code/github.com/necolas/react-native-web/packages/react-native-web/src/modules/NativeMethodsMixin/index.js
FN:106,(anonymous_0)
FNF:1
FNH:0
FNDA:0,(anonymous_0)
DA:40,43
DA:45,4
DA:53,0
DA:60,0
DA:79,0
DA:90,0
DA:100,1
DA:101,1
DA:103,0
DA:106,0
DA:107,0
DA:109,0
LF:12
LH:4
BRDA:100,0,0,1
BRDA:100,0,1,0
BRF:2
BRH:1
end_of_record
TN:
SF:/Users/nicolas/Localbox/Code/github.com/necolas/react-native-web/packages/react-native-web/src/modules/ReactNativePropRegistry/index.js
FN:16,(anonymous_0)
FN:19,(anonymous_1)
FN:29,(anonymous_2)
FNF:3
FNH:3
FNDA:3487,(anonymous_0)
FNDA:3069,(anonymous_1)
FNDA:418,(anonymous_2)
DA:11,43
DA:12,43
DA:13,43
DA:14,43
DA:16,3487
DA:20,3069
DA:21,3069
DA:22,3069
DA:24,3069
DA:25,3069
DA:26,3069
DA:30,418
DA:33,0
DA:35,418
DA:36,418
DA:37,418
DA:38,0
DA:39,0
DA:41,418
LF:19
LH:16
BRDA:21,0,0,3069
BRDA:21,0,1,0
BRDA:30,1,0,0
BRDA:30,1,1,418
BRDA:37,2,0,0
BRDA:37,2,1,418
BRF:6
BRH:3
end_of_record
TN:
SF:/Users/nicolas/Localbox/Code/github.com/necolas/react-native-web/packages/react-native-web/src/modules/ScrollResponder/index.js
FN:113,(anonymous_0)
FN:132,(anonymous_1)
FN:161,(anonymous_2)
FN:176,(anonymous_3)
FN:197,(anonymous_4)
FN:216,(anonymous_5)
FN:225,(anonymous_6)
FN:234,(anonymous_7)
FN:253,(anonymous_8)
FN:261,(anonymous_9)
FN:274,(anonymous_10)
FN:281,(anonymous_11)
FN:288,(anonymous_12)
FN:296,(anonymous_13)
FN:312,(anonymous_14)
FN:328,(anonymous_15)
FN:337,(anonymous_16)
FN:351,(anonymous_17)
FN:366,(anonymous_18)
FN:387,(anonymous_19)
FN:400,(anonymous_20)
FN:425,(anonymous_21)
FN:450,(anonymous_22)
FN:475,(anonymous_23)
FN:485,(anonymous_24)
FN:522,(anonymous_25)
FN:527,(anonymous_26)
FN:532,(anonymous_27)
FN:541,(anonymous_28)
FNF:29
FNH:2
FNDA:1,(anonymous_0)
FNDA:0,(anonymous_1)
FNDA:0,(anonymous_2)
FNDA:0,(anonymous_3)
FNDA:0,(anonymous_4)
FNDA:0,(anonymous_5)
FNDA:0,(anonymous_6)
FNDA:0,(anonymous_7)
FNDA:0,(anonymous_8)
FNDA:0,(anonymous_9)
FNDA:0,(anonymous_10)
FNDA:0,(anonymous_11)
FNDA:0,(anonymous_12)
FNDA:0,(anonymous_13)
FNDA:0,(anonymous_14)
FNDA:0,(anonymous_15)
FNDA:0,(anonymous_16)
FNDA:0,(anonymous_17)
FNDA:0,(anonymous_18)
FNDA:0,(anonymous_19)
FNDA:0,(anonymous_20)
FNDA:0,(anonymous_21)
FNDA:0,(anonymous_22)
FNDA:0,(anonymous_23)
FNDA:1,(anonymous_24)
FNDA:0,(anonymous_25)
FNDA:0,(anonymous_26)
FNDA:0,(anonymous_27)
FNDA:0,(anonymous_28)
DA:98,43
DA:100,43
DA:111,43
DA:114,1
DA:133,0
DA:162,0
DA:184,0
DA:198,0
DA:217,0
DA:226,0
DA:227,0
DA:228,0
DA:235,0
DA:239,0
DA:240,0
DA:247,0
DA:249,0
DA:254,0
DA:255,0
DA:262,0
DA:263,0
DA:264,0
DA:275,0
DA:282,0
DA:289,0
DA:290,0
DA:297,0
DA:298,0
DA:313,0
DA:314,0
DA:329,0
DA:338,0
DA:339,0
DA:341,0
DA:343,0
DA:352,0
DA:371,0
DA:372,0
DA:376,0
DA:378,0
DA:379,0
DA:380,0
DA:381,0
DA:388,0
DA:391,0
DA:410,0
DA:411,0
DA:430,0
DA:431,0
DA:432,0
DA:456,0
DA:457,0
DA:458,0
DA:460,0
DA:466,0
DA:467,0
DA:469,0
DA:471,0
DA:472,0
DA:476,0
DA:486,1
DA:487,1
DA:523,0
DA:524,0
DA:528,0
DA:529,0
DA:535,0
DA:536,0
DA:538,0
DA:542,0
DA:543,0
DA:547,43
LF:72
LH:7
BRDA:228,0,0,0
BRDA:228,0,1,0
BRDA:235,1,0,0
BRDA:235,1,1,0
BRDA:240,2,0,0
BRDA:240,2,1,0
BRDA:241,3,0,0
BRDA:241,3,1,0
BRDA:241,3,2,0
BRDA:241,3,3,0
BRDA:241,3,4,0
BRDA:247,4,0,0
BRDA:247,4,1,0
BRDA:255,5,0,0
BRDA:255,5,1,0
BRDA:263,6,0,0
BRDA:263,6,1,0
BRDA:275,7,0,0
BRDA:275,7,1,0
BRDA:282,8,0,0
BRDA:282,8,1,0
BRDA:290,9,0,0
BRDA:290,9,1,0
BRDA:298,10,0,0
BRDA:298,10,1,0
BRDA:314,11,0,0
BRDA:314,11,1,0
BRDA:329,12,0,0
BRDA:329,12,1,0
BRDA:341,13,0,0
BRDA:341,13,1,0
BRDA:352,14,0,0
BRDA:352,14,1,0
BRDA:371,15,0,0
BRDA:371,15,1,0
BRDA:376,16,0,0
BRDA:376,16,1,0
BRDA:379,17,0,0
BRDA:379,17,1,0
BRDA:380,18,0,0
BRDA:380,18,1,0
BRDA:381,19,0,0
BRDA:381,19,1,0
BRDA:410,20,0,0
BRDA:410,20,1,0
BRDA:430,21,0,0
BRDA:430,21,1,0
BRDA:457,22,0,0
BRDA:457,22,1,0
BRDA:466,23,0,0
BRDA:466,23,1,0
BRDA:524,24,0,0
BRDA:524,24,1,0
BRDA:529,25,0,0
BRDA:529,25,1,0
BRDA:535,26,0,0
BRDA:535,26,1,0
BRDA:538,27,0,0
BRDA:538,27,1,0
BRDA:543,28,0,0
BRDA:543,28,1,0
BRF:61
BRH:0
end_of_record
TN:
SF:/Users/nicolas/Localbox/Code/github.com/necolas/react-native-web/packages/react-native-web/src/modules/ShadowPropTypes/index.js
FNF:0
FNH:0
DA:12,43
DA:14,43
LF:2
LH:2
BRF:0
BRH:0
end_of_record
TN:
SF:/Users/nicolas/Localbox/Code/github.com/necolas/react-native-web/packages/react-native-web/src/modules/StaticRenderer/index.js
FN:40,(anonymous_0)
FN:44,(anonymous_1)
FNF:2
FNH:0
FNDA:0,(anonymous_0)
FNDA:0,(anonymous_1)
DA:41,0
DA:45,0
LF:2
LH:0
BRF:0
BRH:0
end_of_record
TN:
SF:/Users/nicolas/Localbox/Code/github.com/necolas/react-native-web/packages/react-native-web/src/modules/StyleSheetPropType/index.js
FN:11,StyleSheetPropType
FN:16,(anonymous_1)
FN:23,(anonymous_2)
FNF:3
FNH:3
FNDA:215,StyleSheetPropType
FNDA:287,(anonymous_1)
FNDA:659,(anonymous_2)
DA:12,215
DA:13,215
DA:15,215
DA:16,215
DA:17,287
DA:18,287
DA:20,233
DA:21,233
DA:23,233
DA:24,659
DA:25,659
DA:27,659
DA:29,233
DA:31,287
LF:14
LH:14
BRDA:18,0,0,233
BRDA:18,0,1,54
BRDA:24,1,0,659
BRDA:24,1,1,0
BRF:4
BRH:3
end_of_record
TN:
SF:/Users/nicolas/Localbox/Code/github.com/necolas/react-native-web/packages/react-native-web/src/modules/TextInputState/index.js
FNF:0
FNH:0
DA:19,43
DA:30,0
DA:31,0
DA:33,0
DA:42,1
DA:43,1
DA:44,1
DA:45,1
DA:56,1
DA:57,1
DA:58,1
DA:59,0
LF:12
LH:8
BRDA:30,0,0,0
BRDA:30,0,1,0
BRDA:42,1,0,1
BRDA:42,1,1,0
BRDA:44,2,0,1
BRDA:44,2,1,0
BRDA:56,3,0,1
BRDA:56,3,1,0
BRDA:58,4,0,0
BRDA:58,4,1,1
BRF:10
BRH:4
end_of_record
TN:
SF:/Users/nicolas/Localbox/Code/github.com/necolas/react-native-web/packages/react-native-web/src/modules/TransformPropTypes/index.js
FNF:0
FNH:0
DA:12,43
DA:14,43
LF:2
LH:2
BRF:0
BRH:0
end_of_record
TN:
SF:/Users/nicolas/Localbox/Code/github.com/necolas/react-native-web/packages/react-native-web/src/modules/UnimplementedView/index.js
FN:19,(anonymous_0)
FN:25,(anonymous_1)
FNF:2
FNH:0
FNDA:0,(anonymous_0)
FNDA:0,(anonymous_1)
DA:26,0
DA:31,43
LF:2
LH:1
BRDA:31,0,0,43
BRDA:31,0,1,0
BRF:2
BRH:1
end_of_record
TN:
SF:/Users/nicolas/Localbox/Code/github.com/necolas/react-native-web/packages/react-native-web/src/modules/applyLayout/index.js
FN:17,(anonymous_0)
FN:20,(anonymous_1)
FN:21,(anonymous_2)
FN:30,(anonymous_3)
FN:32,prototypeOverride
FN:40,(anonymous_5)
FN:47,componentDidMount
FN:58,componentDidUpdate
FN:65,componentWillUnmount
FN:71,(anonymous_9)
FN:76,(anonymous_10)
FNF:11
FNH:7
FNDA:85,(anonymous_0)
FNDA:0,(anonymous_1)
FNDA:0,(anonymous_2)
FNDA:387,(anonymous_3)
FNDA:44,prototypeOverride
FNDA:129,(anonymous_5)
FNDA:85,componentDidMount
FNDA:6,componentDidUpdate
FNDA:0,componentWillUnmount
FNDA:91,(anonymous_9)
FNDA:0,(anonymous_10)
DA:13,43
DA:14,43
DA:16,43
DA:17,85
DA:19,43
DA:20,43
DA:21,0
DA:22,0
DA:23,0
DA:27,43
DA:30,43
DA:31,387
DA:32,86
DA:33,44
DA:34,44
DA:37,301
DA:40,43
DA:41,129
DA:42,129
DA:43,129
DA:45,129
DA:48,85
DA:49,85
DA:50,85
DA:51,85
DA:52,85
DA:56,129
DA:59,6
DA:63,129
DA:66,0
DA:67,0
DA:71,129
DA:72,91
DA:73,91
DA:75,91
DA:76,0
DA:77,0
DA:79,0
DA:85,0
DA:86,0
DA:87,0
DA:92,129
LF:42
LH:31
BRDA:19,0,0,43
BRDA:19,0,1,0
BRDA:31,1,0,86
BRDA:31,1,1,301
BRDA:75,2,0,0
BRDA:75,2,1,91
BRDA:77,3,0,0
BRDA:77,3,1,0
BRDA:79,4,0,0
BRDA:79,4,1,0
BRDA:80,5,0,0
BRDA:80,5,1,0
BRDA:80,5,2,0
BRDA:80,5,3,0
BRF:14
BRH:4
end_of_record
TN:
SF:/Users/nicolas/Localbox/Code/github.com/necolas/react-native-web/packages/react-native-web/src/modules/applyNativeMethods/index.js
FN:12,(anonymous_0)
FN:13,(anonymous_1)
FNF:2
FNH:2
FNDA:516,(anonymous_0)
FNDA:3096,(anonymous_1)
DA:12,43
DA:13,516
DA:14,3096
DA:15,2881
DA:18,516
LF:5
LH:5
BRDA:14,0,0,2881
BRDA:14,0,1,215
BRF:2
BRH:2
end_of_record
TN:
SF:/Users/nicolas/Localbox/Code/github.com/necolas/react-native-web/packages/react-native-web/src/modules/createDOMProps/index.js
FN:55,(anonymous_0)
FN:57,(anonymous_1)
FNF:2
FNH:2
FNDA:166,(anonymous_0)
FNDA:166,(anonymous_1)
DA:14,43
DA:16,43
DA:40,43
DA:55,166
DA:57,43
DA:58,166
DA:59,166
DA:62,166
DA:63,5
DA:81,166
DA:83,166
DA:84,166
DA:85,166
DA:86,166
DA:96,166
DA:98,166
DA:99,5
DA:101,166
DA:102,1
DA:104,166
DA:105,1
DA:107,166
DA:108,1
DA:110,166
DA:111,153
DA:113,166
DA:114,1
DA:116,166
DA:117,7
DA:119,166
DA:120,13
DA:122,166
DA:123,7
DA:125,166
DA:126,1
DA:129,166
LF:36
LH:36
BRDA:58,0,0,166
BRDA:58,0,1,0
BRDA:62,1,0,5
BRDA:62,1,1,161
BRDA:87,2,0,166
BRDA:87,2,1,2
BRDA:88,3,0,166
BRDA:88,3,1,1
BRDA:89,4,0,166
BRDA:89,4,1,0
BRDA:90,5,0,166
BRDA:90,5,1,1
BRDA:91,6,0,166
BRDA:91,6,1,7
BRDA:91,6,2,5
BRDA:92,7,0,166
BRDA:92,7,1,7
BRDA:94,8,0,166
BRDA:94,8,1,0
BRDA:98,9,0,5
BRDA:98,9,1,161
BRDA:101,10,0,1
BRDA:101,10,1,165
BRDA:104,11,0,1
BRDA:104,11,1,165
BRDA:104,12,0,166
BRDA:104,12,1,1
BRDA:107,13,0,1
BRDA:107,13,1,165
BRDA:107,14,0,166
BRDA:107,14,1,1
BRDA:108,15,0,1
BRDA:108,15,1,0
BRDA:110,16,0,153
BRDA:110,16,1,13
BRDA:110,17,0,166
BRDA:110,17,1,153
BRDA:111,18,0,0
BRDA:111,18,1,153
BRDA:113,19,0,1
BRDA:113,19,1,165
BRDA:113,20,0,166
BRDA:113,20,1,2
BRDA:114,21,0,1
BRDA:114,21,1,1
BRDA:116,22,0,7
BRDA:116,22,1,159
BRDA:116,23,0,166
BRDA:116,23,1,8
BRDA:116,23,2,8
BRDA:119,24,0,13
BRDA:119,24,1,153
BRDA:122,25,0,7
BRDA:122,25,1,159
BRDA:125,26,0,1
BRDA:125,26,1,165
BRDA:125,27,0,166
BRDA:125,27,1,1
BRF:58
BRH:53
end_of_record
TN:
SF:/Users/nicolas/Localbox/Code/github.com/necolas/react-native-web/packages/react-native-web/src/modules/createStrictShapeTypeChecker/index.js
FN:13,createStrictShapeTypeChecker
FN:16,checkType
FN:60,chainedCheckType
FNF:3
FNH:3
FNDA:301,createStrictShapeTypeChecker
FNDA:548,checkType
FNDA:548,chainedCheckType
DA:17,548
DA:18,313
DA:19,0
DA:24,313
DA:26,235
DA:27,235
DA:28,235
DA:29,235
DA:30,0
DA:38,235
DA:39,235
DA:40,33343
DA:41,33343
DA:42,0
DA:51,33343
DA:52,33343
DA:53,0
DA:67,548
DA:69,301
DA:70,301
LF:20
LH:16
BRDA:17,0,0,313
BRDA:17,0,1,235
BRDA:18,1,0,0
BRDA:18,1,1,313
BRDA:28,2,0,235
BRDA:28,2,1,0
BRDA:29,3,0,0
BRDA:29,3,1,235
BRDA:41,4,0,0
BRDA:41,4,1,33343
BRDA:52,5,0,0
BRDA:52,5,1,33343
BRF:12
BRH:7
end_of_record
TN:
SF:/Users/nicolas/Localbox/Code/github.com/necolas/react-native-web/packages/react-native-web/src/modules/dismissKeyboard/index.js
FN:13,(anonymous_0)
FNF:1
FNH:0
FNDA:0,(anonymous_0)
DA:13,43
DA:14,0
LF:2
LH:1
BRF:0
BRH:0
end_of_record
TN:
SF:/Users/nicolas/Localbox/Code/github.com/necolas/react-native-web/packages/react-native-web/src/modules/ensureComponentIsNative/index.js
FN:13,(anonymous_0)
FNF:1
FNH:0
FNDA:0,(anonymous_0)
DA:13,43
DA:14,0
LF:2
LH:1
BRDA:15,0,0,0
BRDA:15,0,1,0
BRF:2
BRH:0
end_of_record
TN:
SF:/Users/nicolas/Localbox/Code/github.com/necolas/react-native-web/packages/react-native-web/src/modules/flattenArray/index.js
FN:1,flattenArray
FN:2,flattenDown
FNF:2
FNH:2
FNDA:187,flattenArray
FNDA:331,flattenDown
DA:3,331
DA:4,1751
DA:6,1751
DA:7,144
DA:8,1607
DA:9,322
DA:13,331
DA:15,187
LF:8
LH:8
BRDA:6,0,0,144
BRDA:6,0,1,1607
BRDA:8,1,0,322
BRDA:8,1,1,1285
BRDA:8,2,0,1607
BRDA:8,2,1,1202
BRF:6
BRH:6
end_of_record
TN:
SF:/Users/nicolas/Localbox/Code/github.com/necolas/react-native-web/packages/react-native-web/src/modules/hydrate/index.js
FNF:0
FNH:0
LF:0
LH:0
BRF:0
BRH:0
end_of_record
TN:
SF:/Users/nicolas/Localbox/Code/github.com/necolas/react-native-web/packages/react-native-web/src/modules/injectResponderEventPlugin/index.js
FN:43,(anonymous_0)
FNF:1
FNH:1
FNDA:5,(anonymous_0)
DA:7,43
DA:8,43
DA:10,43
DA:11,43
DA:12,43
DA:13,43
DA:14,43
DA:15,43
DA:16,43
DA:17,43
DA:18,43
DA:20,43
DA:21,43
DA:22,43
DA:27,43
DA:28,43
DA:29,43
DA:30,43
DA:31,43
DA:32,43
DA:33,43
DA:34,43
DA:35,43
DA:36,43
DA:39,43
DA:40,43
DA:42,43
DA:43,43
DA:44,5
DA:45,5
DA:51,0
DA:54,5
DA:56,5
DA:65,43
LF:34
LH:33
BRDA:45,0,0,0
BRDA:45,0,1,5
BRDA:47,1,0,5
BRDA:47,1,1,5
BRDA:47,1,2,0
BRDA:47,1,3,5
BRDA:47,1,4,5
BRF:7
BRH:5
end_of_record
TN:
SF:/Users/nicolas/Localbox/Code/github.com/necolas/react-native-web/packages/react-native-web/src/modules/mapKeyValue/index.js
FN:3,(anonymous_0)
FNF:1
FNH:1
FNDA:464,(anonymous_0)
DA:1,43
DA:3,43
DA:4,464
DA:5,464
DA:6,600
DA:7,600
DA:8,600
DA:11,464
LF:8
LH:8
BRDA:6,0,0,600
BRDA:6,0,1,0
BRDA:8,1,0,600
BRDA:8,1,1,600
BRF:4
BRH:3
end_of_record
TN:
SF:/Users/nicolas/Localbox/Code/github.com/necolas/react-native-web/packages/react-native-web/src/modules/modality/index.js
FN:21,(anonymous_0)
FN:61,(anonymous_1)
FN:77,(anonymous_2)
FN:88,(anonymous_3)
FN:97,(anonymous_4)
FN:109,(anonymous_5)
FN:114,(anonymous_6)
FN:123,(anonymous_7)
FN:132,(anonymous_8)
FNF:9
FNH:2
FNDA:43,(anonymous_0)
FNDA:43,(anonymous_1)
FNDA:0,(anonymous_2)
FNDA:0,(anonymous_3)
FNDA:0,(anonymous_4)
FNDA:0,(anonymous_5)
FNDA:0,(anonymous_6)
FNDA:0,(anonymous_7)
FNDA:0,(anonymous_8)
DA:21,43
DA:22,43
DA:23,0
DA:27,43
DA:28,43
DA:30,43
DA:32,43
DA:39,43
DA:61,43
DA:63,43
DA:64,43
DA:65,43
DA:67,43
DA:68,43
DA:69,43
DA:77,43
DA:78,0
DA:79,0
DA:81,0
DA:88,43
DA:89,0
DA:90,0
DA:97,43
DA:98,0
DA:99,0
DA:109,43
DA:110,0
DA:111,0
DA:112,0
DA:114,0
DA:115,0
DA:116,0
DA:123,43
DA:124,0
DA:125,0
DA:132,43
DA:133,0
DA:134,0
DA:138,43
DA:139,43
DA:140,43
DA:141,43
DA:142,43
LF:43
LH:25
BRDA:22,0,0,0
BRDA:22,0,1,43
BRDA:32,1,0,43
BRDA:32,1,1,0
BRDA:32,1,2,0
BRDA:32,1,3,0
BRDA:65,2,0,43
BRDA:65,2,1,0
BRDA:78,3,0,0
BRDA:78,3,1,0
BRDA:79,4,0,0
BRDA:79,4,1,0
BRDA:89,5,0,0
BRDA:89,5,1,0
BRDA:98,6,0,0
BRDA:98,6,1,0
BRDA:111,7,0,0
BRDA:111,7,1,0
BRDA:124,8,0,0
BRDA:124,8,1,0
BRDA:124,9,0,0
BRDA:124,9,1,0
BRDA:133,10,0,0
BRDA:133,10,1,0
BRDA:138,11,0,43
BRDA:138,11,1,0
BRDA:138,12,0,43
BRDA:138,12,1,43
BRF:28
BRH:6
end_of_record
TN:
SF:/Users/nicolas/Localbox/Code/github.com/necolas/react-native-web/packages/react-native-web/src/modules/multiplyStyleLengthValue/index.js
FN:12,(anonymous_0)
FN:14,(anonymous_1)
FN:18,(anonymous_2)
FNF:3
FNH:3
FNDA:6,(anonymous_0)
FNDA:17,(anonymous_1)
FNDA:23,(anonymous_2)
DA:10,43
DA:12,43
DA:14,43
DA:15,17
DA:18,43
DA:19,23
DA:20,6
DA:21,6
DA:22,6
DA:23,17
DA:24,17
LF:11
LH:11
BRDA:15,0,0,17
BRDA:15,0,1,17
BRDA:19,1,0,6
BRDA:19,1,1,17
BRDA:23,2,0,17
BRDA:23,2,1,0
BRF:6
BRH:5
end_of_record
TN:
SF:/Users/nicolas/Localbox/Code/github.com/necolas/react-native-web/packages/react-native-web/src/modules/normalizeNativeEvent/index.js
FN:11,(anonymous_0)
FN:14,(anonymous_1)
FN:19,(anonymous_2)
FN:56,normalizeTouchEvent
FN:107,normalizeMouseEvent
FN:162,normalizeNativeEvent
FNF:6
FNH:5
FNDA:0,(anonymous_0)
FNDA:20,(anonymous_1)
FNDA:1,(anonymous_2)
FNDA:10,normalizeTouchEvent
FNDA:2,normalizeMouseEvent
FNDA:12,normalizeNativeEvent
DA:10,43
DA:11,43
DA:14,43
DA:15,20
DA:16,19
DA:19,1
DA:20,1
DA:23,1
DA:24,1
DA:25,0
DA:26,0
DA:27,0
DA:28,0
DA:29,0
DA:33,1
DA:57,10
DA:58,10
DA:61,10
DA:65,10
DA:69,10
DA:73,10
DA:96,10
DA:97,1
DA:98,1
DA:99,1
DA:100,1
DA:101,1
DA:104,10
DA:108,2
DA:127,2
DA:131,2
DA:135,2
DA:139,2
DA:163,12
DA:164,0
DA:166,12
DA:167,12
DA:168,12
DA:169,2
DA:171,10
LF:40
LH:34
BRDA:15,0,0,19
BRDA:15,0,1,1
BRDA:20,1,0,0
BRDA:20,1,1,1
BRDA:24,2,0,0
BRDA:24,2,1,1
BRDA:26,3,0,0
BRDA:26,3,1,0
BRDA:26,4,0,0
BRDA:26,4,1,0
BRDA:61,5,0,5
BRDA:61,5,1,5
BRDA:65,6,0,5
BRDA:65,6,1,5
BRDA:69,7,0,5
BRDA:69,7,1,5
BRDA:96,8,0,1
BRDA:96,8,1,9
BRDA:127,9,0,0
BRDA:127,9,1,2
BRDA:131,10,0,0
BRDA:131,10,1,2
BRDA:135,11,0,0
BRDA:135,11,1,2
BRDA:155,12,0,2
BRDA:155,12,1,0
BRDA:163,13,0,0
BRDA:163,13,1,12
BRDA:163,14,0,12
BRDA:163,14,1,12
BRDA:166,15,0,12
BRDA:166,15,1,3
BRDA:168,16,0,2
BRDA:168,16,1,10
BRF:34
BRH:23
end_of_record
TN:
SF:/Users/nicolas/Localbox/Code/github.com/necolas/react-native-web/packages/react-native-web/src/modules/prefixStyles/index.js
FN:17,(anonymous_0)
FN:22,(anonymous_1)
FNF:2
FNH:2
FNDA:26,(anonymous_0)
FNDA:146,(anonymous_1)
DA:13,43
DA:17,43
DA:18,26
DA:22,26
DA:23,146
DA:24,146
DA:25,1
DA:29,26
LF:8
LH:8
BRDA:24,0,0,1
BRDA:24,0,1,145
BRF:2
BRH:2
end_of_record
TN:
SF:/Users/nicolas/Localbox/Code/github.com/necolas/react-native-web/packages/react-native-web/src/modules/prefixStyles/static.js
FNF:0
FNH:0
DA:12,43
DA:13,43
DA:14,43
DA:15,43
DA:16,43
DA:17,43
LF:6
LH:6
BRF:0
BRH:0
end_of_record
TN:
SF:/Users/nicolas/Localbox/Code/github.com/necolas/react-native-web/packages/react-native-web/src/modules/requestIdleCallback/index.js
FN:12,(anonymous_0)
FN:13,(anonymous_1)
FN:25,(anonymous_2)
FNF:3
FNH:2
FNDA:4,(anonymous_0)
FNDA:4,(anonymous_1)
FNDA:0,(anonymous_2)
DA:12,43
DA:13,4
DA:14,4
DA:15,4
DA:18,0
DA:25,43
DA:26,0
DA:29,43
DA:31,43
DA:32,43
LF:10
LH:8
BRDA:29,0,0,43
BRDA:29,0,1,43
BRDA:31,1,0,0
BRDA:31,1,1,43
BRDA:32,2,0,0
BRDA:32,2,1,43
BRF:6
BRH:4
end_of_record
TN:
SF:/Users/nicolas/Localbox/Code/github.com/necolas/react-native-web/packages/react-native-web/src/modules/unitlessNumbers/index.js
FN:54,(anonymous_0)
FN:57,(anonymous_1)
FN:58,(anonymous_2)
FNF:3
FNH:3
FNDA:6536,(anonymous_0)
FNDA:1634,(anonymous_1)
FNDA:6536,(anonymous_2)
DA:5,43
DA:53,43
DA:54,43
DA:55,6536
DA:57,43
DA:58,1634
DA:59,6536
LF:7
LH:7
BRF:0
BRH:0
end_of_record
TN:
SF:/Users/nicolas/Localbox/Code/github.com/necolas/react-native-web/scripts/jest/setupFramework.js
FNF:0
FNH:0
DA:8,43
DA:10,43
DA:11,43
LF:3
LH:3
BRF:0
BRH:0
end_of_record
