TN:
SF:packages/babel-plugin-react-native-web/src/index.js
FN:3,(anonymous_0)
FN:5,(anonymous_1)
FN:15,(anonymous_2)
FN:31,(anonymous_3)
FN:36,(anonymous_4)
FN:40,(anonymous_5)
FN:44,(anonymous_6)
FN:66,(anonymous_7)
FN:70,(anonymous_8)
FN:95,(anonymous_9)
FN:100,(anonymous_10)
FNF:11
FNH:11
FNDA:40,(anonymous_0)
FNDA:40,(anonymous_1)
FNDA:23,(anonymous_2)
FNDA:39,(anonymous_3)
FNDA:3,(anonymous_4)
FNDA:27,(anonymous_5)
FNDA:16,(anonymous_6)
FNDA:12,(anonymous_7)
FNDA:8,(anonymous_8)
FNDA:23,(anonymous_9)
FNDA:11,(anonymous_10)
DA:1,1
DA:3,40
DA:5,1
DA:6,40
DA:7,40
DA:8,40
DA:9,10
DA:10,30
DA:11,28
DA:15,1
DA:16,23
DA:17,23
DA:18,0
DA:20,23
DA:21,23
DA:31,1
DA:32,39
DA:36,1
DA:37,3
DA:41,27
DA:42,27
DA:43,11
DA:45,16
DA:46,11
DA:47,11
DA:49,11
DA:50,9
DA:56,7
DA:63,11
DA:67,12
DA:68,12
DA:69,4
DA:71,8
DA:72,8
DA:73,8
DA:74,8
DA:76,8
DA:77,8
DA:84,0
DA:92,4
DA:96,23
DA:97,9
DA:98,9
DA:99,6
DA:101,11
DA:102,11
DA:103,11
DA:116,6
DA:117,3
DA:118,3
DA:119,3
DA:128,3
LF:52
LH:50
BRDA:6,0,0,10
BRDA:6,0,1,30
BRDA:7,1,0,4
BRDA:7,1,1,36
BRDA:8,2,0,10
BRDA:8,2,1,30
BRDA:10,3,0,28
BRDA:10,3,1,2
BRDA:10,4,0,30
BRDA:10,4,1,30
BRDA:17,5,0,0
BRDA:17,5,1,23
BRDA:22,6,0,23
BRDA:22,6,1,17
BRDA:22,6,2,23
BRDA:22,6,3,12
BRDA:22,6,4,12
BRDA:22,6,5,12
BRDA:22,6,6,12
BRDA:22,6,7,6
BRDA:32,7,0,39
BRDA:32,7,1,39
BRDA:32,7,2,29
BRDA:32,7,3,15
BRDA:42,8,0,11
BRDA:42,8,1,16
BRDA:45,9,0,11
BRDA:45,9,1,5
BRDA:49,10,0,9
BRDA:49,10,1,2
BRDA:68,11,0,4
BRDA:68,11,1,8
BRDA:71,12,0,8
BRDA:71,12,1,0
BRDA:76,13,0,8
BRDA:76,13,1,0
BRDA:96,14,0,9
BRDA:96,14,1,14
BRDA:98,15,0,6
BRDA:98,15,1,3
BRDA:102,16,0,11
BRDA:102,16,1,0
BRDA:117,17,0,3
BRDA:117,17,1,0
BRF:44
BRH:39
end_of_record
TN:
SF:packages/babel-plugin-react-native-web/src/moduleMap.js
FNF:0
FNH:0
DA:2,1
LF:1
LH:1
BRF:0
BRH:0
end_of_record
TN:
SF:packages/dom-event-testing-library/index.js
FNF:0
FNH:0
LF:0
LH:0
BRF:0
BRH:0
end_of_record
TN:
SF:packages/dom-event-testing-library/src/constants.js
FNF:0
FNH:0
DA:10,14
DA:11,14
DA:12,14
DA:22,14
DA:46,14
LF:5
LH:5
BRF:0
BRH:0
end_of_record
TN:
SF:packages/dom-event-testing-library/src/createEvent.js
FN:219,getEventConfig
FN:223,createEvent
FN:233,(anonymous_2)
FN:238,(anonymous_3)
FNF:4
FNH:3
FNDA:950,getEventConfig
FNDA:950,createEvent
FNDA:15864,(anonymous_2)
FNDA:0,(anonymous_3)
DA:10,14
DA:15,14
DA:220,950
DA:224,950
DA:225,950
DA:226,950
DA:228,950
DA:229,950
DA:230,950
DA:232,950
DA:233,950
DA:234,15864
DA:237,15864
DA:238,582
DA:239,0
DA:240,0
DA:242,582
DA:246,15282
DA:247,13723
DA:251,950
LF:20
LH:18
BRDA:220,0,0,950
BRDA:220,0,1,3
BRDA:232,1,0,950
BRDA:232,1,1,0
BRDA:237,2,0,582
BRDA:237,2,1,15282
BRDA:237,3,0,15864
BRDA:237,3,1,703
BRDA:246,4,0,13723
BRDA:246,4,1,1559
BRF:10
BRH:9
end_of_record
TN:
SF:packages/dom-event-testing-library/src/domEnvironment.js
FN:16,(anonymous_0)
FN:18,hasPointerEvent
FN:22,setPointerEvent
FN:23,(anonymous_3)
FN:23,(anonymous_4)
FN:46,(anonymous_5)
FN:49,(anonymous_6)
FN:52,(anonymous_7)
FNF:8
FNH:4
FNDA:0,(anonymous_0)
FNDA:394,hasPointerEvent
FNDA:40,setPointerEvent
FNDA:42,(anonymous_3)
FNDA:0,(anonymous_4)
FNDA:0,(anonymous_5)
FNDA:61,(anonymous_6)
FNDA:0,(anonymous_7)
DA:16,14
DA:19,394
DA:23,42
DA:24,0
DA:25,0
DA:26,0
DA:30,40
DA:31,40
DA:34,40
DA:43,14
DA:45,14
DA:47,0
DA:50,61
DA:53,0
DA:55,0
DA:56,0
DA:59,0
DA:60,0
DA:63,0
LF:19
LH:9
BRDA:19,0,0,394
BRDA:19,0,1,394
BRDA:24,1,0,0
BRDA:24,1,1,0
BRDA:25,2,0,0
BRDA:25,2,1,0
BRDA:30,3,0,21
BRDA:30,3,1,19
BRDA:31,4,0,21
BRDA:31,4,1,19
BRDA:34,5,0,21
BRDA:34,5,1,19
BRDA:50,6,0,0
BRDA:50,6,1,61
BRDA:53,7,0,0
BRDA:53,7,1,0
BRDA:53,7,2,0
BRF:17
BRH:9
end_of_record
TN:
SF:packages/dom-event-testing-library/src/domEventSequences.js
FN:24,createTouch
FN:56,createTouchEventPayload
FN:79,getPointerType
FN:108,contextmenu
FN:109,(anonymous_4)
FN:175,focus
FN:176,(anonymous_6)
FN:190,pointercancel
FN:191,(anonymous_8)
FN:213,pointerdown
FN:214,(anonymous_10)
FN:253,pointerover
FN:254,(anonymous_12)
FN:272,pointerout
FN:273,(anonymous_14)
FN:297,pointerhover
FN:298,(anonymous_16)
FN:312,pointermove
FN:313,(anonymous_18)
FN:346,pointerup
FN:347,(anonymous_20)
FN:399,clearPointers
FNF:22
FNH:22
FNDA:121,createTouch
FNDA:121,createTouchEventPayload
FNDA:208,getPointerType
FNDA:3,contextmenu
FNDA:8,(anonymous_4)
FNDA:101,focus
FNDA:202,(anonymous_6)
FNDA:2,pointercancel
FNDA:2,(anonymous_8)
FNDA:106,pointerdown
FNDA:234,(anonymous_10)
FNDA:25,pointerover
FNDA:111,(anonymous_12)
FNDA:17,pointerout
FNDA:47,(anonymous_14)
FNDA:8,pointerhover
FNDA:12,(anonymous_16)
FNDA:36,pointermove
FNDA:40,(anonymous_18)
FNDA:61,pointerup
FNDA:198,(anonymous_20)
FNDA:121,clearPointers
DA:35,121
DA:37,121
DA:64,121
DA:66,121
DA:80,208
DA:81,208
DA:82,200
DA:84,208
DA:109,8
DA:110,3
DA:117,3
DA:119,3
DA:127,3
DA:129,3
DA:130,2
DA:131,0
DA:133,2
DA:134,2
DA:135,2
DA:136,2
DA:137,2
DA:144,2
DA:152,2
DA:153,1
DA:154,1
DA:155,0
DA:156,0
DA:157,0
DA:159,0
DA:160,0
DA:161,0
DA:164,1
DA:165,1
DA:166,1
DA:167,0
DA:169,1
DA:170,1
DA:176,202
DA:177,101
DA:178,101
DA:179,101
DA:180,101
DA:181,8
DA:183,101
DA:184,101
DA:185,8
DA:187,101
DA:191,2
DA:192,2
DA:194,2
DA:200,2
DA:201,0
DA:203,2
DA:204,1
DA:206,1
DA:207,1
DA:208,1
DA:209,1
DA:214,234
DA:215,106
DA:217,106
DA:225,106
DA:226,45
DA:227,2
DA:228,2
DA:230,45
DA:231,45
DA:232,45
DA:233,2
DA:235,45
DA:236,45
DA:238,61
DA:239,8
DA:240,8
DA:241,8
DA:243,61
DA:244,61
DA:245,61
DA:246,61
DA:247,61
DA:248,8
DA:254,111
DA:256,25
DA:261,25
DA:263,12
DA:264,12
DA:265,12
DA:267,25
DA:268,25
DA:269,25
DA:273,47
DA:275,17
DA:280,17
DA:282,17
DA:283,8
DA:285,8
DA:286,7
DA:289,17
DA:290,17
DA:292,15
DA:298,12
DA:300,8
DA:305,8
DA:306,4
DA:308,8
DA:313,40
DA:314,36
DA:316,36
DA:324,36
DA:325,15
DA:326,2
DA:328,15
DA:330,21
DA:331,2
DA:339,21
DA:340,21
DA:341,21
DA:342,21
DA:347,198
DA:348,61
DA:350,61
DA:356,61
DA:357,61
DA:359,61
DA:360,25
DA:361,2
DA:363,25
DA:364,25
DA:365,3
DA:368,36
DA:369,8
DA:370,8
DA:371,8
DA:372,8
DA:374,36
DA:375,36
DA:376,36
DA:377,36
DA:379,36
DA:380,25
DA:381,25
DA:382,25
DA:384,36
DA:385,36
DA:386,25
DA:388,36
DA:389,0
DA:400,121
LF:148
LH:138
BRDA:26,0,0,121
BRDA:30,1,0,121
BRDA:31,2,0,121
BRDA:32,3,0,121
BRDA:33,4,0,121
BRDA:34,5,0,121
BRDA:42,6,0,121
BRDA:42,6,1,121
BRDA:43,7,0,121
BRDA:43,7,1,121
BRDA:58,8,0,121
BRDA:59,9,0,121
BRDA:60,10,0,121
BRDA:62,11,0,121
BRDA:81,12,0,200
BRDA:81,12,1,8
BRDA:81,13,0,208
BRDA:81,13,1,207
BRDA:129,14,0,2
BRDA:129,14,1,1
BRDA:130,15,0,0
BRDA:130,15,1,2
BRDA:153,16,0,1
BRDA:153,16,1,0
BRDA:154,17,0,0
BRDA:154,17,1,1
BRDA:156,18,0,0
BRDA:156,18,1,0
BRDA:160,19,0,0
BRDA:160,19,1,0
BRDA:166,20,0,0
BRDA:166,20,1,1
BRDA:175,21,0,93
BRDA:180,22,0,8
BRDA:180,22,1,93
BRDA:184,23,0,8
BRDA:184,23,1,93
BRDA:200,24,0,0
BRDA:200,24,1,2
BRDA:203,25,0,1
BRDA:203,25,1,1
BRDA:225,26,0,45
BRDA:225,26,1,61
BRDA:226,27,0,2
BRDA:226,27,1,43
BRDA:232,28,0,2
BRDA:232,28,1,43
BRDA:238,29,0,8
BRDA:238,29,1,53
BRDA:247,30,0,8
BRDA:247,30,1,53
BRDA:261,31,0,12
BRDA:261,31,1,13
BRDA:282,32,0,8
BRDA:282,32,1,9
BRDA:285,33,0,7
BRDA:285,33,1,1
BRDA:290,34,0,15
BRDA:290,34,1,2
BRDA:305,35,0,4
BRDA:305,35,1,4
BRDA:324,36,0,15
BRDA:324,36,1,21
BRDA:325,37,0,2
BRDA:325,37,1,13
BRDA:330,38,0,2
BRDA:330,38,1,19
BRDA:357,39,0,61
BRDA:357,39,1,0
BRDA:359,40,0,25
BRDA:359,40,1,36
BRDA:360,41,0,2
BRDA:360,41,1,23
BRDA:364,42,0,3
BRDA:364,42,1,22
BRDA:364,43,0,25
BRDA:364,43,1,3
BRDA:368,44,0,8
BRDA:368,44,1,28
BRDA:379,45,0,25
BRDA:379,45,1,11
BRDA:385,46,0,25
BRDA:385,46,1,11
BRDA:388,47,0,0
BRDA:388,47,1,36
BRDA:388,48,0,36
BRDA:388,48,1,0
BRF:87
BRH:75
end_of_record
TN:
SF:packages/dom-event-testing-library/src/domEvents.js
FN:28,emptyFunction
FN:30,createGetModifierState
FN:49,createKeyboardEvent
FN:66,(anonymous_3)
FN:87,createMouseEvent
FN:122,(anonymous_5)
FN:145,createPointerEvent
FN:190,(anonymous_7)
FN:224,createTouchEvent
FN:238,blur
FN:242,click
FN:249,contextmenu
FN:256,dragstart
FN:263,error
FN:267,focus
FN:271,focusin
FN:275,focusout
FN:279,gotpointercapture
FN:283,keydown
FN:287,keyup
FN:291,load
FN:295,lostpointercapture
FN:299,mousedown
FN:313,mouseenter
FN:317,mouseleave
FN:321,mousemove
FN:330,mouseout
FN:334,mouseover
FN:338,mouseup
FN:345,pointercancel
FN:362,pointerdown
FN:372,pointerenter
FN:376,pointerleave
FN:380,pointermove
FN:388,pointerout
FN:392,pointerover
FN:396,pointerup
FN:405,scroll
FN:409,select
FN:413,selectionchange
FN:417,touchcancel
FN:421,touchend
FN:425,touchmove
FN:429,touchstart
FN:433,virtualclick
FNF:45
FNH:37
FNDA:0,emptyFunction
FNDA:0,createGetModifierState
FNDA:19,createKeyboardEvent
FNDA:0,(anonymous_3)
FNDA:432,createMouseEvent
FNDA:0,(anonymous_5)
FNDA:131,createPointerEvent
FNDA:0,(anonymous_7)
FNDA:121,createTouchEvent
FNDA:13,blur
FNDA:33,click
FNDA:3,contextmenu
FNDA:1,dragstart
FNDA:0,error
FNDA:101,focus
FNDA:101,focusin
FNDA:8,focusout
FNDA:8,gotpointercapture
FNDA:17,keydown
FNDA:2,keyup
FNDA:0,load
FNDA:8,lostpointercapture
FNDA:71,mousedown
FNDA:70,mouseenter
FNDA:15,mouseleave
FNDA:75,mousemove
FNDA:17,mouseout
FNDA:95,mouseover
FNDA:50,mouseup
FNDA:0,pointercancel
FNDA:10,pointerdown
FNDA:22,pointerenter
FNDA:15,pointerleave
FNDA:20,pointermove
FNDA:16,pointerout
FNDA:22,pointerover
FNDA:10,pointerup
FNDA:19,scroll
FNDA:2,select
FNDA:3,selectionchange
FNDA:1,touchcancel
FNDA:36,touchend
FNDA:21,touchmove
FNDA:63,touchstart
FNDA:2,virtualclick
DA:31,0
DA:32,0
DA:34,0
DA:35,0
DA:37,0
DA:38,0
DA:40,0
DA:41,0
DA:61,19
DA:63,19
DA:67,0
DA:76,19
DA:77,2
DA:80,19
DA:112,432
DA:114,432
DA:123,0
DA:179,131
DA:180,131
DA:182,131
DA:191,0
DA:225,121
DA:239,13
DA:243,33
DA:250,3
DA:257,1
DA:264,0
DA:268,101
DA:272,101
DA:276,8
DA:280,8
DA:284,17
DA:288,2
DA:292,0
DA:296,8
DA:302,71
DA:304,71
DA:306,71
DA:314,70
DA:318,15
DA:322,75
DA:331,17
DA:335,95
DA:339,50
DA:346,0
DA:363,10
DA:364,10
DA:373,22
DA:377,15
DA:381,20
DA:389,16
DA:393,22
DA:397,10
DA:406,19
DA:410,2
DA:414,3
DA:418,1
DA:422,36
DA:426,21
DA:430,63
DA:434,2
LF:61
LH:47
BRDA:31,0,0,0
BRDA:31,0,1,0
BRDA:32,1,0,0
BRDA:32,1,1,0
BRDA:34,2,0,0
BRDA:34,2,1,0
BRDA:35,3,0,0
BRDA:35,3,1,0
BRDA:37,4,0,0
BRDA:37,4,1,0
BRDA:38,5,0,0
BRDA:38,5,1,0
BRDA:40,6,0,0
BRDA:40,6,1,0
BRDA:41,7,0,0
BRDA:41,7,1,0
BRDA:51,8,0,15
BRDA:52,9,0,17
BRDA:53,10,0,17
BRDA:54,11,0,17
BRDA:55,12,0,15
BRDA:56,13,0,17
BRDA:57,14,0,19
BRDA:58,15,0,17
BRDA:76,16,0,2
BRDA:76,16,1,17
BRDA:89,17,0,0
BRDA:90,18,0,427
BRDA:91,19,0,133
BRDA:92,20,0,165
BRDA:93,21,0,427
BRDA:94,22,0,426
BRDA:95,23,0,427
BRDA:96,24,0,431
BRDA:97,25,0,431
BRDA:98,26,0,431
BRDA:99,27,0,431
BRDA:102,28,0,432
BRDA:106,29,0,427
BRDA:108,30,0,421
BRDA:109,31,0,421
BRDA:130,32,0,432
BRDA:130,32,1,431
BRDA:131,33,0,432
BRDA:131,33,1,431
BRDA:134,34,0,2
BRDA:134,34,1,430
BRDA:135,35,0,2
BRDA:135,35,1,430
BRDA:147,36,0,0
BRDA:148,37,0,131
BRDA:149,38,0,63
BRDA:150,39,0,63
BRDA:151,40,0,131
BRDA:152,41,0,131
BRDA:154,42,0,131
BRDA:155,43,0,131
BRDA:156,44,0,131
BRDA:157,45,0,131
BRDA:158,46,0,131
BRDA:162,47,0,107
BRDA:163,48,0,131
BRDA:164,49,0,51
BRDA:168,50,0,131
BRDA:169,51,0,131
BRDA:170,52,0,131
BRDA:171,53,0,131
BRDA:173,54,0,131
BRDA:175,55,0,127
BRDA:176,56,0,127
BRDA:193,57,0,65
BRDA:193,57,1,66
BRDA:193,58,0,0
BRDA:193,58,1,66
BRDA:199,59,0,131
BRDA:199,59,1,131
BRDA:200,60,0,131
BRDA:200,60,1,131
BRDA:207,61,0,0
BRDA:207,61,1,131
BRDA:208,62,0,0
BRDA:208,62,1,131
BRDA:216,63,0,65
BRDA:216,63,1,66
BRDA:216,64,0,0
BRDA:216,64,1,66
BRDA:238,65,0,2
BRDA:267,66,0,0
BRDA:271,67,0,0
BRDA:275,68,0,0
BRDA:302,69,0,71
BRDA:302,69,1,0
BRDA:302,70,0,71
BRDA:302,70,1,71
BRDA:304,71,0,71
BRDA:304,71,1,0
BRDA:304,72,0,71
BRDA:304,72,1,71
BRDA:363,73,0,10
BRDA:363,73,1,10
BRDA:367,74,0,6
BRDA:367,74,1,4
BRF:102
BRH:75
end_of_record
TN:
SF:packages/dom-event-testing-library/src/index.js
FN:16,(anonymous_0)
FN:21,(anonymous_1)
FN:24,(anonymous_2)
FN:27,(anonymous_3)
FN:30,(anonymous_4)
FN:33,(anonymous_5)
FN:39,(anonymous_6)
FN:42,(anonymous_7)
FN:45,(anonymous_8)
FN:54,(anonymous_9)
FN:58,(anonymous_10)
FN:62,(anonymous_11)
FN:66,(anonymous_12)
FN:70,(anonymous_13)
FN:74,(anonymous_14)
FN:78,(anonymous_15)
FN:81,(anonymous_16)
FN:84,(anonymous_17)
FN:88,(anonymous_18)
FN:96,(anonymous_19)
FN:100,(anonymous_20)
FN:106,(anonymous_21)
FN:107,(anonymous_22)
FNF:23
FNH:20
FNDA:187,(anonymous_0)
FNDA:5,(anonymous_1)
FNDA:30,(anonymous_2)
FNDA:3,(anonymous_3)
FNDA:0,(anonymous_4)
FNDA:20,(anonymous_5)
FNDA:17,(anonymous_6)
FNDA:2,(anonymous_7)
FNDA:0,(anonymous_8)
FNDA:2,(anonymous_9)
FNDA:106,(anonymous_10)
FNDA:8,(anonymous_11)
FNDA:36,(anonymous_12)
FNDA:25,(anonymous_13)
FNDA:17,(anonymous_14)
FNDA:61,(anonymous_15)
FNDA:19,(anonymous_16)
FNDA:2,(anonymous_17)
FNDA:3,(anonymous_18)
FNDA:0,(anonymous_19)
FNDA:2,(anonymous_20)
FNDA:1,(anonymous_21)
FNDA:1,(anonymous_22)
DA:16,187
DA:22,5
DA:25,30
DA:28,3
DA:31,0
DA:34,20
DA:35,20
DA:36,20
DA:40,17
DA:43,2
DA:46,0
DA:55,2
DA:59,106
DA:63,8
DA:67,36
DA:71,25
DA:75,17
DA:79,61
DA:82,19
DA:85,2
DA:89,3
DA:97,0
DA:98,0
DA:101,2
DA:107,1
DA:108,1
DA:120,14
LF:27
LH:23
BRF:0
BRH:0
end_of_record
TN:
SF:packages/dom-event-testing-library/src/testHelpers.js
FN:14,describeWithPointerEvent
FN:21,(anonymous_1)
FN:28,testWithPointerType
FN:30,(anonymous_3)
FNF:4
FNH:4
FNDA:3,describeWithPointerEvent
FNDA:6,(anonymous_1)
FNDA:30,testWithPointerType
FNDA:63,(anonymous_3)
DA:15,3
DA:16,3
DA:17,3
DA:22,6
DA:23,6
DA:24,6
DA:29,30
DA:30,30
DA:31,63
LF:9
LH:9
BRDA:29,0,0,3
BRDA:29,0,1,27
BRF:2
BRH:2
end_of_record
TN:
SF:packages/dom-event-testing-library/src/touchStore.js
FN:19,addTouch
FN:37,updateTouch
FN:51,removeTouch
FN:67,getTouches
FN:69,(anonymous_4)
FN:75,getTargetTouches
FN:82,clear
FNF:7
FNH:7
FNDA:63,addTouch
FNDA:21,updateTouch
FNDA:39,removeTouch
FNDA:121,getTouches
FNDA:129,(anonymous_4)
FNDA:250,getTargetTouches
FNDA:121,clear
DA:16,14
DA:17,14
DA:20,63
DA:21,63
DA:22,63
DA:23,58
DA:25,63
DA:27,0
DA:32,63
DA:34,63
DA:38,21
DA:39,21
DA:40,21
DA:41,21
DA:42,21
DA:44,0
DA:52,39
DA:53,39
DA:54,39
DA:55,39
DA:56,39
DA:58,0
DA:64,39
DA:68,121
DA:69,121
DA:70,129
DA:72,121
DA:76,250
DA:77,250
DA:79,0
DA:83,121
LF:31
LH:27
BRDA:22,0,0,58
BRDA:22,0,1,5
BRDA:25,1,0,0
BRDA:25,1,1,63
BRDA:40,2,0,21
BRDA:40,2,1,0
BRDA:54,3,0,39
BRDA:54,3,1,0
BRDA:55,4,0,39
BRDA:55,4,1,0
BRDA:76,5,0,250
BRDA:76,5,1,0
BRF:12
BRH:7
end_of_record
TN:
SF:packages/react-native-web/src/exports/ActivityIndicator/index.js
FN:19,(anonymous_0)
FN:34,(anonymous_1)
FNF:2
FNH:2
FNDA:32,(anonymous_0)
FNDA:16,(anonymous_1)
DA:17,1
DA:19,1
DA:20,32
DA:34,1
DA:42,16
DA:45,16
DA:58,16
DA:79,1
DA:81,1
DA:105,1
LF:10
LH:10
BRDA:36,0,0,12
BRDA:37,1,0,15
BRDA:38,2,0,14
BRDA:39,3,0,14
BRDA:69,4,0,1
BRDA:69,4,1,15
BRDA:71,5,0,16
BRDA:71,5,1,3
BRDA:72,6,0,16
BRDA:72,6,1,3
BRDA:72,6,2,2
BRF:11
BRH:11
end_of_record
TN:
SF:packages/react-native-web/src/exports/Animated/index.js
FNF:0
FNH:0
LF:0
LH:0
BRF:0
BRH:0
end_of_record
TN:
SF:packages/react-native-web/src/exports/AppRegistry/AppContainer.js
FN:24,AppContainer
FNF:1
FNH:1
FNDA:4,AppContainer
DA:22,1
DA:25,4
DA:28,4
DA:31,4
DA:32,0
DA:35,4
DA:44,1
LF:7
LH:6
BRDA:31,0,0,0
BRDA:31,0,1,4
BRF:2
BRH:1
end_of_record
TN:
SF:packages/react-native-web/src/exports/AppRegistry/index.js
FN:39,(anonymous_0)
FN:48,(anonymous_1)
FN:52,(anonymous_2)
FN:65,(anonymous_3)
FN:67,(anonymous_4)
FN:73,(anonymous_5)
FN:88,(anonymous_6)
FN:89,(anonymous_7)
FN:100,(anonymous_8)
FN:105,(anonymous_9)
FN:128,(anonymous_10)
FN:132,(anonymous_11)
FN:136,(anonymous_12)
FNF:13
FNH:6
FNDA:7,(anonymous_0)
FNDA:0,(anonymous_1)
FNDA:6,(anonymous_2)
FNDA:6,(anonymous_3)
FNDA:6,(anonymous_4)
FNDA:1,(anonymous_5)
FNDA:0,(anonymous_6)
FNDA:0,(anonymous_7)
FNDA:0,(anonymous_8)
FNDA:1,(anonymous_9)
FNDA:0,(anonymous_10)
FNDA:0,(anonymous_11)
FNDA:0,(anonymous_12)
DA:36,1
DA:37,1
DA:39,1
DA:41,7
DA:49,0
DA:56,6
DA:62,6
DA:66,6
DA:68,6
DA:74,1
DA:85,6
DA:89,0
DA:90,0
DA:91,0
DA:93,0
DA:94,0
DA:101,0
DA:102,0
DA:106,1
DA:107,1
DA:108,0
DA:109,0
DA:111,0
DA:119,1
DA:125,1
DA:129,0
DA:133,0
DA:137,0
LF:28
LH:14
BRDA:57,0,0,6
BRDA:57,0,1,6
BRDA:70,1,0,5
BRDA:70,1,1,1
BRDA:71,2,0,6
BRDA:71,2,1,0
BRDA:76,3,0,1
BRDA:76,3,1,0
BRDA:79,4,0,1
BRDA:79,4,1,1
BRDA:80,5,0,1
BRDA:80,5,1,0
BRDA:90,6,0,0
BRDA:90,6,1,0
BRDA:106,7,0,1
BRDA:106,7,1,1
BRDA:107,8,0,0
BRDA:107,8,1,1
BRDA:114,9,0,0
BRDA:114,9,1,0
BRDA:115,10,0,0
BRDA:115,10,1,0
BRDA:120,11,0,1
BRDA:120,11,1,1
BRF:24
BRH:14
end_of_record
TN:
SF:packages/react-native-web/src/exports/AppRegistry/renderApplication.js
FN:19,renderApplication
FN:43,getApplication
FN:54,(anonymous_2)
FNF:3
FNH:3
FNDA:1,renderApplication
FNDA:6,getApplication
FNDA:5,(anonymous_2)
DA:29,1
DA:30,1
DA:32,1
DA:34,1
DA:49,6
DA:54,6
DA:55,5
DA:56,5
DA:60,6
LF:9
LH:9
BRDA:30,0,0,0
BRDA:30,0,1,1
BRF:2
BRH:1
end_of_record
TN:
SF:packages/react-native-web/src/exports/AppState/index.js
FN:33,(anonymous_0)
FN:48,(anonymous_1)
FN:56,(anonymous_2)
FN:63,(anonymous_3)
FN:71,(anonymous_4)
FNF:5
FNH:3
FNDA:0,(anonymous_0)
FNDA:3,(anonymous_1)
FNDA:0,(anonymous_2)
FNDA:6,(anonymous_3)
FNDA:2,(anonymous_4)
DA:17,1
DA:19,1
DA:20,1
DA:21,1
DA:23,1
DA:28,1
DA:31,1
DA:34,0
DA:35,0
DA:38,0
DA:42,0
DA:44,0
DA:49,3
DA:50,3
DA:55,2
DA:56,2
DA:57,2
DA:58,2
DA:64,6
DA:65,6
DA:70,5
DA:71,5
DA:72,5
DA:76,2
DA:77,2
DA:78,2
LF:26
LH:21
BRDA:17,0,0,1
BRDA:17,0,1,1
BRDA:17,0,2,1
BRDA:20,1,0,0
BRDA:20,1,1,1
BRDA:21,2,0,0
BRDA:21,2,1,1
BRDA:31,3,0,1
BRDA:31,3,1,1
BRDA:34,4,0,0
BRDA:34,4,1,0
BRDA:38,5,0,0
BRDA:38,5,1,0
BRDA:38,5,2,0
BRDA:38,5,3,0
BRDA:49,6,0,3
BRDA:49,6,1,0
BRDA:55,7,0,2
BRDA:55,7,1,0
BRDA:64,8,0,6
BRDA:64,8,1,0
BRDA:70,9,0,5
BRDA:70,9,1,0
BRF:23
BRH:11
end_of_record
TN:
SF:packages/react-native-web/src/exports/Button/index.js
FN:28,(anonymous_0)
FNF:1
FNH:1
FNDA:6,(anonymous_0)
DA:28,1
DA:29,6
DA:31,6
DA:51,1
DA:53,1
LF:5
LH:5
BRDA:41,0,0,6
BRDA:41,0,1,1
BRDA:42,1,0,6
BRDA:42,1,1,1
BRDA:46,2,0,6
BRDA:46,2,1,1
BRF:6
BRH:6
end_of_record
TN:
SF:packages/react-native-web/src/exports/CheckBox/index.js
FN:31,(anonymous_0)
FN:34,handleChange
FNF:2
FNH:2
FNDA:16,(anonymous_0)
FNDA:3,handleChange
DA:31,1
DA:32,16
DA:35,3
DA:36,3
DA:37,3
DA:38,3
DA:42,16
DA:54,16
DA:63,16
DA:75,1
DA:77,1
LF:11
LH:11
BRDA:37,0,0,3
BRDA:37,0,1,1
BRDA:38,1,0,3
BRDA:38,1,1,2
BRDA:45,2,0,16
BRDA:45,2,1,3
BRDA:47,3,0,16
BRDA:47,3,1,3
BRDA:47,3,2,1
BRDA:48,4,0,16
BRDA:48,4,1,1
BRDA:49,5,0,16
BRDA:49,5,1,3
BRDA:49,5,2,0
BRDA:67,6,0,16
BRDA:67,6,1,1
BRF:16
BRH:15
end_of_record
TN:
SF:packages/react-native-web/src/exports/Dimensions/index.js
FN:47,(anonymous_0)
FN:52,(anonymous_1)
FN:67,(anonymous_2)
FN:90,(anonymous_3)
FN:94,(anonymous_4)
FN:102,(anonymous_5)
FN:107,(anonymous_6)
FNF:7
FNH:7
FNDA:4,(anonymous_0)
FNDA:1,(anonymous_1)
FNDA:7,(anonymous_2)
FNDA:2,(anonymous_3)
FNDA:1,(anonymous_4)
FNDA:1,(anonymous_5)
FNDA:1,(anonymous_6)
DA:30,5
DA:44,5
DA:48,4
DA:49,4
DA:53,1
DA:54,1
DA:55,1
DA:57,0
DA:58,0
DA:60,0
DA:61,0
DA:68,7
DA:69,0
DA:72,7
DA:73,7
DA:75,7
DA:82,7
DA:89,7
DA:90,2
DA:98,1
DA:99,1
DA:106,1
DA:107,1
DA:112,5
DA:113,5
DA:114,5
LF:26
LH:21
BRDA:53,0,0,1
BRDA:53,0,1,0
BRDA:54,1,0,1
BRDA:54,1,1,0
BRDA:57,2,0,0
BRDA:57,2,1,0
BRDA:60,3,0,0
BRDA:60,3,1,0
BRDA:68,4,0,0
BRDA:68,4,1,7
BRDA:78,5,0,7
BRDA:78,5,1,0
BRDA:85,6,0,7
BRDA:85,6,1,0
BRDA:89,7,0,2
BRDA:89,7,1,5
BRDA:98,8,0,1
BRDA:98,8,1,1
BRDA:106,9,0,1
BRDA:106,9,1,0
BRDA:112,10,0,5
BRDA:112,10,1,0
BRF:22
BRH:11
end_of_record
TN:
SF:packages/react-native-web/src/exports/Easing/index.js
FNF:0
FNH:0
LF:0
LH:0
BRF:0
BRH:0
end_of_record
TN:
SF:packages/react-native-web/src/exports/FlatList/index.js
FNF:0
FNH:0
LF:0
LH:0
BRF:0
BRH:0
end_of_record
TN:
SF:packages/react-native-web/src/exports/I18nManager/index.js
FN:31,(anonymous_0)
FN:38,(anonymous_1)
FN:47,(anonymous_2)
FN:51,(anonymous_3)
FN:55,(anonymous_4)
FN:58,(anonymous_5)
FN:62,(anonymous_6)
FNF:7
FNH:7
FNDA:2667,(anonymous_0)
FNDA:57,(anonymous_1)
FNDA:14,(anonymous_2)
FNDA:30,(anonymous_3)
FNDA:2610,(anonymous_4)
FNDA:13,(anonymous_5)
FNDA:20,(anonymous_6)
DA:26,22
DA:27,22
DA:28,22
DA:29,22
DA:31,22
DA:32,2667
DA:33,41
DA:35,2626
DA:38,22
DA:39,57
DA:40,57
DA:41,57
DA:46,22
DA:48,14
DA:49,14
DA:52,30
DA:53,30
DA:56,2610
DA:59,13
DA:60,13
DA:63,20
LF:21
LH:21
BRDA:32,0,0,41
BRDA:32,0,1,2626
BRDA:35,1,0,2626
BRDA:35,1,1,2614
BRDA:39,2,0,57
BRDA:39,2,1,0
BRDA:40,3,0,57
BRDA:40,3,1,0
BRDA:40,4,0,57
BRDA:40,4,1,57
BRDA:41,5,0,26
BRDA:41,5,1,31
BRF:12
BRH:10
end_of_record
TN:
SF:packages/react-native-web/src/exports/Image/index.js
FN:34,createTintColorSVG
FN:47,getFlatStyle
FN:91,resolveAssetDimensions
FN:101,resolveAssetUri
FN:110,(anonymous_4)
FN:146,(anonymous_5)
FN:171,(anonymous_6)
FN:211,getBackgroundSize
FN:224,handleLayout
FN:234,(anonymous_9)
FN:245,load
FN:254,error
FN:270,abortPendingRequest
FN:314,(anonymous_13)
FN:318,(anonymous_14)
FN:322,(anonymous_15)
FNF:16
FNH:13
FNDA:62,createTintColorSVG
FNDA:62,getFlatStyle
FNDA:62,resolveAssetDimensions
FNDA:164,resolveAssetUri
FNDA:16,(anonymous_4)
FNDA:62,(anonymous_5)
FNDA:40,(anonymous_6)
FNDA:62,getBackgroundSize
FNDA:0,handleLayout
FNDA:43,(anonymous_9)
FNDA:11,load
FNDA:0,error
FNDA:86,abortPendingRequest
FNDA:0,(anonymous_13)
FNDA:1,(anonymous_14)
FNDA:1,(anonymous_15)
DA:26,3
DA:27,3
DA:28,3
DA:29,3
DA:31,3
DA:32,3
DA:35,62
DA:48,62
DA:49,62
DA:53,62
DA:54,62
DA:56,62
DA:57,0
DA:59,62
DA:60,1
DA:62,62
DA:63,1
DA:64,1
DA:65,1
DA:68,62
DA:69,2
DA:72,62
DA:73,4
DA:78,62
DA:79,62
DA:80,62
DA:81,62
DA:82,62
DA:83,62
DA:85,62
DA:86,62
DA:88,62
DA:92,62
DA:93,2
DA:94,2
DA:95,60
DA:96,21
DA:97,21
DA:102,164
DA:103,164
DA:105,8
DA:106,8
DA:107,8
DA:108,8
DA:110,8
DA:111,16
DA:114,8
DA:115,8
DA:116,156
DA:117,28
DA:118,128
DA:119,47
DA:122,164
DA:123,75
DA:125,75
DA:126,0
DA:127,0
DA:128,0
DA:132,164
DA:145,3
DA:161,62
DA:163,62
DA:164,62
DA:165,0
DA:171,62
DA:172,40
DA:173,40
DA:174,14
DA:175,14
DA:176,3
DA:179,37
DA:182,62
DA:183,62
DA:184,62
DA:185,62
DA:186,62
DA:187,62
DA:188,62
DA:193,62
DA:194,62
DA:195,62
DA:196,62
DA:197,62
DA:198,62
DA:201,62
DA:212,62
DA:213,0
DA:214,0
DA:215,0
DA:216,0
DA:217,0
DA:218,0
DA:219,0
DA:225,0
DA:226,0
DA:227,0
DA:228,0
DA:233,62
DA:234,62
DA:235,43
DA:237,43
DA:238,17
DA:239,17
DA:240,6
DA:243,17
DA:246,11
DA:247,11
DA:248,6
DA:250,11
DA:251,6
DA:255,0
DA:256,0
DA:257,0
DA:263,0
DA:264,0
DA:271,86
DA:272,0
DA:273,0
DA:277,43
DA:280,62
DA:305,3
DA:308,3
DA:314,3
DA:315,0
DA:318,3
DA:319,1
DA:322,3
DA:323,1
DA:326,3
DA:336,3
DA:357,3
LF:131
LH:107
BRDA:35,0,0,2
BRDA:35,0,1,60
BRDA:35,1,0,62
BRDA:35,1,1,2
BRDA:56,2,0,0
BRDA:56,2,1,62
BRDA:59,3,0,1
BRDA:59,3,1,61
BRDA:62,4,0,1
BRDA:62,4,1,61
BRDA:64,5,0,1
BRDA:64,5,1,0
BRDA:68,6,0,2
BRDA:68,6,1,60
BRDA:68,7,0,62
BRDA:68,7,1,2
BRDA:72,8,0,4
BRDA:72,8,1,58
BRDA:92,9,0,2
BRDA:92,9,1,60
BRDA:95,10,0,21
BRDA:95,10,1,39
BRDA:95,11,0,60
BRDA:95,11,1,31
BRDA:95,11,2,31
BRDA:103,12,0,8
BRDA:103,12,1,156
BRDA:107,13,0,8
BRDA:107,13,1,0
BRDA:111,14,0,4
BRDA:111,14,1,12
BRDA:114,15,0,4
BRDA:114,15,1,4
BRDA:115,16,0,8
BRDA:115,16,1,0
BRDA:116,17,0,28
BRDA:116,17,1,128
BRDA:118,18,0,47
BRDA:118,18,1,81
BRDA:118,19,0,128
BRDA:118,19,1,49
BRDA:122,20,0,75
BRDA:122,20,1,89
BRDA:125,21,0,0
BRDA:125,21,1,75
BRDA:163,22,0,62
BRDA:163,22,1,0
BRDA:164,23,0,0
BRDA:164,23,1,62
BRDA:173,24,0,14
BRDA:173,24,1,26
BRDA:175,25,0,3
BRDA:175,25,1,11
BRDA:187,26,0,62
BRDA:187,26,1,45
BRDA:187,26,2,7
BRDA:193,27,0,62
BRDA:193,27,1,57
BRDA:193,27,2,56
BRDA:194,28,0,23
BRDA:194,28,1,39
BRDA:197,29,0,31
BRDA:197,29,1,31
BRDA:201,30,0,31
BRDA:201,30,1,31
BRDA:203,31,0,31
BRDA:203,31,1,30
BRDA:205,32,0,31
BRDA:205,32,1,30
BRDA:212,33,0,0
BRDA:212,33,1,62
BRDA:212,34,0,62
BRDA:212,34,1,10
BRDA:212,34,2,10
BRDA:215,35,0,0
BRDA:215,35,1,0
BRDA:215,36,0,0
BRDA:215,36,1,0
BRDA:215,36,2,0
BRDA:215,36,3,0
BRDA:225,37,0,0
BRDA:225,37,1,0
BRDA:225,38,0,0
BRDA:225,38,1,0
BRDA:225,38,2,0
BRDA:227,39,0,0
BRDA:227,39,1,0
BRDA:237,40,0,17
BRDA:237,40,1,26
BRDA:239,41,0,6
BRDA:239,41,1,11
BRDA:247,42,0,6
BRDA:247,42,1,5
BRDA:250,43,0,6
BRDA:250,43,1,5
BRDA:256,44,0,0
BRDA:256,44,1,0
BRDA:263,45,0,0
BRDA:263,45,1,0
BRDA:271,46,0,0
BRDA:271,46,1,86
BRDA:287,47,0,62
BRDA:287,47,1,0
BRDA:294,48,0,62
BRDA:294,48,1,0
BRF:105
BRH:77
end_of_record
TN:
SF:packages/react-native-web/src/exports/ImageBackground/index.js
FN:34,(anonymous_0)
FNF:1
FNH:1
FNDA:3,(anonymous_0)
DA:26,1
DA:34,1
DA:35,3
DA:36,3
DA:38,3
DA:65,1
LF:6
LH:6
BRDA:35,0,0,2
BRF:1
BRH:1
end_of_record
TN:
SF:packages/react-native-web/src/exports/InteractionManager/index.js
FN:23,(anonymous_0)
FN:26,(anonymous_1)
FN:27,(anonymous_2)
FN:38,(anonymous_3)
FN:47,(anonymous_4)
FN:54,(anonymous_5)
FN:58,(anonymous_6)
FNF:7
FNH:0
FNDA:0,(anonymous_0)
FNDA:0,(anonymous_1)
FNDA:0,(anonymous_2)
FNDA:0,(anonymous_3)
FNDA:0,(anonymous_4)
FNDA:0,(anonymous_5)
FNDA:0,(anonymous_6)
DA:14,1
DA:26,0
DA:27,0
DA:28,0
DA:29,0
DA:31,0
DA:35,0
DA:39,0
DA:48,0
DA:55,0
LF:10
LH:1
BRDA:28,0,0,0
BRDA:28,0,1,0
BRF:2
BRH:0
end_of_record
TN:
SF:packages/react-native-web/src/exports/Modal/ModalAnimation.js
FN:17,getAnimationStyle
FN:35,ModalAnimation
FN:44,(anonymous_2)
FN:65,(anonymous_3)
FNF:4
FNH:4
FNDA:42,getAnimationStyle
FNDA:87,ModalAnimation
FNDA:35,(anonymous_2)
FNDA:46,(anonymous_3)
DA:15,1
DA:18,42
DA:19,5
DA:21,37
DA:22,0
DA:24,37
DA:36,87
DA:38,87
DA:39,87
DA:41,87
DA:43,87
DA:45,35
DA:48,1
DA:51,34
DA:52,31
DA:53,31
DA:56,3
DA:57,3
DA:58,3
DA:65,87
DA:66,46
DA:67,32
DA:69,46
DA:71,32
DA:73,46
DA:76,87
DA:85,1
DA:136,1
DA:137,1
DA:138,1
DA:139,1
LF:31
LH:30
BRDA:18,0,0,5
BRDA:18,0,1,37
BRDA:19,1,0,5
BRDA:19,1,1,0
BRDA:21,2,0,0
BRDA:21,2,1,37
BRDA:22,3,0,0
BRDA:22,3,1,0
BRDA:24,4,0,34
BRDA:24,4,1,3
BRDA:41,5,0,87
BRDA:41,5,1,10
BRDA:45,6,0,1
BRDA:45,6,1,34
BRDA:45,7,0,35
BRDA:45,7,1,3
BRDA:51,8,0,31
BRDA:51,8,1,3
BRDA:52,9,0,31
BRDA:52,9,1,0
BRDA:57,10,0,3
BRDA:57,10,1,0
BRDA:66,11,0,32
BRDA:66,11,1,14
BRDA:69,12,0,32
BRDA:69,12,1,14
BRDA:69,13,0,46
BRDA:69,13,1,34
BRDA:76,14,0,73
BRDA:76,14,1,14
BRDA:76,15,0,87
BRDA:76,15,1,45
BRDA:78,16,0,42
BRDA:78,16,1,31
BRF:34
BRH:28
end_of_record
TN:
SF:packages/react-native-web/src/exports/Modal/ModalContent.js
FN:26,(anonymous_0)
FN:29,(anonymous_1)
FN:31,(anonymous_2)
FN:40,(anonymous_3)
FN:44,(anonymous_4)
FNF:5
FNH:5
FNDA:68,(anonymous_0)
FNDA:62,(anonymous_1)
FNDA:5,(anonymous_2)
FNDA:62,(anonymous_3)
FNDA:31,(anonymous_4)
DA:26,1
DA:27,68
DA:29,68
DA:30,62
DA:31,62
DA:32,5
DA:33,3
DA:34,3
DA:35,3
DA:39,62
DA:40,62
DA:44,68
DA:45,31
DA:48,68
DA:55,1
LF:15
LH:15
BRDA:30,0,0,62
BRDA:30,0,1,0
BRDA:32,1,0,3
BRDA:32,1,1,2
BRDA:32,2,0,5
BRDA:32,2,1,3
BRDA:34,3,0,3
BRDA:34,3,1,0
BRDA:45,4,0,0
BRDA:45,4,1,31
BRDA:49,5,0,34
BRDA:49,5,1,34
BRF:12
BRH:9
end_of_record
TN:
SF:packages/react-native-web/src/exports/Modal/ModalFocusTrap.js
FN:26,(anonymous_0)
FN:34,attemptFocus
FN:48,focusFirstDescendant
FN:58,focusLastDescendant
FN:73,(anonymous_4)
FN:82,(anonymous_5)
FN:84,(anonymous_6)
FN:124,(anonymous_7)
FN:130,(anonymous_8)
FN:133,(anonymous_9)
FNF:10
FNH:10
FNDA:136,(anonymous_0)
FNDA:106,attemptFocus
FNDA:109,focusFirstDescendant
FNDA:9,focusLastDescendant
FNDA:68,(anonymous_4)
FNDA:62,(anonymous_5)
FNDA:84,(anonymous_6)
FNDA:62,(anonymous_7)
FNDA:31,(anonymous_8)
FNDA:31,(anonymous_9)
DA:26,1
DA:27,136
DA:35,106
DA:36,0
DA:39,106
DA:40,106
DA:45,106
DA:49,109
DA:50,97
DA:51,97
DA:52,66
DA:55,43
DA:59,9
DA:60,9
DA:61,9
DA:62,9
DA:65,0
DA:73,1
DA:74,68
DA:75,68
DA:82,68
DA:83,62
DA:84,62
DA:89,84
DA:90,49
DA:93,35
DA:94,35
DA:95,35
DA:105,34
DA:106,34
DA:107,3
DA:110,34
DA:111,12
DA:115,35
DA:117,35
DA:121,62
DA:123,62
DA:124,62
DA:130,68
DA:131,31
DA:132,31
DA:133,31
DA:134,31
DA:135,28
DA:141,68
DA:152,1
LF:46
LH:44
BRDA:35,0,0,0
BRDA:35,0,1,106
BRDA:51,1,0,66
BRDA:51,1,1,31
BRDA:51,2,0,97
BRDA:51,2,1,75
BRDA:61,3,0,9
BRDA:61,3,1,0
BRDA:61,4,0,9
BRDA:61,4,1,6
BRDA:83,5,0,62
BRDA:83,5,1,0
BRDA:89,6,0,49
BRDA:89,6,1,35
BRDA:89,7,0,84
BRDA:89,7,1,80
BRDA:89,7,2,74
BRDA:95,8,0,34
BRDA:95,8,1,1
BRDA:96,9,0,35
BRDA:96,9,1,35
BRDA:106,10,0,3
BRDA:106,10,1,31
BRDA:110,11,0,12
BRDA:110,11,1,22
BRDA:110,12,0,34
BRDA:110,12,1,12
BRDA:110,12,2,12
BRDA:131,13,0,31
BRDA:131,13,1,0
BRDA:134,14,0,28
BRDA:134,14,1,3
BRDA:134,15,0,31
BRDA:134,15,1,31
BRF:34
BRH:30
end_of_record
TN:
SF:packages/react-native-web/src/exports/Modal/ModalPortal.js
FN:19,ModalPortal
FN:32,(anonymous_1)
FN:34,(anonymous_2)
FNF:3
FNH:3
FNDA:82,ModalPortal
FNDA:36,(anonymous_1)
FNDA:36,(anonymous_2)
DA:20,82
DA:21,82
DA:23,82
DA:24,36
DA:26,36
DA:27,36
DA:28,36
DA:32,82
DA:33,36
DA:34,36
DA:35,36
DA:36,36
DA:37,36
DA:43,82
LF:14
LH:14
BRDA:23,0,0,36
BRDA:23,0,1,46
BRDA:23,1,0,82
BRDA:23,1,1,82
BRDA:26,2,0,36
BRDA:26,2,1,0
BRDA:26,3,0,36
BRDA:26,3,1,36
BRDA:33,4,0,36
BRDA:33,4,1,0
BRDA:35,5,0,36
BRDA:35,5,1,0
BRDA:35,6,0,36
BRDA:35,6,1,36
BRDA:43,7,0,82
BRDA:43,7,1,0
BRDA:43,8,0,82
BRDA:43,8,1,82
BRF:18
BRH:14
end_of_record
TN:
SF:packages/react-native-web/src/exports/Modal/index.js
FN:39,notifyActiveModalListeners
FN:44,(anonymous_1)
FN:51,removeActiveModal
FN:65,addActiveModal
FN:75,(anonymous_4)
FN:88,(anonymous_5)
FN:92,(anonymous_6)
FN:99,(anonymous_7)
FN:106,(anonymous_8)
FN:107,(anonymous_9)
FNF:10
FNH:10
FNDA:62,notifyActiveModalListeners
FNDA:41,(anonymous_1)
FNDA:70,removeActiveModal
FNDA:31,addActiveModal
FNDA:85,(anonymous_4)
FNDA:36,(anonymous_5)
FNDA:3,(anonymous_6)
FNDA:31,(anonymous_7)
FNDA:36,(anonymous_8)
FNDA:36,(anonymous_9)
DA:34,1
DA:36,1
DA:37,1
DA:40,62
DA:41,26
DA:43,36
DA:44,36
DA:45,41
DA:46,41
DA:52,70
DA:55,31
DA:56,31
DA:58,70
DA:59,70
DA:60,31
DA:61,31
DA:66,31
DA:67,31
DA:68,31
DA:69,31
DA:75,1
DA:84,85
DA:88,85
DA:90,85
DA:92,85
DA:93,3
DA:94,3
DA:95,1
DA:99,85
DA:100,31
DA:101,31
DA:102,2
DA:106,85
DA:107,36
DA:110,85
LF:35
LH:35
BRDA:40,0,0,26
BRDA:40,0,1,36
BRDA:45,1,0,41
BRDA:45,1,1,0
BRDA:52,2,0,31
BRDA:52,2,1,39
BRDA:59,3,0,31
BRDA:59,3,1,39
BRDA:83,4,0,4
BRDA:94,5,0,1
BRDA:94,5,1,2
BRDA:101,6,0,2
BRDA:101,6,1,29
BRF:13
BRH:12
end_of_record
TN:
SF:packages/react-native-web/src/exports/Picker/PickerItem.js
FN:22,PickerItem
FNF:1
FNH:1
FNDA:11,PickerItem
DA:23,11
DA:24,11
DA:25,11
LF:3
LH:3
BRF:0
BRH:0
end_of_record
TN:
SF:packages/react-native-web/src/exports/Picker/index.js
FN:37,(anonymous_0)
FN:55,handleChange
FNF:2
FNH:2
FNDA:5,(anonymous_0)
FNDA:1,handleChange
DA:37,1
DA:51,5
DA:53,5
DA:56,1
DA:57,1
DA:58,1
DA:63,5
DA:73,5
DA:75,5
DA:77,5
DA:79,5
DA:83,1
DA:85,1
LF:13
LH:13
BRDA:57,0,0,1
BRDA:57,0,1,0
BRDA:65,1,0,1
BRDA:65,1,1,4
BRF:4
BRH:3
end_of_record
TN:
SF:packages/react-native-web/src/exports/Platform/index.js
FN:13,(anonymous_0)
FN:14,(anonymous_1)
FNF:2
FNH:2
FNDA:2,(anonymous_0)
FNDA:3,(anonymous_1)
DA:11,3
DA:13,2
DA:15,3
DA:16,2
DA:18,1
LF:5
LH:5
BRDA:13,0,0,1
BRDA:13,0,1,1
BRDA:15,1,0,2
BRDA:15,1,1,1
BRF:4
BRH:4
end_of_record
TN:
SF:packages/react-native-web/src/exports/Pressable/index.js
FN:72,Pressable
FN:105,(anonymous_1)
FN:146,(anonymous_2)
FN:158,(anonymous_3)
FN:170,(anonymous_4)
FN:182,(anonymous_5)
FN:214,useForceableState
FNF:7
FNH:7
FNDA:26,Pressable
FNDA:18,(anonymous_1)
FNDA:1,(anonymous_2)
FNDA:2,(anonymous_3)
FNDA:1,(anonymous_4)
FNDA:1,(anonymous_5)
FNDA:78,useForceableState
DA:95,26
DA:97,26
DA:98,26
DA:99,26
DA:101,26
DA:102,26
DA:104,26
DA:105,18
DA:131,26
DA:133,26
DA:135,26
DA:143,26
DA:145,26
DA:147,1
DA:148,1
DA:149,1
DA:150,1
DA:157,26
DA:159,2
DA:160,2
DA:161,2
DA:162,1
DA:169,26
DA:171,1
DA:172,1
DA:174,1
DA:175,1
DA:181,26
DA:183,1
DA:184,1
DA:186,1
DA:187,0
DA:193,26
DA:215,78
DA:216,78
DA:219,1
DA:226,1
DA:227,1
LF:38
LH:37
BRDA:147,0,0,1
BRDA:147,0,1,0
BRDA:149,1,0,1
BRDA:149,1,1,0
BRDA:159,2,0,2
BRDA:159,2,1,0
BRDA:161,3,0,1
BRDA:161,3,1,1
BRDA:171,4,0,1
BRDA:171,4,1,0
BRDA:174,5,0,1
BRDA:174,5,1,0
BRDA:183,6,0,1
BRDA:183,6,1,0
BRDA:186,7,0,0
BRDA:186,7,1,1
BRDA:198,8,0,26
BRDA:198,8,1,25
BRDA:205,9,0,26
BRDA:205,9,1,25
BRDA:206,10,0,12
BRDA:206,10,1,14
BRDA:209,11,0,12
BRDA:209,11,1,14
BRDA:216,12,0,78
BRDA:216,12,1,68
BRF:26
BRH:19
end_of_record
TN:
SF:packages/react-native-web/src/exports/ProgressBar/index.js
FN:28,(anonymous_0)
FN:41,(anonymous_1)
FNF:2
FNH:2
FNDA:2,(anonymous_0)
FNDA:2,(anonymous_1)
DA:28,1
DA:36,2
DA:38,2
DA:40,2
DA:41,2
DA:42,2
DA:43,2
DA:44,2
DA:50,2
DA:70,1
DA:72,1
LF:11
LH:11
BRDA:30,0,0,2
BRDA:31,1,0,1
BRDA:32,2,0,0
BRDA:33,3,0,2
BRDA:42,4,0,1
BRDA:42,4,1,1
BRDA:43,5,0,2
BRDA:43,5,1,0
BRDA:57,6,0,1
BRDA:57,6,1,1
BRDA:64,7,0,2
BRDA:64,7,1,1
BRF:12
BRH:10
end_of_record
TN:
SF:packages/react-native-web/src/exports/ScrollView/ScrollViewBase.js
FN:32,normalizeScrollEvent
FN:36,(anonymous_1)
FN:39,(anonymous_2)
FN:44,(anonymous_3)
FN:47,(anonymous_4)
FN:52,(anonymous_5)
FN:55,(anonymous_6)
FN:64,shouldEmitScrollEvent
FN:75,(anonymous_8)
FN:92,createPreventableScrollHandler
FN:93,(anonymous_10)
FN:102,handleScroll
FN:110,(anonymous_12)
FN:125,handleScrollStart
FN:130,handleScrollTick
FN:137,handleScrollEnd
FNF:16
FNH:7
FNDA:1,normalizeScrollEvent
FNDA:0,(anonymous_1)
FNDA:0,(anonymous_2)
FNDA:0,(anonymous_3)
FNDA:0,(anonymous_4)
FNDA:0,(anonymous_5)
FNDA:0,(anonymous_6)
FNDA:1,shouldEmitScrollEvent
FNDA:8,(anonymous_8)
FNDA:16,createPreventableScrollHandler
FNDA:0,(anonymous_10)
FNDA:2,handleScroll
FNDA:0,(anonymous_12)
FNDA:1,handleScrollStart
FNDA:1,handleScrollTick
FNDA:0,handleScrollEnd
DA:33,1
DA:37,0
DA:40,0
DA:45,0
DA:48,0
DA:53,0
DA:56,0
DA:65,1
DA:66,1
DA:75,2
DA:86,8
DA:88,8
DA:89,8
DA:90,8
DA:93,16
DA:94,0
DA:95,0
DA:96,0
DA:103,2
DA:104,2
DA:105,2
DA:107,2
DA:108,1
DA:110,2
DA:111,0
DA:113,2
DA:115,1
DA:116,0
DA:120,1
DA:126,1
DA:127,1
DA:131,1
DA:132,1
DA:133,1
DA:138,0
DA:139,0
DA:140,0
DA:145,8
DA:147,8
DA:166,2
LF:40
LH:26
BRDA:66,0,0,1
BRDA:66,0,1,1
BRDA:80,1,0,8
BRDA:81,2,0,6
BRDA:94,3,0,0
BRDA:94,3,1,0
BRDA:95,4,0,0
BRDA:95,4,1,0
BRDA:104,5,0,2
BRDA:104,5,1,0
BRDA:107,6,0,1
BRDA:107,6,1,1
BRDA:113,7,0,1
BRDA:113,7,1,1
BRDA:115,8,0,0
BRDA:115,8,1,1
BRDA:132,9,0,1
BRDA:132,9,1,0
BRDA:139,10,0,0
BRDA:139,10,1,0
BRDA:145,11,0,8
BRDA:145,11,1,8
BRDA:156,12,0,8
BRDA:156,12,1,0
BRDA:157,13,0,8
BRDA:157,13,1,0
BRF:26
BRH:15
end_of_record
TN:
SF:packages/react-native-web/src/exports/ScrollView/index.js
FN:43,(anonymous_0)
FN:47,(anonymous_1)
FN:57,(anonymous_2)
FN:61,(anonymous_3)
FN:65,(anonymous_4)
FN:69,(anonymous_5)
FN:73,(anonymous_6)
FN:87,(anonymous_7)
FN:115,(anonymous_8)
FN:126,(anonymous_9)
FN:145,(anonymous_10)
FN:164,(anonymous_11)
FN:239,(anonymous_12)
FN:244,(anonymous_13)
FN:264,(anonymous_14)
FN:268,(anonymous_15)
FN:336,(anonymous_16)
FNF:17
FNH:7
FNDA:7,(anonymous_0)
FNDA:0,(anonymous_1)
FNDA:0,(anonymous_2)
FNDA:0,(anonymous_3)
FNDA:0,(anonymous_4)
FNDA:0,(anonymous_5)
FNDA:0,(anonymous_6)
FNDA:0,(anonymous_7)
FNDA:0,(anonymous_8)
FNDA:8,(anonymous_9)
FNDA:8,(anonymous_10)
FNDA:0,(anonymous_11)
FNDA:0,(anonymous_12)
FNDA:1,(anonymous_13)
FNDA:14,(anonymous_14)
FNDA:14,(anonymous_15)
FNDA:8,(anonymous_16)
DA:37,2
DA:40,2
DA:44,7
DA:48,0
DA:58,0
DA:62,0
DA:66,0
DA:70,0
DA:74,0
DA:92,0
DA:93,0
DA:97,0
DA:100,0
DA:117,0
DA:118,0
DA:119,0
DA:120,0
DA:121,0
DA:122,0
DA:123,0
DA:140,8
DA:142,8
DA:143,4
DA:144,4
DA:145,8
DA:147,4
DA:154,8
DA:155,8
DA:156,0
DA:161,8
DA:163,8
DA:165,0
DA:166,0
DA:167,0
DA:178,0
DA:184,8
DA:196,8
DA:197,8
DA:201,8
DA:222,8
DA:224,8
DA:227,8
DA:232,8
DA:233,1
DA:236,7
DA:240,0
DA:241,0
DA:245,1
DA:246,1
DA:247,0
DA:257,1
DA:258,0
DA:261,1
DA:265,14
DA:269,14
DA:273,14
DA:274,7
DA:275,7
DA:276,7
DA:277,7
DA:278,7
DA:279,7
DA:280,7
DA:281,7
DA:282,7
DA:283,7
DA:285,14
DA:286,14
DA:290,2
DA:301,2
DA:336,2
DA:337,8
DA:340,2
LF:73
LH:47
BRDA:92,0,0,0
BRDA:92,0,1,0
BRDA:97,1,0,0
BRDA:97,1,1,0
BRDA:101,2,0,0
BRDA:101,2,1,0
BRDA:102,3,0,0
BRDA:102,3,1,0
BRDA:117,4,0,0
BRDA:117,4,1,0
BRDA:121,5,0,0
BRDA:121,5,1,0
BRDA:122,6,0,0
BRDA:122,6,1,0
BRDA:142,7,0,4
BRDA:142,7,1,4
BRDA:142,8,0,8
BRDA:142,8,1,8
BRDA:145,9,0,8
BRDA:145,9,1,8
BRDA:155,10,0,0
BRDA:155,10,1,8
BRDA:161,11,0,8
BRDA:161,11,1,8
BRDA:163,12,0,0
BRDA:163,12,1,8
BRDA:163,13,0,8
BRDA:163,13,1,8
BRDA:165,14,0,0
BRDA:165,14,1,0
BRDA:166,15,0,0
BRDA:166,15,1,0
BRDA:166,16,0,0
BRDA:166,16,1,0
BRDA:166,16,2,0
BRDA:170,17,0,0
BRDA:170,17,1,0
BRDA:171,18,0,0
BRDA:171,18,1,0
BRDA:190,19,0,8
BRDA:190,19,1,0
BRDA:196,20,0,0
BRDA:196,20,1,8
BRDA:197,21,0,0
BRDA:197,21,1,8
BRDA:203,22,0,8
BRDA:203,22,1,0
BRDA:232,23,0,1
BRDA:232,23,1,7
BRDA:245,24,0,1
BRDA:245,24,1,0
BRDA:246,25,0,0
BRDA:246,25,1,1
BRDA:246,26,0,1
BRDA:246,26,1,1
BRDA:257,27,0,0
BRDA:257,27,1,1
BRDA:273,28,0,7
BRDA:273,28,1,7
BRF:59
BRH:25
end_of_record
TN:
SF:packages/react-native-web/src/exports/SectionList/index.js
FNF:0
FNH:0
LF:0
LH:0
BRF:0
BRH:0
end_of_record
TN:
SF:packages/react-native-web/src/exports/StyleSheet/ReactNativePropRegistry.js
FN:16,(anonymous_0)
FN:19,(anonymous_1)
FN:29,(anonymous_2)
FNF:3
FNH:3
FNDA:643,(anonymous_0)
FNDA:239,(anonymous_1)
FNDA:404,(anonymous_2)
DA:11,22
DA:12,22
DA:13,22
DA:14,22
DA:16,643
DA:20,239
DA:21,239
DA:22,239
DA:24,239
DA:25,239
DA:26,239
DA:30,404
DA:33,0
DA:35,404
DA:36,404
DA:37,404
DA:38,0
DA:39,0
DA:41,404
LF:19
LH:16
BRDA:21,0,0,239
BRDA:21,0,1,0
BRDA:30,1,0,0
BRDA:30,1,1,404
BRDA:37,2,0,0
BRDA:37,2,1,404
BRF:6
BRH:3
end_of_record
TN:
SF:packages/react-native-web/src/exports/StyleSheet/StyleSheet.js
FN:26,(anonymous_0)
FN:31,(anonymous_1)
FN:47,(anonymous_2)
FN:49,(anonymous_3)
FNF:4
FNH:3
FNDA:1601,(anonymous_0)
FNDA:0,(anonymous_1)
FNDA:66,(anonymous_2)
FNDA:211,(anonymous_3)
DA:14,20
DA:21,20
DA:23,20
DA:27,1601
DA:29,1601
DA:30,1601
DA:31,0
DA:32,0
DA:41,1601
DA:42,11
DA:44,1590
DA:48,66
DA:49,66
DA:50,211
DA:51,211
DA:53,211
DA:54,211
DA:56,66
LF:18
LH:16
BRDA:27,0,0,1601
BRDA:27,0,1,0
BRDA:30,1,0,0
BRDA:30,1,1,1601
BRDA:41,2,0,11
BRDA:41,2,1,1590
BRDA:41,3,0,1601
BRDA:41,3,1,13
BRDA:44,4,0,1590
BRDA:44,4,1,1588
BRDA:50,5,0,211
BRDA:50,5,1,0
BRDA:53,6,0,211
BRDA:53,6,1,211
BRF:14
BRH:11
end_of_record
TN:
SF:packages/react-native-web/src/exports/StyleSheet/compile.js
FN:29,(anonymous_0)
FN:38,(anonymous_1)
FN:49,atomic
FN:52,(anonymous_3)
FN:80,classic
FN:102,inline
FN:110,stringifyValueWithProperty
FN:122,createAtomicRules
FN:194,createDeclarationBlock
FN:197,(anonymous_9)
FN:205,(anonymous_10)
FN:221,createIdentifier
FN:231,createKeyframes
FN:238,(anonymous_13)
FN:246,(anonymous_14)
FN:255,processKeyframesValue
FN:264,(anonymous_16)
FNF:17
FNH:17
FNDA:213,(anonymous_0)
FNDA:182,(anonymous_1)
FNDA:78,atomic
FNDA:213,(anonymous_3)
FNDA:77,classic
FNDA:109,inline
FNDA:2219,stringifyValueWithProperty
FNDA:182,createAtomicRules
FNDA:280,createDeclarationBlock
FNDA:1170,(anonymous_9)
FNDA:78,(anonymous_10)
FNDA:266,createIdentifier
FNDA:7,createKeyframes
FNDA:16,(anonymous_13)
FNDA:14,(anonymous_14)
FNDA:5,processKeyframesValue
FNDA:7,(anonymous_16)
DA:28,21
DA:30,213
DA:35,31
DA:39,182
DA:40,152
DA:42,182
DA:50,78
DA:53,213
DA:54,213
DA:55,213
DA:56,213
DA:57,213
DA:58,31
DA:59,31
DA:61,182
DA:62,182
DA:63,182
DA:69,182
DA:72,213
DA:81,77
DA:82,77
DA:84,77
DA:85,77
DA:87,77
DA:88,1
DA:89,1
DA:90,1
DA:92,77
DA:93,77
DA:95,77
DA:103,109
DA:112,2219
DA:113,2219
DA:123,182
DA:124,182
DA:128,182
DA:130,4
DA:131,4
DA:132,4
DA:133,4
DA:138,1
DA:139,1
DA:145,1
DA:151,5
DA:152,5
DA:153,3
DA:154,3
DA:155,3
DA:156,3
DA:158,2
DA:159,2
DA:160,2
DA:161,2
DA:162,2
DA:165,5
DA:166,5
DA:167,5
DA:173,1
DA:174,1
DA:176,1
DA:177,1
DA:178,1
DA:182,171
DA:183,171
DA:184,171
DA:188,182
DA:195,280
DA:196,280
DA:198,1170
DA:199,1170
DA:204,1170
DA:205,78
DA:207,1152
DA:215,280
DA:222,266
DA:223,266
DA:232,7
DA:233,7
DA:236,7
DA:239,16
DA:240,16
DA:241,16
DA:246,7
DA:247,14
DA:249,7
DA:256,5
DA:257,0
DA:260,5
DA:261,5
DA:262,5
DA:264,5
DA:265,7
DA:267,0
DA:270,7
DA:271,7
DA:272,7
DA:276,5
LF:97
LH:95
BRDA:30,0,0,31
BRDA:30,0,1,182
BRDA:31,1,0,213
BRDA:31,1,1,61
BRDA:31,1,2,31
BRDA:39,2,0,152
BRDA:39,2,1,30
BRDA:54,3,0,213
BRDA:54,3,1,0
BRDA:57,4,0,31
BRDA:57,4,1,182
BRDA:87,5,0,1
BRDA:87,5,1,76
BRDA:113,6,0,337
BRDA:113,6,1,1882
BRDA:114,7,0,337
BRDA:114,7,1,80
BRDA:128,8,0,4
BRDA:128,8,1,1
BRDA:128,8,2,5
BRDA:128,8,3,1
BRDA:128,8,4,171
BRDA:152,9,0,3
BRDA:152,9,1,2
BRDA:152,10,0,5
BRDA:152,10,1,5
BRDA:154,11,0,3
BRDA:154,11,1,0
BRDA:158,12,0,2
BRDA:158,12,1,0
BRDA:158,13,0,2
BRDA:158,13,1,2
BRDA:160,14,0,2
BRDA:160,14,1,0
BRDA:173,15,0,1
BRDA:173,15,1,0
BRDA:204,16,0,18
BRDA:204,16,1,1152
BRDA:223,17,0,266
BRDA:223,17,1,0
BRDA:256,18,0,0
BRDA:256,18,1,5
BRDA:262,19,0,4
BRDA:262,19,1,1
BRDA:265,20,0,0
BRDA:265,20,1,7
BRF:46
BRH:38
end_of_record
TN:
SF:packages/react-native-web/src/exports/StyleSheet/constants.js
FNF:0
FNH:0
DA:10,22
DA:12,22
DA:37,22
DA:57,22
DA:59,22
LF:5
LH:5
BRF:0
BRH:0
end_of_record
TN:
SF:packages/react-native-web/src/exports/StyleSheet/createCSSStyleSheet.js
FN:13,createCSSStyleSheet
FNF:1
FNH:1
FNDA:31,createCSSStyleSheet
DA:14,31
DA:15,25
DA:16,25
DA:18,5
DA:20,20
DA:21,20
DA:22,20
DA:23,20
DA:24,20
DA:26,20
DA:29,6
LF:11
LH:11
BRDA:14,0,0,25
BRDA:14,0,1,6
BRDA:16,1,0,5
BRDA:16,1,1,20
BRDA:23,2,0,20
BRDA:23,2,1,0
BRF:6
BRH:5
end_of_record
TN:
SF:packages/react-native-web/src/exports/StyleSheet/createCompileableStyle.js
FN:15,boxShadowReducer
FN:23,textShadowReducer
FN:43,(anonymous_2)
FNF:3
FNH:3
FNDA:6,boxShadowReducer
FNDA:9,textShadowReducer
FNDA:663,(anonymous_2)
DA:13,21
DA:16,6
DA:17,6
DA:18,6
DA:19,6
DA:24,9
DA:25,9
DA:26,9
DA:27,9
DA:28,9
DA:29,9
DA:30,9
DA:32,9
DA:39,4
DA:43,21
DA:53,663
DA:55,663
DA:61,6
DA:64,663
DA:65,9
DA:67,663
LF:21
LH:21
BRDA:18,0,0,6
BRDA:18,0,1,0
BRDA:19,1,0,0
BRDA:19,1,1,6
BRDA:25,2,0,9
BRDA:25,2,1,4
BRDA:26,3,0,9
BRDA:26,3,1,6
BRDA:32,4,0,4
BRDA:32,4,1,5
BRDA:33,5,0,9
BRDA:33,5,1,7
BRDA:33,5,2,5
BRDA:33,5,3,4
BRDA:33,5,4,4
BRDA:33,5,5,4
BRDA:33,5,6,4
BRDA:55,6,0,6
BRDA:55,6,1,657
BRDA:56,7,0,663
BRDA:56,7,1,659
BRDA:56,7,2,658
BRDA:56,7,3,658
BRDA:64,8,0,9
BRDA:64,8,1,654
BRDA:64,9,0,663
BRDA:64,9,1,656
BRDA:64,9,2,655
BRF:28
BRH:26
end_of_record
TN:
SF:packages/react-native-web/src/exports/StyleSheet/createOrderedCSSStyleSheet.js
FN:30,createOrderedCSSStyleSheet
FN:44,(anonymous_1)
FN:60,sheetInsert
FN:92,(anonymous_3)
FN:94,(anonymous_4)
FN:104,(anonymous_5)
FN:146,encodeGroupRule
FN:150,decodeGroupRule
FN:154,getOrderedGroups
FN:157,(anonymous_9)
FN:161,getSelectorText
FN:166,insertRuleAt
FNF:12
FNH:12
FNDA:38,createOrderedCSSStyleSheet
FNDA:116,(anonymous_1)
FNDA:394,sheetInsert
FNDA:18,(anonymous_3)
FNDA:44,(anonymous_4)
FNDA:431,(anonymous_5)
FNDA:121,encodeGroupRule
FNDA:24,decodeGroupRule
FNDA:412,getOrderedGroups
FNDA:1689,(anonymous_9)
FNDA:523,getSelectorText
FNDA:394,insertRuleAt
DA:13,21
DA:36,38
DA:37,38
DA:42,38
DA:44,27
DA:45,116
DA:47,116
DA:48,24
DA:49,24
DA:51,92
DA:52,92
DA:53,92
DA:54,92
DA:61,394
DA:62,394
DA:63,394
DA:64,394
DA:67,394
DA:70,394
DA:72,394
DA:74,394
DA:75,83
DA:78,394
DA:79,154
DA:80,154
DA:81,154
DA:85,394
DA:88,38
DA:93,18
DA:95,44
DA:96,44
DA:105,431
DA:108,431
DA:109,121
DA:111,121
DA:113,121
DA:114,83
DA:121,431
DA:122,431
DA:124,380
DA:125,380
DA:127,380
DA:128,311
DA:129,311
DA:132,0
DA:139,38
DA:147,121
DA:151,24
DA:155,412
DA:157,1689
DA:160,21
DA:162,523
DA:163,523
DA:167,394
DA:169,394
DA:170,394
DA:174,0
LF:57
LH:55
BRDA:42,0,0,27
BRDA:42,0,1,11
BRDA:47,1,0,24
BRDA:47,1,1,92
BRDA:52,2,0,92
BRDA:52,2,1,0
BRDA:67,3,0,145
BRDA:67,3,1,249
BRDA:67,4,0,394
BRDA:67,4,1,145
BRDA:72,5,0,394
BRDA:72,5,1,0
BRDA:74,6,0,83
BRDA:74,6,1,311
BRDA:80,7,0,154
BRDA:80,7,1,20
BRDA:108,8,0,121
BRDA:108,8,1,310
BRDA:113,9,0,83
BRDA:113,9,1,38
BRDA:122,10,0,380
BRDA:122,10,1,51
BRDA:122,11,0,431
BRDA:122,11,1,431
BRDA:127,12,0,311
BRDA:127,12,1,69
BRDA:129,13,0,0
BRDA:129,13,1,311
BRDA:157,14,0,1174
BRDA:157,14,1,515
BRDA:163,15,0,523
BRDA:163,15,1,0
BRF:32
BRH:28
end_of_record
TN:
SF:packages/react-native-web/src/exports/StyleSheet/createReactDOMStyle.js
FN:41,(anonymous_0)
FN:52,(anonymous_1)
FN:64,(anonymous_2)
FN:73,(anonymous_3)
FN:173,(anonymous_4)
FNF:5
FNH:5
FNDA:17,(anonymous_0)
FNDA:13,(anonymous_1)
FNDA:412,(anonymous_2)
FNDA:1011,(anonymous_3)
FNDA:514,(anonymous_4)
DA:25,22
DA:28,22
DA:41,22
DA:42,17
DA:43,17
DA:44,17
DA:45,2
DA:47,15
DA:48,15
DA:52,22
DA:53,13
DA:54,13
DA:55,12
DA:57,13
DA:64,22
DA:65,412
DA:66,0
DA:69,412
DA:71,412
DA:74,1011
DA:77,1011
DA:78,76
DA:81,935
DA:87,1
DA:91,1
DA:92,1
DA:98,0
DA:99,0
DA:100,0
DA:102,0
DA:108,8
DA:109,1
DA:110,1
DA:111,1
DA:113,7
DA:115,8
DA:119,33
DA:120,33
DA:124,7
DA:125,5
DA:126,5
DA:127,5
DA:128,2
DA:129,1
DA:131,1
DA:133,7
DA:137,1
DA:138,1
DA:140,1
DA:144,2
DA:145,2
DA:151,0
DA:152,0
DA:154,0
DA:156,0
DA:161,13
DA:162,13
DA:166,0
DA:167,0
DA:171,869
DA:172,869
DA:173,139
DA:176,514
DA:177,511
DA:181,730
DA:187,412
LF:66
LH:55
BRDA:28,0,0,22
BRDA:28,0,1,22
BRDA:28,0,2,0
BRDA:28,0,3,0
BRDA:28,0,4,0
BRDA:44,1,0,2
BRDA:44,1,1,15
BRDA:44,2,0,17
BRDA:44,2,1,16
BRDA:54,3,0,12
BRDA:54,3,1,1
BRDA:65,4,0,0
BRDA:65,4,1,412
BRDA:77,5,0,76
BRDA:77,5,1,935
BRDA:81,6,0,0
BRDA:81,6,1,0
BRDA:81,6,2,1
BRDA:81,6,3,1
BRDA:81,6,4,1
BRDA:81,6,5,0
BRDA:81,6,6,8
BRDA:81,6,7,33
BRDA:81,6,8,7
BRDA:81,6,9,1
BRDA:81,6,10,2
BRDA:81,6,11,0
BRDA:81,6,12,13
BRDA:81,6,13,13
BRDA:81,6,14,0
BRDA:81,6,15,869
BRDA:98,7,0,0
BRDA:98,7,1,0
BRDA:108,8,0,1
BRDA:108,8,1,7
BRDA:124,9,0,5
BRDA:124,9,1,2
BRDA:128,10,0,1
BRDA:128,10,1,1
BRDA:137,11,0,1
BRDA:137,11,1,0
BRDA:137,12,0,1
BRDA:137,12,1,1
BRDA:144,13,0,1
BRDA:144,13,1,1
BRDA:151,14,0,0
BRDA:151,14,1,0
BRDA:172,15,0,139
BRDA:172,15,1,730
BRDA:176,16,0,511
BRDA:176,16,1,3
BRDA:181,17,0,2
BRDA:181,17,1,728
BRF:53
BRH:39
end_of_record
TN:
SF:packages/react-native-web/src/exports/StyleSheet/createStyleResolver.js
FN:28,createStyleResolver
FN:32,(anonymous_1)
FN:36,(anonymous_2)
FN:37,(anonymous_3)
FN:44,addToCache
FN:51,getClassName
FN:56,_injectRegisteredStyle
FN:62,(anonymous_7)
FN:65,(anonymous_8)
FN:77,resolve
FN:86,(anonymous_10)
FN:90,(anonymous_11)
FN:147,_resolveStyle
FN:163,(anonymous_13)
FN:180,(anonymous_14)
FN:183,(anonymous_15)
FN:213,(anonymous_16)
FN:225,(anonymous_17)
FN:227,(anonymous_18)
FN:231,(anonymous_19)
FN:240,(anonymous_20)
FN:249,(anonymous_21)
FN:254,(anonymous_22)
FNF:23
FNH:23
FNDA:25,createStyleResolver
FNDA:31,(anonymous_1)
FNDA:31,(anonymous_2)
FNDA:124,(anonymous_3)
FNDA:204,addToCache
FNDA:1558,getClassName
FNDA:890,_injectRegisteredStyle
FNDA:204,(anonymous_7)
FNDA:216,(anonymous_8)
FNDA:1045,resolve
FNDA:690,(anonymous_10)
FNDA:36,(anonymous_11)
FNDA:1045,_resolveStyle
FNDA:1698,(anonymous_13)
FNDA:1,(anonymous_14)
FNDA:2,(anonymous_15)
FNDA:6,(anonymous_16)
FNDA:42,(anonymous_17)
FNDA:76,(anonymous_18)
FNDA:76,(anonymous_19)
FNDA:2,(anonymous_20)
FNDA:512,(anonymous_21)
FNDA:1045,(anonymous_22)
DA:30,25
DA:32,25
DA:33,31
DA:34,31
DA:35,31
DA:36,31
DA:37,31
DA:38,124
DA:42,25
DA:45,204
DA:46,154
DA:48,204
DA:52,1558
DA:53,1558
DA:57,890
DA:58,890
DA:59,890
DA:60,76
DA:61,76
DA:62,76
DA:63,204
DA:64,204
DA:65,204
DA:66,216
DA:67,216
DA:70,76
DA:78,1045
DA:79,1045
DA:81,1045
DA:82,0
DA:85,1045
DA:86,1030
DA:87,690
DA:88,690
DA:89,36
DA:90,36
DA:91,36
DA:93,36
DA:96,690
DA:101,1045
DA:103,273
DA:104,273
DA:105,273
DA:106,772
DA:108,346
DA:113,426
DA:114,426
DA:115,426
DA:116,426
DA:117,848
DA:118,848
DA:119,231
DA:121,617
DA:122,611
DA:124,617
DA:127,426
DA:128,426
DA:131,1045
DA:133,1045
DA:137,1045
DA:138,108
DA:141,1045
DA:148,1045
DA:149,1045
DA:152,1045
DA:153,473
DA:156,572
DA:157,572
DA:160,572
DA:164,1698
DA:165,1698
DA:166,1558
DA:167,1558
DA:168,1365
DA:173,193
DA:179,1
DA:180,1
DA:181,1
DA:182,1
DA:183,1
DA:184,2
DA:188,192
DA:189,108
DA:192,192
DA:196,1698
DA:201,572
DA:202,108
DA:205,572
DA:206,39
DA:209,572
DA:212,25
DA:214,6
DA:216,6
DA:217,6
DA:220,6
DA:226,42
DA:227,42
DA:228,76
DA:229,76
DA:231,76
DA:232,76
DA:233,76
DA:234,76
DA:237,42
DA:241,2
DA:249,20
DA:250,512
DA:251,512
DA:254,1045
LF:109
LH:108
BRDA:45,0,0,154
BRDA:45,0,1,50
BRDA:53,1,0,1558
BRDA:53,1,1,1425
BRDA:53,1,2,1365
BRDA:58,2,0,6
BRDA:58,2,1,884
BRDA:58,3,0,3
BRDA:58,3,1,3
BRDA:59,4,0,76
BRDA:59,4,1,814
BRDA:66,5,0,216
BRDA:66,5,1,190
BRDA:81,6,0,0
BRDA:81,6,1,1045
BRDA:81,7,0,1045
BRDA:81,7,1,328
BRDA:85,8,0,1030
BRDA:85,8,1,15
BRDA:87,9,0,690
BRDA:87,9,1,0
BRDA:88,10,0,36
BRDA:88,10,1,654
BRDA:88,11,0,690
BRDA:88,11,1,36
BRDA:101,12,0,273
BRDA:101,12,1,772
BRDA:106,13,0,346
BRDA:106,13,1,426
BRDA:118,14,0,231
BRDA:118,14,1,617
BRDA:121,15,0,611
BRDA:121,15,1,6
BRDA:127,16,0,239
BRDA:127,16,1,187
BRDA:137,17,0,108
BRDA:137,17,1,937
BRDA:149,18,0,2
BRDA:149,18,1,1043
BRDA:149,19,0,1
BRDA:149,19,1,1
BRDA:152,20,0,473
BRDA:152,20,1,572
BRDA:152,21,0,1045
BRDA:152,21,1,512
BRDA:165,22,0,1558
BRDA:165,22,1,140
BRDA:167,23,0,1365
BRDA:167,23,1,193
BRDA:173,24,0,1
BRDA:173,24,1,192
BRDA:174,25,0,193
BRDA:174,25,1,193
BRDA:174,25,2,193
BRDA:174,25,3,192
BRDA:188,26,0,108
BRDA:188,26,1,84
BRDA:201,27,0,108
BRDA:201,27,1,464
BRDA:205,28,0,39
BRDA:205,28,1,533
BRDA:216,29,0,6
BRDA:216,29,1,0
BRDA:233,30,0,76
BRDA:233,30,1,38
BRF:65
BRH:62
end_of_record
TN:
SF:packages/react-native-web/src/exports/StyleSheet/css.js
FN:21,(anonymous_0)
FNF:1
FNH:1
FNDA:42,(anonymous_0)
DA:17,19
DA:22,42
LF:2
LH:2
BRF:0
BRH:0
end_of_record
TN:
SF:packages/react-native-web/src/exports/StyleSheet/flattenStyle.js
FN:14,getStyle
FN:21,flattenStyle
FNF:2
FNH:2
FNDA:685,getStyle
FNDA:1304,flattenStyle
DA:15,685
DA:16,404
DA:18,281
DA:22,1304
DA:23,388
DA:26,916
DA:27,916
DA:30,916
DA:31,685
DA:34,231
DA:35,231
DA:36,575
DA:37,575
DA:38,569
DA:39,1811
DA:40,1811
DA:44,231
LF:17
LH:17
BRDA:15,0,0,404
BRDA:15,0,1,281
BRDA:22,1,0,388
BRDA:22,1,1,916
BRDA:26,2,0,916
BRDA:26,2,1,0
BRDA:30,3,0,685
BRDA:30,3,1,231
BRDA:37,4,0,569
BRDA:37,4,1,6
BRF:10
BRH:9
end_of_record
TN:
SF:packages/react-native-web/src/exports/StyleSheet/i18nStyle.js
FN:79,(anonymous_0)
FN:81,(anonymous_1)
FNF:2
FNH:2
FNDA:2,(anonymous_0)
FNDA:663,(anonymous_1)
DA:13,21
DA:15,21
DA:16,21
DA:17,21
DA:18,21
DA:19,21
DA:20,21
DA:21,21
DA:22,21
DA:23,21
DA:24,21
DA:25,21
DA:26,21
DA:27,21
DA:28,21
DA:29,21
DA:30,21
DA:33,21
DA:53,21
DA:72,21
DA:79,21
DA:81,21
DA:82,663
DA:83,663
DA:84,663
DA:85,663
DA:87,663
DA:88,1967
DA:89,0
DA:91,1967
DA:92,1967
DA:93,1967
DA:96,1967
DA:98,37
DA:99,37
DA:100,1930
DA:101,11
DA:105,1967
DA:106,21
DA:107,3
DA:108,18
DA:109,3
DA:110,15
DA:111,4
DA:112,3
DA:113,1
DA:114,1
DA:120,1967
DA:122,14
DA:124,3
DA:125,3
DA:126,11
DA:127,1
DA:128,1
DA:129,1
DA:135,1967
DA:136,2
DA:137,2
DA:138,2
DA:139,1965
DA:140,1956
DA:143,1967
DA:144,37
DA:149,663
LF:64
LH:63
BRDA:83,0,0,663
BRDA:83,0,1,328
BRDA:88,1,0,0
BRDA:88,1,1,1967
BRDA:96,2,0,37
BRDA:96,2,1,1930
BRDA:99,3,0,14
BRDA:99,3,1,23
BRDA:100,4,0,11
BRDA:100,4,1,1919
BRDA:100,5,0,1930
BRDA:100,5,1,41
BRDA:100,5,2,20
BRDA:105,6,0,21
BRDA:105,6,1,1946
BRDA:106,7,0,3
BRDA:106,7,1,18
BRDA:107,8,0,2
BRDA:107,8,1,1
BRDA:108,9,0,3
BRDA:108,9,1,15
BRDA:109,10,0,2
BRDA:109,10,1,1
BRDA:110,11,0,4
BRDA:110,11,1,11
BRDA:110,12,0,15
BRDA:110,12,1,9
BRDA:111,13,0,3
BRDA:111,13,1,1
BRDA:113,14,0,1
BRDA:113,14,1,0
BRDA:120,15,0,14
BRDA:120,15,1,1953
BRDA:122,16,0,3
BRDA:122,16,1,11
BRDA:125,17,0,2
BRDA:125,17,1,1
BRDA:126,18,0,1
BRDA:126,18,1,10
BRDA:126,19,0,11
BRDA:126,19,1,2
BRDA:128,20,0,1
BRDA:128,20,1,0
BRDA:135,21,0,2
BRDA:135,21,1,1965
BRDA:135,22,0,1967
BRDA:135,22,1,55
BRDA:139,23,0,1956
BRDA:139,23,1,9
BRDA:143,24,0,37
BRDA:143,24,1,1930
BRF:51
BRH:48
end_of_record
TN:
SF:packages/react-native-web/src/exports/StyleSheet/index.js
FNF:0
FNH:0
DA:14,20
DA:15,0
LF:2
LH:1
BRDA:14,0,0,0
BRDA:14,0,1,20
BRDA:14,1,0,20
BRDA:14,1,1,20
BRF:4
BRH:3
end_of_record
TN:
SF:packages/react-native-web/src/exports/StyleSheet/initialRules.js
FNF:0
FNH:0
DA:10,20
LF:1
LH:1
BRF:0
BRH:0
end_of_record
TN:
SF:packages/react-native-web/src/exports/StyleSheet/modality.js
FN:27,(anonymous_0)
FN:58,isValidFocusTarget
FN:77,focusTriggersKeyboardModality
FN:101,addFocusVisibleAttribute
FN:112,removeFocusVisibleAttribute
FN:119,removeAllFocusVisibleAttributes
FN:131,onKeyDown
FN:154,onPointerDown
FN:167,onFocus
FN:181,onBlur
FN:193,(anonymous_10)
FN:205,onVisibilityChange
FN:224,addInitialPointerMoveListeners
FN:236,removeInitialPointerMoveListeners
FN:254,onInitialPointerMove
FNF:15
FNH:14
FNDA:31,(anonymous_0)
FNDA:156,isValidFocusTarget
FNDA:3,focusTriggersKeyboardModality
FNDA:63,addFocusVisibleAttribute
FNDA:24,removeFocusVisibleAttribute
FNDA:2,removeAllFocusVisibleAttributes
FNDA:16,onKeyDown
FNDA:4,onPointerDown
FNDA:96,onFocus
FNDA:47,onBlur
FNDA:1,(anonymous_10)
FNDA:0,onVisibilityChange
FNDA:25,addInitialPointerMoveListeners
FNDA:3,removeInitialPointerMoveListeners
FNDA:3,onInitialPointerMove
DA:23,20
DA:25,20
DA:27,20
DA:28,31
DA:30,31
DA:31,6
DA:34,25
DA:35,25
DA:36,25
DA:38,25
DA:59,156
DA:67,90
DA:69,66
DA:78,3
DA:79,3
DA:80,3
DA:82,3
DA:83,0
DA:86,3
DA:87,0
DA:90,3
DA:91,0
DA:94,3
DA:102,63
DA:103,5
DA:105,58
DA:113,24
DA:120,2
DA:121,2
DA:122,0
DA:132,16
DA:133,3
DA:136,13
DA:137,0
DA:140,13
DA:155,4
DA:156,2
DA:158,4
DA:169,96
DA:170,30
DA:173,66
DA:174,63
DA:182,47
DA:183,23
DA:186,24
DA:191,24
DA:192,24
DA:193,24
DA:194,1
DA:195,1
DA:197,24
DA:206,0
DA:211,0
DA:212,0
DA:214,0
DA:225,25
DA:226,25
DA:227,25
DA:228,25
DA:229,25
DA:230,25
DA:231,25
DA:232,25
DA:233,25
DA:237,3
DA:238,3
DA:239,3
DA:240,3
DA:241,3
DA:242,3
DA:243,3
DA:244,3
DA:245,3
DA:257,3
DA:258,0
DA:261,3
DA:262,3
DA:265,25
DA:266,25
DA:267,25
DA:268,25
DA:269,25
DA:270,25
DA:271,25
DA:272,25
LF:85
LH:75
BRDA:30,0,0,6
BRDA:30,0,1,25
BRDA:59,1,0,90
BRDA:59,1,1,66
BRDA:60,2,0,156
BRDA:60,2,1,156
BRDA:60,2,2,156
BRDA:60,2,3,156
BRDA:60,2,4,90
BRDA:60,2,5,90
BRDA:82,3,0,0
BRDA:82,3,1,3
BRDA:82,4,0,3
BRDA:82,4,1,0
BRDA:82,4,2,0
BRDA:86,5,0,0
BRDA:86,5,1,3
BRDA:86,6,0,3
BRDA:86,6,1,0
BRDA:90,7,0,0
BRDA:90,7,1,3
BRDA:102,8,0,5
BRDA:102,8,1,58
BRDA:132,9,0,3
BRDA:132,9,1,13
BRDA:132,10,0,16
BRDA:132,10,1,15
BRDA:132,10,2,13
BRDA:132,10,3,13
BRDA:132,10,4,13
BRDA:136,11,0,0
BRDA:136,11,1,13
BRDA:155,12,0,2
BRDA:155,12,1,2
BRDA:169,13,0,30
BRDA:169,13,1,66
BRDA:173,14,0,63
BRDA:173,14,1,3
BRDA:173,15,0,66
BRDA:173,15,1,3
BRDA:182,16,0,23
BRDA:182,16,1,24
BRDA:186,17,0,24
BRDA:186,17,1,0
BRDA:206,18,0,0
BRDA:206,18,1,0
BRDA:211,19,0,0
BRDA:211,19,1,0
BRDA:257,20,0,0
BRDA:257,20,1,3
BRF:50
BRH:37
end_of_record
TN:
SF:packages/react-native-web/src/exports/StyleSheet/normalizeValueWithProperty.js
FN:26,normalizeValueWithProperty
FNF:1
FNH:1
FNDA:3308,normalizeValueWithProperty
DA:13,24
DA:27,3308
DA:28,3308
DA:29,842
DA:30,2466
DA:31,277
DA:33,3308
LF:7
LH:7
BRDA:28,0,0,842
BRDA:28,0,1,2466
BRDA:28,1,0,3308
BRDA:28,1,1,3258
BRDA:28,1,2,3011
BRDA:30,2,0,277
BRDA:30,2,1,2189
BRDA:30,3,0,2466
BRDA:30,3,1,2464
BRF:9
BRH:9
end_of_record
TN:
SF:packages/react-native-web/src/exports/StyleSheet/resolveShadowValue.js
FN:15,(anonymous_0)
FNF:1
FNH:1
FNDA:7,(anonymous_0)
DA:13,21
DA:15,21
DA:16,7
DA:17,7
DA:18,7
DA:19,7
DA:20,7
DA:21,7
DA:22,7
DA:23,7
LF:10
LH:10
BRDA:17,0,0,7
BRDA:17,0,1,4
BRDA:20,1,0,7
BRDA:20,1,1,5
BRDA:21,2,0,7
BRDA:21,2,1,2
BRDA:22,3,0,7
BRDA:22,3,1,0
BRDA:22,4,0,7
BRDA:22,4,1,7
BRDA:22,4,2,7
BRDA:22,4,3,7
BRF:12
BRH:11
end_of_record
TN:
SF:packages/react-native-web/src/exports/StyleSheet/styleResolver.js
FNF:0
FNH:0
DA:11,19
LF:1
LH:1
BRF:0
BRH:0
end_of_record
TN:
SF:packages/react-native-web/src/exports/StyleSheet/validate.js
FN:24,error
FN:28,validate
FNF:2
FNH:1
FNDA:0,error
FNDA:211,validate
DA:12,20
DA:25,0
DA:29,211
DA:30,211
DA:31,394
DA:32,394
DA:33,394
DA:35,394
DA:36,0
DA:39,394
DA:40,0
DA:41,0
DA:43,394
DA:44,394
DA:45,0
DA:48,0
DA:49,394
DA:50,0
DA:51,0
DA:52,394
DA:53,0
DA:54,0
DA:55,394
DA:56,0
DA:57,0
DA:59,394
DA:60,0
DA:64,394
DA:65,0
LF:29
LH:15
BRDA:35,0,0,0
BRDA:35,0,1,394
BRDA:39,1,0,0
BRDA:39,1,1,394
BRDA:39,2,0,394
BRDA:39,2,1,290
BRDA:44,3,0,0
BRDA:44,3,1,394
BRDA:44,4,0,394
BRDA:44,4,1,394
BRDA:49,5,0,0
BRDA:49,5,1,394
BRDA:52,6,0,0
BRDA:52,6,1,394
BRDA:55,7,0,0
BRDA:55,7,1,394
BRDA:59,8,0,0
BRDA:59,8,1,394
BRDA:64,9,0,0
BRDA:64,9,1,394
BRF:20
BRH:12
end_of_record
TN:
SF:packages/react-native-web/src/exports/Switch/index.js
FN:37,(anonymous_0)
FN:53,handleChange
FN:59,handleFocusState
FN:72,(anonymous_3)
FNF:4
FNH:3
FNDA:7,(anonymous_0)
FNDA:2,handleChange
FNDA:0,handleFocusState
FNDA:7,(anonymous_3)
DA:30,1
DA:31,1
DA:32,1
DA:37,1
DA:49,7
DA:51,7
DA:54,2
DA:55,2
DA:60,0
DA:61,0
DA:62,0
DA:63,0
DA:67,7
DA:68,7
DA:69,7
DA:70,7
DA:71,7
DA:72,7
DA:73,7
DA:74,2
DA:75,0
DA:77,2
DA:80,5
DA:81,0
DA:83,5
DA:87,7
DA:88,7
DA:89,7
DA:91,7
DA:93,7
DA:101,7
DA:112,7
DA:125,7
DA:134,1
DA:136,1
LF:35
LH:29
BRDA:40,0,0,7
BRDA:41,1,0,7
BRDA:42,2,0,6
BRDA:44,3,0,7
BRDA:45,4,0,7
BRDA:46,5,0,7
BRDA:47,6,0,3
BRDA:54,7,0,2
BRDA:54,7,1,0
BRDA:61,8,0,0
BRDA:61,8,1,0
BRDA:62,9,0,0
BRDA:62,9,1,0
BRDA:68,10,0,7
BRDA:68,10,1,7
BRDA:70,11,0,0
BRDA:70,11,1,7
BRDA:73,12,0,2
BRDA:73,12,1,5
BRDA:74,13,0,0
BRDA:74,13,1,2
BRDA:74,14,0,2
BRDA:74,14,1,2
BRDA:80,15,0,0
BRDA:80,15,1,5
BRDA:80,16,0,5
BRDA:80,16,1,5
BRDA:87,17,0,2
BRDA:87,17,1,5
BRDA:91,18,0,7
BRDA:91,18,1,1
BRDA:96,19,0,1
BRDA:96,19,1,6
BRDA:103,20,0,7
BRDA:103,20,1,2
BRDA:105,21,0,1
BRDA:105,21,1,6
BRDA:107,22,0,2
BRDA:107,22,1,5
BRF:39
BRH:31
end_of_record
TN:
SF:packages/react-native-web/src/exports/Text/TextAncestorContext.js
FNF:0
FNH:0
DA:14,15
LF:1
LH:1
BRF:0
BRH:0
end_of_record
TN:
SF:packages/react-native-web/src/exports/Text/index.js
FN:40,(anonymous_0)
FN:43,(anonymous_1)
FN:108,(anonymous_2)
FNF:3
FNH:3
FNDA:43,(anonymous_0)
FNDA:43,(anonymous_1)
FNDA:4,(anonymous_2)
DA:26,5
DA:40,43
DA:42,5
DA:68,43
DA:70,43
DA:71,43
DA:73,43
DA:79,43
DA:87,43
DA:88,43
DA:107,43
DA:109,4
DA:110,3
DA:111,1
DA:112,1
DA:113,1
DA:119,43
DA:120,43
DA:121,43
DA:122,43
DA:124,43
DA:125,42
DA:128,43
DA:129,4
DA:132,43
DA:133,43
DA:134,5
DA:135,5
DA:136,3
DA:137,3
DA:138,1
DA:140,3
DA:141,1
DA:143,3
DA:144,2
DA:149,43
DA:150,43
DA:152,43
DA:154,43
DA:156,43
DA:164,5
DA:166,5
DA:199,5
LF:43
LH:43
BRDA:75,0,0,43
BRDA:75,0,1,1
BRDA:76,1,0,43
BRDA:76,1,1,1
BRDA:77,2,0,43
BRDA:77,2,1,2
BRDA:77,2,2,1
BRDA:81,3,0,43
BRDA:81,3,1,2
BRDA:81,3,2,1
BRDA:82,4,0,43
BRDA:82,4,1,1
BRDA:83,5,0,43
BRDA:83,5,1,1
BRDA:84,6,0,43
BRDA:84,6,1,3
BRDA:109,7,0,3
BRDA:109,7,1,1
BRDA:111,8,0,1
BRDA:111,8,1,0
BRDA:119,9,0,1
BRDA:119,9,1,42
BRDA:124,10,0,42
BRDA:124,10,1,1
BRDA:125,11,0,1
BRDA:125,11,1,41
BRDA:128,12,0,4
BRDA:128,12,1,39
BRDA:128,13,0,43
BRDA:128,13,1,40
BRDA:133,14,0,5
BRDA:133,14,1,38
BRDA:135,15,0,3
BRDA:135,15,1,2
BRDA:137,16,0,1
BRDA:137,16,1,2
BRDA:140,17,0,1
BRDA:140,17,1,2
BRDA:143,18,0,2
BRDA:143,18,1,1
BRDA:144,19,0,1
BRDA:144,19,1,1
BRDA:156,20,0,1
BRDA:156,20,1,42
BRF:44
BRH:43
end_of_record
TN:
SF:packages/react-native-web/src/exports/TextInput/index.js
FN:31,(anonymous_0)
FN:41,(anonymous_1)
FN:78,(anonymous_2)
FN:82,isEventComposing
FN:89,(anonymous_4)
FN:171,(anonymous_5)
FN:193,(anonymous_6)
FN:193,(anonymous_7)
FN:198,(anonymous_8)
FN:203,(anonymous_9)
FN:212,handleBlur
FN:220,handleChange
FN:233,handleFocus
FN:246,(anonymous_13)
FN:253,handleKeyDown
FN:287,handleSelectionChange
FN:302,(anonymous_16)
FNF:17
FNH:12
FNDA:1,(anonymous_0)
FNDA:1,(anonymous_1)
FNDA:50,(anonymous_2)
FNDA:15,isEventComposing
FNDA:50,(anonymous_4)
FNDA:50,(anonymous_5)
FNDA:50,(anonymous_6)
FNDA:100,(anonymous_7)
FNDA:0,(anonymous_8)
FNDA:0,(anonymous_9)
FNDA:1,handleBlur
FNDA:0,handleChange
FNDA:2,handleFocus
FNDA:0,(anonymous_13)
FNDA:15,handleKeyDown
FNDA:0,handleSelectionChange
FNDA:50,(anonymous_16)
DA:31,1
DA:32,1
DA:33,1
DA:34,1
DA:41,1
DA:42,1
DA:43,1
DA:44,1
DA:45,1
DA:50,1
DA:78,50
DA:83,15
DA:89,1
DA:133,50
DA:138,50
DA:140,1
DA:141,1
DA:144,2
DA:145,2
DA:147,1
DA:148,1
DA:150,1
DA:151,1
DA:154,0
DA:155,0
DA:157,1
DA:158,1
DA:160,44
DA:163,50
DA:164,2
DA:167,50
DA:168,50
DA:170,50
DA:172,50
DA:173,0
DA:174,0
DA:175,0
DA:176,0
DA:177,0
DA:178,0
DA:192,50
DA:193,50
DA:197,100
DA:198,50
DA:199,0
DA:200,0
DA:203,50
DA:204,0
DA:206,50
DA:213,1
DA:214,1
DA:215,1
DA:216,1
DA:221,0
DA:222,0
DA:223,0
DA:224,0
DA:225,0
DA:226,0
DA:228,0
DA:229,0
DA:234,2
DA:235,2
DA:236,1
DA:237,1
DA:239,2
DA:240,2
DA:241,2
DA:242,0
DA:244,2
DA:246,0
DA:247,0
DA:254,15
DA:256,15
DA:258,15
DA:259,15
DA:261,15
DA:262,15
DA:264,15
DA:265,9
DA:268,15
DA:275,5
DA:277,2
DA:278,2
DA:279,2
DA:281,5
DA:282,4
DA:288,0
DA:289,0
DA:290,0
DA:291,0
DA:292,0
DA:296,0
DA:297,0
DA:302,50
DA:303,50
DA:304,50
DA:305,1
DA:307,50
DA:308,1
DA:312,50
DA:313,50
DA:314,50
DA:316,50
DA:317,50
DA:336,50
DA:337,50
DA:338,50
DA:339,50
DA:340,50
DA:342,50
DA:343,50
DA:344,50
DA:345,50
DA:346,50
DA:347,50
DA:348,50
DA:349,50
DA:350,50
DA:351,50
DA:352,50
DA:353,50
DA:354,50
DA:356,50
DA:358,50
DA:360,50
DA:362,50
DA:365,1
DA:367,1
DA:369,1
LF:130
LH:101
BRDA:34,0,0,1
BRDA:34,0,1,0
BRDA:42,1,0,1
BRDA:42,1,1,0
BRDA:45,2,0,1
BRDA:45,2,1,0
BRDA:83,3,0,15
BRDA:83,3,1,14
BRDA:91,4,0,50
BRDA:94,5,0,49
BRDA:98,6,0,49
BRDA:99,7,0,43
BRDA:100,8,0,45
BRDA:101,9,0,48
BRDA:129,10,0,48
BRDA:138,11,0,1
BRDA:138,11,1,1
BRDA:138,11,2,2
BRDA:138,11,3,1
BRDA:138,11,4,1
BRDA:138,11,5,0
BRDA:138,11,6,0
BRDA:138,11,7,1
BRDA:138,11,8,44
BRDA:163,12,0,2
BRDA:163,12,1,48
BRDA:172,13,0,0
BRDA:172,13,1,50
BRDA:172,14,0,50
BRDA:172,14,1,5
BRDA:172,14,2,0
BRDA:175,15,0,0
BRDA:175,15,1,0
BRDA:175,16,0,0
BRDA:175,16,1,0
BRDA:197,17,0,50
BRDA:197,17,1,50
BRDA:199,18,0,0
BRDA:199,18,1,0
BRDA:204,19,0,0
BRDA:204,19,1,0
BRDA:214,20,0,1
BRDA:214,20,1,0
BRDA:225,21,0,0
BRDA:225,21,1,0
BRDA:228,22,0,0
BRDA:228,22,1,0
BRDA:235,23,0,1
BRDA:235,23,1,1
BRDA:239,24,0,2
BRDA:239,24,1,0
BRDA:241,25,0,0
BRDA:241,25,1,2
BRDA:244,26,0,0
BRDA:244,26,1,2
BRDA:259,27,0,13
BRDA:259,27,1,2
BRDA:264,28,0,9
BRDA:264,28,1,6
BRDA:268,29,0,5
BRDA:268,29,1,10
BRDA:269,30,0,15
BRDA:269,30,1,8
BRDA:269,30,2,7
BRDA:269,30,3,5
BRDA:275,31,0,2
BRDA:275,31,1,3
BRDA:275,32,0,5
BRDA:275,32,1,4
BRDA:275,32,2,4
BRDA:281,33,0,4
BRDA:281,33,1,1
BRDA:281,34,0,5
BRDA:281,34,1,4
BRDA:288,35,0,0
BRDA:288,35,1,0
BRDA:304,36,0,1
BRDA:304,36,1,49
BRDA:304,37,0,50
BRDA:304,37,1,50
BRDA:307,38,0,1
BRDA:307,38,1,49
BRDA:312,39,0,5
BRDA:312,39,1,45
BRDA:314,40,0,50
BRDA:314,40,1,0
BRDA:338,41,0,50
BRDA:338,41,1,49
BRDA:338,41,2,48
BRDA:339,42,0,49
BRDA:339,42,1,1
BRDA:342,43,0,0
BRDA:342,43,1,50
BRDA:350,44,0,5
BRDA:350,44,1,45
BRDA:351,45,0,1
BRDA:351,45,1,49
BRDA:353,46,0,5
BRDA:353,46,1,45
BRF:99
BRH:72
end_of_record
TN:
SF:packages/react-native-web/src/exports/TouchableOpacity/index.js
FN:35,TouchableOpacity
FN:59,(anonymous_1)
FN:67,(anonymous_2)
FN:74,(anonymous_3)
FN:81,(anonymous_4)
FN:89,(anonymous_5)
FN:99,(anonymous_6)
FNF:7
FNH:7
FNDA:7,TouchableOpacity
FNDA:2,(anonymous_1)
FNDA:1,(anonymous_2)
FNDA:1,(anonymous_3)
FNDA:6,(anonymous_4)
FNDA:1,(anonymous_5)
FNDA:1,(anonymous_6)
DA:50,7
DA:52,7
DA:53,7
DA:55,7
DA:56,7
DA:58,7
DA:60,2
DA:61,2
DA:66,7
DA:68,1
DA:73,7
DA:75,1
DA:80,7
DA:81,6
DA:91,1
DA:94,1
DA:95,1
DA:96,0
DA:100,1
DA:101,1
DA:102,0
DA:121,7
DA:123,7
DA:141,1
DA:153,1
DA:154,1
LF:26
LH:24
BRDA:61,0,0,2
BRDA:61,0,1,0
BRDA:68,1,0,1
BRDA:68,1,1,1
BRDA:91,2,0,1
BRDA:91,2,1,0
BRDA:94,3,0,0
BRDA:94,3,1,1
BRDA:95,4,0,0
BRDA:95,4,1,1
BRDA:101,5,0,0
BRDA:101,5,1,1
BRDA:128,6,0,7
BRDA:128,6,1,6
BRDA:132,7,0,7
BRDA:132,7,1,6
BRDA:134,8,0,7
BRDA:134,8,1,0
BRF:18
BRH:12
end_of_record
TN:
SF:packages/react-native-web/src/exports/TouchableWithoutFeedback/index.js
FN:63,(anonymous_0)
FN:65,TouchableWithoutFeedback
FN:82,(anonymous_2)
FNF:3
FNH:3
FNDA:2,(anonymous_0)
FNDA:2,TouchableWithoutFeedback
FNDA:2,(anonymous_2)
DA:46,1
DA:63,2
DA:77,2
DA:79,2
DA:81,2
DA:82,2
DA:106,2
DA:108,2
DA:109,2
DA:110,2
DA:111,2
DA:112,2
DA:113,2
DA:115,2
DA:117,2
DA:120,1
DA:121,1
LF:17
LH:17
BRDA:112,0,0,2
BRDA:112,0,1,2
BRF:2
BRH:2
end_of_record
TN:
SF:packages/react-native-web/src/exports/UIManager/index.js
FN:13,(anonymous_0)
FN:23,(anonymous_1)
FN:26,(anonymous_2)
FN:44,(anonymous_3)
FN:50,(anonymous_4)
FN:63,(anonymous_5)
FN:67,(anonymous_6)
FN:69,(anonymous_7)
FN:76,(anonymous_8)
FN:80,(anonymous_9)
FN:108,(anonymous_10)
FN:113,(anonymous_11)
FNF:12
FNH:2
FNDA:0,(anonymous_0)
FNDA:0,(anonymous_1)
FNDA:0,(anonymous_2)
FNDA:0,(anonymous_3)
FNDA:46,(anonymous_4)
FNDA:0,(anonymous_5)
FNDA:0,(anonymous_6)
FNDA:0,(anonymous_7)
FNDA:0,(anonymous_8)
FNDA:13,(anonymous_9)
FNDA:0,(anonymous_10)
FNDA:0,(anonymous_11)
DA:13,18
DA:17,0
DA:18,0
DA:19,0
DA:20,0
DA:23,18
DA:24,0
DA:25,0
DA:26,0
DA:27,0
DA:28,0
DA:29,0
DA:30,0
DA:31,0
DA:36,18
DA:43,18
DA:45,0
DA:46,0
DA:51,46
DA:52,46
DA:56,46
DA:57,13
DA:59,46
DA:64,0
DA:68,0
DA:69,0
DA:70,0
DA:71,0
DA:77,0
DA:81,13
DA:82,23
DA:83,0
DA:86,23
DA:87,23
DA:89,9
DA:90,9
DA:94,9
DA:95,9
DA:100,2
DA:101,2
DA:103,3
DA:109,0
LF:42
LH:20
BRDA:24,0,0,0
BRDA:24,0,1,0
BRDA:24,0,2,0
BRDA:25,1,0,0
BRDA:25,1,1,0
BRDA:25,2,0,0
BRDA:25,2,1,0
BRDA:56,3,0,13
BRDA:56,3,1,33
BRDA:56,4,0,46
BRDA:56,4,1,18
BRDA:68,5,0,0
BRDA:68,5,1,0
BRDA:82,6,0,0
BRDA:82,6,1,23
BRDA:87,7,0,9
BRDA:87,7,1,0
BRDA:87,7,2,9
BRDA:87,7,3,1
BRDA:87,7,4,2
BRDA:87,7,5,3
BRF:21
BRH:10
end_of_record
TN:
SF:packages/react-native-web/src/exports/View/index.js
FN:42,(anonymous_0)
FN:45,(anonymous_1)
FN:68,(anonymous_2)
FNF:3
FNH:3
FNDA:510,(anonymous_0)
FNDA:510,(anonymous_1)
FNDA:413,(anonymous_2)
DA:26,14
DA:42,510
DA:44,14
DA:65,510
DA:67,510
DA:68,510
DA:69,413
DA:70,2
DA:77,510
DA:78,510
DA:80,510
DA:81,510
DA:100,510
DA:101,510
DA:103,510
DA:104,510
DA:105,510
DA:106,510
DA:107,6
DA:108,6
DA:109,3
DA:110,3
DA:111,1
DA:113,3
DA:114,1
DA:116,3
DA:117,2
DA:122,510
DA:123,510
DA:125,510
DA:127,510
DA:131,14
DA:133,14
DA:151,14
DA:153,14
LF:35
LH:35
BRDA:67,0,0,510
BRDA:67,0,1,0
BRDA:69,1,0,2
BRDA:69,1,1,411
BRDA:101,2,0,510
BRDA:101,2,1,0
BRDA:106,3,0,6
BRDA:106,3,1,504
BRDA:108,4,0,3
BRDA:108,4,1,3
BRDA:110,5,0,1
BRDA:110,5,1,2
BRDA:113,6,0,1
BRDA:113,6,1,2
BRDA:116,7,0,2
BRDA:116,7,1,1
BRDA:117,8,0,1
BRDA:117,8,1,1
BRF:18
BRH:16
end_of_record
TN:
SF:packages/react-native-web/src/exports/createElement/index.js
FN:14,(anonymous_0)
FNF:1
FNH:1
FNDA:994,(anonymous_0)
DA:14,18
DA:17,994
DA:18,993
DA:20,994
DA:21,994
DA:23,994
LF:6
LH:6
BRDA:17,0,0,993
BRDA:17,0,1,1
BRDA:17,1,0,994
BRDA:17,1,1,994
BRDA:20,2,0,994
BRDA:20,2,1,991
BRF:6
BRH:6
end_of_record
TN:
SF:packages/react-native-web/src/exports/findNodeHandle/index.js
FN:13,(anonymous_0)
FNF:1
FNH:0
FNDA:0,(anonymous_0)
DA:13,2
DA:16,0
DA:17,0
DA:20,0
LF:4
LH:1
BRF:0
BRH:0
end_of_record
TN:
SF:packages/react-native-web/src/exports/processColor/index.js
FN:13,(anonymous_0)
FNF:1
FNH:1
FNDA:267,(anonymous_0)
DA:13,25
DA:14,267
DA:15,0
DA:19,267
DA:20,267
DA:21,0
DA:24,267
DA:26,267
LF:8
LH:6
BRDA:14,0,0,0
BRDA:14,0,1,267
BRDA:14,1,0,267
BRDA:14,1,1,267
BRDA:20,2,0,0
BRDA:20,2,1,267
BRDA:20,3,0,267
BRDA:20,3,1,267
BRF:8
BRH:6
end_of_record
TN:
SF:packages/react-native-web/src/exports/render/index.js
FNF:0
FNH:0
LF:0
LH:0
BRF:0
BRH:0
end_of_record
TN:
SF:packages/react-native-web/src/exports/unmountComponentAtNode/index.js
FNF:0
FNH:0
LF:0
LH:0
BRF:0
BRH:0
end_of_record
TN:
SF:packages/react-native-web/src/modules/AccessibilityUtil/index.js
FNF:0
FNH:0
DA:14,19
LF:1
LH:1
BRF:0
BRH:0
end_of_record
TN:
SF:packages/react-native-web/src/modules/AccessibilityUtil/isDisabled.js
FN:10,(anonymous_0)
FNF:1
FNH:0
FNDA:0,(anonymous_0)
DA:10,19
DA:11,0
LF:2
LH:1
BRDA:11,0,0,0
BRDA:11,0,1,0
BRDA:11,0,2,0
BRF:3
BRH:0
end_of_record
TN:
SF:packages/react-native-web/src/modules/AccessibilityUtil/propsToAccessibilityComponent.js
FN:34,(anonymous_0)
FNF:1
FNH:1
FNDA:999,(anonymous_0)
DA:12,20
DA:32,20
DA:34,20
DA:36,999
DA:37,1
DA:40,998
DA:41,998
DA:42,215
DA:43,3
DA:44,3
DA:45,2
DA:47,1
DA:49,212
LF:13
LH:13
BRDA:34,0,0,2
BRDA:36,1,0,1
BRDA:36,1,1,998
BRDA:41,2,0,215
BRDA:41,2,1,783
BRDA:42,3,0,3
BRDA:42,3,1,212
BRDA:43,4,0,3
BRDA:43,4,1,2
BRDA:44,5,0,2
BRDA:44,5,1,1
BRF:11
BRH:11
end_of_record
TN:
SF:packages/react-native-web/src/modules/AccessibilityUtil/propsToAriaRole.js
FN:25,(anonymous_0)
FNF:1
FNH:1
FNDA:2033,(anonymous_0)
DA:10,21
DA:25,21
DA:26,2033
DA:27,444
DA:28,444
DA:30,442
LF:6
LH:6
BRDA:26,0,0,444
BRDA:26,0,1,1589
BRDA:28,1,0,442
BRDA:28,1,1,2
BRDA:30,2,0,442
BRDA:30,2,1,114
BRF:6
BRH:6
end_of_record
TN:
SF:packages/react-native-web/src/modules/AssetRegistry/index.js
FN:24,registerAsset
FN:30,getAssetByID
FNF:2
FNH:0
FNDA:0,registerAsset
FNDA:0,getAssetByID
DA:22,3
DA:27,0
DA:31,0
LF:3
LH:1
BRF:0
BRH:0
end_of_record
TN:
SF:packages/react-native-web/src/modules/ImageLoader/index.js
FN:16,(anonymous_0)
FN:22,(anonymous_1)
FN:36,(anonymous_2)
FN:45,(anonymous_3)
FN:53,(anonymous_4)
FN:76,(anonymous_5)
FN:85,(anonymous_6)
FN:90,callback
FN:105,errorCallback
FN:113,(anonymous_9)
FN:116,(anonymous_10)
FN:120,(anonymous_11)
FN:122,(anonymous_12)
FN:136,(anonymous_13)
FN:137,(anonymous_14)
FN:140,(anonymous_15)
FN:151,(anonymous_16)
FN:153,(anonymous_17)
FNF:18
FNH:10
FNDA:17,(anonymous_0)
FNDA:6,(anonymous_1)
FNDA:5,(anonymous_2)
FNDA:5,(anonymous_3)
FNDA:0,(anonymous_4)
FNDA:0,(anonymous_5)
FNDA:0,(anonymous_6)
FNDA:0,callback
FNDA:0,errorCallback
FNDA:14,(anonymous_9)
FNDA:0,(anonymous_10)
FNDA:0,(anonymous_11)
FNDA:0,(anonymous_12)
FNDA:1,(anonymous_13)
FNDA:1,(anonymous_14)
FNDA:1,(anonymous_15)
FNDA:1,(anonymous_16)
FNDA:3,(anonymous_17)
DA:10,3
DA:13,3
DA:14,3
DA:17,17
DA:18,17
DA:19,17
DA:23,6
DA:24,6
DA:25,6
DA:26,0
DA:27,0
DA:29,6
DA:37,5
DA:38,5
DA:39,5
DA:42,5
DA:46,5
DA:47,5
DA:49,5
DA:53,0
DA:54,0
DA:55,0
DA:60,0
DA:61,0
DA:65,0
DA:66,0
DA:72,3
DA:73,3
DA:75,3
DA:77,0
DA:78,0
DA:79,0
DA:80,0
DA:81,0
DA:82,0
DA:86,0
DA:87,0
DA:88,0
DA:91,0
DA:92,0
DA:93,0
DA:94,0
DA:95,0
DA:96,0
DA:99,0
DA:100,0
DA:101,0
DA:106,0
DA:107,0
DA:109,0
DA:110,0
DA:114,14
DA:117,0
DA:118,0
DA:119,0
DA:120,0
DA:122,0
DA:123,0
DA:127,0
DA:129,0
DA:132,0
DA:133,0
DA:134,0
DA:137,1
DA:138,1
DA:143,1
DA:144,1
DA:145,1
DA:152,1
DA:153,1
DA:154,3
DA:155,2
DA:158,1
LF:73
LH:31
BRDA:19,0,0,17
BRDA:19,0,1,17
BRDA:25,1,0,0
BRDA:25,1,1,6
BRDA:38,2,0,5
BRDA:38,2,1,0
BRDA:49,3,0,0
BRDA:49,3,1,5
BRDA:55,4,0,0
BRDA:55,4,1,0
BRDA:56,5,0,0
BRDA:56,5,1,0
BRDA:56,5,2,0
BRDA:65,6,0,0
BRDA:65,6,1,0
BRDA:78,7,0,0
BRDA:78,7,1,0
BRDA:92,8,0,0
BRDA:92,8,1,0
BRDA:94,9,0,0
BRDA:94,9,1,0
BRDA:94,10,0,0
BRDA:94,10,1,0
BRDA:99,11,0,0
BRDA:99,11,1,0
BRDA:106,12,0,0
BRDA:106,12,1,0
BRDA:123,13,0,0
BRDA:123,13,1,0
BRDA:154,14,0,2
BRDA:154,14,1,1
BRF:31
BRH:7
end_of_record
TN:
SF:packages/react-native-web/src/modules/ScrollResponder/index.js
FN:112,(anonymous_0)
FN:131,(anonymous_1)
FN:160,(anonymous_2)
FN:175,(anonymous_3)
FN:196,(anonymous_4)
FN:215,(anonymous_5)
FN:224,(anonymous_6)
FN:233,(anonymous_7)
FN:252,(anonymous_8)
FN:260,(anonymous_9)
FN:273,(anonymous_10)
FN:280,(anonymous_11)
FN:287,(anonymous_12)
FN:295,(anonymous_13)
FN:311,(anonymous_14)
FN:327,(anonymous_15)
FN:336,(anonymous_16)
FN:350,(anonymous_17)
FN:365,(anonymous_18)
FN:394,(anonymous_19)
FN:412,(anonymous_20)
FN:424,(anonymous_21)
FN:449,(anonymous_22)
FN:474,(anonymous_23)
FN:484,(anonymous_24)
FN:521,(anonymous_25)
FN:526,(anonymous_26)
FN:531,(anonymous_27)
FN:540,(anonymous_28)
FNF:29
FNH:3
FNDA:7,(anonymous_0)
FNDA:0,(anonymous_1)
FNDA:0,(anonymous_2)
FNDA:0,(anonymous_3)
FNDA:0,(anonymous_4)
FNDA:0,(anonymous_5)
FNDA:0,(anonymous_6)
FNDA:0,(anonymous_7)
FNDA:1,(anonymous_8)
FNDA:0,(anonymous_9)
FNDA:0,(anonymous_10)
FNDA:0,(anonymous_11)
FNDA:0,(anonymous_12)
FNDA:0,(anonymous_13)
FNDA:0,(anonymous_14)
FNDA:0,(anonymous_15)
FNDA:0,(anonymous_16)
FNDA:0,(anonymous_17)
FNDA:0,(anonymous_18)
FNDA:0,(anonymous_19)
FNDA:0,(anonymous_20)
FNDA:0,(anonymous_21)
FNDA:0,(anonymous_22)
FNDA:0,(anonymous_23)
FNDA:7,(anonymous_24)
FNDA:0,(anonymous_25)
FNDA:0,(anonymous_26)
FNDA:0,(anonymous_27)
FNDA:0,(anonymous_28)
DA:97,2
DA:99,2
DA:110,2
DA:113,7
DA:132,0
DA:161,0
DA:183,0
DA:197,0
DA:216,0
DA:225,0
DA:226,0
DA:227,0
DA:234,0
DA:238,0
DA:239,0
DA:246,0
DA:248,0
DA:253,1
DA:254,1
DA:261,0
DA:262,0
DA:263,0
DA:274,0
DA:281,0
DA:288,0
DA:289,0
DA:296,0
DA:297,0
DA:312,0
DA:313,0
DA:328,0
DA:337,0
DA:338,0
DA:340,0
DA:342,0
DA:351,0
DA:370,0
DA:371,0
DA:375,0
DA:377,0
DA:378,0
DA:379,0
DA:380,0
DA:381,0
DA:383,0
DA:384,0
DA:404,0
DA:405,0
DA:429,0
DA:430,0
DA:431,0
DA:455,0
DA:456,0
DA:457,0
DA:459,0
DA:465,0
DA:466,0
DA:468,0
DA:470,0
DA:471,0
DA:475,0
DA:485,7
DA:486,7
DA:522,0
DA:523,0
DA:527,0
DA:528,0
DA:534,0
DA:535,0
DA:537,0
DA:541,0
DA:542,0
DA:546,2
LF:73
LH:9
BRDA:227,0,0,0
BRDA:227,0,1,0
BRDA:234,1,0,0
BRDA:234,1,1,0
BRDA:239,2,0,0
BRDA:239,2,1,0
BRDA:240,3,0,0
BRDA:240,3,1,0
BRDA:240,3,2,0
BRDA:240,3,3,0
BRDA:240,3,4,0
BRDA:246,4,0,0
BRDA:246,4,1,0
BRDA:254,5,0,1
BRDA:254,5,1,1
BRDA:262,6,0,0
BRDA:262,6,1,0
BRDA:274,7,0,0
BRDA:274,7,1,0
BRDA:281,8,0,0
BRDA:281,8,1,0
BRDA:289,9,0,0
BRDA:289,9,1,0
BRDA:297,10,0,0
BRDA:297,10,1,0
BRDA:313,11,0,0
BRDA:313,11,1,0
BRDA:328,12,0,0
BRDA:328,12,1,0
BRDA:340,13,0,0
BRDA:340,13,1,0
BRDA:351,14,0,0
BRDA:351,14,1,0
BRDA:370,15,0,0
BRDA:370,15,1,0
BRDA:375,16,0,0
BRDA:375,16,1,0
BRDA:378,17,0,0
BRDA:378,17,1,0
BRDA:379,18,0,0
BRDA:379,18,1,0
BRDA:380,19,0,0
BRDA:380,19,1,0
BRDA:381,20,0,0
BRDA:381,20,1,0
BRDA:404,21,0,0
BRDA:404,21,1,0
BRDA:429,22,0,0
BRDA:429,22,1,0
BRDA:456,23,0,0
BRDA:456,23,1,0
BRDA:465,24,0,0
BRDA:465,24,1,0
BRDA:523,25,0,0
BRDA:523,25,1,0
BRDA:528,26,0,0
BRDA:528,26,1,0
BRDA:534,27,0,0
BRDA:534,27,1,0
BRDA:537,28,0,0
BRDA:537,28,1,0
BRDA:542,29,0,0
BRDA:542,29,1,0
BRF:63
BRH:2
end_of_record
TN:
SF:packages/react-native-web/src/modules/TextInputState/index.js
FN:28,(anonymous_0)
FN:40,(anonymous_1)
FN:54,(anonymous_2)
FNF:3
FNH:1
FNDA:2,(anonymous_0)
FNDA:0,(anonymous_1)
FNDA:0,(anonymous_2)
DA:18,3
DA:29,2
DA:30,1
DA:32,2
DA:41,0
DA:42,0
DA:43,0
DA:44,0
DA:55,0
DA:56,0
DA:57,0
DA:58,0
LF:12
LH:4
BRDA:29,0,0,1
BRDA:29,0,1,1
BRDA:41,1,0,0
BRDA:41,1,1,0
BRDA:43,2,0,0
BRDA:43,2,1,0
BRDA:55,3,0,0
BRDA:55,3,1,0
BRDA:57,4,0,0
BRDA:57,4,1,0
BRF:10
BRH:2
end_of_record
TN:
SF:packages/react-native-web/src/modules/createDOMProps/index.js
FN:21,toHyphenLower
FN:24,hyphenateString
FN:27,processIDRefList
FN:65,(anonymous_3)
FNF:4
FNH:4
FNDA:2,toHyphenLower
FNDA:8,hyphenateString
FNDA:12,processIDRefList
FNDA:1030,(anonymous_3)
DA:16,19
DA:17,19
DA:18,19
DA:20,19
DA:22,2
DA:25,8
DA:28,12
DA:32,19
DA:50,19
DA:65,19
DA:66,1030
DA:67,6
DA:132,1030
DA:135,1030
DA:137,1030
DA:140,1030
DA:141,3
DA:142,36
DA:143,36
DA:144,24
DA:145,4
DA:146,2
DA:148,2
DA:151,20
DA:156,1030
DA:157,18
DA:158,38
DA:159,38
DA:160,37
DA:166,1030
DA:167,1
DA:169,1030
DA:170,1
DA:172,1030
DA:173,1
DA:175,1030
DA:176,1
DA:178,1030
DA:179,1
DA:181,1030
DA:182,1
DA:184,1030
DA:185,1
DA:187,1030
DA:188,1
DA:190,1030
DA:191,2
DA:193,1030
DA:194,1
DA:196,1030
DA:197,2
DA:199,1030
DA:200,1
DA:202,1030
DA:203,8
DA:205,8
DA:212,2
DA:215,1030
DA:216,1
DA:218,1030
DA:219,1
DA:221,1030
DA:222,2
DA:224,1030
DA:225,1
DA:227,1030
DA:228,1
DA:230,1030
DA:231,1
DA:233,1030
DA:234,1
DA:236,1030
DA:237,11
DA:239,1030
DA:240,4
DA:242,1030
DA:243,1
DA:245,1030
DA:246,6
DA:248,1030
DA:249,1
DA:251,1030
DA:252,1
DA:254,1030
DA:255,1
DA:257,1030
DA:258,1
DA:260,1030
DA:261,2
DA:263,1030
DA:264,1
DA:266,1030
DA:267,1
DA:269,1030
DA:270,1
DA:272,1030
DA:273,1
DA:275,1
DA:276,1
DA:279,1030
DA:280,1
DA:282,1
DA:283,1
DA:286,1030
DA:288,225
DA:290,1030
DA:291,1
DA:293,1030
DA:294,1
DA:296,1030
DA:297,1
DA:299,1030
DA:300,1
DA:302,1030
DA:303,1
DA:305,1030
DA:306,1
DA:308,1030
DA:309,1
DA:311,1030
DA:312,1
DA:314,1030
DA:315,1
DA:317,1030
DA:318,1
DA:320,1030
DA:321,1
DA:325,1030
DA:326,3
DA:327,8
DA:328,8
DA:329,8
DA:330,8
DA:331,8
DA:339,1030
DA:340,1030
DA:341,7
DA:343,1030
DA:351,102
DA:352,3
DA:354,928
DA:363,28
DA:364,24
DA:368,900
DA:369,28
DA:374,1030
DA:380,1030
DA:382,1030
DA:388,1030
DA:391,1030
DA:393,1030
DA:394,904
DA:397,1030
DA:398,100
DA:403,1030
DA:404,13
DA:407,1030
DA:408,10
DA:411,1030
LF:159
LH:159
BRDA:28,0,0,5
BRDA:28,0,1,7
BRDA:66,1,0,6
BRDA:66,1,1,1024
BRDA:135,2,0,1030
BRDA:135,2,1,3
BRDA:135,2,2,1029
BRDA:140,3,0,3
BRDA:140,3,1,1027
BRDA:143,4,0,24
BRDA:143,4,1,12
BRDA:144,5,0,4
BRDA:144,5,1,20
BRDA:144,6,0,24
BRDA:144,6,1,22
BRDA:145,7,0,2
BRDA:145,7,1,2
BRDA:156,8,0,18
BRDA:156,8,1,1012
BRDA:159,9,0,37
BRDA:159,9,1,1
BRDA:166,10,0,1
BRDA:166,10,1,1029
BRDA:169,11,0,1
BRDA:169,11,1,1029
BRDA:172,12,0,1
BRDA:172,12,1,1029
BRDA:175,13,0,1
BRDA:175,13,1,1029
BRDA:178,14,0,1
BRDA:178,14,1,1029
BRDA:181,15,0,1
BRDA:181,15,1,1029
BRDA:184,16,0,1
BRDA:184,16,1,1029
BRDA:187,17,0,1
BRDA:187,17,1,1029
BRDA:190,18,0,2
BRDA:190,18,1,1028
BRDA:193,19,0,1
BRDA:193,19,1,1029
BRDA:196,20,0,2
BRDA:196,20,1,1028
BRDA:199,21,0,1
BRDA:199,21,1,1029
BRDA:202,22,0,8
BRDA:202,22,1,1022
BRDA:205,23,0,2
BRDA:205,23,1,6
BRDA:206,24,0,8
BRDA:206,24,1,6
BRDA:206,24,2,6
BRDA:206,24,3,6
BRDA:206,24,4,6
BRDA:215,25,0,1
BRDA:215,25,1,1029
BRDA:218,26,0,1
BRDA:218,26,1,1029
BRDA:221,27,0,2
BRDA:221,27,1,1028
BRDA:224,28,0,1
BRDA:224,28,1,1029
BRDA:227,29,0,1
BRDA:227,29,1,1029
BRDA:230,30,0,1
BRDA:230,30,1,1029
BRDA:233,31,0,1
BRDA:233,31,1,1029
BRDA:233,32,0,1030
BRDA:233,32,1,1
BRDA:236,33,0,11
BRDA:236,33,1,1019
BRDA:239,34,0,4
BRDA:239,34,1,1026
BRDA:242,35,0,1
BRDA:242,35,1,1029
BRDA:245,36,0,6
BRDA:245,36,1,1024
BRDA:246,37,0,1
BRDA:246,37,1,5
BRDA:248,38,0,1
BRDA:248,38,1,1029
BRDA:251,39,0,1
BRDA:251,39,1,1029
BRDA:254,40,0,1
BRDA:254,40,1,1029
BRDA:257,41,0,1
BRDA:257,41,1,1029
BRDA:260,42,0,2
BRDA:260,42,1,1028
BRDA:263,43,0,1
BRDA:263,43,1,1029
BRDA:266,44,0,1
BRDA:266,44,1,1029
BRDA:269,45,0,1
BRDA:269,45,1,1029
BRDA:272,46,0,1
BRDA:272,46,1,1029
BRDA:275,47,0,1
BRDA:275,47,1,0
BRDA:275,48,0,1
BRDA:275,48,1,0
BRDA:275,48,2,0
BRDA:279,49,0,1
BRDA:279,49,1,1029
BRDA:282,50,0,1
BRDA:282,50,1,0
BRDA:282,51,0,1
BRDA:282,51,1,0
BRDA:282,51,2,0
BRDA:286,52,0,225
BRDA:286,52,1,805
BRDA:288,53,0,0
BRDA:288,53,1,225
BRDA:290,54,0,1
BRDA:290,54,1,1029
BRDA:293,55,0,1
BRDA:293,55,1,1029
BRDA:296,56,0,1
BRDA:296,56,1,1029
BRDA:299,57,0,1
BRDA:299,57,1,1029
BRDA:302,58,0,1
BRDA:302,58,1,1029
BRDA:305,59,0,1
BRDA:305,59,1,1029
BRDA:308,60,0,1
BRDA:308,60,1,1029
BRDA:311,61,0,1
BRDA:311,61,1,1029
BRDA:314,62,0,1
BRDA:314,62,1,1029
BRDA:317,63,0,1
BRDA:317,63,1,1029
BRDA:320,64,0,1
BRDA:320,64,1,1029
BRDA:325,65,0,3
BRDA:325,65,1,1027
BRDA:327,66,0,8
BRDA:327,66,1,0
BRDA:330,67,0,8
BRDA:330,67,1,0
BRDA:339,68,0,48
BRDA:339,68,1,982
BRDA:340,69,0,7
BRDA:340,69,1,1023
BRDA:343,70,0,102
BRDA:343,70,1,928
BRDA:345,71,0,1030
BRDA:345,71,1,1018
BRDA:345,71,2,1012
BRDA:345,71,3,938
BRDA:345,71,4,933
BRDA:351,72,0,3
BRDA:351,72,1,99
BRDA:351,73,0,102
BRDA:351,73,1,101
BRDA:354,74,0,28
BRDA:354,74,1,900
BRDA:356,75,0,928
BRDA:356,75,1,908
BRDA:356,75,2,908
BRDA:356,75,3,900
BRDA:356,75,4,900
BRDA:356,75,5,900
BRDA:363,76,0,24
BRDA:363,76,1,4
BRDA:368,77,0,28
BRDA:368,77,1,872
BRDA:375,78,0,1030
BRDA:375,78,1,11
BRDA:380,79,0,1030
BRDA:380,79,1,1010
BRDA:380,79,2,28
BRDA:382,80,0,1030
BRDA:382,80,1,1018
BRDA:382,80,2,1012
BRDA:382,80,3,1011
BRDA:382,80,4,1010
BRDA:388,81,0,1030
BRDA:388,81,1,20
BRDA:388,82,0,1030
BRDA:388,82,1,25
BRDA:393,83,0,904
BRDA:393,83,1,126
BRDA:393,84,0,1030
BRDA:393,84,1,1030
BRDA:397,85,0,100
BRDA:397,85,1,930
BRDA:403,86,0,13
BRDA:403,86,1,1017
BRDA:407,87,0,10
BRDA:407,87,1,1020
BRF:193
BRH:184
end_of_record
TN:
SF:packages/react-native-web/src/modules/createEventHandle/index.js
FN:23,(anonymous_0)
FN:25,supportsPassiveEvents
FN:33,(anonymous_2)
FN:47,getOptions
FN:59,isPropagationStopped
FN:62,isDefaultPrevented
FN:65,normalizeEvent
FN:76,createEventHandle
FN:79,(anonymous_8)
FN:86,(anonymous_9)
FN:88,removeListener
FNF:11
FNH:9
FNDA:34,(anonymous_0)
FNDA:5,supportsPassiveEvents
FNDA:5,(anonymous_2)
FNDA:305,getOptions
FNDA:0,isPropagationStopped
FNDA:0,isDefaultPrevented
FNDA:242,normalizeEvent
FNDA:305,createEventHandle
FNDA:244,(anonymous_8)
FNDA:242,(anonymous_9)
FNDA:153,removeListener
DA:23,5
DA:26,5
DA:29,5
DA:30,5
DA:31,5
DA:32,5
DA:34,5
DA:35,5
DA:38,5
DA:39,5
DA:42,5
DA:45,5
DA:48,305
DA:49,30
DA:51,275
DA:60,0
DA:63,0
DA:66,242
DA:67,242
DA:68,242
DA:69,242
DA:70,242
DA:77,305
DA:79,305
DA:80,244
DA:81,0
DA:84,244
DA:85,244
DA:86,242
DA:87,210
DA:88,210
DA:89,153
DA:90,153
DA:94,34
LF:34
LH:31
BRDA:29,0,0,5
BRDA:29,0,1,0
BRDA:48,1,0,30
BRDA:48,1,1,275
BRDA:51,2,0,275
BRDA:51,2,1,0
BRDA:80,3,0,0
BRDA:80,3,1,244
BRDA:80,4,0,244
BRDA:80,4,1,244
BRDA:85,5,0,210
BRDA:85,5,1,34
BRDA:89,6,0,153
BRDA:89,6,1,0
BRF:14
BRH:10
end_of_record
TN:
SF:packages/react-native-web/src/modules/dismissKeyboard/index.js
FN:12,(anonymous_0)
FNF:1
FNH:0
FNDA:0,(anonymous_0)
DA:12,2
DA:13,0
LF:2
LH:1
BRF:0
BRH:0
end_of_record
TN:
SF:packages/react-native-web/src/modules/flattenArray/index.js
FN:10,flattenArray
FN:11,flattenDown
FNF:2
FNH:2
FNDA:1456,flattenArray
FNDA:2148,flattenDown
DA:12,2148
DA:13,5350
DA:15,5350
DA:16,692
DA:17,4658
DA:18,1538
DA:22,2148
DA:24,1456
LF:8
LH:8
BRDA:15,0,0,692
BRDA:15,0,1,4658
BRDA:17,1,0,1538
BRDA:17,1,1,3120
BRDA:17,2,0,4658
BRDA:17,2,1,4007
BRF:6
BRH:6
end_of_record
TN:
SF:packages/react-native-web/src/modules/forwardedProps/index.js
FNF:0
FNH:0
DA:10,16
DA:19,16
DA:74,16
DA:80,16
DA:85,16
DA:92,16
DA:102,16
DA:113,16
LF:8
LH:8
BRF:0
BRH:0
[...]
FNDA:0,(anonymous_4)
FNDA:0,(anonymous_5)
FNDA:0,(anonymous_6)
FNDA:8,(anonymous_7)
DA:18,17
DA:21,8
DA:22,8
DA:29,8
DA:31,8
DA:32,4
DA:33,0
DA:35,4
DA:36,12
DA:37,8
DA:42,8
DA:44,8
DA:61,608
DA:62,608
DA:63,608
DA:67,608
DA:68,884
DA:69,443
DA:70,443
DA:71,0
DA:72,443
DA:73,443
DA:74,8
DA:75,8
DA:80,608
LF:25
LH:23
BRDA:21,0,0,8
BRDA:21,0,1,0
BRDA:21,1,0,8
BRDA:21,1,1,8
BRDA:31,2,0,4
BRDA:31,2,1,4
BRDA:32,3,0,0
BRDA:32,3,1,4
BRDA:36,4,0,8
BRDA:36,4,1,4
BRDA:68,5,0,443
BRDA:68,5,1,441
BRDA:74,6,0,8
BRDA:74,6,1,0
BRF:14
BRH:11
end_of_record
TN:
SF:packages/react-native-web/src/modules/usePressEvents/PressResponder.js
FN:119,(anonymous_0)
FN:122,(anonymous_1)
FN:124,(anonymous_2)
FN:129,(anonymous_3)
FN:132,(anonymous_4)
FN:232,(anonymous_5)
FN:236,(anonymous_6)
FN:243,(anonymous_7)
FN:252,(anonymous_8)
FN:259,(anonymous_9)
FN:260,(anonymous_10)
FN:279,(anonymous_11)
FN:291,(anonymous_12)
FN:296,(anonymous_13)
FN:300,(anonymous_14)
FN:326,(anonymous_15)
FN:337,(anonymous_16)
FN:358,(anonymous_17)
FN:360,(anonymous_18)
FN:374,(anonymous_19)
FN:376,(anonymous_20)
FN:383,(anonymous_21)
FN:409,(anonymous_22)
FN:430,(anonymous_23)
FN:450,(anonymous_24)
FN:471,(anonymous_25)
FN:520,(anonymous_26)
FN:535,(anonymous_27)
FN:537,end
FN:547,(anonymous_29)
FN:555,(anonymous_30)
FN:564,(anonymous_31)
FN:571,(anonymous_32)
FN:578,(anonymous_33)
FN:586,normalizeDelay
FN:590,getTouchFromResponderEvent
FNF:36
FNH:31
FNDA:20,(anonymous_0)
FNDA:0,(anonymous_1)
FNDA:20,(anonymous_2)
FNDA:10,(anonymous_3)
FNDA:2,(anonymous_4)
FNDA:26,(anonymous_5)
FNDA:52,(anonymous_6)
FNDA:26,(anonymous_7)
FNDA:35,(anonymous_8)
FNDA:26,(anonymous_9)
FNDA:3,(anonymous_10)
FNDA:1,(anonymous_11)
FNDA:2,(anonymous_12)
FNDA:3,(anonymous_13)
FNDA:1,(anonymous_14)
FNDA:2,(anonymous_15)
FNDA:1,(anonymous_16)
FNDA:2,(anonymous_17)
FNDA:0,(anonymous_18)
FNDA:2,(anonymous_19)
FNDA:0,(anonymous_20)
FNDA:0,(anonymous_21)
FNDA:2,(anonymous_22)
FNDA:1,(anonymous_23)
FNDA:10,(anonymous_24)
FNDA:10,(anonymous_25)
FNDA:3,(anonymous_26)
FNDA:3,(anonymous_27)
FNDA:3,end
FNDA:0,(anonymous_29)
FNDA:2,(anonymous_30)
FNDA:29,(anonymous_31)
FNDA:36,(anonymous_32)
FNDA:29,(anonymous_33)
FNDA:9,normalizeDelay
FNDA:3,getTouchFromResponderEvent
DA:70,3
DA:71,3
DA:72,3
DA:73,3
DA:74,3
DA:75,3
DA:76,3
DA:77,3
DA:78,3
DA:79,3
DA:81,3
DA:119,3
DA:120,20
DA:122,3
DA:124,3
DA:125,20
DA:129,3
DA:130,10
DA:132,3
DA:133,2
DA:134,2
DA:135,2
DA:137,2
DA:140,3
DA:141,3
DA:219,26
DA:220,26
DA:221,26
DA:222,26
DA:223,26
DA:224,26
DA:230,26
DA:233,26
DA:237,52
DA:244,26
DA:245,26
DA:246,26
DA:253,35
DA:254,26
DA:256,35
DA:260,26
DA:261,3
DA:263,3
DA:265,3
DA:266,3
DA:267,3
DA:268,3
DA:270,3
DA:272,3
DA:278,3
DA:279,2
DA:280,1
DA:283,1
DA:286,3
DA:291,3
DA:292,2
DA:296,26
DA:297,3
DA:300,26
DA:301,1
DA:302,1
DA:304,1
DA:305,1
DA:306,1
DA:308,1
DA:309,1
DA:312,1
DA:319,1
DA:320,1
DA:325,26
DA:327,2
DA:328,2
DA:329,0
DA:331,2
DA:332,2
DA:334,0
DA:338,1
DA:339,1
DA:340,1
DA:341,1
DA:342,1
DA:345,1
DA:347,1
DA:348,1
DA:349,1
DA:350,1
DA:352,0
DA:354,1
DA:358,2
DA:361,0
DA:362,0
DA:364,0
DA:365,0
DA:366,0
DA:367,0
DA:368,0
DA:369,0
DA:374,2
DA:377,0
DA:378,0
DA:380,0
DA:384,0
DA:387,0
DA:393,0
DA:395,0
DA:396,0
DA:398,0
DA:410,2
DA:411,2
DA:415,2
DA:416,2
DA:417,0
DA:418,2
DA:419,2
DA:422,0
DA:423,0
DA:431,1
DA:432,1
DA:433,1
DA:434,0
DA:435,0
DA:438,0
DA:439,0
DA:451,10
DA:452,10
DA:453,10
DA:454,10
DA:456,10
DA:457,0
DA:459,10
DA:460,0
DA:461,10
DA:462,10
DA:463,10
DA:477,10
DA:478,3
DA:479,3
DA:480,3
DA:483,10
DA:484,2
DA:487,2
DA:488,0
DA:489,0
DA:493,10
DA:494,10
DA:496,10
DA:497,2
DA:498,8
DA:499,2
DA:502,10
DA:503,3
DA:504,3
DA:506,3
DA:507,3
DA:509,3
DA:510,1
DA:511,1
DA:517,10
DA:521,3
DA:522,3
DA:523,3
DA:527,3
DA:528,3
DA:530,3
DA:531,2
DA:536,3
DA:538,3
DA:539,3
DA:541,3
DA:542,2
DA:545,3
DA:546,3
DA:547,0
DA:548,0
DA:551,3
DA:556,2
DA:560,2
DA:565,29
DA:566,3
DA:567,3
DA:572,36
DA:573,2
DA:574,2
DA:579,29
DA:580,0
DA:581,0
DA:587,9
DA:591,3
DA:592,3
DA:593,1
DA:595,2
DA:596,1
DA:598,1
LF:193
LH:158
BRDA:120,0,0,20
BRDA:120,0,1,16
BRDA:125,1,0,20
BRDA:125,1,1,14
BRDA:125,1,2,10
BRDA:130,2,0,10
BRDA:130,2,1,10
BRDA:135,3,0,2
BRDA:135,3,1,2
BRDA:137,4,0,2
BRDA:137,4,1,0
BRDA:137,4,2,0
BRDA:253,5,0,26
BRDA:253,5,1,9
BRDA:278,6,0,2
BRDA:278,6,1,1
BRDA:278,7,0,3
BRDA:278,7,1,2
BRDA:304,8,0,1
BRDA:304,8,1,0
BRDA:304,9,0,1
BRDA:304,9,1,1
BRDA:312,10,0,1
BRDA:312,10,1,1
BRDA:312,10,2,1
BRDA:312,10,3,1
BRDA:312,10,4,1
BRDA:312,10,5,1
BRDA:319,11,0,1
BRDA:319,11,1,0
BRDA:319,12,0,1
BRDA:319,12,1,1
BRDA:328,13,0,0
BRDA:328,13,1,2
BRDA:328,14,0,2
BRDA:328,14,1,0
BRDA:331,15,0,2
BRDA:331,15,1,0
BRDA:340,16,0,1
BRDA:340,16,1,0
BRDA:340,17,0,1
BRDA:340,17,1,1
BRDA:341,18,0,1
BRDA:341,18,1,0
BRDA:348,19,0,1
BRDA:348,19,1,1
BRDA:349,20,0,1
BRDA:349,20,1,1
BRDA:350,21,0,0
BRDA:350,21,1,1
BRDA:350,22,0,1
BRDA:350,22,1,0
BRDA:361,23,0,0
BRDA:361,23,1,0
BRDA:365,24,0,0
BRDA:365,24,1,0
BRDA:368,25,0,0
BRDA:368,25,1,0
BRDA:377,26,0,0
BRDA:377,26,1,0
BRDA:387,27,0,0
BRDA:387,27,1,0
BRDA:388,28,0,0
BRDA:388,28,1,0
BRDA:388,28,2,0
BRDA:388,28,3,0
BRDA:395,29,0,0
BRDA:395,29,1,0
BRDA:411,30,0,2
BRDA:411,30,1,0
BRDA:416,31,0,0
BRDA:416,31,1,2
BRDA:416,32,0,2
BRDA:416,32,1,2
BRDA:418,33,0,2
BRDA:418,33,1,0
BRDA:418,34,0,2
BRDA:418,34,1,2
BRDA:422,35,0,0
BRDA:422,35,1,0
BRDA:432,36,0,1
BRDA:432,36,1,0
BRDA:433,37,0,0
BRDA:433,37,1,1
BRDA:433,38,0,1
BRDA:433,38,1,0
BRDA:433,38,2,0
BRDA:438,39,0,0
BRDA:438,39,1,0
BRDA:453,40,0,10
BRDA:453,40,1,0
BRDA:456,41,0,0
BRDA:456,41,1,10
BRDA:456,42,0,10
BRDA:456,42,1,3
BRDA:459,43,0,0
BRDA:459,43,1,10
BRDA:459,44,0,10
BRDA:459,44,1,10
BRDA:461,45,0,10
BRDA:461,45,1,0
BRDA:477,46,0,3
BRDA:477,46,1,7
BRDA:483,47,0,2
BRDA:483,47,1,8
BRDA:483,48,0,10
BRDA:483,48,1,7
BRDA:487,49,0,0
BRDA:487,49,1,2
BRDA:487,50,0,2
BRDA:487,50,1,0
BRDA:496,51,0,2
BRDA:496,51,1,8
BRDA:496,52,0,10
BRDA:496,52,1,6
BRDA:498,53,0,2
BRDA:498,53,1,6
BRDA:498,54,0,8
BRDA:498,54,1,4
BRDA:502,55,0,3
BRDA:502,55,1,7
BRDA:502,56,0,10
BRDA:502,56,1,7
BRDA:504,57,0,3
BRDA:504,57,1,0
BRDA:506,58,0,3
BRDA:506,58,1,0
BRDA:507,59,0,3
BRDA:507,59,1,0
BRDA:509,60,0,1
BRDA:509,60,1,2
BRDA:509,61,0,3
BRDA:509,61,1,3
BRDA:527,62,0,3
BRDA:527,62,1,0
BRDA:530,63,0,2
BRDA:530,63,1,1
BRDA:538,64,0,3
BRDA:538,64,1,0
BRDA:541,65,0,2
BRDA:541,65,1,1
BRDA:546,66,0,0
BRDA:546,66,1,3
BRDA:556,67,0,2
BRDA:556,67,1,0
BRDA:557,68,0,2
BRDA:557,68,1,0
BRDA:565,69,0,3
BRDA:565,69,1,26
BRDA:572,70,0,2
BRDA:572,70,1,34
BRDA:579,71,0,0
BRDA:579,71,1,29
BRDA:586,72,0,3
BRDA:586,73,0,3
BRDA:587,74,0,9
BRDA:587,74,1,9
BRDA:592,75,0,1
BRDA:592,75,1,2
BRDA:592,76,0,3
BRDA:592,76,1,2
BRDA:595,77,0,1
BRDA:595,77,1,1
BRDA:595,78,0,2
BRDA:595,78,1,1
BRF:165
BRH:112
end_of_record
TN:
SF:packages/react-native-web/src/modules/usePressEvents/index.js
FN:18,usePressEvents
FN:26,(anonymous_1)
FN:32,(anonymous_2)
FN:33,(anonymous_3)
FNF:4
FNH:4
FNDA:35,usePressEvents
FNDA:26,(anonymous_1)
FNDA:26,(anonymous_2)
FNDA:26,(anonymous_3)
DA:19,35
DA:20,35
DA:21,26
DA:23,35
DA:26,35
DA:27,26
DA:32,35
DA:33,26
DA:34,26
DA:38,35
DA:40,35
LF:11
LH:11
BRDA:20,0,0,26
BRDA:20,0,1,9
BRF:2
BRH:2
end_of_record
TN:
SF:packages/react-native-web/src/modules/useResponderEvents/ResponderEventTypes.js
FN:59,isStartish
FN:63,isMoveish
FN:67,isEndish
FN:71,isCancelish
FN:75,isScroll
FN:79,isSelectionChange
FNF:6
FNH:6
FNDA:381,isStartish
FNDA:412,isMoveish
FNDA:297,isEndish
FNDA:275,isCancelish
FNDA:250,isScroll
FNDA:250,isSelectionChange
DA:44,17
DA:45,17
DA:46,17
DA:47,17
DA:48,17
DA:49,17
DA:50,17
DA:51,17
DA:52,17
DA:53,17
DA:54,17
DA:55,17
DA:56,17
DA:57,17
DA:60,381
DA:64,412
DA:68,297
DA:72,275
DA:76,250
DA:80,250
LF:20
LH:20
BRDA:60,0,0,381
BRDA:60,0,1,283
BRDA:64,1,0,412
BRDA:64,1,1,374
BRDA:68,2,0,297
BRDA:68,2,1,253
BRDA:68,2,2,207
BRDA:72,3,0,275
BRDA:72,3,1,272
BRDA:80,4,0,250
BRDA:80,4,1,245
BRF:11
BRH:11
end_of_record
TN:
SF:packages/react-native-web/src/modules/useResponderEvents/ResponderSystem.js
FN:236,changeCurrentResponder
FN:240,getResponderConfig
FN:255,eventListener
FN:461,findWantsResponder
FN:471,(anonymous_4)
FN:524,attemptTransfer
FN:606,attachListeners
FN:609,(anonymous_7)
FN:612,(anonymous_8)
FN:622,addNode
FN:630,removeNode
FN:644,terminateResponder
FN:663,getResponderNode
FNF:13
FNH:13
FNDA:146,changeCurrentResponder
FNDA:605,getResponderConfig
FNDA:281,eventListener
FNDA:125,findWantsResponder
FNDA:341,(anonymous_4)
FNDA:78,attemptTransfer
FNDA:573,attachListeners
FNDA:165,(anonymous_7)
FNDA:30,(anonymous_8)
FNDA:180,addNode
FNDA:570,removeNode
FNDA:72,terminateResponder
FNDA:838,getResponderNode
DA:198,17
DA:202,17
DA:207,17
DA:212,17
DA:217,17
DA:225,17
DA:226,17
DA:228,17
DA:229,17
DA:230,17
DA:237,146
DA:241,605
DA:242,605
DA:256,281
DA:257,281
DA:267,281
DA:268,49
DA:271,281
DA:272,23
DA:275,281
DA:282,22
DA:285,259
DA:286,9
DA:287,9
DA:289,9
DA:292,250
DA:293,250
DA:294,250
DA:295,250
DA:296,250
DA:297,250
DA:303,250
DA:304,162
DA:305,91
DA:307,71
DA:308,35
DA:309,36
DA:310,24
DA:313,162
DA:320,250
DA:321,250
DA:325,250
DA:328,130
DA:329,130
DA:331,130
DA:332,32
DA:333,32
DA:334,27
DA:337,27
DA:338,27
DA:343,5
DA:347,130
DA:349,125
DA:350,125
DA:352,78
DA:353,78
DA:359,250
DA:360,157
DA:368,157
DA:370,157
DA:371,157
DA:372,157
DA:375,157
DA:376,58
DA:377,14
DA:378,14
DA:382,99
DA:383,31
DA:384,15
DA:385,15
DA:389,68
DA:404,68
DA:407,68
DA:408,43
DA:409,8
DA:410,8
DA:414,68
DA:415,38
DA:416,8
DA:417,8
DA:419,38
DA:422,68
DA:423,14
DA:426,14
DA:432,8
DA:433,1
DA:434,7
DA:435,3
DA:436,3
DA:437,2
DA:442,14
DA:443,11
DA:444,11
DA:445,11
DA:447,11
DA:448,11
DA:449,11
DA:462,125
DA:464,125
DA:465,125
DA:467,125
DA:468,125
DA:469,125
DA:471,125
DA:472,341
DA:473,341
DA:474,341
DA:475,169
DA:476,169
DA:478,78
DA:479,78
DA:485,125
DA:486,202
DA:487,202
DA:488,202
DA:489,202
DA:490,17
DA:492,185
DA:493,1
DA:498,107
DA:499,100
DA:500,135
DA:501,135
DA:502,135
DA:503,135
DA:504,57
DA:506,78
DA:507,0
DA:511,7
DA:512,7
DA:513,7
DA:514,7
DA:515,4
DA:525,78
DA:526,78
DA:528,78
DA:530,78
DA:531,78
DA:532,78
DA:535,78
DA:536,71
DA:537,43
DA:538,43
DA:539,43
DA:541,71
DA:545,7
DA:547,7
DA:548,7
DA:549,7
DA:550,7
DA:551,7
DA:552,3
DA:556,7
DA:558,4
DA:559,4
DA:560,4
DA:561,4
DA:564,4
DA:565,4
DA:566,4
DA:567,4
DA:569,4
DA:572,3
DA:573,3
DA:574,3
DA:575,3
DA:589,17
DA:590,17
DA:607,573
DA:608,15
DA:609,15
DA:610,165
DA:612,15
DA:613,30
DA:615,15
DA:623,180
DA:624,180
DA:631,570
DA:632,0
DA:634,570
DA:635,167
DA:645,72
DA:646,72
DA:647,22
DA:648,22
DA:649,6
DA:650,6
DA:651,6
DA:653,22
DA:655,72
DA:656,72
DA:664,838
LF:192
LH:190
BRDA:242,0,0,605
BRDA:242,0,1,0
BRDA:267,1,0,49
BRDA:267,1,1,232
BRDA:271,2,0,23
BRDA:271,2,1,258
BRDA:271,3,0,281
BRDA:271,3,1,262
BRDA:275,4,0,22
BRDA:275,4,1,259
BRDA:277,5,0,281
BRDA:277,5,1,53
BRDA:277,5,2,272
BRDA:277,5,3,25
BRDA:277,5,4,261
BRDA:277,5,5,14
BRDA:285,6,0,9
BRDA:285,6,1,250
BRDA:285,7,0,259
BRDA:285,7,1,84
BRDA:286,8,0,9
BRDA:286,8,1,0
BRDA:292,9,0,250
BRDA:292,9,1,93
BRDA:303,10,0,162
BRDA:303,10,1,88
BRDA:303,11,0,250
BRDA:303,11,1,166
BRDA:303,11,2,135
BRDA:304,12,0,91
BRDA:304,12,1,71
BRDA:307,13,0,35
BRDA:307,13,1,36
BRDA:309,14,0,24
BRDA:309,14,1,12
BRDA:325,15,0,130
BRDA:325,15,1,120
BRDA:325,16,0,250
BRDA:325,16,1,166
BRDA:325,16,2,135
BRDA:325,16,3,18
BRDA:331,17,0,32
BRDA:331,17,1,98
BRDA:331,18,0,130
BRDA:331,18,1,32
BRDA:333,19,0,27
BRDA:333,19,1,5
BRDA:337,20,0,21
BRDA:337,20,1,6
BRDA:347,21,0,125
BRDA:347,21,1,5
BRDA:350,22,0,78
BRDA:350,22,1,47
BRDA:359,23,0,157
BRDA:359,23,1,93
BRDA:359,24,0,250
BRDA:359,24,1,157
BRDA:375,25,0,58
BRDA:375,25,1,99
BRDA:376,26,0,14
BRDA:376,26,1,44
BRDA:382,27,0,31
BRDA:382,27,1,68
BRDA:383,28,0,15
BRDA:383,28,1,16
BRDA:389,29,0,68
BRDA:389,29,1,66
BRDA:389,29,2,64
BRDA:389,29,3,3
BRDA:389,29,4,63
BRDA:389,29,5,2
BRDA:389,29,6,1
BRDA:389,29,7,62
BRDA:389,29,8,14
BRDA:389,29,9,62
BRDA:389,29,10,14
BRDA:389,29,11,11
BRDA:389,29,12,58
BRDA:389,29,13,5
BRDA:404,30,0,68
BRDA:404,30,1,43
BRDA:404,30,2,41
BRDA:407,31,0,43
BRDA:407,31,1,25
BRDA:408,32,0,8
BRDA:408,32,1,35
BRDA:414,33,0,38
BRDA:414,33,1,30
BRDA:415,34,0,8
BRDA:415,34,1,30
BRDA:422,35,0,14
BRDA:422,35,1,54
BRDA:426,36,0,8
BRDA:426,36,1,6
BRDA:427,37,0,14
BRDA:427,37,1,12
BRDA:427,37,2,8
BRDA:432,38,0,1
BRDA:432,38,1,7
BRDA:434,39,0,3
BRDA:434,39,1,4
BRDA:436,40,0,2
BRDA:436,40,1,1
BRDA:442,41,0,11
BRDA:442,41,1,3
BRDA:443,42,0,11
BRDA:443,42,1,0
BRDA:464,43,0,125
BRDA:464,43,1,0
BRDA:474,44,0,169
BRDA:474,44,1,172
BRDA:476,45,0,78
BRDA:476,45,1,91
BRDA:489,46,0,17
BRDA:489,46,1,185
BRDA:492,47,0,1
BRDA:492,47,1,184
BRDA:498,48,0,100
BRDA:498,48,1,7
BRDA:503,49,0,57
BRDA:503,49,1,78
BRDA:506,50,0,0
BRDA:506,50,1,78
BRDA:514,51,0,4
BRDA:514,51,1,3
BRDA:535,52,0,71
BRDA:535,52,1,7
BRDA:536,53,0,43
BRDA:536,53,1,28
BRDA:548,54,0,7
BRDA:548,54,1,0
BRDA:551,55,0,3
BRDA:551,55,1,4
BRDA:556,56,0,4
BRDA:556,56,1,3
BRDA:558,57,0,4
BRDA:558,57,1,0
BRDA:564,58,0,4
BRDA:564,58,1,0
BRDA:572,59,0,3
BRDA:572,59,1,0
BRDA:607,60,0,15
BRDA:607,60,1,558
BRDA:607,61,0,573
BRDA:607,61,1,564
BRDA:631,62,0,0
BRDA:631,62,1,570
BRDA:634,63,0,167
BRDA:634,63,1,403
BRDA:646,64,0,22
BRDA:646,64,1,50
BRDA:646,65,0,72
BRDA:646,65,1,22
BRDA:648,66,0,6
BRDA:648,66,1,16
BRF:155
BRH:145
end_of_record
TN:
SF:packages/react-native-web/src/modules/useResponderEvents/ResponderTouchHistoryStore.js
FN:45,timestampForTouch
FN:55,createTouchRecord
FN:70,resetTouchRecord
FN:83,getTouchIdentifier
FN:100,recordTouchStart
FN:111,recordTouchMove
FN:131,recordTouchEnd
FN:151,printTouch
FN:160,printTouchBank
FN:169,(anonymous_9)
FNF:10
FNH:8
FNDA:492,timestampForTouch
FNDA:7,createTouchRecord
FNDA:77,resetTouchRecord
FNDA:162,getTouchIdentifier
FNDA:84,recordTouchStart
FNDA:31,recordTouchMove
FNDA:47,recordTouchEnd
FNDA:0,printTouch
FNDA:0,printTouchBank
FNDA:162,(anonymous_9)
DA:32,17
DA:33,17
DA:34,17
DA:35,17
DA:48,492
DA:56,7
DA:71,77
DA:72,77
DA:73,77
DA:74,77
DA:75,77
DA:76,77
DA:77,77
DA:78,77
DA:79,77
DA:80,77
DA:84,162
DA:85,0
DA:87,162
DA:88,162
DA:89,0
DA:97,162
DA:101,84
DA:102,84
DA:103,84
DA:104,77
DA:106,7
DA:108,84
DA:112,31
DA:113,31
DA:114,31
DA:115,31
DA:116,31
DA:117,31
DA:118,31
DA:119,31
DA:120,31
DA:121,31
DA:123,0
DA:132,47
DA:133,47
DA:134,47
DA:135,47
DA:136,47
DA:137,47
DA:138,47
DA:139,47
DA:140,47
DA:141,47
DA:143,0
DA:152,0
DA:161,0
DA:162,0
DA:163,0
DA:165,0
DA:168,17
DA:170,162
DA:171,31
DA:172,131
DA:173,84
DA:174,84
DA:175,84
DA:176,78
DA:178,47
DA:179,47
DA:180,47
DA:181,47
DA:182,4
DA:183,5
DA:184,5
DA:185,4
DA:186,4
DA:189,4
DA:190,4
DA:191,4
DA:192,0
LF:76
LH:66
BRDA:48,0,0,492
BRDA:48,0,1,492
BRDA:84,1,0,0
BRDA:84,1,1,162
BRDA:87,2,0,162
BRDA:87,2,1,0
BRDA:88,3,0,0
BRDA:88,3,1,162
BRDA:103,4,0,77
BRDA:103,4,1,7
BRDA:113,5,0,31
BRDA:113,5,1,0
BRDA:133,6,0,47
BRDA:133,6,1,0
BRDA:162,7,0,0
BRDA:162,7,1,0
BRDA:170,8,0,31
BRDA:170,8,1,131
BRDA:172,9,0,84
BRDA:172,9,1,47
BRDA:175,10,0,78
BRDA:175,10,1,6
BRDA:178,11,0,47
BRDA:178,11,1,0
BRDA:181,12,0,4
BRDA:181,12,1,43
BRDA:184,13,0,4
BRDA:184,13,1,1
BRDA:184,14,0,5
BRDA:184,14,1,5
BRDA:189,15,0,4
BRDA:189,15,1,0
BRDA:191,16,0,0
BRDA:191,16,1,4
BRDA:191,17,0,4
BRDA:191,17,1,4
BRF:36
BRH:26
end_of_record
TN:
SF:packages/react-native-web/src/modules/useResponderEvents/createResponderEvent.js
FN:56,(anonymous_0)
FN:65,normalizeIdentifier
FN:73,createResponderEvent
FN:98,normalizeTouches
FN:99,(anonymous_4)
FN:103,(anonymous_5)
FN:106,(anonymous_6)
FN:125,(anonymous_7)
FN:128,(anonymous_8)
FN:150,(anonymous_9)
FN:153,(anonymous_10)
FN:165,(anonymous_11)
FN:168,(anonymous_12)
FN:180,(anonymous_13)
FN:191,locationX
FN:197,locationY
FNF:16
FNH:7
FNDA:2,(anonymous_0)
FNDA:431,normalizeIdentifier
FNDA:256,createResponderEvent
FNDA:182,normalizeTouches
FNDA:175,(anonymous_4)
FNDA:0,(anonymous_5)
FNDA:0,(anonymous_6)
FNDA:0,(anonymous_7)
FNDA:0,(anonymous_8)
FNDA:0,(anonymous_9)
FNDA:263,(anonymous_10)
FNDA:0,(anonymous_11)
FNDA:0,(anonymous_12)
FNDA:1,(anonymous_13)
FNDA:0,locationX
FNDA:0,locationY
DA:56,17
DA:57,17
DA:58,17
DA:66,431
DA:75,256
DA:79,256
DA:80,256
DA:82,256
DA:83,256
DA:84,256
DA:85,256
DA:88,256
DA:89,256
DA:90,256
DA:91,256
DA:93,256
DA:96,256
DA:99,182
DA:100,175
DA:104,0
DA:107,0
DA:117,256
DA:118,91
DA:119,91
DA:121,165
DA:126,0
DA:129,0
DA:137,165
DA:138,165
DA:142,256
DA:151,0
DA:154,263
DA:166,0
DA:169,0
DA:181,1
DA:192,0
DA:193,0
DA:194,0
DA:198,0
DA:199,0
DA:200,0
DA:204,256
LF:42
LH:29
BRDA:66,0,0,3
BRDA:66,0,1,428
BRDA:84,1,0,256
BRDA:84,1,1,91
BRDA:84,1,2,165
BRDA:86,2,0,256
BRDA:86,2,1,91
BRDA:86,2,2,165
BRDA:88,3,0,256
BRDA:88,3,1,91
BRDA:88,3,2,256
BRDA:89,4,0,256
BRDA:89,4,1,91
BRDA:89,4,2,256
BRDA:90,5,0,256
BRDA:90,5,1,91
BRDA:90,5,2,256
BRDA:91,6,0,256
BRDA:91,6,1,91
BRDA:91,6,2,256
BRDA:93,7,0,250
BRDA:93,7,1,6
BRDA:117,8,0,91
BRDA:117,8,1,165
BRDA:139,9,0,24
BRDA:139,9,1,141
BRDA:139,10,0,165
BRDA:139,10,1,142
BRDA:192,11,0,0
BRDA:192,11,1,0
BRDA:193,12,0,0
BRDA:193,12,1,0
BRDA:198,13,0,0
BRDA:198,13,1,0
BRDA:199,14,0,0
BRDA:199,14,1,0
BRF:36
BRH:28
end_of_record
TN:
SF:packages/react-native-web/src/modules/useResponderEvents/index.js
FN:28,useStable
FN:36,useResponderEvents
FN:37,(anonymous_2)
FN:43,(anonymous_3)
FN:45,(anonymous_4)
FN:51,(anonymous_5)
FNF:6
FNH:6
FNDA:740,useStable
FNDA:740,useResponderEvents
FNDA:575,(anonymous_2)
FNDA:573,(anonymous_3)
FNDA:570,(anonymous_4)
FNDA:738,(anonymous_5)
DA:25,17
DA:26,17
DA:29,740
DA:30,740
DA:31,575
DA:33,740
DA:37,740
DA:38,740
DA:43,740
DA:44,573
DA:45,573
DA:46,570
DA:51,740
DA:61,738
DA:64,738
DA:73,738
DA:75,738
DA:76,180
DA:77,180
DA:78,558
DA:79,0
DA:80,0
DA:84,740
DA:85,740
LF:24
LH:22
BRDA:30,0,0,575
BRDA:30,0,1,165
BRDA:36,1,0,0
BRDA:64,2,0,738
BRDA:64,2,1,703
BRDA:64,2,2,685
BRDA:64,2,3,672
BRDA:64,2,4,664
BRDA:64,2,5,664
BRDA:64,2,6,664
BRDA:64,2,7,577
BRDA:75,3,0,180
BRDA:75,3,1,558
BRDA:78,4,0,0
BRDA:78,4,1,558
BRF:15
BRH:13
end_of_record
TN:
SF:packages/react-native-web/src/modules/useResponderEvents/utils.js
FN:14,getEventPath
FN:30,composedPathFallback
FN:42,getResponderId
FN:52,setResponderId
FN:61,getResponderPaths
FN:81,getLowestCommonAncestor
FN:130,hasTargetTouches
FN:149,hasValidSelection
FN:159,isPrimaryPointerDown
FNF:9
FNH:9
FNDA:250,getEventPath
FNDA:3,composedPathFallback
FNDA:1660,getResponderId
FNDA:180,setResponderId
FNDA:250,getResponderPaths
FNDA:32,getLowestCommonAncestor
FNDA:41,hasTargetTouches
FNDA:5,hasValidSelection
FNDA:93,isPrimaryPointerDown
DA:12,17
DA:18,250
DA:19,3
DA:20,3
DA:23,247
DA:26,247
DA:31,3
DA:32,3
DA:33,8
DA:34,8
DA:36,3
DA:43,1660
DA:44,1660
DA:46,0
DA:53,180
DA:54,180
DA:64,250
DA:65,250
DA:66,250
DA:67,250
DA:68,1660
DA:69,1660
DA:70,1660
DA:71,367
DA:72,367
DA:75,250
DA:82,32
DA:83,32
DA:84,32
DA:92,5
DA:95,27
DA:96,27
DA:97,27
DA:98,27
DA:101,27
DA:102,4
DA:103,4
DA:104,4
DA:108,27
DA:109,3
DA:110,3
DA:111,3
DA:115,27
DA:116,27
DA:117,31
DA:118,27
DA:120,4
DA:121,4
DA:123,0
DA:131,41
DA:132,37
DA:134,4
DA:135,4
DA:136,4
DA:137,4
DA:138,3
DA:142,1
DA:150,5
DA:151,3
DA:153,2
DA:160,93
DA:161,93
DA:162,93
DA:163,93
DA:164,93
DA:166,93
DA:167,84
DA:169,9
LF:68
LH:66
BRDA:18,0,0,3
BRDA:18,0,1,247
BRDA:23,1,0,247
BRDA:23,1,1,0
BRDA:32,2,0,11
BRDA:32,2,1,11
BRDA:43,3,0,1660
BRDA:43,3,1,0
BRDA:53,4,0,180
BRDA:53,4,1,0
BRDA:70,5,0,367
BRDA:70,5,1,1293
BRDA:84,6,0,5
BRDA:84,6,1,27
BRDA:86,7,0,32
BRDA:86,7,1,32
BRDA:86,7,2,28
BRDA:101,8,0,4
BRDA:101,8,1,23
BRDA:108,9,0,3
BRDA:108,9,1,24
BRDA:117,10,0,27
BRDA:117,10,1,4
BRDA:131,11,0,37
BRDA:131,11,1,4
BRDA:131,12,0,41
BRDA:131,12,1,21
BRDA:136,13,0,4
BRDA:136,13,1,0
BRDA:137,14,0,3
BRDA:137,14,1,1
BRDA:150,15,0,3
BRDA:150,15,1,2
BRDA:161,16,0,93
BRDA:161,16,1,44
BRDA:162,17,0,93
BRDA:162,17,1,44
BRDA:162,17,2,7
BRDA:163,18,0,93
BRDA:163,18,1,0
BRDA:164,19,0,93
BRDA:164,19,1,92
BRDA:166,20,0,84
BRDA:166,20,1,9
BRDA:166,21,0,93
BRDA:166,21,1,44
BRDA:166,21,2,37
BRDA:166,21,3,9
BRDA:166,21,4,0
BRF:49
BRH:43
end_of_record
TN:
SF:packages/react-native-web/src/modules/useStable/index.js
FN:15,useStable
FNF:1
FNH:1
FNDA:1181,useStable
DA:13,20
DA:16,1181
DA:17,1181
DA:18,929
DA:21,1181
LF:5
LH:5
BRDA:13,0,0,20
BRDA:13,0,1,0
BRDA:13,1,0,20
BRDA:13,1,1,20
BRDA:17,2,0,929
BRDA:17,2,1,252
BRF:6
BRH:5
end_of_record
